    {
      "action": "execute",
      "agent_id": "e24b4795-36be-4043-b8f5-00a480c8428d",
      "asset_ids": [
        "1b5edacf-03c0-0001-0000-000000000061",
        "1b5edb23-4c40-0001-0000-000000000075"
      ],
      "body": "{\"Event\":{\"xmlns\":\"http://schemas.microsoft.com/win/2004/08/events/event\",\"System\":{\"Provider\":{\"Name\":\"Microsoft-Windows-PowerShell\",\"Guid\":\"{a0c1853b-5c40-4b15-8766-3cf1c58f985a}\"},\"EventID\":\"4104\",\"Version\":\"1\",\"Level\":\"5\",\"Task\":\"2\",\"Opcode\":\"15\",\"Keywords\":\"0x0\",\"TimeCreated\":{\"SystemTime\":\"2024-11-28T13:49:45.0802467Z\"},\"EventRecordID\":\"248132\",\"Correlation\":{\"ActivityID\":\"{085a976f-3d95-0002-4d4c-6408953ddb01}\"},\"Execution\":{\"ProcessID\":\"7564\",\"ThreadID\":\"9488\"},\"Channel\":\"Microsoft-Windows-PowerShell/Operational\",\"Computer\":\"wperry.dev.it.stf\",\"Security\":{\"UserID\":\"S-1-5-18\"}},\"EventData\":{\"Data\":[{\"Name\":\"MessageNumber\",\"text\":\"1\"},{\"Name\":\"MessageTotal\",\"text\":\"1\"},{\"Name\":\"ScriptBlockText\",\"text\":\"net localgroup \\\"Administrators\\\" my_user /add\"},{\"Name\":\"ScriptBlockId\",\"text\":\"5124e9f4-a48a-40c8-8ac0-0d852f9b66dd\"},{\"Name\":\"Path\"}]}}}",
      "category.generic": "Command",
      "category.high": "System Management",
      "category.low": "Manipulation",
      "event_src.asset": "1b5edacf-03c0-0001-0000-000000000061",
      "event_src.category": "Operating system",
      "event_src.fqdn": "wperry.dev.it.stf",
      "event_src.host": "wperry.dev.it.stf",
      "event_src.hostname": "wperry",
      "event_src.id": "Microsoft-Windows-PowerShell",
      "event_src.subsys": "microsoft-windows-powershell/operational",
      "event_src.title": "windows",
      "event_src.vendor": "microsoft",
      "generator.type": "logcollector",
      "historical": false,
      "id": "PT_Microsoft_Windows_eventlog_Common_PowerShell_4104_Command_executed",
      "importance": "info",
      "incorrect_time": false,
      "input_id": "8420610f-4530-4e84-8708-f3f8c9c3791c",
      "job_id": "9dadc32a-e189-4a46-a14e-bcc376ace4f9",
      "mime": "application/x-pt-eventlog",
      "msgid": "4104",
      "normalized": true,
      "numfield1": 1,
      "numfield2": 1,
      "object": "command",
      "object.account.domain": "nt authority",
      "object.account.id": "S-1-5-18",
      "object.account.name": "system",
      "object.account.provider": "local",
      "object.account.session_id": "999",
      "object.id": "5124e9f4-a48a-40c8-8ac0-0d852f9b66dd",
      "object.process.cmdline": "net localgroup \"Administrators\" my_user /add",
      "object.process.id": "7564",
      "object.value": "net localgroup \"Administrators\" my_user /add",
      "origin_app_id": "1a1438a4-f340-0001-0000-000000000004",
      "primary_siem_app_id": "1a1438a4-f340-0001-0000-000000000004",
      "recv_asset": "1b5edb23-4c40-0001-0000-000000000075",
      "recv_ipv4": "10.156.92.228",
      "remote": false,
      "scope_id": "00000000-0000-0000-0000-000000000005",
      "siem_id": "60fc3aec-dfa9-4956-a04c-838c263276f0",
      "status": "success",
      "subject": "account",
      "subject.account.domain": "nt authority",
      "subject.account.id": "S-1-5-18",
      "subject.account.name": "system",
      "subject.account.provider": "local",
      "subject.account.session_id": "999",
      "tag": "wineventlog",
      "task_id": "1b5ed942-b7c0-0001-0000-000000000338",
      "taxonomy_version": "27.0.223-release-27.0",
      "tenant_id": "6e484846-c7ac-40e7-b331-f530cb659820",
      "time": "2024-11-28T13:49:45.0800000Z",
      "uuid": "b063bdfa-ad8f-11ef-b052-005056b7517e",
      "text": "A PowerShell command is executed on host wperry.dev.it.stf. Creating Scriptblock text (1 of 1).",
      "_checkpoint": 216138752049,
      "origin_app_alias": "MP-1",
      "primary_siem_app_alias": "MP-1",
      "siem_alias": "siem-server2.soc.stf",
      "site_alias": "unknown site_id=null",
      "site_name": "unknown site_id=null",
      "site_address": "unknown site_id=null",
      "_meta": {
        "id": "b063bdfa-ad8f-11ef-b052-005056b7517e",
        "time": "2024-11-28T13:49:45.0800000Z",
        "assetIds": [
          "1b5edacf-03c0-0001-0000-000000000061",
          "1b5edb23-4c40-0001-0000-000000000075"
        ],
        "site_alias": "unknown site_id=null",
        "site_name": "unknown site_id=null",
        "site_address": "unknown site_id=null",
        "site_is_deleted": true
      }
    },
    {
      "action": "execute",
      "agent_id": "e24b4795-36be-4043-b8f5-00a480c8428d",
      "asset_ids": [
        "1b5edacf-03c0-0001-0000-000000000061",
        "1b5edb23-4c40-0001-0000-000000000075"
      ],
      "body": "{\"Event\":{\"xmlns\":\"http://schemas.microsoft.com/win/2004/08/events/event\",\"System\":{\"Provider\":{\"Name\":\"Microsoft-Windows-PowerShell\",\"Guid\":\"{a0c1853b-5c40-4b15-8766-3cf1c58f985a}\"},\"EventID\":\"4104\",\"Version\":\"1\",\"Level\":\"5\",\"Task\":\"2\",\"Opcode\":\"15\",\"Keywords\":\"0x0\",\"TimeCreated\":{\"SystemTime\":\"2024-11-28T13:49:49.3753631Z\"},\"EventRecordID\":\"248133\",\"Correlation\":{\"ActivityID\":\"{085a976f-3d95-0002-554c-6408953ddb01}\"},\"Execution\":{\"ProcessID\":\"7564\",\"ThreadID\":\"9488\"},\"Channel\":\"Microsoft-Windows-PowerShell/Operational\",\"Computer\":\"wperry.dev.it.stf\",\"Security\":{\"UserID\":\"S-1-5-18\"}},\"EventData\":{\"Data\":[{\"Name\":\"MessageNumber\",\"text\":\"1\"},{\"Name\":\"MessageTotal\",\"text\":\"1\"},{\"Name\":\"ScriptBlockText\",\"text\":\"net localgroup \\\"Remote Management Users\\\" my_user /add\"},{\"Name\":\"ScriptBlockId\",\"text\":\"0ee99cb8-f9ee-4a62-a09e-5c59f8c61238\"},{\"Name\":\"Path\"}]}}}",
      "category.generic": "Command",
      "category.high": "System Management",
      "category.low": "Manipulation",
      "event_src.asset": "1b5edacf-03c0-0001-0000-000000000061",
      "event_src.category": "Operating system",
      "event_src.fqdn": "wperry.dev.it.stf",
      "event_src.host": "wperry.dev.it.stf",
      "event_src.hostname": "wperry",
      "event_src.id": "Microsoft-Windows-PowerShell",
      "event_src.subsys": "microsoft-windows-powershell/operational",
      "event_src.title": "windows",
      "event_src.vendor": "microsoft",
      "generator.type": "logcollector",
      "historical": false,
      "id": "PT_Microsoft_Windows_eventlog_Common_PowerShell_4104_Command_executed",
      "importance": "info",
      "incorrect_time": false,
      "input_id": "8420610f-4530-4e84-8708-f3f8c9c3791c",
      "job_id": "9dadc32a-e189-4a46-a14e-bcc376ace4f9",
      "mime": "application/x-pt-eventlog",
      "msgid": "4104",
      "normalized": true,
      "numfield1": 1,
      "numfield2": 1,
      "object": "command",
      "object.account.domain": "nt authority",
      "object.account.id": "S-1-5-18",
      "object.account.name": "system",
      "object.account.provider": "local",
      "object.account.session_id": "999",
      "object.id": "0ee99cb8-f9ee-4a62-a09e-5c59f8c61238",
      "object.process.cmdline": "net localgroup \"Remote Management Users\" my_user /add",
      "object.process.id": "7564",
      "object.value": "net localgroup \"Remote Management Users\" my_user /add",
      "origin_app_id": "1a1438a4-f340-0001-0000-000000000004",
      "primary_siem_app_id": "1a1438a4-f340-0001-0000-000000000004",
      "recv_asset": "1b5edb23-4c40-0001-0000-000000000075",
      "recv_ipv4": "10.156.92.228",
      "remote": false,
      "scope_id": "00000000-0000-0000-0000-000000000005",
      "siem_id": "60fc3aec-dfa9-4956-a04c-838c263276f0",
      "status": "success",
      "subject": "account",
      "subject.account.domain": "nt authority",
      "subject.account.id": "S-1-5-18",
      "subject.account.name": "system",
      "subject.account.provider": "local",
      "subject.account.session_id": "999",
      "tag": "wineventlog",
      "task_id": "1b5ed942-b7c0-0001-0000-000000000338",
      "taxonomy_version": "27.0.223-release-27.0",
      "tenant_id": "6e484846-c7ac-40e7-b331-f530cb659820",
      "time": "2024-11-28T13:49:49.3750000Z",
      "uuid": "b063bdfb-ad8f-11ef-b052-005056b7517e",
      "text": "A PowerShell command is executed on host wperry.dev.it.stf. Creating Scriptblock text (1 of 1).",
      "_checkpoint": 216138752050,
      "origin_app_alias": "MP-1",
      "primary_siem_app_alias": "MP-1",
      "siem_alias": "siem-server2.soc.stf",
      "site_alias": "unknown site_id=null",
      "site_name": "unknown site_id=null",
      "site_address": "unknown site_id=null",
      "_meta": {
        "id": "b063bdfb-ad8f-11ef-b052-005056b7517e",
        "time": "2024-11-28T13:49:49.3750000Z",
        "assetIds": [
          "1b5edacf-03c0-0001-0000-000000000061",
          "1b5edb23-4c40-0001-0000-000000000075"
        ],
        "site_alias": "unknown site_id=null",
        "site_name": "unknown site_id=null",
        "site_address": "unknown site_id=null",
        "site_is_deleted": true
      }
    },
    {
      "action": "execute",
      "agent_id": "e24b4795-36be-4043-b8f5-00a480c8428d",
      "asset_ids": [
        "1b5edacf-03c0-0001-0000-000000000061",
        "1b5edb23-4c40-0001-0000-000000000075"
      ],
      "body": "{\"Event\":{\"xmlns\":\"http://schemas.microsoft.com/win/2004/08/events/event\",\"System\":{\"Provider\":{\"Name\":\"Microsoft-Windows-PowerShell\",\"Guid\":\"{a0c1853b-5c40-4b15-8766-3cf1c58f985a}\"},\"EventID\":\"4104\",\"Version\":\"1\",\"Level\":\"5\",\"Task\":\"2\",\"Opcode\":\"15\",\"Keywords\":\"0x0\",\"TimeCreated\":{\"SystemTime\":\"2024-11-28T13:49:53.2836825Z\"},\"EventRecordID\":\"248134\",\"Correlation\":{\"ActivityID\":\"{085a976f-3d95-0002-604c-6408953ddb01}\"},\"Execution\":{\"ProcessID\":\"7564\",\"ThreadID\":\"9488\"},\"Channel\":\"Microsoft-Windows-PowerShell/Operational\",\"Computer\":\"wperry.dev.it.stf\",\"Security\":{\"UserID\":\"S-1-5-18\"}},\"EventData\":{\"Data\":[{\"Name\":\"MessageNumber\",\"text\":\"1\"},{\"Name\":\"MessageTotal\",\"text\":\"1\"},{\"Name\":\"ScriptBlockText\",\"text\":\"net localgroup \\\"Remote Desktop Users\\\" my_user /add\"},{\"Name\":\"ScriptBlockId\",\"text\":\"7be94083-0aa9-4335-b939-d1157aa065af\"},{\"Name\":\"Path\"}]}}}",
      "category.generic": "Command",
      "category.high": "System Management",
      "category.low": "Manipulation",
      "event_src.asset": "1b5edacf-03c0-0001-0000-000000000061",
      "event_src.category": "Operating system",
      "event_src.fqdn": "wperry.dev.it.stf",
      "event_src.host": "wperry.dev.it.stf",
      "event_src.hostname": "wperry",
      "event_src.id": "Microsoft-Windows-PowerShell",
      "event_src.subsys": "microsoft-windows-powershell/operational",
      "event_src.title": "windows",
      "event_src.vendor": "microsoft",
      "generator.type": "logcollector",
      "historical": false,
      "id": "PT_Microsoft_Windows_eventlog_Common_PowerShell_4104_Command_executed",
      "importance": "info",
      "incorrect_time": false,
      "input_id": "8420610f-4530-4e84-8708-f3f8c9c3791c",
      "job_id": "9dadc32a-e189-4a46-a14e-bcc376ace4f9",
      "mime": "application/x-pt-eventlog",
      "msgid": "4104",
      "normalized": true,
      "numfield1": 1,
      "numfield2": 1,
      "object": "command",
      "object.account.domain": "nt authority",
      "object.account.id": "S-1-5-18",
      "object.account.name": "system",
      "object.account.provider": "local",
      "object.account.session_id": "999",
      "object.id": "7be94083-0aa9-4335-b939-d1157aa065af",
      "object.process.cmdline": "net localgroup \"Remote Desktop Users\" my_user /add",
      "object.process.id": "7564",
      "object.value": "net localgroup \"Remote Desktop Users\" my_user /add",
      "origin_app_id": "1a1438a4-f340-0001-0000-000000000004",
      "primary_siem_app_id": "1a1438a4-f340-0001-0000-000000000004",
      "recv_asset": "1b5edb23-4c40-0001-0000-000000000075",
      "recv_ipv4": "10.156.92.228",
      "remote": false,
      "scope_id": "00000000-0000-0000-0000-000000000005",
      "siem_id": "60fc3aec-dfa9-4956-a04c-838c263276f0",
      "status": "success",
      "subject": "account",
      "subject.account.domain": "nt authority",
      "subject.account.id": "S-1-5-18",
      "subject.account.name": "system",
      "subject.account.provider": "local",
      "subject.account.session_id": "999",
      "tag": "wineventlog",
      "task_id": "1b5ed942-b7c0-0001-0000-000000000338",
      "taxonomy_version": "27.0.223-release-27.0",
      "tenant_id": "6e484846-c7ac-40e7-b331-f530cb659820",
      "time": "2024-11-28T13:49:53.2830000Z",
      "uuid": "b063bdfc-ad8f-11ef-b052-005056b7517e",
      "text": "A PowerShell command is executed on host wperry.dev.it.stf. Creating Scriptblock text (1 of 1).",
      "_checkpoint": 216138752051,
      "origin_app_alias": "MP-1",
      "primary_siem_app_alias": "MP-1",
      "siem_alias": "siem-server2.soc.stf",
      "site_alias": "unknown site_id=null",
      "site_name": "unknown site_id=null",
      "site_address": "unknown site_id=null",
      "_meta": {
        "id": "b063bdfc-ad8f-11ef-b052-005056b7517e",
        "time": "2024-11-28T13:49:53.2830000Z",
        "assetIds": [
          "1b5edacf-03c0-0001-0000-000000000061",
          "1b5edb23-4c40-0001-0000-000000000075"
        ],
        "site_alias": "unknown site_id=null",
        "site_name": "unknown site_id=null",
        "site_address": "unknown site_id=null",
        "site_is_deleted": true
      }
    },
    {
      "action": "execute",
      "agent_id": "e24b4795-36be-4043-b8f5-00a480c8428d",
      "asset_ids": [
        "1b5edacf-03c0-0001-0000-000000000061",
        "1b5edb23-4c40-0001-0000-000000000075"
      ],
      "body": "{\"Event\":{\"xmlns\":\"http://schemas.microsoft.com/win/2004/08/events/event\",\"System\":{\"Provider\":{\"Name\":\"Microsoft-Windows-PowerShell\",\"Guid\":\"{a0c1853b-5c40-4b15-8766-3cf1c58f985a}\"},\"EventID\":\"4104\",\"Version\":\"1\",\"Level\":\"5\",\"Task\":\"2\",\"Opcode\":\"15\",\"Keywords\":\"0x0\",\"TimeCreated\":{\"SystemTime\":\"2024-11-28T13:53:50.1451863Z\"},\"EventRecordID\":\"248234\",\"Correlation\":{\"ActivityID\":\"{085a976f-3d95-0002-8b4d-6408953ddb01}\"},\"Execution\":{\"ProcessID\":\"7564\",\"ThreadID\":\"9488\"},\"Channel\":\"Microsoft-Windows-PowerShell/Operational\",\"Computer\":\"wperry.dev.it.stf\",\"Security\":{\"UserID\":\"S-1-5-18\"}},\"EventData\":{\"Data\":[{\"Name\":\"MessageNumber\",\"text\":\"1\"},{\"Name\":\"MessageTotal\",\"text\":\"1\"},{\"Name\":\"ScriptBlockText\",\"text\":\"net uesr\"},{\"Name\":\"ScriptBlockId\",\"text\":\"27b5361f-7846-40da-a82e-7817a3541666\"},{\"Name\":\"Path\"}]}}}",
      "category.generic": "Command",
      "category.high": "System Management",
      "category.low": "Manipulation",
      "event_src.asset": "1b5edacf-03c0-0001-0000-000000000061",
      "event_src.category": "Operating system",
      "event_src.fqdn": "wperry.dev.it.stf",
      "event_src.host": "wperry.dev.it.stf",
      "event_src.hostname": "wperry",
      "event_src.id": "Microsoft-Windows-PowerShell",
      "event_src.subsys": "microsoft-windows-powershell/operational",
      "event_src.title": "windows",
      "event_src.vendor": "microsoft",
      "generator.type": "logcollector",
      "historical": false,
      "id": "PT_Microsoft_Windows_eventlog_Common_PowerShell_4104_Command_executed",
      "importance": "info",
      "incorrect_time": false,
      "input_id": "8420610f-4530-4e84-8708-f3f8c9c3791c",
      "job_id": "9dadc32a-e189-4a46-a14e-bcc376ace4f9",
      "mime": "application/x-pt-eventlog",
      "msgid": "4104",
      "normalized": true,
      "numfield1": 1,
      "numfield2": 1,
      "object": "command",
      "object.account.domain": "nt authority",
      "object.account.id": "S-1-5-18",
      "object.account.name": "system",
      "object.account.provider": "local",
      "object.account.session_id": "999",
      "object.id": "27b5361f-7846-40da-a82e-7817a3541666",
      "object.process.cmdline": "net uesr",
      "object.process.id": "7564",
      "object.value": "net uesr",
      "origin_app_id": "1a1438a4-f340-0001-0000-000000000004",
      "primary_siem_app_id": "1a1438a4-f340-0001-0000-000000000004",
      "recv_asset": "1b5edb23-4c40-0001-0000-000000000075",
      "recv_ipv4": "10.156.92.228",
      "remote": false,
      "scope_id": "00000000-0000-0000-0000-000000000005",
      "siem_id": "60fc3aec-dfa9-4956-a04c-838c263276f0",
      "status": "success",
      "subject": "account",
      "subject.account.domain": "nt authority",
      "subject.account.id": "S-1-5-18",
      "subject.account.name": "system",
      "subject.account.provider": "local",
      "subject.account.session_id": "999",
      "tag": "wineventlog",
      "task_id": "1b5ed942-b7c0-0001-0000-000000000338",
      "taxonomy_version": "27.0.223-release-27.0",
      "tenant_id": "6e484846-c7ac-40e7-b331-f530cb659820",
      "time": "2024-11-28T13:53:50.1450000Z",
      "uuid": "459ce228-ad90-11ef-b052-005056b7517e",
      "text": "A PowerShell command is executed on host wperry.dev.it.stf. Creating Scriptblock text (1 of 1).",
      "_checkpoint": 216146640894,
      "origin_app_alias": "MP-1",
      "primary_siem_app_alias": "MP-1",
      "siem_alias": "siem-server2.soc.stf",
      "site_alias": "unknown site_id=null",
      "site_name": "unknown site_id=null",
      "site_address": "unknown site_id=null",
      "_meta": {
        "id": "459ce228-ad90-11ef-b052-005056b7517e",
        "time": "2024-11-28T13:53:50.1450000Z",
        "assetIds": [
          "1b5edacf-03c0-0001-0000-000000000061",
          "1b5edb23-4c40-0001-0000-000000000075"
        ],
        "site_alias": "unknown site_id=null",
        "site_name": "unknown site_id=null",
        "site_address": "unknown site_id=null",
        "site_is_deleted": true
      }
    },
    {
      "action": "execute",
      "agent_id": "e24b4795-36be-4043-b8f5-00a480c8428d",
      "asset_ids": [
        "1b5edacf-03c0-0001-0000-000000000061",
        "1b5edb23-4c40-0001-0000-000000000075"
      ],
      "body": "{\"Event\":{\"xmlns\":\"http://schemas.microsoft.com/win/2004/08/events/event\",\"System\":{\"Provider\":{\"Name\":\"Microsoft-Windows-PowerShell\",\"Guid\":\"{a0c1853b-5c40-4b15-8766-3cf1c58f985a}\"},\"EventID\":\"4104\",\"Version\":\"1\",\"Level\":\"5\",\"Task\":\"2\",\"Opcode\":\"15\",\"Keywords\":\"0x0\",\"TimeCreated\":{\"SystemTime\":\"2024-11-28T13:54:05.3454337Z\"},\"EventRecordID\":\"248235\",\"Correlation\":{\"ActivityID\":\"{085a976f-3d95-0002-9e4d-6408953ddb01}\"},\"Execution\":{\"ProcessID\":\"7564\",\"ThreadID\":\"9488\"},\"Channel\":\"Microsoft-Windows-PowerShell/Operational\",\"Computer\":\"wperry.dev.it.stf\",\"Security\":{\"UserID\":\"S-1-5-18\"}},\"EventData\":{\"Data\":[{\"Name\":\"MessageNumber\",\"text\":\"1\"},{\"Name\":\"MessageTotal\",\"text\":\"1\"},{\"Name\":\"ScriptBlockText\",\"text\":\"net user\"},{\"Name\":\"ScriptBlockId\",\"text\":\"b57850bf-699d-4c69-b97d-d4fd4e0fbb88\"},{\"Name\":\"Path\"}]}}}",
      "category.generic": "Command",
      "category.high": "System Management",
      "category.low": "Manipulation",
      "event_src.asset": "1b5edacf-03c0-0001-0000-000000000061",
      "event_src.category": "Operating system",
      "event_src.fqdn": "wperry.dev.it.stf",
      "event_src.host": "wperry.dev.it.stf",
      "event_src.hostname": "wperry",
      "event_src.id": "Microsoft-Windows-PowerShell",
      "event_src.subsys": "microsoft-windows-powershell/operational",
      "event_src.title": "windows",
      "event_src.vendor": "microsoft",
      "generator.type": "logcollector",
      "historical": false,
      "id": "PT_Microsoft_Windows_eventlog_Common_PowerShell_4104_Command_executed",
      "importance": "info",
      "incorrect_time": false,
      "input_id": "8420610f-4530-4e84-8708-f3f8c9c3791c",
      "job_id": "9dadc32a-e189-4a46-a14e-bcc376ace4f9",
      "mime": "application/x-pt-eventlog",
      "msgid": "4104",
      "normalized": true,
      "numfield1": 1,
      "numfield2": 1,
      "object": "command",
      "object.account.domain": "nt authority",
      "object.account.id": "S-1-5-18",
      "object.account.name": "system",
      "object.account.provider": "local",
      "object.account.session_id": "999",
      "object.id": "b57850bf-699d-4c69-b97d-d4fd4e0fbb88",
      "object.process.cmdline": "net user",
      "object.process.id": "7564",
      "object.value": "net user",
      "origin_app_id": "1a1438a4-f340-0001-0000-000000000004",
      "primary_siem_app_id": "1a1438a4-f340-0001-0000-000000000004",
      "recv_asset": "1b5edb23-4c40-0001-0000-000000000075",
      "recv_ipv4": "10.156.92.228",
      "remote": false,
      "scope_id": "00000000-0000-0000-0000-000000000005",
      "siem_id": "60fc3aec-dfa9-4956-a04c-838c263276f0",
      "status": "success",
      "subject": "account",
      "subject.account.domain": "nt authority",
      "subject.account.id": "S-1-5-18",
      "subject.account.name": "system",
      "subject.account.provider": "local",
      "subject.account.session_id": "999",
      "tag": "wineventlog",
      "task_id": "1b5ed942-b7c0-0001-0000-000000000338",
      "taxonomy_version": "27.0.223-release-27.0",
      "tenant_id": "6e484846-c7ac-40e7-b331-f530cb659820",
      "time": "2024-11-28T13:54:05.3450000Z",
      "uuid": "459ce229-ad90-11ef-b052-005056b7517e",
      "text": "A PowerShell command is executed on host wperry.dev.it.stf. Creating Scriptblock text (1 of 1).",
      "_checkpoint": 216146640895,
      "origin_app_alias": "MP-1",
      "primary_siem_app_alias": "MP-1",
      "siem_alias": "siem-server2.soc.stf",
      "site_alias": "unknown site_id=null",
      "site_name": "unknown site_id=null",
      "site_address": "unknown site_id=null",
      "_meta": {
        "id": "459ce229-ad90-11ef-b052-005056b7517e",
        "time": "2024-11-28T13:54:05.3450000Z",
        "assetIds": [
          "1b5edacf-03c0-0001-0000-000000000061",
          "1b5edb23-4c40-0001-0000-000000000075"
        ],
        "site_alias": "unknown site_id=null",
        "site_name": "unknown site_id=null",
        "site_address": "unknown site_id=null",
        "site_is_deleted": true
      }
    },
    {
      "action": "execute",
      "agent_id": "e24b4795-36be-4043-b8f5-00a480c8428d",
      "asset_ids": [
        "1b5edacf-03c0-0001-0000-000000000061",
        "1b5edb23-4c40-0001-0000-000000000075"
      ],
      "body": "{\"Event\":{\"xmlns\":\"http://schemas.microsoft.com/win/2004/08/events/event\",\"System\":{\"Provider\":{\"Name\":\"Microsoft-Windows-PowerShell\",\"Guid\":\"{a0c1853b-5c40-4b15-8766-3cf1c58f985a}\"},\"EventID\":\"4104\",\"Version\":\"1\",\"Level\":\"5\",\"Task\":\"2\",\"Opcode\":\"15\",\"Keywords\":\"0x0\",\"TimeCreated\":{\"SystemTime\":\"2024-11-28T13:54:13.3006567Z\"},\"EventRecordID\":\"248236\",\"Correlation\":{\"ActivityID\":\"{085a976f-3d95-0002-ac4d-6408953ddb01}\"},\"Execution\":{\"ProcessID\":\"7564\",\"ThreadID\":\"9488\"},\"Channel\":\"Microsoft-Windows-PowerShell/Operational\",\"Computer\":\"wperry.dev.it.stf\",\"Security\":{\"UserID\":\"S-1-5-18\"}},\"EventData\":{\"Data\":[{\"Name\":\"MessageNumber\",\"text\":\"1\"},{\"Name\":\"MessageTotal\",\"text\":\"1\"},{\"Name\":\"ScriptBlockText\",\"text\":\"hostname\"},{\"Name\":\"ScriptBlockId\",\"text\":\"b2fc1426-f76e-4952-9b72-17c58bdf34a2\"},{\"Name\":\"Path\"}]}}}",
      "category.generic": "Command",
      "category.high": "System Management",
      "category.low": "Manipulation",
      "event_src.asset": "1b5edacf-03c0-0001-0000-000000000061",
      "event_src.category": "Operating system",
      "event_src.fqdn": "wperry.dev.it.stf",
      "event_src.host": "wperry.dev.it.stf",
      "event_src.hostname": "wperry",
      "event_src.id": "Microsoft-Windows-PowerShell",
      "event_src.subsys": "microsoft-windows-powershell/operational",
      "event_src.title": "windows",
      "event_src.vendor": "microsoft",
      "generator.type": "logcollector",
      "historical": false,
      "id": "PT_Microsoft_Windows_eventlog_Common_PowerShell_4104_Command_executed",
      "importance": "info",
      "incorrect_time": false,
      "input_id": "8420610f-4530-4e84-8708-f3f8c9c3791c",
      "job_id": "9dadc32a-e189-4a46-a14e-bcc376ace4f9",
      "mime": "application/x-pt-eventlog",
      "msgid": "4104",
      "normalized": true,
      "numfield1": 1,
      "numfield2": 1,
      "object": "command",
      "object.account.domain": "nt authority",
      "object.account.id": "S-1-5-18",
      "object.account.name": "system",
      "object.account.provider": "local",
      "object.account.session_id": "999",
      "object.id": "b2fc1426-f76e-4952-9b72-17c58bdf34a2",
      "object.process.cmdline": "hostname",
      "object.process.id": "7564",
      "object.value": "hostname",
      "origin_app_id": "1a1438a4-f340-0001-0000-000000000004",
      "primary_siem_app_id": "1a1438a4-f340-0001-0000-000000000004",
      "recv_asset": "1b5edb23-4c40-0001-0000-000000000075",
      "recv_ipv4": "10.156.92.228",
      "remote": false,
      "scope_id": "00000000-0000-0000-0000-000000000005",
      "siem_id": "60fc3aec-dfa9-4956-a04c-838c263276f0",
      "status": "success",
      "subject": "account",
      "subject.account.domain": "nt authority",
      "subject.account.id": "S-1-5-18",
      "subject.account.name": "system",
      "subject.account.provider": "local",
      "subject.account.session_id": "999",
      "tag": "wineventlog",
      "task_id": "1b5ed942-b7c0-0001-0000-000000000338",
      "taxonomy_version": "27.0.223-release-27.0",
      "tenant_id": "6e484846-c7ac-40e7-b331-f530cb659820",
      "time": "2024-11-28T13:54:13.3000000Z",
      "uuid": "459ce22a-ad90-11ef-b052-005056b7517e",
      "text": "A PowerShell command is executed on host wperry.dev.it.stf. Creating Scriptblock text (1 of 1).",
      "_checkpoint": 216146640896,
      "origin_app_alias": "MP-1",
      "primary_siem_app_alias": "MP-1",
      "siem_alias": "siem-server2.soc.stf",
      "site_alias": "unknown site_id=null",
      "site_name": "unknown site_id=null",
      "site_address": "unknown site_id=null",
      "_meta": {
        "id": "459ce22a-ad90-11ef-b052-005056b7517e",
        "time": "2024-11-28T13:54:13.3000000Z",
        "assetIds": [
          "1b5edacf-03c0-0001-0000-000000000061",
          "1b5edb23-4c40-0001-0000-000000000075"
        ],
        "site_alias": "unknown site_id=null",
        "site_name": "unknown site_id=null",
        "site_address": "unknown site_id=null",
        "site_is_deleted": true
      }
    },
    {
      "action": "execute",
      "agent_id": "e24b4795-36be-4043-b8f5-00a480c8428d",
      "asset_ids": [
        "1b5edacf-03c0-0001-0000-000000000061",
        "1b5edb23-4c40-0001-0000-000000000075"
      ],
      "body": "{\"Event\":{\"xmlns\":\"http://schemas.microsoft.com/win/2004/08/events/event\",\"System\":{\"Provider\":{\"Name\":\"Microsoft-Windows-PowerShell\",\"Guid\":\"{a0c1853b-5c40-4b15-8766-3cf1c58f985a}\"},\"EventID\":\"4104\",\"Version\":\"1\",\"Level\":\"5\",\"Task\":\"2\",\"Opcode\":\"15\",\"Keywords\":\"0x0\",\"TimeCreated\":{\"SystemTime\":\"2024-11-28T13:54:46.5538749Z\"},\"EventRecordID\":\"248237\",\"Correlation\":{\"ActivityID\":\"{085a976f-3d95-0003-fcb5-6208953ddb01}\"},\"Execution\":{\"ProcessID\":\"7564\",\"ThreadID\":\"9488\"},\"Channel\":\"Microsoft-Windows-PowerShell/Operational\",\"Computer\":\"wperry.dev.it.stf\",\"Security\":{\"UserID\":\"S-1-5-18\"}},\"EventData\":{\"Data\":[{\"Name\":\"MessageNumber\",\"text\":\"1\"},{\"Name\":\"MessageTotal\",\"text\":\"1\"},{\"Name\":\"ScriptBlockText\",\"text\":\"ipconfig\"},{\"Name\":\"ScriptBlockId\",\"text\":\"b3b1fef4-f2fa-4def-913a-6eb7c8cde6f9\"},{\"Name\":\"Path\"}]}}}",
      "category.generic": "Command",
      "category.high": "System Management",
      "category.low": "Manipulation",
      "event_src.asset": "1b5edacf-03c0-0001-0000-000000000061",
      "event_src.category": "Operating system",
      "event_src.fqdn": "wperry.dev.it.stf",
      "event_src.host": "wperry.dev.it.stf",
      "event_src.hostname": "wperry",
      "event_src.id": "Microsoft-Windows-PowerShell",
      "event_src.subsys": "microsoft-windows-powershell/operational",
      "event_src.title": "windows",
      "event_src.vendor": "microsoft",
      "generator.type": "logcollector",
      "historical": false,
      "id": "PT_Microsoft_Windows_eventlog_Common_PowerShell_4104_Command_executed",
      "importance": "info",
      "incorrect_time": false,
      "input_id": "8420610f-4530-4e84-8708-f3f8c9c3791c",
      "job_id": "9dadc32a-e189-4a46-a14e-bcc376ace4f9",
      "mime": "application/x-pt-eventlog",
      "msgid": "4104",
      "normalized": true,
      "numfield1": 1,
      "numfield2": 1,
      "object": "command",
      "object.account.domain": "nt authority",
      "object.account.id": "S-1-5-18",
      "object.account.name": "system",
      "object.account.provider": "local",
      "object.account.session_id": "999",
      "object.id": "b3b1fef4-f2fa-4def-913a-6eb7c8cde6f9",
      "object.process.cmdline": "ipconfig",
      "object.process.id": "7564",
      "object.value": "ipconfig",
      "origin_app_id": "1a1438a4-f340-0001-0000-000000000004",
      "primary_siem_app_id": "1a1438a4-f340-0001-0000-000000000004",
      "recv_asset": "1b5edb23-4c40-0001-0000-000000000075",
      "recv_ipv4": "10.156.92.228",
      "remote": false,
      "scope_id": "00000000-0000-0000-0000-000000000005",
      "siem_id": "60fc3aec-dfa9-4956-a04c-838c263276f0",
      "status": "success",
      "subject": "account",
      "subject.account.domain": "nt authority",
      "subject.account.id": "S-1-5-18",
      "subject.account.name": "system",
      "subject.account.provider": "local",
      "subject.account.session_id": "999",
      "tag": "wineventlog",
      "task_id": "1b5ed942-b7c0-0001-0000-000000000338",
      "taxonomy_version": "27.0.223-release-27.0",
      "tenant_id": "6e484846-c7ac-40e7-b331-f530cb659820",
      "time": "2024-11-28T13:54:46.5530000Z",
      "uuid": "667f014e-ad90-11ef-b052-005056b7517e",
      "text": "A PowerShell command is executed on host wperry.dev.it.stf. Creating Scriptblock text (1 of 1).",
      "_checkpoint": 216148496039,
      "origin_app_alias": "MP-1",
      "primary_siem_app_alias": "MP-1",
      "siem_alias": "siem-server2.soc.stf",
      "site_alias": "unknown site_id=null",
      "site_name": "unknown site_id=null",
      "site_address": "unknown site_id=null",
      "_meta": {
        "id": "667f014e-ad90-11ef-b052-005056b7517e",
        "time": "2024-11-28T13:54:46.5530000Z",
        "assetIds": [
          "1b5edacf-03c0-0001-0000-000000000061",
          "1b5edb23-4c40-0001-0000-000000000075"
        ],
        "site_alias": "unknown site_id=null",
        "site_name": "unknown site_id=null",
        "site_address": "unknown site_id=null",
        "site_is_deleted": true
      }
    },
    {
      "action": "execute",
      "agent_id": "e24b4795-36be-4043-b8f5-00a480c8428d",
      "asset_ids": [
        "1b5edacf-03c0-0001-0000-000000000061",
        "1b5edb23-4c40-0001-0000-000000000075"
      ],
      "body": "{\"Event\":{\"xmlns\":\"http://schemas.microsoft.com/win/2004/08/events/event\",\"System\":{\"Provider\":{\"Name\":\"Microsoft-Windows-PowerShell\",\"Guid\":\"{a0c1853b-5c40-4b15-8766-3cf1c58f985a}\"},\"EventID\":\"4104\",\"Version\":\"1\",\"Level\":\"5\",\"Task\":\"2\",\"Opcode\":\"15\",\"Keywords\":\"0x0\",\"TimeCreated\":{\"SystemTime\":\"2024-11-28T13:54:57.7144812Z\"},\"EventRecordID\":\"248238\",\"Correlation\":{\"ActivityID\":\"{085a976f-3d95-0003-01b6-6208953ddb01}\"},\"Execution\":{\"ProcessID\":\"7564\",\"ThreadID\":\"9488\"},\"Channel\":\"Microsoft-Windows-PowerShell/Operational\",\"Computer\":\"wperry.dev.it.stf\",\"Security\":{\"UserID\":\"S-1-5-18\"}},\"EventData\":{\"Data\":[{\"Name\":\"MessageNumber\",\"text\":\"1\"},{\"Name\":\"MessageTotal\",\"text\":\"1\"},{\"Name\":\"ScriptBlockText\",\"text\":\"ipconfig /all\"},{\"Name\":\"ScriptBlockId\",\"text\":\"cd78a5d8-363a-4e57-b656-d21a260b06d1\"},{\"Name\":\"Path\"}]}}}",
      "category.generic": "Command",
      "category.high": "System Management",
      "category.low": "Manipulation",
      "event_src.asset": "1b5edacf-03c0-0001-0000-000000000061",
      "event_src.category": "Operating system",
      "event_src.fqdn": "wperry.dev.it.stf",
      "event_src.host": "wperry.dev.it.stf",
      "event_src.hostname": "wperry",
      "event_src.id": "Microsoft-Windows-PowerShell",
      "event_src.subsys": "microsoft-windows-powershell/operational",
      "event_src.title": "windows",
      "event_src.vendor": "microsoft",
      "generator.type": "logcollector",
      "historical": false,
      "id": "PT_Microsoft_Windows_eventlog_Common_PowerShell_4104_Command_executed",
      "importance": "info",
      "incorrect_time": false,
      "input_id": "8420610f-4530-4e84-8708-f3f8c9c3791c",
      "job_id": "9dadc32a-e189-4a46-a14e-bcc376ace4f9",
      "mime": "application/x-pt-eventlog",
      "msgid": "4104",
      "normalized": true,
      "numfield1": 1,
      "numfield2": 1,
      "object": "command",
      "object.account.domain": "nt authority",
      "object.account.id": "S-1-5-18",
      "object.account.name": "system",
      "object.account.provider": "local",
      "object.account.session_id": "999",
      "object.id": "cd78a5d8-363a-4e57-b656-d21a260b06d1",
      "object.process.cmdline": "ipconfig /all",
      "object.process.id": "7564",
      "object.value": "ipconfig /all",
      "origin_app_id": "1a1438a4-f340-0001-0000-000000000004",
      "primary_siem_app_id": "1a1438a4-f340-0001-0000-000000000004",
      "recv_asset": "1b5edb23-4c40-0001-0000-000000000075",
      "recv_ipv4": "10.156.92.228",
      "remote": false,
      "scope_id": "00000000-0000-0000-0000-000000000005",
      "siem_id": "60fc3aec-dfa9-4956-a04c-838c263276f0",
      "status": "success",
      "subject": "account",
      "subject.account.domain": "nt authority",
      "subject.account.id": "S-1-5-18",
      "subject.account.name": "system",
      "subject.account.provider": "local",
      "subject.account.session_id": "999",
      "tag": "wineventlog",
      "task_id": "1b5ed942-b7c0-0001-0000-000000000338",
      "taxonomy_version": "27.0.223-release-27.0",
      "tenant_id": "6e484846-c7ac-40e7-b331-f530cb659820",
      "time": "2024-11-28T13:54:57.7140000Z",
      "uuid": "667f014f-ad90-11ef-b052-005056b7517e",
      "text": "A PowerShell command is executed on host wperry.dev.it.stf. Creating Scriptblock text (1 of 1).",
      "_checkpoint": 216148496040,
      "origin_app_alias": "MP-1",
      "primary_siem_app_alias": "MP-1",
      "siem_alias": "siem-server2.soc.stf",
      "site_alias": "unknown site_id=null",
      "site_name": "unknown site_id=null",
      "site_address": "unknown site_id=null",
      "_meta": {
        "id": "667f014f-ad90-11ef-b052-005056b7517e",
        "time": "2024-11-28T13:54:57.7140000Z",
        "assetIds": [
          "1b5edacf-03c0-0001-0000-000000000061",
          "1b5edb23-4c40-0001-0000-000000000075"
        ],
        "site_alias": "unknown site_id=null",
        "site_name": "unknown site_id=null",
        "site_address": "unknown site_id=null",
        "site_is_deleted": true
      }
    },
    {
      "action": "execute",
      "agent_id": "e24b4795-36be-4043-b8f5-00a480c8428d",
      "asset_ids": [
        "1b5edacf-03c0-0001-0000-000000000061",
        "1b5edb23-4c40-0001-0000-000000000075"
      ],
      "body": "{\"Event\":{\"xmlns\":\"http://schemas.microsoft.com/win/2004/08/events/event\",\"System\":{\"Provider\":{\"Name\":\"Microsoft-Windows-PowerShell\",\"Guid\":\"{a0c1853b-5c40-4b15-8766-3cf1c58f985a}\"},\"EventID\":\"4104\",\"Version\":\"1\",\"Level\":\"5\",\"Task\":\"2\",\"Opcode\":\"15\",\"Keywords\":\"0x0\",\"TimeCreated\":{\"SystemTime\":\"2024-11-28T13:55:11.0232721Z\"},\"EventRecordID\":\"248239\",\"Correlation\":{\"ActivityID\":\"{085a976f-3d95-0000-e571-6308953ddb01}\"},\"Execution\":{\"ProcessID\":\"7564\",\"ThreadID\":\"9488\"},\"Channel\":\"Microsoft-Windows-PowerShell/Operational\",\"Computer\":\"wperry.dev.it.stf\",\"Security\":{\"UserID\":\"S-1-5-18\"}},\"EventData\":{\"Data\":[{\"Name\":\"MessageNumber\",\"text\":\"1\"},{\"Name\":\"MessageTotal\",\"text\":\"1\"},{\"Name\":\"ScriptBlockText\",\"text\":\"net user my_user\"},{\"Name\":\"ScriptBlockId\",\"text\":\"248cb279-f3b5-4007-8ef6-83af6c2f15a6\"},{\"Name\":\"Path\"}]}}}",
      "category.generic": "Command",
      "category.high": "System Management",
      "category.low": "Manipulation",
      "event_src.asset": "1b5edacf-03c0-0001-0000-000000000061",
      "event_src.category": "Operating system",
      "event_src.fqdn": "wperry.dev.it.stf",
      "event_src.host": "wperry.dev.it.stf",
      "event_src.hostname": "wperry",
      "event_src.id": "Microsoft-Windows-PowerShell",
      "event_src.subsys": "microsoft-windows-powershell/operational",
      "event_src.title": "windows",
      "event_src.vendor": "microsoft",
      "generator.type": "logcollector",
      "historical": false,
      "id": "PT_Microsoft_Windows_eventlog_Common_PowerShell_4104_Command_executed",
      "importance": "info",
      "incorrect_time": false,
      "input_id": "8420610f-4530-4e84-8708-f3f8c9c3791c",
      "job_id": "9dadc32a-e189-4a46-a14e-bcc376ace4f9",
      "mime": "application/x-pt-eventlog",
      "msgid": "4104",
      "normalized": true,
      "numfield1": 1,
      "numfield2": 1,
      "object": "command",
      "object.account.domain": "nt authority",
      "object.account.id": "S-1-5-18",
      "object.account.name": "system",
      "object.account.provider": "local",
      "object.account.session_id": "999",
      "object.id": "248cb279-f3b5-4007-8ef6-83af6c2f15a6",
      "object.process.cmdline": "net user my_user",
      "object.process.id": "7564",
      "object.value": "net user my_user",
      "origin_app_id": "1a1438a4-f340-0001-0000-000000000004",
      "primary_siem_app_id": "1a1438a4-f340-0001-0000-000000000004",
      "recv_asset": "1b5edb23-4c40-0001-0000-000000000075",
      "recv_ipv4": "10.156.92.228",
      "remote": false,
      "scope_id": "00000000-0000-0000-0000-000000000005",
      "siem_id": "60fc3aec-dfa9-4956-a04c-838c263276f0",
      "status": "success",
      "subject": "account",
      "subject.account.domain": "nt authority",
      "subject.account.id": "S-1-5-18",
      "subject.account.name": "system",
      "subject.account.provider": "local",
      "subject.account.session_id": "999",
      "tag": "wineventlog",
      "task_id": "1b5ed942-b7c0-0001-0000-000000000338",
      "taxonomy_version": "27.0.223-release-27.0",
      "tenant_id": "6e484846-c7ac-40e7-b331-f530cb659820",
      "time": "2024-11-28T13:55:11.0230000Z",
      "uuid": "667f0150-ad90-11ef-b052-005056b7517e",
      "text": "A PowerShell command is executed on host wperry.dev.it.stf. Creating Scriptblock text (1 of 1).",
      "_checkpoint": 216148496041,
      "origin_app_alias": "MP-1",
      "primary_siem_app_alias": "MP-1",
      "siem_alias": "siem-server2.soc.stf",
      "site_alias": "unknown site_id=null",
      "site_name": "unknown site_id=null",
      "site_address": "unknown site_id=null",
      "_meta": {
        "id": "667f0150-ad90-11ef-b052-005056b7517e",
        "time": "2024-11-28T13:55:11.0230000Z",
        "assetIds": [
          "1b5edacf-03c0-0001-0000-000000000061",
          "1b5edb23-4c40-0001-0000-000000000075"
        ],
        "site_alias": "unknown site_id=null",
        "site_name": "unknown site_id=null",
        "site_address": "unknown site_id=null",
        "site_is_deleted": true
      }
    },
    {
      "action": "execute",
      "agent_id": "e24b4795-36be-4043-b8f5-00a480c8428d",
      "asset_ids": [
        "1b5edacf-03c0-0001-0000-000000000061",
        "1b5edb23-4c40-0001-0000-000000000075"
      ],
      "body": "{\"Event\":{\"xmlns\":\"http://schemas.microsoft.com/win/2004/08/events/event\",\"System\":{\"Provider\":{\"Name\":\"Microsoft-Windows-PowerShell\",\"Guid\":\"{a0c1853b-5c40-4b15-8766-3cf1c58f985a}\"},\"EventID\":\"4104\",\"Version\":\"1\",\"Level\":\"5\",\"Task\":\"2\",\"Opcode\":\"15\",\"Keywords\":\"0x0\",\"TimeCreated\":{\"SystemTime\":\"2024-11-28T13:55:40.4704505Z\"},\"EventRecordID\":\"248250\",\"Correlation\":{\"ActivityID\":\"{085a976f-3d95-0002-fa4d-6408953ddb01}\"},\"Execution\":{\"ProcessID\":\"7564\",\"ThreadID\":\"9488\"},\"Channel\":\"Microsoft-Windows-PowerShell/Operational\",\"Computer\":\"wperry.dev.it.stf\",\"Security\":{\"UserID\":\"S-1-5-18\"}},\"EventData\":{\"Data\":[{\"Name\":\"MessageNumber\",\"text\":\"1\"},{\"Name\":\"MessageTotal\",\"text\":\"1\"},{\"Name\":\"ScriptBlockText\",\"text\":\"net user my_user \\\"P@ssw0rd$$677\\\"\"},{\"Name\":\"ScriptBlockId\",\"text\":\"6f5e9951-0206-4624-8d9e-b2bf750741b3\"},{\"Name\":\"Path\"}]}}}",
      "category.generic": "Command",
      "category.high": "System Management",
      "category.low": "Manipulation",
      "event_src.asset": "1b5edacf-03c0-0001-0000-000000000061",
      "event_src.category": "Operating system",
      "event_src.fqdn": "wperry.dev.it.stf",
      "event_src.host": "wperry.dev.it.stf",
      "event_src.hostname": "wperry",
      "event_src.id": "Microsoft-Windows-PowerShell",
      "event_src.subsys": "microsoft-windows-powershell/operational",
      "event_src.title": "windows",
      "event_src.vendor": "microsoft",
      "generator.type": "logcollector",
      "historical": false,
      "id": "PT_Microsoft_Windows_eventlog_Common_PowerShell_4104_Command_executed",
      "importance": "info",
      "incorrect_time": false,
      "input_id": "8420610f-4530-4e84-8708-f3f8c9c3791c",
      "job_id": "9dadc32a-e189-4a46-a14e-bcc376ace4f9",
      "mime": "application/x-pt-eventlog",
      "msgid": "4104",
      "normalized": true,
      "numfield1": 1,
      "numfield2": 1,
      "object": "command",
      "object.account.domain": "nt authority",
      "object.account.id": "S-1-5-18",
      "object.account.name": "system",
      "object.account.provider": "local",
      "object.account.session_id": "999",
      "object.id": "6f5e9951-0206-4624-8d9e-b2bf750741b3",
      "object.process.cmdline": "net user my_user \"P@ssw0rd$$677\"",
      "object.process.id": "7564",
      "object.value": "net user my_user \"P@ssw0rd$$677\"",
      "origin_app_id": "1a1438a4-f340-0001-0000-000000000004",
      "primary_siem_app_id": "1a1438a4-f340-0001-0000-000000000004",
      "recv_asset": "1b5edb23-4c40-0001-0000-000000000075",
      "recv_ipv4": "10.156.92.228",
      "remote": false,
      "scope_id": "00000000-0000-0000-0000-000000000005",
      "siem_id": "60fc3aec-dfa9-4956-a04c-838c263276f0",
      "status": "success",
      "subject": "account",
      "subject.account.domain": "nt authority",
      "subject.account.id": "S-1-5-18",
      "subject.account.name": "system",
      "subject.account.provider": "local",
      "subject.account.session_id": "999",
      "tag": "wineventlog",
      "task_id": "1b5ed942-b7c0-0001-0000-000000000338",
      "taxonomy_version": "27.0.223-release-27.0",
      "tenant_id": "6e484846-c7ac-40e7-b331-f530cb659820",
      "time": "2024-11-28T13:55:40.4700000Z",
      "uuid": "8237de14-ad90-11ef-b052-005056b7517e",
      "text": "A PowerShell command is executed on host wperry.dev.it.stf. Creating Scriptblock text (1 of 1).",
      "_checkpoint": 216149984155,
      "origin_app_alias": "MP-1",
      "primary_siem_app_alias": "MP-1",
      "siem_alias": "siem-server2.soc.stf",
      "site_alias": "unknown site_id=null",
      "site_name": "unknown site_id=null",
      "site_address": "unknown site_id=null",
      "_meta": {
        "id": "8237de14-ad90-11ef-b052-005056b7517e",
        "time": "2024-11-28T13:55:40.4700000Z",
        "assetIds": [
          "1b5edacf-03c0-0001-0000-000000000061",
          "1b5edb23-4c40-0001-0000-000000000075"
        ],
        "site_alias": "unknown site_id=null",
        "site_name": "unknown site_id=null",
        "site_address": "unknown site_id=null",
        "site_is_deleted": true
      }
    },
    {
      "action": "execute",
      "agent_id": "e24b4795-36be-4043-b8f5-00a480c8428d",
      "asset_ids": [
        "1b5edacf-03c0-0001-0000-000000000061",
        "1b5edb23-4c40-0001-0000-000000000075"
      ],
      "body": "{\"Event\":{\"xmlns\":\"http://schemas.microsoft.com/win/2004/08/events/event\",\"System\":{\"Provider\":{\"Name\":\"Microsoft-Windows-PowerShell\",\"Guid\":\"{a0c1853b-5c40-4b15-8766-3cf1c58f985a}\"},\"EventID\":\"4104\",\"Version\":\"1\",\"Level\":\"5\",\"Task\":\"2\",\"Opcode\":\"15\",\"Keywords\":\"0x0\",\"TimeCreated\":{\"SystemTime\":\"2024-11-28T13:58:03.5628601Z\"},\"EventRecordID\":\"248378\",\"Correlation\":{\"ActivityID\":\"{085a976f-3d95-0003-4db7-6208953ddb01}\"},\"Execution\":{\"ProcessID\":\"7564\",\"ThreadID\":\"9488\"},\"Channel\":\"Microsoft-Windows-PowerShell/Operational\",\"Computer\":\"wperry.dev.it.stf\",\"Security\":{\"UserID\":\"S-1-5-18\"}},\"EventData\":{\"Data\":[{\"Name\":\"MessageNumber\",\"text\":\"1\"},{\"Name\":\"MessageTotal\",\"text\":\"1\"},{\"Name\":\"ScriptBlockText\",\"text\":\"cd \\\\users\\\\public\"},{\"Name\":\"ScriptBlockId\",\"text\":\"843dc702-77ed-433b-b1b2-ef5c97e2e130\"},{\"Name\":\"Path\"}]}}}",
      "category.generic": "Command",
      "category.high": "System Management",
      "category.low": "Manipulation",
      "event_src.asset": "1b5edacf-03c0-0001-0000-000000000061",
      "event_src.category": "Operating system",
      "event_src.fqdn": "wperry.dev.it.stf",
      "event_src.host": "wperry.dev.it.stf",
      "event_src.hostname": "wperry",
      "event_src.id": "Microsoft-Windows-PowerShell",
      "event_src.subsys": "microsoft-windows-powershell/operational",
      "event_src.title": "windows",
      "event_src.vendor": "microsoft",
      "generator.type": "logcollector",
      "historical": false,
      "id": "PT_Microsoft_Windows_eventlog_Common_PowerShell_4104_Command_executed",
      "importance": "info",
      "incorrect_time": false,
      "input_id": "8420610f-4530-4e84-8708-f3f8c9c3791c",
      "job_id": "9dadc32a-e189-4a46-a14e-bcc376ace4f9",
      "mime": "application/x-pt-eventlog",
      "msgid": "4104",
      "normalized": true,
      "numfield1": 1,
      "numfield2": 1,
      "object": "command",
      "object.account.domain": "nt authority",
      "object.account.id": "S-1-5-18",
      "object.account.name": "system",
      "object.account.provider": "local",
      "object.account.session_id": "999",
      "object.id": "843dc702-77ed-433b-b1b2-ef5c97e2e130",
      "object.process.cmdline": "cd \\users\\public",
      "object.process.id": "7564",
      "object.value": "cd \\users\\public",
      "origin_app_id": "1a1438a4-f340-0001-0000-000000000004",
      "primary_siem_app_id": "1a1438a4-f340-0001-0000-000000000004",
      "recv_asset": "1b5edb23-4c40-0001-0000-000000000075",
      "recv_ipv4": "10.156.92.228",
      "remote": false,
      "scope_id": "00000000-0000-0000-0000-000000000005",
      "siem_id": "60fc3aec-dfa9-4956-a04c-838c263276f0",
      "status": "success",
      "subject": "account",
      "subject.account.domain": "nt authority",
      "subject.account.id": "S-1-5-18",
      "subject.account.name": "system",
      "subject.account.provider": "local",
      "subject.account.session_id": "999",
      "tag": "wineventlog",
      "task_id": "1b5ed942-b7c0-0001-0000-000000000338",
      "taxonomy_version": "27.0.223-release-27.0",
      "tenant_id": "6e484846-c7ac-40e7-b331-f530cb659820",
      "time": "2024-11-28T13:58:03.5620000Z",
      "uuid": "dc4c2bb0-ad90-11ef-b052-005056b7517e",
      "text": "A PowerShell command is executed on host wperry.dev.it.stf. Creating Scriptblock text (1 of 1).",
      "_checkpoint": 216154240140,
      "origin_app_alias": "MP-1",
      "primary_siem_app_alias": "MP-1",
      "siem_alias": "siem-server2.soc.stf",
      "site_alias": "unknown site_id=null",
      "site_name": "unknown site_id=null",
      "site_address": "unknown site_id=null",
      "_meta": {
        "id": "dc4c2bb0-ad90-11ef-b052-005056b7517e",
        "time": "2024-11-28T13:58:03.5620000Z",
        "assetIds": [
          "1b5edacf-03c0-0001-0000-000000000061",
          "1b5edb23-4c40-0001-0000-000000000075"
        ],
        "site_alias": "unknown site_id=null",
        "site_name": "unknown site_id=null",
        "site_address": "unknown site_id=null",
        "site_is_deleted": true
      }
    },
