    {
      "action": "detect",
      "agent_id": "e24b4795-36be-4043-b8f5-00a480c8428d",
      "asset_ids": [
        "1b5edacf-03c0-0001-0000-000000000061",
        "1b5edb23-4c40-0001-0000-000000000075",
        "1b605601-12c0-0001-0000-000000000253"
      ],
      "body": "{\"Event\":{\"xmlns\":\"http://schemas.microsoft.com/win/2004/08/events/event\",\"System\":{\"Provider\":{\"Name\":\"Microsoft-Windows-Sysmon\",\"Guid\":\"{5770385f-c22a-43e0-bf4c-06f5698ffbd9}\"},\"EventID\":\"3\",\"Version\":\"5\",\"Level\":\"4\",\"Task\":\"3\",\"Opcode\":\"0\",\"Keywords\":\"0x8000000000000000\",\"TimeCreated\":{\"SystemTime\":\"2024-11-28T14:05:55.0972305Z\"},\"EventRecordID\":\"2438355\",\"Execution\":{\"ProcessID\":\"3472\",\"ThreadID\":\"4980\"},\"Channel\":\"Microsoft-Windows-Sysmon/Operational\",\"Computer\":\"wperry.dev.it.stf\",\"Security\":{\"UserID\":\"S-1-5-18\"}},\"EventData\":{\"Data\":[{\"Name\":\"RuleName\",\"text\":\"-\"},{\"Name\":\"UtcTime\",\"text\":\"2024-11-28 14:05:39.067\"},{\"Name\":\"ProcessGuid\",\"text\":\"{8cbafd4f-7799-6748-c51c-010000003000}\"},{\"Name\":\"ProcessId\",\"text\":\"1744\"},{\"Name\":\"Image\",\"text\":\"C:\\\\Users\\\\Public\\\\wp.exe\"},{\"Name\":\"User\",\"text\":\"NT AUTHORITY\\\\SYSTEM\"},{\"Name\":\"Protocol\",\"text\":\"tcp\"},{\"Name\":\"Initiated\",\"text\":\"true\"},{\"Name\":\"SourceIsIpv6\",\"text\":\"false\"},{\"Name\":\"SourceIp\",\"text\":\"10.156.92.66\"},{\"Name\":\"SourceHostname\",\"text\":\"wperry.dev.it.stf\"},{\"Name\":\"SourcePort\",\"text\":\"61998\"},{\"Name\":\"SourcePortName\",\"text\":\"-\"},{\"Name\":\"DestinationIsIpv6\",\"text\":\"false\"},{\"Name\":\"DestinationIp\",\"text\":\"3.5.140.3\"},{\"Name\":\"DestinationHostname\",\"text\":\"-\"},{\"Name\":\"DestinationPort\",\"text\":\"8888\"},{\"Name\":\"DestinationPortName\",\"text\":\"-\"}]}}}",
      "category.generic": "Connection",
      "category.high": "Network Interaction Management",
      "category.low": "State",
      "direction": "egress",
      "dst.asset": "1b605601-12c0-0001-0000-000000000253",
      "dst.host": "3.5.140.3",
      "dst.ip": "3.5.140.3",
      "dst.port": 8888,
      "event_src.asset": "1b5edacf-03c0-0001-0000-000000000061",
      "event_src.category": "Other",
      "event_src.fqdn": "wperry.dev.it.stf",
      "event_src.host": "wperry.dev.it.stf",
      "event_src.hostname": "wperry",
      "event_src.id": "Microsoft-Windows-Sysmon",
      "event_src.ip": "10.156.92.66",
      "event_src.subsys": "microsoft-windows-sysmon/operational",
      "event_src.title": "sysmon",
      "event_src.vendor": "microsoft",
      "generator.type": "logcollector",
      "historical": false,
      "id": "PT_Microsoft_Windows_eventlog_Sysmon_3_Network_connection",
      "importance": "info",
      "incorrect_time": false,
      "input_id": "8420610f-4530-4e84-8708-f3f8c9c3791c",
      "job_id": "9dadc32a-e189-4a46-a14e-bcc376ace4f9",
      "mime": "application/x-pt-eventlog",
      "msgid": "3",
      "normalized": true,
      "object": "connection",
      "object.account.domain": "nt authority",
      "object.account.id": "S-1-5-18",
      "object.account.name": "system",
      "object.account.provider": "local",
      "object.account.session_id": "999",
      "object.process.fullpath": "c:\\users\\public\\wp.exe",
      "object.process.guid": "8cbafd4f-7799-6748-c51c-010000003000",
      "object.process.id": "1744",
      "object.process.name": "wp.exe",
      "object.process.path": "c:\\users\\public\\",
      "origin_app_id": "1a1438a4-f340-0001-0000-000000000004",
      "primary_siem_app_id": "1a1438a4-f340-0001-0000-000000000004",
      "protocol": "tcp",
      "recv_asset": "1b5edb23-4c40-0001-0000-000000000075",
      "recv_ipv4": "10.156.92.228",
      "remote": false,
      "scope_id": "00000000-0000-0000-0000-000000000005",
      "siem_id": "60fc3aec-dfa9-4956-a04c-838c263276f0",
      "src.asset": "1b5edacf-03c0-0001-0000-000000000061",
      "src.fqdn": "wperry.dev.it.stf",
      "src.host": "wperry.dev.it.stf",
      "src.hostname": "wperry",
      "src.ip": "10.156.92.66",
      "src.port": 61998,
      "status": "success",
      "subject": "rule",
      "subject.name": "-",
      "tag": "wineventlog",
      "task_id": "1b5ed942-b7c0-0001-0000-000000000338",
      "taxonomy_version": "27.0.223-release-27.0",
      "tenant_id": "6e484846-c7ac-40e7-b331-f530cb659820",
      "time": "2024-11-28T14:05:55.0970000Z",
      "uuid": "f59ee8a7-ad91-11ef-b052-005056b7517e",
      "text": "A tcp connection from host wperry.dev.it.stf to host 3.5.140.3 is opened on host wperry.dev.it.stf",
      "_checkpoint": 216169376122,
      "origin_app_alias": "MP-1",
      "primary_siem_app_alias": "MP-1",
      "siem_alias": "siem-server2.soc.stf",
      "site_alias": "unknown site_id=null",
      "site_name": "unknown site_id=null",
      "site_address": "unknown site_id=null",
      "_meta": {
        "id": "f59ee8a7-ad91-11ef-b052-005056b7517e",
        "time": "2024-11-28T14:05:55.0970000Z",
        "assetIds": [
          "1b5edacf-03c0-0001-0000-000000000061",
          "1b5edb23-4c40-0001-0000-000000000075",
          "1b605601-12c0-0001-0000-000000000253"
        ],
        "site_alias": "unknown site_id=null",
        "site_name": "unknown site_id=null",
        "site_address": "unknown site_id=null",
        "site_is_deleted": true
      }
    },
    {
      "action": "detect",
      "agent_id": "e24b4795-36be-4043-b8f5-00a480c8428d",
      "asset_ids": [
        "1b5edacf-03c0-0001-0000-000000000061",
        "1b5edb23-4c40-0001-0000-000000000075",
        "1b605601-12c0-0001-0000-000000000253"
      ],
      "body": "{\"Event\":{\"xmlns\":\"http://schemas.microsoft.com/win/2004/08/events/event\",\"System\":{\"Provider\":{\"Name\":\"Microsoft-Windows-Sysmon\",\"Guid\":\"{5770385f-c22a-43e0-bf4c-06f5698ffbd9}\"},\"EventID\":\"3\",\"Version\":\"5\",\"Level\":\"4\",\"Task\":\"3\",\"Opcode\":\"0\",\"Keywords\":\"0x8000000000000000\",\"TimeCreated\":{\"SystemTime\":\"2024-11-28T14:07:10.6291371Z\"},\"EventRecordID\":\"2438454\",\"Execution\":{\"ProcessID\":\"3472\",\"ThreadID\":\"4980\"},\"Channel\":\"Microsoft-Windows-Sysmon/Operational\",\"Computer\":\"wperry.dev.it.stf\",\"Security\":{\"UserID\":\"S-1-5-18\"}},\"EventData\":{\"Data\":[{\"Name\":\"RuleName\",\"text\":\"-\"},{\"Name\":\"UtcTime\",\"text\":\"2024-11-28 14:06:54.585\"},{\"Name\":\"ProcessGuid\",\"text\":\"{8cbafd4f-7799-6748-c51c-010000003000}\"},{\"Name\":\"ProcessId\",\"text\":\"1744\"},{\"Name\":\"Image\",\"text\":\"C:\\\\Users\\\\Public\\\\wp.exe\"},{\"Name\":\"User\",\"text\":\"NT AUTHORITY\\\\SYSTEM\"},{\"Name\":\"Protocol\",\"text\":\"tcp\"},{\"Name\":\"Initiated\",\"text\":\"true\"},{\"Name\":\"SourceIsIpv6\",\"text\":\"false\"},{\"Name\":\"SourceIp\",\"text\":\"10.156.92.66\"},{\"Name\":\"SourceHostname\",\"text\":\"wperry.dev.it.stf\"},{\"Name\":\"SourcePort\",\"text\":\"62035\"},{\"Name\":\"SourcePortName\",\"text\":\"-\"},{\"Name\":\"DestinationIsIpv6\",\"text\":\"false\"},{\"Name\":\"DestinationIp\",\"text\":\"3.5.140.3\"},{\"Name\":\"DestinationHostname\",\"text\":\"-\"},{\"Name\":\"DestinationPort\",\"text\":\"8888\"},{\"Name\":\"DestinationPortName\",\"text\":\"-\"}]}}}",
      "category.generic": "Connection",
      "category.high": "Network Interaction Management",
      "category.low": "State",
      "direction": "egress",
      "dst.asset": "1b605601-12c0-0001-0000-000000000253",
      "dst.host": "3.5.140.3",
      "dst.ip": "3.5.140.3",
      "dst.port": 8888,
      "event_src.asset": "1b5edacf-03c0-0001-0000-000000000061",
      "event_src.category": "Other",
      "event_src.fqdn": "wperry.dev.it.stf",
      "event_src.host": "wperry.dev.it.stf",
      "event_src.hostname": "wperry",
      "event_src.id": "Microsoft-Windows-Sysmon",
      "event_src.ip": "10.156.92.66",
      "event_src.subsys": "microsoft-windows-sysmon/operational",
      "event_src.title": "sysmon",
      "event_src.vendor": "microsoft",
      "generator.type": "logcollector",
      "historical": false,
      "id": "PT_Microsoft_Windows_eventlog_Sysmon_3_Network_connection",
      "importance": "info",
      "incorrect_time": false,
      "input_id": "8420610f-4530-4e84-8708-f3f8c9c3791c",
      "job_id": "9dadc32a-e189-4a46-a14e-bcc376ace4f9",
      "mime": "application/x-pt-eventlog",
      "msgid": "3",
      "normalized": true,
      "object": "connection",
      "object.account.domain": "nt authority",
      "object.account.id": "S-1-5-18",
      "object.account.name": "system",
      "object.account.provider": "local",
      "object.account.session_id": "999",
      "object.process.fullpath": "c:\\users\\public\\wp.exe",
      "object.process.guid": "8cbafd4f-7799-6748-c51c-010000003000",
      "object.process.id": "1744",
      "object.process.name": "wp.exe",
      "object.process.path": "c:\\users\\public\\",
      "origin_app_id": "1a1438a4-f340-0001-0000-000000000004",
      "primary_siem_app_id": "1a1438a4-f340-0001-0000-000000000004",
      "protocol": "tcp",
      "recv_asset": "1b5edb23-4c40-0001-0000-000000000075",
      "recv_ipv4": "10.156.92.228",
      "remote": false,
      "scope_id": "00000000-0000-0000-0000-000000000005",
      "siem_id": "60fc3aec-dfa9-4956-a04c-838c263276f0",
      "src.asset": "1b5edacf-03c0-0001-0000-000000000061",
      "src.fqdn": "wperry.dev.it.stf",
      "src.host": "wperry.dev.it.stf",
      "src.hostname": "wperry",
      "src.ip": "10.156.92.66",
      "src.port": 62035,
      "status": "success",
      "subject": "rule",
      "subject.name": "-",
      "tag": "wineventlog",
      "task_id": "1b5ed942-b7c0-0001-0000-000000000338",
      "taxonomy_version": "27.0.223-release-27.0",
      "tenant_id": "6e484846-c7ac-40e7-b331-f530cb659820",
      "time": "2024-11-28T14:07:10.6290000Z",
      "uuid": "112bfa77-ad92-11ef-b052-005056b7517e",
      "text": "A tcp connection from host wperry.dev.it.stf to host 3.5.140.3 is opened on host wperry.dev.it.stf",
      "_checkpoint": 216170753350,
      "origin_app_alias": "MP-1",
      "primary_siem_app_alias": "MP-1",
      "siem_alias": "siem-server2.soc.stf",
      "site_alias": "unknown site_id=null",
      "site_name": "unknown site_id=null",
      "site_address": "unknown site_id=null",
      "_meta": {
        "id": "112bfa77-ad92-11ef-b052-005056b7517e",
        "time": "2024-11-28T14:07:10.6290000Z",
        "assetIds": [
          "1b5edacf-03c0-0001-0000-000000000061",
          "1b5edb23-4c40-0001-0000-000000000075",
          "1b605601-12c0-0001-0000-000000000253"
        ],
        "site_alias": "unknown site_id=null",
        "site_name": "unknown site_id=null",
        "site_address": "unknown site_id=null",
        "site_is_deleted": true
      }
    },
    {
      "action": "detect",
      "agent_id": "e24b4795-36be-4043-b8f5-00a480c8428d",
      "asset_ids": [
        "1b5edacf-03c0-0001-0000-000000000061",
        "1b5edb23-4c40-0001-0000-000000000075",
        "1b605601-12c0-0001-0000-000000000253"
      ],
      "body": "{\"Event\":{\"xmlns\":\"http://schemas.microsoft.com/win/2004/08/events/event\",\"System\":{\"Provider\":{\"Name\":\"Microsoft-Windows-Sysmon\",\"Guid\":\"{5770385f-c22a-43e0-bf4c-06f5698ffbd9}\"},\"EventID\":\"3\",\"Version\":\"5\",\"Level\":\"4\",\"Task\":\"3\",\"Opcode\":\"0\",\"Keywords\":\"0x8000000000000000\",\"TimeCreated\":{\"SystemTime\":\"2024-11-28T14:08:30.7272061Z\"},\"EventRecordID\":\"2439062\",\"Execution\":{\"ProcessID\":\"3472\",\"ThreadID\":\"4980\"},\"Channel\":\"Microsoft-Windows-Sysmon/Operational\",\"Computer\":\"wperry.dev.it.stf\",\"Security\":{\"UserID\":\"S-1-5-18\"}},\"EventData\":{\"Data\":[{\"Name\":\"RuleName\",\"text\":\"-\"},{\"Name\":\"UtcTime\",\"text\":\"2024-11-28 14:08:15.504\"},{\"Name\":\"ProcessGuid\",\"text\":\"{8cbafd4f-7799-6748-c51c-010000003000}\"},{\"Name\":\"ProcessId\",\"text\":\"1744\"},{\"Name\":\"Image\",\"text\":\"C:\\\\Users\\\\Public\\\\wp.exe\"},{\"Name\":\"User\",\"text\":\"NT AUTHORITY\\\\SYSTEM\"},{\"Name\":\"Protocol\",\"text\":\"tcp\"},{\"Name\":\"Initiated\",\"text\":\"true\"},{\"Name\":\"SourceIsIpv6\",\"text\":\"false\"},{\"Name\":\"SourceIp\",\"text\":\"10.156.92.66\"},{\"Name\":\"SourceHostname\",\"text\":\"wperry.dev.it.stf\"},{\"Name\":\"SourcePort\",\"text\":\"53292\"},{\"Name\":\"SourcePortName\",\"text\":\"-\"},{\"Name\":\"DestinationIsIpv6\",\"text\":\"false\"},{\"Name\":\"DestinationIp\",\"text\":\"3.5.140.3\"},{\"Name\":\"DestinationHostname\",\"text\":\"-\"},{\"Name\":\"DestinationPort\",\"text\":\"8888\"},{\"Name\":\"DestinationPortName\",\"text\":\"-\"}]}}}",
      "category.generic": "Connection",
      "category.high": "Network Interaction Management",
      "category.low": "State",
      "direction": "egress",
      "dst.asset": "1b605601-12c0-0001-0000-000000000253",
      "dst.host": "3.5.140.3",
      "dst.ip": "3.5.140.3",
      "dst.port": 8888,
      "event_src.asset": "1b5edacf-03c0-0001-0000-000000000061",
      "event_src.category": "Other",
      "event_src.fqdn": "wperry.dev.it.stf",
      "event_src.host": "wperry.dev.it.stf",
      "event_src.hostname": "wperry",
      "event_src.id": "Microsoft-Windows-Sysmon",
      "event_src.ip": "10.156.92.66",
      "event_src.subsys": "microsoft-windows-sysmon/operational",
      "event_src.title": "sysmon",
      "event_src.vendor": "microsoft",
      "generator.type": "logcollector",
      "historical": false,
      "id": "PT_Microsoft_Windows_eventlog_Sysmon_3_Network_connection",
      "importance": "info",
      "incorrect_time": false,
      "input_id": "8420610f-4530-4e84-8708-f3f8c9c3791c",
      "job_id": "9dadc32a-e189-4a46-a14e-bcc376ace4f9",
      "mime": "application/x-pt-eventlog",
      "msgid": "3",
      "normalized": true,
      "object": "connection",
      "object.account.domain": "nt authority",
      "object.account.id": "S-1-5-18",
      "object.account.name": "system",
      "object.account.provider": "local",
      "object.account.session_id": "999",
      "object.process.fullpath": "c:\\users\\public\\wp.exe",
      "object.process.guid": "8cbafd4f-7799-6748-c51c-010000003000",
      "object.process.id": "1744",
      "object.process.name": "wp.exe",
      "object.process.path": "c:\\users\\public\\",
      "origin_app_id": "1a1438a4-f340-0001-0000-000000000004",
      "primary_siem_app_id": "1a1438a4-f340-0001-0000-000000000004",
      "protocol": "tcp",
      "recv_asset": "1b5edb23-4c40-0001-0000-000000000075",
      "recv_ipv4": "10.156.92.228",
      "remote": false,
      "scope_id": "00000000-0000-0000-0000-000000000005",
      "siem_id": "60fc3aec-dfa9-4956-a04c-838c263276f0",
      "src.asset": "1b5edacf-03c0-0001-0000-000000000061",
      "src.fqdn": "wperry.dev.it.stf",
      "src.host": "wperry.dev.it.stf",
      "src.hostname": "wperry",
      "src.ip": "10.156.92.66",
      "src.port": 53292,
      "status": "success",
      "subject": "rule",
      "subject.name": "-",
      "tag": "wineventlog",
      "task_id": "1b5ed942-b7c0-0001-0000-000000000338",
      "taxonomy_version": "27.0.223-release-27.0",
      "tenant_id": "6e484846-c7ac-40e7-b331-f530cb659820",
      "time": "2024-11-28T14:08:30.7270000Z",
      "uuid": "41e1eb1f-ad92-11ef-b052-005056b7517e",
      "text": "A tcp connection from host wperry.dev.it.stf to host 3.5.140.3 is opened on host wperry.dev.it.stf",
      "_checkpoint": 216173392567,
      "origin_app_alias": "MP-1",
      "primary_siem_app_alias": "MP-1",
      "siem_alias": "siem-server2.soc.stf",
      "site_alias": "unknown site_id=null",
      "site_name": "unknown site_id=null",
      "site_address": "unknown site_id=null",
      "_meta": {
        "id": "41e1eb1f-ad92-11ef-b052-005056b7517e",
        "time": "2024-11-28T14:08:30.7270000Z",
        "assetIds": [
          "1b5edacf-03c0-0001-0000-000000000061",
          "1b5edb23-4c40-0001-0000-000000000075",
          "1b605601-12c0-0001-0000-000000000253"
        ],
        "site_alias": "unknown site_id=null",
        "site_name": "unknown site_id=null",
        "site_address": "unknown site_id=null",
        "site_is_deleted": true
      }
    },
    {
      "action": "detect",
      "agent_id": "e24b4795-36be-4043-b8f5-00a480c8428d",
      "asset_ids": [
        "1b5edacf-03c0-0001-0000-000000000061",
        "1b5edb23-4c40-0001-0000-000000000075",
        "1b605601-12c0-0001-0000-000000000253"
      ],
      "body": "{\"Event\":{\"xmlns\":\"http://schemas.microsoft.com/win/2004/08/events/event\",\"System\":{\"Provider\":{\"Name\":\"Microsoft-Windows-Sysmon\",\"Guid\":\"{5770385f-c22a-43e0-bf4c-06f5698ffbd9}\"},\"EventID\":\"3\",\"Version\":\"5\",\"Level\":\"4\",\"Task\":\"3\",\"Opcode\":\"0\",\"Keywords\":\"0x8000000000000000\",\"TimeCreated\":{\"SystemTime\":\"2024-11-28T14:09:48.0643573Z\"},\"EventRecordID\":\"2439704\",\"Execution\":{\"ProcessID\":\"3472\",\"ThreadID\":\"4980\"},\"Channel\":\"Microsoft-Windows-Sysmon/Operational\",\"Computer\":\"wperry.dev.it.stf\",\"Security\":{\"UserID\":\"S-1-5-18\"}},\"EventData\":{\"Data\":[{\"Name\":\"RuleName\",\"text\":\"-\"},{\"Name\":\"UtcTime\",\"text\":\"2024-11-28 14:09:32.742\"},{\"Name\":\"ProcessGuid\",\"text\":\"{8cbafd4f-7799-6748-c51c-010000003000}\"},{\"Name\":\"ProcessId\",\"text\":\"1744\"},{\"Name\":\"Image\",\"text\":\"C:\\\\Users\\\\Public\\\\wp.exe\"},{\"Name\":\"User\",\"text\":\"NT AUTHORITY\\\\SYSTEM\"},{\"Name\":\"Protocol\",\"text\":\"tcp\"},{\"Name\":\"Initiated\",\"text\":\"true\"},{\"Name\":\"SourceIsIpv6\",\"text\":\"false\"},{\"Name\":\"SourceIp\",\"text\":\"10.156.92.66\"},{\"Name\":\"SourceHostname\",\"text\":\"wperry.dev.it.stf\"},{\"Name\":\"SourcePort\",\"text\":\"53912\"},{\"Name\":\"SourcePortName\",\"text\":\"-\"},{\"Name\":\"DestinationIsIpv6\",\"text\":\"false\"},{\"Name\":\"DestinationIp\",\"text\":\"3.5.140.3\"},{\"Name\":\"DestinationHostname\",\"text\":\"-\"},{\"Name\":\"DestinationPort\",\"text\":\"8888\"},{\"Name\":\"DestinationPortName\",\"text\":\"-\"}]}}}",
      "category.generic": "Connection",
      "category.high": "Network Interaction Management",
      "category.low": "State",
      "direction": "egress",
      "dst.asset": "1b605601-12c0-0001-0000-000000000253",
      "dst.host": "3.5.140.3",
      "dst.ip": "3.5.140.3",
      "dst.port": 8888,
      "event_src.asset": "1b5edacf-03c0-0001-0000-000000000061",
      "event_src.category": "Other",
      "event_src.fqdn": "wperry.dev.it.stf",
      "event_src.host": "wperry.dev.it.stf",
      "event_src.hostname": "wperry",
      "event_src.id": "Microsoft-Windows-Sysmon",
      "event_src.ip": "10.156.92.66",
      "event_src.subsys": "microsoft-windows-sysmon/operational",
      "event_src.title": "sysmon",
      "event_src.vendor": "microsoft",
      "generator.type": "logcollector",
      "historical": false,
      "id": "PT_Microsoft_Windows_eventlog_Sysmon_3_Network_connection",
      "importance": "info",
      "incorrect_time": false,
      "input_id": "8420610f-4530-4e84-8708-f3f8c9c3791c",
      "job_id": "9dadc32a-e189-4a46-a14e-bcc376ace4f9",
      "mime": "application/x-pt-eventlog",
      "msgid": "3",
      "normalized": true,
      "object": "connection",
      "object.account.domain": "nt authority",
      "object.account.id": "S-1-5-18",
      "object.account.name": "system",
      "object.account.provider": "local",
      "object.account.session_id": "999",
      "object.process.fullpath": "c:\\users\\public\\wp.exe",
      "object.process.guid": "8cbafd4f-7799-6748-c51c-010000003000",
      "object.process.id": "1744",
      "object.process.name": "wp.exe",
      "object.process.path": "c:\\users\\public\\",
      "origin_app_id": "1a1438a4-f340-0001-0000-000000000004",
      "primary_siem_app_id": "1a1438a4-f340-0001-0000-000000000004",
      "protocol": "tcp",
      "recv_asset": "1b5edb23-4c40-0001-0000-000000000075",
      "recv_ipv4": "10.156.92.228",
      "remote": false,
      "scope_id": "00000000-0000-0000-0000-000000000005",
      "siem_id": "60fc3aec-dfa9-4956-a04c-838c263276f0",
      "src.asset": "1b5edacf-03c0-0001-0000-000000000061",
      "src.fqdn": "wperry.dev.it.stf",
      "src.host": "wperry.dev.it.stf",
      "src.hostname": "wperry",
      "src.ip": "10.156.92.66",
      "src.port": 53912,
      "status": "success",
      "subject": "rule",
      "subject.name": "-",
      "tag": "wineventlog",
      "task_id": "1b5ed942-b7c0-0001-0000-000000000338",
      "taxonomy_version": "27.0.223-release-27.0",
      "tenant_id": "6e484846-c7ac-40e7-b331-f530cb659820",
      "time": "2024-11-28T14:09:48.0640000Z",
      "uuid": "6f700f24-ad92-11ef-b052-005056b7517e",
      "text": "A tcp connection from host wperry.dev.it.stf to host 3.5.140.3 is opened on host wperry.dev.it.stf",
      "_checkpoint": 216175920990,
      "origin_app_alias": "MP-1",
      "primary_siem_app_alias": "MP-1",
      "siem_alias": "siem-server2.soc.stf",
      "site_alias": "unknown site_id=null",
      "site_name": "unknown site_id=null",
      "site_address": "unknown site_id=null",
      "_meta": {
        "id": "6f700f24-ad92-11ef-b052-005056b7517e",
        "time": "2024-11-28T14:09:48.0640000Z",
        "assetIds": [
          "1b5edacf-03c0-0001-0000-000000000061",
          "1b5edb23-4c40-0001-0000-000000000075",
          "1b605601-12c0-0001-0000-000000000253"
        ],
        "site_alias": "unknown site_id=null",
        "site_name": "unknown site_id=null",
        "site_address": "unknown site_id=null",
        "site_is_deleted": true
      }
    },
    {
      "action": "detect",
      "agent_id": "e24b4795-36be-4043-b8f5-00a480c8428d",
      "asset_ids": [
        "1b5edacf-03c0-0001-0000-000000000061",
        "1b5edb23-4c40-0001-0000-000000000075",
        "1b605601-12c0-0001-0000-000000000253"
      ],
      "body": "{\"Event\":{\"xmlns\":\"http://schemas.microsoft.com/win/2004/08/events/event\",\"System\":{\"Provider\":{\"Name\":\"Microsoft-Windows-Sysmon\",\"Guid\":\"{5770385f-c22a-43e0-bf4c-06f5698ffbd9}\"},\"EventID\":\"3\",\"Version\":\"5\",\"Level\":\"4\",\"Task\":\"3\",\"Opcode\":\"0\",\"Keywords\":\"0x8000000000000000\",\"TimeCreated\":{\"SystemTime\":\"2024-11-28T14:11:06.4890599Z\"},\"EventRecordID\":\"2440223\",\"Execution\":{\"ProcessID\":\"3472\",\"ThreadID\":\"4980\"},\"Channel\":\"Microsoft-Windows-Sysmon/Operational\",\"Computer\":\"wperry.dev.it.stf\",\"Security\":{\"UserID\":\"S-1-5-18\"}},\"EventData\":{\"Data\":[{\"Name\":\"RuleName\",\"text\":\"-\"},{\"Name\":\"UtcTime\",\"text\":\"2024-11-28 14:10:50.132\"},{\"Name\":\"ProcessGuid\",\"text\":\"{8cbafd4f-7799-6748-c51c-010000003000}\"},{\"Name\":\"ProcessId\",\"text\":\"1744\"},{\"Name\":\"Image\",\"text\":\"C:\\\\Users\\\\Public\\\\wp.exe\"},{\"Name\":\"User\",\"text\":\"NT AUTHORITY\\\\SYSTEM\"},{\"Name\":\"Protocol\",\"text\":\"tcp\"},{\"Name\":\"Initiated\",\"text\":\"true\"},{\"Name\":\"SourceIsIpv6\",\"text\":\"false\"},{\"Name\":\"SourceIp\",\"text\":\"10.156.92.66\"},{\"Name\":\"SourceHostname\",\"text\":\"wperry.dev.it.stf\"},{\"Name\":\"SourcePort\",\"text\":\"53933\"},{\"Name\":\"SourcePortName\",\"text\":\"-\"},{\"Name\":\"DestinationIsIpv6\",\"text\":\"false\"},{\"Name\":\"DestinationIp\",\"text\":\"3.5.140.3\"},{\"Name\":\"DestinationHostname\",\"text\":\"-\"},{\"Name\":\"DestinationPort\",\"text\":\"8888\"},{\"Name\":\"DestinationPortName\",\"text\":\"-\"}]}}}",
      "category.generic": "Connection",
      "category.high": "Network Interaction Management",
      "category.low": "State",
      "direction": "egress",
      "dst.asset": "1b605601-12c0-0001-0000-000000000253",
      "dst.host": "3.5.140.3",
      "dst.ip": "3.5.140.3",
      "dst.port": 8888,
      "event_src.asset": "1b5edacf-03c0-0001-0000-000000000061",
      "event_src.category": "Other",
      "event_src.fqdn": "wperry.dev.it.stf",
      "event_src.host": "wperry.dev.it.stf",
      "event_src.hostname": "wperry",
      "event_src.id": "Microsoft-Windows-Sysmon",
      "event_src.ip": "10.156.92.66",
      "event_src.subsys": "microsoft-windows-sysmon/operational",
      "event_src.title": "sysmon",
      "event_src.vendor": "microsoft",
      "generator.type": "logcollector",
      "historical": false,
      "id": "PT_Microsoft_Windows_eventlog_Sysmon_3_Network_connection",
      "importance": "info",
      "incorrect_time": false,
      "input_id": "8420610f-4530-4e84-8708-f3f8c9c3791c",
      "job_id": "9dadc32a-e189-4a46-a14e-bcc376ace4f9",
      "mime": "application/x-pt-eventlog",
      "msgid": "3",
      "normalized": true,
      "object": "connection",
      "object.account.domain": "nt authority",
      "object.account.id": "S-1-5-18",
      "object.account.name": "system",
      "object.account.provider": "local",
      "object.account.session_id": "999",
      "object.process.fullpath": "c:\\users\\public\\wp.exe",
      "object.process.guid": "8cbafd4f-7799-6748-c51c-010000003000",
      "object.process.id": "1744",
      "object.process.name": "wp.exe",
      "object.process.path": "c:\\users\\public\\",
      "origin_app_id": "1a1438a4-f340-0001-0000-000000000004",
      "primary_siem_app_id": "1a1438a4-f340-0001-0000-000000000004",
      "protocol": "tcp",
      "recv_asset": "1b5edb23-4c40-0001-0000-000000000075",
      "recv_ipv4": "10.156.92.228",
      "remote": false,
      "scope_id": "00000000-0000-0000-0000-000000000005",
      "siem_id": "60fc3aec-dfa9-4956-a04c-838c263276f0",
      "src.asset": "1b5edacf-03c0-0001-0000-000000000061",
      "src.fqdn": "wperry.dev.it.stf",
      "src.host": "wperry.dev.it.stf",
      "src.hostname": "wperry",
      "src.ip": "10.156.92.66",
      "src.port": 53933,
      "status": "success",
      "subject": "rule",
      "subject.name": "-",
      "tag": "wineventlog",
      "task_id": "1b5ed942-b7c0-0001-0000-000000000338",
      "taxonomy_version": "27.0.223-release-27.0",
      "tenant_id": "6e484846-c7ac-40e7-b331-f530cb659820",
      "time": "2024-11-28T14:11:06.4890000Z",
      "uuid": "ab2ae41d-ad92-11ef-b052-005056b7517e",
      "text": "A tcp connection from host wperry.dev.it.stf to host 3.5.140.3 is opened on host wperry.dev.it.stf",
      "_checkpoint": 216179072530,
      "origin_app_alias": "MP-1",
      "primary_siem_app_alias": "MP-1",
      "siem_alias": "siem-server2.soc.stf",
      "site_alias": "unknown site_id=null",
      "site_name": "unknown site_id=null",
      "site_address": "unknown site_id=null",
      "_meta": {
        "id": "ab2ae41d-ad92-11ef-b052-005056b7517e",
        "time": "2024-11-28T14:11:06.4890000Z",
        "assetIds": [
          "1b5edacf-03c0-0001-0000-000000000061",
          "1b5edb23-4c40-0001-0000-000000000075",
          "1b605601-12c0-0001-0000-000000000253"
        ],
        "site_alias": "unknown site_id=null",
        "site_name": "unknown site_id=null",
        "site_address": "unknown site_id=null",
        "site_is_deleted": true
      }
    },
    {
      "action": "detect",
      "agent_id": "e24b4795-36be-4043-b8f5-00a480c8428d",
      "asset_ids": [
        "1b5edacf-03c0-0001-0000-000000000061",
        "1b5edb23-4c40-0001-0000-000000000075",
        "1b605601-12c0-0001-0000-000000000253"
      ],
      "body": "{\"Event\":{\"xmlns\":\"http://schemas.microsoft.com/win/2004/08/events/event\",\"System\":{\"Provider\":{\"Name\":\"Microsoft-Windows-Sysmon\",\"Guid\":\"{5770385f-c22a-43e0-bf4c-06f5698ffbd9}\"},\"EventID\":\"3\",\"Version\":\"5\",\"Level\":\"4\",\"Task\":\"3\",\"Opcode\":\"0\",\"Keywords\":\"0x8000000000000000\",\"TimeCreated\":{\"SystemTime\":\"2024-11-28T14:12:28.2681752Z\"},\"EventRecordID\":\"2440337\",\"Execution\":{\"ProcessID\":\"3472\",\"ThreadID\":\"4980\"},\"Channel\":\"Microsoft-Windows-Sysmon/Operational\",\"Computer\":\"wperry.dev.it.stf\",\"Security\":{\"UserID\":\"S-1-5-18\"}},\"EventData\":{\"Data\":[{\"Name\":\"RuleName\",\"text\":\"-\"},{\"Name\":\"UtcTime\",\"text\":\"2024-11-28 14:12:12.315\"},{\"Name\":\"ProcessGuid\",\"text\":\"{8cbafd4f-7799-6748-c51c-010000003000}\"},{\"Name\":\"ProcessId\",\"text\":\"1744\"},{\"Name\":\"Image\",\"text\":\"C:\\\\Users\\\\Public\\\\wp.exe\"},{\"Name\":\"User\",\"text\":\"NT AUTHORITY\\\\SYSTEM\"},{\"Name\":\"Protocol\",\"text\":\"tcp\"},{\"Name\":\"Initiated\",\"text\":\"true\"},{\"Name\":\"SourceIsIpv6\",\"text\":\"false\"},{\"Name\":\"SourceIp\",\"text\":\"10.156.92.66\"},{\"Name\":\"SourceHostname\",\"text\":\"wperry.dev.it.stf\"},{\"Name\":\"SourcePort\",\"text\":\"53963\"},{\"Name\":\"SourcePortName\",\"text\":\"-\"},{\"Name\":\"DestinationIsIpv6\",\"text\":\"false\"},{\"Name\":\"DestinationIp\",\"text\":\"3.5.140.3\"},{\"Name\":\"DestinationHostname\",\"text\":\"-\"},{\"Name\":\"DestinationPort\",\"text\":\"8888\"},{\"Name\":\"DestinationPortName\",\"text\":\"-\"}]}}}",
      "category.generic": "Connection",
      "category.high": "Network Interaction Management",
      "category.low": "State",
      "direction": "egress",
      "dst.asset": "1b605601-12c0-0001-0000-000000000253",
      "dst.host": "3.5.140.3",
      "dst.ip": "3.5.140.3",
      "dst.port": 8888,
      "event_src.asset": "1b5edacf-03c0-0001-0000-000000000061",
      "event_src.category": "Other",
      "event_src.fqdn": "wperry.dev.it.stf",
      "event_src.host": "wperry.dev.it.stf",
      "event_src.hostname": "wperry",
      "event_src.id": "Microsoft-Windows-Sysmon",
      "event_src.ip": "10.156.92.66",
      "event_src.subsys": "microsoft-windows-sysmon/operational",
      "event_src.title": "sysmon",
      "event_src.vendor": "microsoft",
      "generator.type": "logcollector",
      "historical": false,
      "id": "PT_Microsoft_Windows_eventlog_Sysmon_3_Network_connection",
      "importance": "info",
      "incorrect_time": false,
      "input_id": "8420610f-4530-4e84-8708-f3f8c9c3791c",
      "job_id": "9dadc32a-e189-4a46-a14e-bcc376ace4f9",
      "mime": "application/x-pt-eventlog",
      "msgid": "3",
      "normalized": true,
      "object": "connection",
      "object.account.domain": "nt authority",
      "object.account.id": "S-1-5-18",
      "object.account.name": "system",
      "object.account.provider": "local",
      "object.account.session_id": "999",
      "object.process.fullpath": "c:\\users\\public\\wp.exe",
      "object.process.guid": "8cbafd4f-7799-6748-c51c-010000003000",
      "object.process.id": "1744",
      "object.process.name": "wp.exe",
      "object.process.path": "c:\\users\\public\\",
      "origin_app_id": "1a1438a4-f340-0001-0000-000000000004",
      "primary_siem_app_id": "1a1438a4-f340-0001-0000-000000000004",
      "protocol": "tcp",
      "recv_asset": "1b5edb23-4c40-0001-0000-000000000075",
      "recv_ipv4": "10.156.92.228",
      "remote": false,
      "scope_id": "00000000-0000-0000-0000-000000000005",
      "siem_id": "60fc3aec-dfa9-4956-a04c-838c263276f0",
      "src.asset": "1b5edacf-03c0-0001-0000-000000000061",
      "src.fqdn": "wperry.dev.it.stf",
      "src.host": "wperry.dev.it.stf",
      "src.hostname": "wperry",
      "src.ip": "10.156.92.66",
      "src.port": 53963,
      "status": "success",
      "subject": "rule",
      "subject.name": "-",
      "tag": "wineventlog",
      "task_id": "1b5ed942-b7c0-0001-0000-000000000338",
      "taxonomy_version": "27.0.223-release-27.0",
      "tenant_id": "6e484846-c7ac-40e7-b331-f530cb659820",
      "time": "2024-11-28T14:12:28.2680000Z",
      "uuid": "d2371380-ad92-11ef-b052-005056b7517e",
      "text": "A tcp connection from host wperry.dev.it.stf to host 3.5.140.3 is opened on host wperry.dev.it.stf",
      "_checkpoint": 216181136047,
      "origin_app_alias": "MP-1",
      "primary_siem_app_alias": "MP-1",
      "siem_alias": "siem-server2.soc.stf",
      "site_alias": "unknown site_id=null",
      "site_name": "unknown site_id=null",
      "site_address": "unknown site_id=null",
      "_meta": {
        "id": "d2371380-ad92-11ef-b052-005056b7517e",
        "time": "2024-11-28T14:12:28.2680000Z",
        "assetIds": [
          "1b5edacf-03c0-0001-0000-000000000061",
          "1b5edb23-4c40-0001-0000-000000000075",
          "1b605601-12c0-0001-0000-000000000253"
        ],
        "site_alias": "unknown site_id=null",
        "site_name": "unknown site_id=null",
        "site_address": "unknown site_id=null",
        "site_is_deleted": true
      }
    },
    {
      "action": "detect",
      "agent_id": "e24b4795-36be-4043-b8f5-00a480c8428d",
      "asset_ids": [
        "1b5edacf-03c0-0001-0000-000000000061",
        "1b5edb23-4c40-0001-0000-000000000075",
        "1b605601-12c0-0001-0000-000000000253"
      ],
      "body": "{\"Event\":{\"xmlns\":\"http://schemas.microsoft.com/win/2004/08/events/event\",\"System\":{\"Provider\":{\"Name\":\"Microsoft-Windows-Sysmon\",\"Guid\":\"{5770385f-c22a-43e0-bf4c-06f5698ffbd9}\"},\"EventID\":\"3\",\"Version\":\"5\",\"Level\":\"4\",\"Task\":\"3\",\"Opcode\":\"0\",\"Keywords\":\"0x8000000000000000\",\"TimeCreated\":{\"SystemTime\":\"2024-11-28T14:13:50.2459346Z\"},\"EventRecordID\":\"2440413\",\"Execution\":{\"ProcessID\":\"3472\",\"ThreadID\":\"4980\"},\"Channel\":\"Microsoft-Windows-Sysmon/Operational\",\"Computer\":\"wperry.dev.it.stf\",\"Security\":{\"UserID\":\"S-1-5-18\"}},\"EventData\":{\"Data\":[{\"Name\":\"RuleName\",\"text\":\"-\"},{\"Name\":\"UtcTime\",\"text\":\"2024-11-28 14:13:34.438\"},{\"Name\":\"ProcessGuid\",\"text\":\"{8cbafd4f-7799-6748-c51c-010000003000}\"},{\"Name\":\"ProcessId\",\"text\":\"1744\"},{\"Name\":\"Image\",\"text\":\"C:\\\\Users\\\\Public\\\\wp.exe\"},{\"Name\":\"User\",\"text\":\"NT AUTHORITY\\\\SYSTEM\"},{\"Name\":\"Protocol\",\"text\":\"tcp\"},{\"Name\":\"Initiated\",\"text\":\"true\"},{\"Name\":\"SourceIsIpv6\",\"text\":\"false\"},{\"Name\":\"SourceIp\",\"text\":\"10.156.92.66\"},{\"Name\":\"SourceHostname\",\"text\":\"wperry.dev.it.stf\"},{\"Name\":\"SourcePort\",\"text\":\"53989\"},{\"Name\":\"SourcePortName\",\"text\":\"-\"},{\"Name\":\"DestinationIsIpv6\",\"text\":\"false\"},{\"Name\":\"DestinationIp\",\"text\":\"3.5.140.3\"},{\"Name\":\"DestinationHostname\",\"text\":\"-\"},{\"Name\":\"DestinationPort\",\"text\":\"8888\"},{\"Name\":\"DestinationPortName\",\"text\":\"-\"}]}}}",
      "category.generic": "Connection",
      "category.high": "Network Interaction Management",
      "category.low": "State",
      "direction": "egress",
      "dst.asset": "1b605601-12c0-0001-0000-000000000253",
      "dst.host": "3.5.140.3",
      "dst.ip": "3.5.140.3",
      "dst.port": 8888,
      "event_src.asset": "1b5edacf-03c0-0001-0000-000000000061",
      "event_src.category": "Other",
      "event_src.fqdn": "wperry.dev.it.stf",
      "event_src.host": "wperry.dev.it.stf",
      "event_src.hostname": "wperry",
      "event_src.id": "Microsoft-Windows-Sysmon",
      "event_src.ip": "10.156.92.66",
      "event_src.subsys": "microsoft-windows-sysmon/operational",
      "event_src.title": "sysmon",
      "event_src.vendor": "microsoft",
      "generator.type": "logcollector",
      "historical": false,
      "id": "PT_Microsoft_Windows_eventlog_Sysmon_3_Network_connection",
      "importance": "info",
      "incorrect_time": false,
      "input_id": "8420610f-4530-4e84-8708-f3f8c9c3791c",
      "job_id": "9dadc32a-e189-4a46-a14e-bcc376ace4f9",
      "mime": "application/x-pt-eventlog",
      "msgid": "3",
      "normalized": true,
      "object": "connection",
      "object.account.domain": "nt authority",
      "object.account.id": "S-1-5-18",
      "object.account.name": "system",
      "object.account.provider": "local",
      "object.account.session_id": "999",
      "object.process.fullpath": "c:\\users\\public\\wp.exe",
      "object.process.guid": "8cbafd4f-7799-6748-c51c-010000003000",
      "object.process.id": "1744",
      "object.process.name": "wp.exe",
      "object.process.path": "c:\\users\\public\\",
      "origin_app_id": "1a1438a4-f340-0001-0000-000000000004",
      "primary_siem_app_id": "1a1438a4-f340-0001-0000-000000000004",
      "protocol": "tcp",
      "recv_asset": "1b5edb23-4c40-0001-0000-000000000075",
      "recv_ipv4": "10.156.92.228",
      "remote": false,
      "scope_id": "00000000-0000-0000-0000-000000000005",
      "siem_id": "60fc3aec-dfa9-4956-a04c-838c263276f0",
      "src.asset": "1b5edacf-03c0-0001-0000-000000000061",
      "src.fqdn": "wperry.dev.it.stf",
      "src.host": "wperry.dev.it.stf",
      "src.hostname": "wperry",
      "src.ip": "10.156.92.66",
      "src.port": 53989,
      "status": "success",
      "subject": "rule",
      "subject.name": "-",
      "tag": "wineventlog",
      "task_id": "1b5ed942-b7c0-0001-0000-000000000338",
      "taxonomy_version": "27.0.223-release-27.0",
      "tenant_id": "6e484846-c7ac-40e7-b331-f530cb659820",
      "time": "2024-11-28T14:13:50.2450000Z",
      "uuid": "0b8d6bcf-ad93-11ef-b052-005056b7517e",
      "text": "A tcp connection from host wperry.dev.it.stf to host 3.5.140.3 is opened on host wperry.dev.it.stf",
      "_checkpoint": 216184208452,
      "origin_app_alias": "MP-1",
      "primary_siem_app_alias": "MP-1",
      "siem_alias": "siem-server2.soc.stf",
      "site_alias": "unknown site_id=null",
      "site_name": "unknown site_id=null",
      "site_address": "unknown site_id=null",
      "_meta": {
        "id": "0b8d6bcf-ad93-11ef-b052-005056b7517e",
        "time": "2024-11-28T14:13:50.2450000Z",
        "assetIds": [
          "1b5edacf-03c0-0001-0000-000000000061",
          "1b5edb23-4c40-0001-0000-000000000075",
          "1b605601-12c0-0001-0000-000000000253"
        ],
        "site_alias": "unknown site_id=null",
        "site_name": "unknown site_id=null",
        "site_address": "unknown site_id=null",
        "site_is_deleted": true
      }
    },
    {
      "action": "detect",
      "agent_id": "e24b4795-36be-4043-b8f5-00a480c8428d",
      "asset_ids": [
        "1b5edacf-03c0-0001-0000-000000000061",
        "1b5edb23-4c40-0001-0000-000000000075",
        "1b605601-12c0-0001-0000-000000000253"
      ],
      "body": "{\"Event\":{\"xmlns\":\"http://schemas.microsoft.com/win/2004/08/events/event\",\"System\":{\"Provider\":{\"Name\":\"Microsoft-Windows-Sysmon\",\"Guid\":\"{5770385f-c22a-43e0-bf4c-06f5698ffbd9}\"},\"EventID\":\"3\",\"Version\":\"5\",\"Level\":\"4\",\"Task\":\"3\",\"Opcode\":\"0\",\"Keywords\":\"0x8000000000000000\",\"TimeCreated\":{\"SystemTime\":\"2024-11-28T14:15:08.0379497Z\"},\"EventRecordID\":\"2440509\",\"Execution\":{\"ProcessID\":\"3472\",\"ThreadID\":\"4980\"},\"Channel\":\"Microsoft-Windows-Sysmon/Operational\",\"Computer\":\"wperry.dev.it.stf\",\"Security\":{\"UserID\":\"S-1-5-18\"}},\"EventData\":{\"Data\":[{\"Name\":\"RuleName\",\"text\":\"-\"},{\"Name\":\"UtcTime\",\"text\":\"2024-11-28 14:14:52.365\"},{\"Name\":\"ProcessGuid\",\"text\":\"{8cbafd4f-7799-6748-c51c-010000003000}\"},{\"Name\":\"ProcessId\",\"text\":\"1744\"},{\"Name\":\"Image\",\"text\":\"C:\\\\Users\\\\Public\\\\wp.exe\"},{\"Name\":\"User\",\"text\":\"NT AUTHORITY\\\\SYSTEM\"},{\"Name\":\"Protocol\",\"text\":\"tcp\"},{\"Name\":\"Initiated\",\"text\":\"true\"},{\"Name\":\"SourceIsIpv6\",\"text\":\"false\"},{\"Name\":\"SourceIp\",\"text\":\"10.156.92.66\"},{\"Name\":\"SourceHostname\",\"text\":\"wperry.dev.it.stf\"},{\"Name\":\"SourcePort\",\"text\":\"54015\"},{\"Name\":\"SourcePortName\",\"text\":\"-\"},{\"Name\":\"DestinationIsIpv6\",\"text\":\"false\"},{\"Name\":\"DestinationIp\",\"text\":\"3.5.140.3\"},{\"Name\":\"DestinationHostname\",\"text\":\"-\"},{\"Name\":\"DestinationPort\",\"text\":\"8888\"},{\"Name\":\"DestinationPortName\",\"text\":\"-\"}]}}}",
      "category.generic": "Connection",
      "category.high": "Network Interaction Management",
      "category.low": "State",
      "direction": "egress",
      "dst.asset": "1b605601-12c0-0001-0000-000000000253",
      "dst.host": "3.5.140.3",
      "dst.ip": "3.5.140.3",
      "dst.port": 8888,
      "event_src.asset": "1b5edacf-03c0-0001-0000-000000000061",
      "event_src.category": "Other",
      "event_src.fqdn": "wperry.dev.it.stf",
      "event_src.host": "wperry.dev.it.stf",
      "event_src.hostname": "wperry",
      "event_src.id": "Microsoft-Windows-Sysmon",
      "event_src.ip": "10.156.92.66",
      "event_src.subsys": "microsoft-windows-sysmon/operational",
      "event_src.title": "sysmon",
      "event_src.vendor": "microsoft",
      "generator.type": "logcollector",
      "historical": false,
      "id": "PT_Microsoft_Windows_eventlog_Sysmon_3_Network_connection",
      "importance": "info",
      "incorrect_time": false,
      "input_id": "8420610f-4530-4e84-8708-f3f8c9c3791c",
      "job_id": "9dadc32a-e189-4a46-a14e-bcc376ace4f9",
      "mime": "application/x-pt-eventlog",
      "msgid": "3",
      "normalized": true,
      "object": "connection",
      "object.account.domain": "nt authority",
      "object.account.id": "S-1-5-18",
      "object.account.name": "system",
      "object.account.provider": "local",
      "object.account.session_id": "999",
      "object.process.fullpath": "c:\\users\\public\\wp.exe",
      "object.process.guid": "8cbafd4f-7799-6748-c51c-010000003000",
      "object.process.id": "1744",
      "object.process.name": "wp.exe",
      "object.process.path": "c:\\users\\public\\",
      "origin_app_id": "1a1438a4-f340-0001-0000-000000000004",
      "primary_siem_app_id": "1a1438a4-f340-0001-0000-000000000004",
      "protocol": "tcp",
      "recv_asset": "1b5edb23-4c40-0001-0000-000000000075",
      "recv_ipv4": "10.156.92.228",
      "remote": false,
      "scope_id": "00000000-0000-0000-0000-000000000005",
      "siem_id": "60fc3aec-dfa9-4956-a04c-838c263276f0",
      "src.asset": "1b5edacf-03c0-0001-0000-000000000061",
      "src.fqdn": "wperry.dev.it.stf",
      "src.host": "wperry.dev.it.stf",
      "src.hostname": "wperry",
      "src.ip": "10.156.92.66",
      "src.port": 54015,
      "status": "success",
      "subject": "rule",
      "subject.name": "-",
      "tag": "wineventlog",
      "task_id": "1b5ed942-b7c0-0001-0000-000000000338",
      "taxonomy_version": "27.0.223-release-27.0",
      "tenant_id": "6e484846-c7ac-40e7-b331-f530cb659820",
      "time": "2024-11-28T14:15:08.0370000Z",
      "uuid": "2fdbdaf3-ad93-11ef-b052-005056b7517e",
      "text": "A tcp connection from host wperry.dev.it.stf to host 3.5.140.3 is opened on host wperry.dev.it.stf",
      "_checkpoint": 216186128141,
      "origin_app_alias": "MP-1",
      "primary_siem_app_alias": "MP-1",
      "siem_alias": "siem-server2.soc.stf",
      "site_alias": "unknown site_id=null",
      "site_name": "unknown site_id=null",
      "site_address": "unknown site_id=null",
      "_meta": {
        "id": "2fdbdaf3-ad93-11ef-b052-005056b7517e",
        "time": "2024-11-28T14:15:08.0370000Z",
        "assetIds": [
          "1b5edacf-03c0-0001-0000-000000000061",
          "1b5edb23-4c40-0001-0000-000000000075",
          "1b605601-12c0-0001-0000-000000000253"
        ],
        "site_alias": "unknown site_id=null",
        "site_name": "unknown site_id=null",
        "site_address": "unknown site_id=null",
        "site_is_deleted": true
      }
    },
    {
      "action": "detect",
      "agent_id": "e24b4795-36be-4043-b8f5-00a480c8428d",
      "asset_ids": [
        "1b5edacf-03c0-0001-0000-000000000061",
        "1b5edb23-4c40-0001-0000-000000000075",
        "1b605601-12c0-0001-0000-000000000253"
      ],
      "body": "{\"Event\":{\"xmlns\":\"http://schemas.microsoft.com/win/2004/08/events/event\",\"System\":{\"Provider\":{\"Name\":\"Microsoft-Windows-Sysmon\",\"Guid\":\"{5770385f-c22a-43e0-bf4c-06f5698ffbd9}\"},\"EventID\":\"3\",\"Version\":\"5\",\"Level\":\"4\",\"Task\":\"3\",\"Opcode\":\"0\",\"Keywords\":\"0x8000000000000000\",\"TimeCreated\":{\"SystemTime\":\"2024-11-28T14:16:11.9799583Z\"},\"EventRecordID\":\"2440569\",\"Execution\":{\"ProcessID\":\"3472\",\"ThreadID\":\"4980\"},\"Channel\":\"Microsoft-Windows-Sysmon/Operational\",\"Computer\":\"wperry.dev.it.stf\",\"Security\":{\"UserID\":\"S-1-5-18\"}},\"EventData\":{\"Data\":[{\"Name\":\"RuleName\",\"text\":\"-\"},{\"Name\":\"UtcTime\",\"text\":\"2024-11-28 14:15:56.785\"},{\"Name\":\"ProcessGuid\",\"text\":\"{8cbafd4f-7799-6748-c51c-010000003000}\"},{\"Name\":\"ProcessId\",\"text\":\"1744\"},{\"Name\":\"Image\",\"text\":\"C:\\\\Users\\\\Public\\\\wp.exe\"},{\"Name\":\"User\",\"text\":\"NT AUTHORITY\\\\SYSTEM\"},{\"Name\":\"Protocol\",\"text\":\"tcp\"},{\"Name\":\"Initiated\",\"text\":\"true\"},{\"Name\":\"SourceIsIpv6\",\"text\":\"false\"},{\"Name\":\"SourceIp\",\"text\":\"10.156.92.66\"},{\"Name\":\"SourceHostname\",\"text\":\"wperry.dev.it.stf\"},{\"Name\":\"SourcePort\",\"text\":\"54043\"},{\"Name\":\"SourcePortName\",\"text\":\"-\"},{\"Name\":\"DestinationIsIpv6\",\"text\":\"false\"},{\"Name\":\"DestinationIp\",\"text\":\"3.5.140.3\"},{\"Name\":\"DestinationHostname\",\"text\":\"-\"},{\"Name\":\"DestinationPort\",\"text\":\"8888\"},{\"Name\":\"DestinationPortName\",\"text\":\"-\"}]}}}",
      "category.generic": "Connection",
      "category.high": "Network Interaction Management",
      "category.low": "State",
      "direction": "egress",
      "dst.asset": "1b605601-12c0-0001-0000-000000000253",
      "dst.host": "3.5.140.3",
      "dst.ip": "3.5.140.3",
      "dst.port": 8888,
      "event_src.asset": "1b5edacf-03c0-0001-0000-000000000061",
      "event_src.category": "Other",
      "event_src.fqdn": "wperry.dev.it.stf",
      "event_src.host": "wperry.dev.it.stf",
      "event_src.hostname": "wperry",
      "event_src.id": "Microsoft-Windows-Sysmon",
      "event_src.ip": "10.156.92.66",
      "event_src.subsys": "microsoft-windows-sysmon/operational",
      "event_src.title": "sysmon",
      "event_src.vendor": "microsoft",
      "generator.type": "logcollector",
      "historical": false,
      "id": "PT_Microsoft_Windows_eventlog_Sysmon_3_Network_connection",
      "importance": "info",
      "incorrect_time": false,
      "input_id": "8420610f-4530-4e84-8708-f3f8c9c3791c",
      "job_id": "9dadc32a-e189-4a46-a14e-bcc376ace4f9",
      "mime": "application/x-pt-eventlog",
      "msgid": "3",
      "normalized": true,
      "object": "connection",
      "object.account.domain": "nt authority",
      "object.account.id": "S-1-5-18",
      "object.account.name": "system",
      "object.account.provider": "local",
      "object.account.session_id": "999",
      "object.process.fullpath": "c:\\users\\public\\wp.exe",
      "object.process.guid": "8cbafd4f-7799-6748-c51c-010000003000",
      "object.process.id": "1744",
      "object.process.name": "wp.exe",
      "object.process.path": "c:\\users\\public\\",
      "origin_app_id": "1a1438a4-f340-0001-0000-000000000004",
      "primary_siem_app_id": "1a1438a4-f340-0001-0000-000000000004",
      "protocol": "tcp",
      "recv_asset": "1b5edb23-4c40-0001-0000-000000000075",
      "recv_ipv4": "10.156.92.228",
      "remote": false,
      "scope_id": "00000000-0000-0000-0000-000000000005",
      "siem_id": "60fc3aec-dfa9-4956-a04c-838c263276f0",
      "src.asset": "1b5edacf-03c0-0001-0000-000000000061",
      "src.fqdn": "wperry.dev.it.stf",
      "src.host": "wperry.dev.it.stf",
      "src.hostname": "wperry",
      "src.ip": "10.156.92.66",
      "src.port": 54043,
      "status": "success",
      "subject": "rule",
      "subject.name": "-",
      "tag": "wineventlog",
      "task_id": "1b5ed942-b7c0-0001-0000-000000000338",
      "taxonomy_version": "27.0.223-release-27.0",
      "tenant_id": "6e484846-c7ac-40e7-b331-f530cb659820",
      "time": "2024-11-28T14:16:11.9790000Z",
      "uuid": "53ff904b-ad93-11ef-b052-005056b7517e",
      "text": "A tcp connection from host wperry.dev.it.stf to host 3.5.140.3 is opened on host wperry.dev.it.stf",
      "_checkpoint": 216188048955,
      "origin_app_alias": "MP-1",
      "primary_siem_app_alias": "MP-1",
      "siem_alias": "siem-server2.soc.stf",
      "site_alias": "unknown site_id=null",
      "site_name": "unknown site_id=null",
      "site_address": "unknown site_id=null",
      "_meta": {
        "id": "53ff904b-ad93-11ef-b052-005056b7517e",
        "time": "2024-11-28T14:16:11.9790000Z",
        "assetIds": [
          "1b5edacf-03c0-0001-0000-000000000061",
          "1b5edb23-4c40-0001-0000-000000000075",
          "1b605601-12c0-0001-0000-000000000253"
        ],
        "site_alias": "unknown site_id=null",
        "site_name": "unknown site_id=null",
        "site_address": "unknown site_id=null",
        "site_is_deleted": true
      }
    },
