    {
      "action": "detect",
      "agent_id": "e24b4795-36be-4043-b8f5-00a480c8428d",
      "asset_ids": [
        "1b5edacf-03c0-0001-0000-000000000061",
        "1b5edb23-4c40-0001-0000-000000000075",
        "1b605601-12c0-0001-0000-000000000253"
      ],
      "body": "{\"Event\":{\"xmlns\":\"http://schemas.microsoft.com/win/2004/08/events/event\",\"System\":{\"Provider\":{\"Name\":\"Microsoft-Windows-Sysmon\",\"Guid\":\"{5770385f-c22a-43e0-bf4c-06f5698ffbd9}\"},\"EventID\":\"3\",\"Version\":\"5\",\"Level\":\"4\",\"Task\":\"3\",\"Opcode\":\"0\",\"Keywords\":\"0x8000000000000000\",\"TimeCreated\":{\"SystemTime\":\"2024-11-28T14:37:52.3423535Z\"},\"EventRecordID\":\"2450585\",\"Execution\":{\"ProcessID\":\"3472\",\"ThreadID\":\"4980\"},\"Channel\":\"Microsoft-Windows-Sysmon/Operational\",\"Computer\":\"wperry.dev.it.stf\",\"Security\":{\"UserID\":\"S-1-5-18\"}},\"EventData\":{\"Data\":[{\"Name\":\"RuleName\",\"text\":\"-\"},{\"Name\":\"UtcTime\",\"text\":\"2024-11-28 14:37:33.310\"},{\"Name\":\"ProcessGuid\",\"text\":\"{8cbafd4f-7799-6748-c51c-010000003000}\"},{\"Name\":\"ProcessId\",\"text\":\"1744\"},{\"Name\":\"Image\",\"text\":\"C:\\\\Users\\\\Public\\\\wp.exe\"},{\"Name\":\"User\",\"text\":\"NT AUTHORITY\\\\SYSTEM\"},{\"Name\":\"Protocol\",\"text\":\"tcp\"},{\"Name\":\"Initiated\",\"text\":\"true\"},{\"Name\":\"SourceIsIpv6\",\"text\":\"false\"},{\"Name\":\"SourceIp\",\"text\":\"10.156.92.66\"},{\"Name\":\"SourceHostname\",\"text\":\"wperry.dev.it.stf\"},{\"Name\":\"SourcePort\",\"text\":\"60456\"},{\"Name\":\"SourcePortName\",\"text\":\"-\"},{\"Name\":\"DestinationIsIpv6\",\"text\":\"false\"},{\"Name\":\"DestinationIp\",\"text\":\"3.5.140.3\"},{\"Name\":\"DestinationHostname\",\"text\":\"-\"},{\"Name\":\"DestinationPort\",\"text\":\"8888\"},{\"Name\":\"DestinationPortName\",\"text\":\"-\"}]}}}",
      "category.generic": "Connection",
      "category.high": "Network Interaction Management",
      "category.low": "State",
      "direction": "egress",
      "dst.asset": "1b605601-12c0-0001-0000-000000000253",
      "dst.host": "3.5.140.3",
      "dst.ip": "3.5.140.3",
      "dst.port": 8888,
      "event_src.asset": "1b5edacf-03c0-0001-0000-000000000061",
      "event_src.category": "Other",
      "event_src.fqdn": "wperry.dev.it.stf",
      "event_src.host": "wperry.dev.it.stf",
      "event_src.hostname": "wperry",
      "event_src.id": "Microsoft-Windows-Sysmon",
      "event_src.ip": "10.156.92.66",
      "event_src.subsys": "microsoft-windows-sysmon/operational",
      "event_src.title": "sysmon",
      "event_src.vendor": "microsoft",
      "generator.type": "logcollector",
      "historical": false,
      "id": "PT_Microsoft_Windows_eventlog_Sysmon_3_Network_connection",
      "importance": "info",
      "incorrect_time": false,
      "input_id": "8420610f-4530-4e84-8708-f3f8c9c3791c",
      "job_id": "9dadc32a-e189-4a46-a14e-bcc376ace4f9",
      "mime": "application/x-pt-eventlog",
      "msgid": "3",
      "normalized": true,
      "object": "connection",
      "object.account.domain": "nt authority",
      "object.account.id": "S-1-5-18",
      "object.account.name": "system",
      "object.account.provider": "local",
      "object.account.session_id": "999",
      "object.process.fullpath": "c:\\users\\public\\wp.exe",
      "object.process.guid": "8cbafd4f-7799-6748-c51c-010000003000",
      "object.process.id": "1744",
      "object.process.name": "wp.exe",
      "object.process.path": "c:\\users\\public\\",
      "origin_app_id": "1a1438a4-f340-0001-0000-000000000004",
      "primary_siem_app_id": "1a1438a4-f340-0001-0000-000000000004",
      "protocol": "tcp",
      "recv_asset": "1b5edb23-4c40-0001-0000-000000000075",
      "recv_ipv4": "10.156.92.228",
      "remote": false,
      "scope_id": "00000000-0000-0000-0000-000000000005",
      "siem_id": "60fc3aec-dfa9-4956-a04c-838c263276f0",
      "src.asset": "1b5edacf-03c0-0001-0000-000000000061",
      "src.fqdn": "wperry.dev.it.stf",
      "src.host": "wperry.dev.it.stf",
      "src.hostname": "wperry",
      "src.ip": "10.156.92.66",
      "src.port": 60456,
      "status": "success",
      "subject": "rule",
      "subject.name": "-",
      "tag": "wineventlog",
      "task_id": "1b5ed942-b7c0-0001-0000-000000000338",
      "taxonomy_version": "27.0.223-release-27.0",
      "tenant_id": "6e484846-c7ac-40e7-b331-f530cb659820",
      "time": "2024-11-28T14:37:52.3420000Z",
      "uuid": "5a4c63b5-ad96-11ef-b052-005056b7517e",
      "text": "A tcp connection from host wperry.dev.it.stf to host 3.5.140.3 is opened on host wperry.dev.it.stf",
      "_checkpoint": 216229313543,
      "origin_app_alias": "MP-1",
      "primary_siem_app_alias": "MP-1",
      "siem_alias": "siem-server2.soc.stf",
      "site_alias": "unknown site_id=null",
      "site_name": "unknown site_id=null",
      "site_address": "unknown site_id=null",
      "_meta": {
        "id": "5a4c63b5-ad96-11ef-b052-005056b7517e",
        "time": "2024-11-28T14:37:52.3420000Z",
        "assetIds": [
          "1b5edacf-03c0-0001-0000-000000000061",
          "1b5edb23-4c40-0001-0000-000000000075",
          "1b605601-12c0-0001-0000-000000000253"
        ],
        "site_alias": "unknown site_id=null",
        "site_name": "unknown site_id=null",
        "site_address": "unknown site_id=null",
        "site_is_deleted": true
      }
    },
    {
      "action": "detect",
      "agent_id": "e24b4795-36be-4043-b8f5-00a480c8428d",
      "asset_ids": [
        "1b5edacf-03c0-0001-0000-000000000061",
        "1b5edb23-4c40-0001-0000-000000000075",
        "1b605601-12c0-0001-0000-000000000253"
      ],
      "body": "{\"Event\":{\"xmlns\":\"http://schemas.microsoft.com/win/2004/08/events/event\",\"System\":{\"Provider\":{\"Name\":\"Microsoft-Windows-Sysmon\",\"Guid\":\"{5770385f-c22a-43e0-bf4c-06f5698ffbd9}\"},\"EventID\":\"3\",\"Version\":\"5\",\"Level\":\"4\",\"Task\":\"3\",\"Opcode\":\"0\",\"Keywords\":\"0x8000000000000000\",\"TimeCreated\":{\"SystemTime\":\"2024-11-28T14:39:02.7354677Z\"},\"EventRecordID\":\"2450740\",\"Execution\":{\"ProcessID\":\"3472\",\"ThreadID\":\"4980\"},\"Channel\":\"Microsoft-Windows-Sysmon/Operational\",\"Computer\":\"wperry.dev.it.stf\",\"Security\":{\"UserID\":\"S-1-5-18\"}},\"EventData\":{\"Data\":[{\"Name\":\"RuleName\",\"text\":\"-\"},{\"Name\":\"UtcTime\",\"text\":\"2024-11-28 14:38:44.525\"},{\"Name\":\"ProcessGuid\",\"text\":\"{8cbafd4f-7799-6748-c51c-010000003000}\"},{\"Name\":\"ProcessId\",\"text\":\"1744\"},{\"Name\":\"Image\",\"text\":\"C:\\\\Users\\\\Public\\\\wp.exe\"},{\"Name\":\"User\",\"text\":\"NT AUTHORITY\\\\SYSTEM\"},{\"Name\":\"Protocol\",\"text\":\"tcp\"},{\"Name\":\"Initiated\",\"text\":\"true\"},{\"Name\":\"SourceIsIpv6\",\"text\":\"false\"},{\"Name\":\"SourceIp\",\"text\":\"10.156.92.66\"},{\"Name\":\"SourceHostname\",\"text\":\"wperry.dev.it.stf\"},{\"Name\":\"SourcePort\",\"text\":\"60491\"},{\"Name\":\"SourcePortName\",\"text\":\"-\"},{\"Name\":\"DestinationIsIpv6\",\"text\":\"false\"},{\"Name\":\"DestinationIp\",\"text\":\"3.5.140.3\"},{\"Name\":\"DestinationHostname\",\"text\":\"-\"},{\"Name\":\"DestinationPort\",\"text\":\"8888\"},{\"Name\":\"DestinationPortName\",\"text\":\"-\"}]}}}",
      "category.generic": "Connection",
      "category.high": "Network Interaction Management",
      "category.low": "State",
      "direction": "egress",
      "dst.asset": "1b605601-12c0-0001-0000-000000000253",
      "dst.host": "3.5.140.3",
      "dst.ip": "3.5.140.3",
      "dst.port": 8888,
      "event_src.asset": "1b5edacf-03c0-0001-0000-000000000061",
      "event_src.category": "Other",
      "event_src.fqdn": "wperry.dev.it.stf",
      "event_src.host": "wperry.dev.it.stf",
      "event_src.hostname": "wperry",
      "event_src.id": "Microsoft-Windows-Sysmon",
      "event_src.ip": "10.156.92.66",
      "event_src.subsys": "microsoft-windows-sysmon/operational",
      "event_src.title": "sysmon",
      "event_src.vendor": "microsoft",
      "generator.type": "logcollector",
      "historical": false,
      "id": "PT_Microsoft_Windows_eventlog_Sysmon_3_Network_connection",
      "importance": "info",
      "incorrect_time": false,
      "input_id": "8420610f-4530-4e84-8708-f3f8c9c3791c",
      "job_id": "9dadc32a-e189-4a46-a14e-bcc376ace4f9",
      "mime": "application/x-pt-eventlog",
      "msgid": "3",
      "normalized": true,
      "object": "connection",
      "object.account.domain": "nt authority",
      "object.account.id": "S-1-5-18",
      "object.account.name": "system",
      "object.account.provider": "local",
      "object.account.session_id": "999",
      "object.process.fullpath": "c:\\users\\public\\wp.exe",
      "object.process.guid": "8cbafd4f-7799-6748-c51c-010000003000",
      "object.process.id": "1744",
      "object.process.name": "wp.exe",
      "object.process.path": "c:\\users\\public\\",
      "origin_app_id": "1a1438a4-f340-0001-0000-000000000004",
      "primary_siem_app_id": "1a1438a4-f340-0001-0000-000000000004",
      "protocol": "tcp",
      "recv_asset": "1b5edb23-4c40-0001-0000-000000000075",
      "recv_ipv4": "10.156.92.228",
      "remote": false,
      "scope_id": "00000000-0000-0000-0000-000000000005",
      "siem_id": "60fc3aec-dfa9-4956-a04c-838c263276f0",
      "src.asset": "1b5edacf-03c0-0001-0000-000000000061",
      "src.fqdn": "wperry.dev.it.stf",
      "src.host": "wperry.dev.it.stf",
      "src.hostname": "wperry",
      "src.ip": "10.156.92.66",
      "src.port": 60491,
      "status": "success",
      "subject": "rule",
      "subject.name": "-",
      "tag": "wineventlog",
      "task_id": "1b5ed942-b7c0-0001-0000-000000000338",
      "taxonomy_version": "27.0.223-release-27.0",
      "tenant_id": "6e484846-c7ac-40e7-b331-f530cb659820",
      "time": "2024-11-28T14:39:02.7350000Z",
      "uuid": "94ff17bc-ad96-11ef-b052-005056b7517e",
      "text": "A tcp connection from host wperry.dev.it.stf to host 3.5.140.3 is opened on host wperry.dev.it.stf",
      "_checkpoint": 216232496254,
      "origin_app_alias": "MP-1",
      "primary_siem_app_alias": "MP-1",
      "siem_alias": "siem-server2.soc.stf",
      "site_alias": "unknown site_id=null",
      "site_name": "unknown site_id=null",
      "site_address": "unknown site_id=null",
      "_meta": {
        "id": "94ff17bc-ad96-11ef-b052-005056b7517e",
        "time": "2024-11-28T14:39:02.7350000Z",
        "assetIds": [
          "1b5edacf-03c0-0001-0000-000000000061",
          "1b5edb23-4c40-0001-0000-000000000075",
          "1b605601-12c0-0001-0000-000000000253"
        ],
        "site_alias": "unknown site_id=null",
        "site_name": "unknown site_id=null",
        "site_address": "unknown site_id=null",
        "site_is_deleted": true
      }
    },
    {
      "action": "detect",
      "agent_id": "e24b4795-36be-4043-b8f5-00a480c8428d",
      "asset_ids": [
        "1b5edacf-03c0-0001-0000-000000000061",
        "1b5edb23-4c40-0001-0000-000000000075",
        "1b605601-12c0-0001-0000-000000000253"
      ],
      "body": "{\"Event\":{\"xmlns\":\"http://schemas.microsoft.com/win/2004/08/events/event\",\"System\":{\"Provider\":{\"Name\":\"Microsoft-Windows-Sysmon\",\"Guid\":\"{5770385f-c22a-43e0-bf4c-06f5698ffbd9}\"},\"EventID\":\"3\",\"Version\":\"5\",\"Level\":\"4\",\"Task\":\"3\",\"Opcode\":\"0\",\"Keywords\":\"0x8000000000000000\",\"TimeCreated\":{\"SystemTime\":\"2024-11-28T14:40:05.5183495Z\"},\"EventRecordID\":\"2451296\",\"Execution\":{\"ProcessID\":\"3472\",\"ThreadID\":\"4980\"},\"Channel\":\"Microsoft-Windows-Sysmon/Operational\",\"Computer\":\"wperry.dev.it.stf\",\"Security\":{\"UserID\":\"S-1-5-18\"}},\"EventData\":{\"Data\":[{\"Name\":\"RuleName\",\"text\":\"-\"},{\"Name\":\"UtcTime\",\"text\":\"2024-11-28 14:39:47.148\"},{\"Name\":\"ProcessGuid\",\"text\":\"{8cbafd4f-7799-6748-c51c-010000003000}\"},{\"Name\":\"ProcessId\",\"text\":\"1744\"},{\"Name\":\"Image\",\"text\":\"C:\\\\Users\\\\Public\\\\wp.exe\"},{\"Name\":\"User\",\"text\":\"NT AUTHORITY\\\\SYSTEM\"},{\"Name\":\"Protocol\",\"text\":\"tcp\"},{\"Name\":\"Initiated\",\"text\":\"true\"},{\"Name\":\"SourceIsIpv6\",\"text\":\"false\"},{\"Name\":\"SourceIp\",\"text\":\"10.156.92.66\"},{\"Name\":\"SourceHostname\",\"text\":\"wperry.dev.it.stf\"},{\"Name\":\"SourcePort\",\"text\":\"60565\"},{\"Name\":\"SourcePortName\",\"text\":\"-\"},{\"Name\":\"DestinationIsIpv6\",\"text\":\"false\"},{\"Name\":\"DestinationIp\",\"text\":\"3.5.140.3\"},{\"Name\":\"DestinationHostname\",\"text\":\"-\"},{\"Name\":\"DestinationPort\",\"text\":\"8888\"},{\"Name\":\"DestinationPortName\",\"text\":\"-\"}]}}}",
      "category.generic": "Connection",
      "category.high": "Network Interaction Management",
      "category.low": "State",
      "direction": "egress",
      "dst.asset": "1b605601-12c0-0001-0000-000000000253",
      "dst.host": "3.5.140.3",
      "dst.ip": "3.5.140.3",
      "dst.port": 8888,
      "event_src.asset": "1b5edacf-03c0-0001-0000-000000000061",
      "event_src.category": "Other",
      "event_src.fqdn": "wperry.dev.it.stf",
      "event_src.host": "wperry.dev.it.stf",
      "event_src.hostname": "wperry",
      "event_src.id": "Microsoft-Windows-Sysmon",
      "event_src.ip": "10.156.92.66",
      "event_src.subsys": "microsoft-windows-sysmon/operational",
      "event_src.title": "sysmon",
      "event_src.vendor": "microsoft",
      "generator.type": "logcollector",
      "historical": false,
      "id": "PT_Microsoft_Windows_eventlog_Sysmon_3_Network_connection",
      "importance": "info",
      "incorrect_time": false,
      "input_id": "8420610f-4530-4e84-8708-f3f8c9c3791c",
      "job_id": "9dadc32a-e189-4a46-a14e-bcc376ace4f9",
      "mime": "application/x-pt-eventlog",
      "msgid": "3",
      "normalized": true,
      "object": "connection",
      "object.account.domain": "nt authority",
      "object.account.id": "S-1-5-18",
      "object.account.name": "system",
      "object.account.provider": "local",
      "object.account.session_id": "999",
      "object.process.fullpath": "c:\\users\\public\\wp.exe",
      "object.process.guid": "8cbafd4f-7799-6748-c51c-010000003000",
      "object.process.id": "1744",
      "object.process.name": "wp.exe",
      "object.process.path": "c:\\users\\public\\",
      "origin_app_id": "1a1438a4-f340-0001-0000-000000000004",
      "primary_siem_app_id": "1a1438a4-f340-0001-0000-000000000004",
      "protocol": "tcp",
      "recv_asset": "1b5edb23-4c40-0001-0000-000000000075",
      "recv_ipv4": "10.156.92.228",
      "remote": false,
      "scope_id": "00000000-0000-0000-0000-000000000005",
      "siem_id": "60fc3aec-dfa9-4956-a04c-838c263276f0",
      "src.asset": "1b5edacf-03c0-0001-0000-000000000061",
      "src.fqdn": "wperry.dev.it.stf",
      "src.host": "wperry.dev.it.stf",
      "src.hostname": "wperry",
      "src.ip": "10.156.92.66",
      "src.port": 60565,
      "status": "success",
      "subject": "rule",
      "subject.name": "-",
      "tag": "wineventlog",
      "task_id": "1b5ed942-b7c0-0001-0000-000000000338",
      "taxonomy_version": "27.0.223-release-27.0",
      "tenant_id": "6e484846-c7ac-40e7-b331-f530cb659820",
      "time": "2024-11-28T14:40:05.5180000Z",
      "uuid": "abbd3c76-ad96-11ef-b052-005056b7517e",
      "text": "A tcp connection from host wperry.dev.it.stf to host 3.5.140.3 is opened on host wperry.dev.it.stf",
      "_checkpoint": 216233776183,
      "origin_app_alias": "MP-1",
      "primary_siem_app_alias": "MP-1",
      "siem_alias": "siem-server2.soc.stf",
      "site_alias": "unknown site_id=null",
      "site_name": "unknown site_id=null",
      "site_address": "unknown site_id=null",
      "_meta": {
        "id": "abbd3c76-ad96-11ef-b052-005056b7517e",
        "time": "2024-11-28T14:40:05.5180000Z",
        "assetIds": [
          "1b5edacf-03c0-0001-0000-000000000061",
          "1b5edb23-4c40-0001-0000-000000000075",
          "1b605601-12c0-0001-0000-000000000253"
        ],
        "site_alias": "unknown site_id=null",
        "site_name": "unknown site_id=null",
        "site_address": "unknown site_id=null",
        "site_is_deleted": true
      }
    },
    {
      "action": "create",
      "agent_id": "e24b4795-36be-4043-b8f5-00a480c8428d",
      "asset_ids": [
        "1b5edacf-03c0-0001-0000-000000000061",
        "1b5edb23-4c40-0001-0000-000000000075"
      ],
      "body": "{\"Event\":{\"xmlns\":\"http://schemas.microsoft.com/win/2004/08/events/event\",\"System\":{\"Provider\":{\"Name\":\"Microsoft-Windows-Sysmon\",\"Guid\":\"{5770385f-c22a-43e0-bf4c-06f5698ffbd9}\"},\"EventID\":\"11\",\"Version\":\"2\",\"Level\":\"4\",\"Task\":\"11\",\"Opcode\":\"0\",\"Keywords\":\"0x8000000000000000\",\"TimeCreated\":{\"SystemTime\":\"2024-11-28T14:14:11.2003417Z\"},\"EventRecordID\":\"2440454\",\"Execution\":{\"ProcessID\":\"3472\",\"ThreadID\":\"5440\"},\"Channel\":\"Microsoft-Windows-Sysmon/Operational\",\"Computer\":\"wperry.dev.it.stf\",\"Security\":{\"UserID\":\"S-1-5-18\"}},\"EventData\":{\"Data\":[{\"Name\":\"RuleName\",\"text\":\"-\"},{\"Name\":\"UtcTime\",\"text\":\"2024-11-28 14:14:11.191\"},{\"Name\":\"ProcessGuid\",\"text\":\"{8cbafd4f-7ab3-6748-c920-010000003000}\"},{\"Name\":\"ProcessId\",\"text\":\"12768\"},{\"Name\":\"Image\",\"text\":\"C:\\\\WINDOWS\\\\system32\\\\WerFault.exe\"},{\"Name\":\"TargetFilename\",\"text\":\"C:\\\\ProgramData\\\\Microsoft\\\\Windows\\\\WER\\\\Temp\\\\WER3716.tmp.dmp\"},{\"Name\":\"CreationUtcTime\",\"text\":\"2024-11-28 14:14:11.191\"},{\"Name\":\"User\",\"text\":\"NT AUTHORITY\\\\SYSTEM\"}]}}}",
      "category.generic": "File System Object",
      "category.high": "System Management",
      "category.low": "Manipulation",
      "event_src.asset": "1b5edacf-03c0-0001-0000-000000000061",
      "event_src.category": "Other",
      "event_src.fqdn": "wperry.dev.it.stf",
      "event_src.host": "wperry.dev.it.stf",
      "event_src.hostname": "wperry",
      "event_src.id": "Microsoft-Windows-Sysmon",
      "event_src.subsys": "microsoft-windows-sysmon/operational",
      "event_src.title": "sysmon",
      "event_src.vendor": "microsoft",
      "generator.type": "logcollector",
      "historical": false,
      "id": "PT_Microsoft_Windows_eventlog_Sysmon_11_File_create",
      "importance": "info",
      "incorrect_time": false,
      "input_id": "8420610f-4530-4e84-8708-f3f8c9c3791c",
      "job_id": "9dadc32a-e189-4a46-a14e-bcc376ace4f9",
      "mime": "application/x-pt-eventlog",
      "msgid": "11",
      "normalized": true,
      "object": "file_object",
      "object.fullpath": "c:\\programdata\\microsoft\\windows\\wer\\temp\\wer3716.tmp.dmp",
      "object.name": "wer3716.tmp.dmp",
      "object.path": "c:\\programdata\\microsoft\\windows\\wer\\temp\\",
      "object.property": "creation time",
      "object.value": "2024-11-28T14:14:11.1910000Z",
      "origin_app_id": "1a1438a4-f340-0001-0000-000000000004",
      "primary_siem_app_id": "1a1438a4-f340-0001-0000-000000000004",
      "recv_asset": "1b5edb23-4c40-0001-0000-000000000075",
      "recv_ipv4": "10.156.92.228",
      "remote": false,
      "scope_id": "00000000-0000-0000-0000-000000000005",
      "siem_id": "60fc3aec-dfa9-4956-a04c-838c263276f0",
      "status": "success",
      "subject": "process",
      "subject.account.domain": "nt authority",
      "subject.account.id": "S-1-5-18",
      "subject.account.name": "system",
      "subject.account.provider": "local",
      "subject.account.session_id": "999",
      "subject.process.fullpath": "c:\\windows\\system32\\werfault.exe",
      "subject.process.guid": "8cbafd4f-7ab3-6748-c920-010000003000",
      "subject.process.id": "12768",
      "subject.process.name": "werfault.exe",
      "subject.process.path": "c:\\windows\\system32\\",
      "tag": "wineventlog",
      "task_id": "1b5ed942-b7c0-0001-0000-000000000338",
      "taxonomy_version": "27.0.223-release-27.0",
      "tenant_id": "6e484846-c7ac-40e7-b331-f530cb659820",
      "time": "2024-11-28T14:14:11.2000000Z",
      "uuid": "0b8d6bf8-ad93-11ef-b052-005056b7517e",
      "text": "The process werfault.exe created the file wer3716.tmp.dmp on host wperry.dev.it.stf",
      "_checkpoint": 216184208493,
      "origin_app_alias": "MP-1",
      "primary_siem_app_alias": "MP-1",
      "siem_alias": "siem-server2.soc.stf",
      "site_alias": "unknown site_id=null",
      "site_name": "unknown site_id=null",
      "site_address": "unknown site_id=null",
      "_meta": {
        "id": "0b8d6bf8-ad93-11ef-b052-005056b7517e",
        "time": "2024-11-28T14:14:11.2000000Z",
        "assetIds": [
          "1b5edacf-03c0-0001-0000-000000000061",
          "1b5edb23-4c40-0001-0000-000000000075"
        ],
        "site_alias": "unknown site_id=null",
        "site_name": "unknown site_id=null",
        "site_address": "unknown site_id=null",
        "site_is_deleted": true
      }
    },
    {
      "action": "create",
      "agent_id": "e24b4795-36be-4043-b8f5-00a480c8428d",
      "asset_ids": [
        "1b5edacf-03c0-0001-0000-000000000061",
        "1b5edb23-4c40-0001-0000-000000000075"
      ],
      "body": "{\"Event\":{\"xmlns\":\"http://schemas.microsoft.com/win/2004/08/events/event\",\"System\":{\"Provider\":{\"Name\":\"Microsoft-Windows-Sysmon\",\"Guid\":\"{5770385f-c22a-43e0-bf4c-06f5698ffbd9}\"},\"EventID\":\"11\",\"Version\":\"2\",\"Level\":\"4\",\"Task\":\"11\",\"Opcode\":\"0\",\"Keywords\":\"0x8000000000000000\",\"TimeCreated\":{\"SystemTime\":\"2024-11-28T14:14:13.0515902Z\"},\"EventRecordID\":\"2440460\",\"Execution\":{\"ProcessID\":\"3472\",\"ThreadID\":\"5440\"},\"Channel\":\"Microsoft-Windows-Sysmon/Operational\",\"Computer\":\"wperry.dev.it.stf\",\"Security\":{\"UserID\":\"S-1-5-18\"}},\"EventData\":{\"Data\":[{\"Name\":\"RuleName\",\"text\":\"-\"},{\"Name\":\"UtcTime\",\"text\":\"2024-11-28 14:14:13.035\"},{\"Name\":\"ProcessGuid\",\"text\":\"{8cbafd4f-7ab3-6748-c920-010000003000}\"},{\"Name\":\"ProcessId\",\"text\":\"12768\"},{\"Name\":\"Image\",\"text\":\"C:\\\\WINDOWS\\\\system32\\\\WerFault.exe\"},{\"Name\":\"TargetFilename\",\"text\":\"C:\\\\ProgramData\\\\Microsoft\\\\Windows\\\\WER\\\\ReportArchive\\\\AppCrash_msf.exe_39c25e464201538cc4b17d78aaa732b51c39487_1eedbbc2_402d7114-a360-4de7-964a-ec151ffefa55\\\\Report.wer\"},{\"Name\":\"CreationUtcTime\",\"text\":\"2024-11-28 14:14:13.035\"},{\"Name\":\"User\",\"text\":\"NT AUTHORITY\\\\SYSTEM\"}]}}}",
      "category.generic": "File System Object",
      "category.high": "System Management",
      "category.low": "Manipulation",
      "event_src.asset": "1b5edacf-03c0-0001-0000-000000000061",
      "event_src.category": "Other",
      "event_src.fqdn": "wperry.dev.it.stf",
      "event_src.host": "wperry.dev.it.stf",
      "event_src.hostname": "wperry",
      "event_src.id": "Microsoft-Windows-Sysmon",
      "event_src.subsys": "microsoft-windows-sysmon/operational",
      "event_src.title": "sysmon",
      "event_src.vendor": "microsoft",
      "generator.type": "logcollector",
      "historical": false,
      "id": "PT_Microsoft_Windows_eventlog_Sysmon_11_File_create",
      "importance": "info",
      "incorrect_time": false,
      "input_id": "8420610f-4530-4e84-8708-f3f8c9c3791c",
      "job_id": "9dadc32a-e189-4a46-a14e-bcc376ace4f9",
      "mime": "application/x-pt-eventlog",
      "msgid": "11",
      "normalized": true,
      "object": "file_object",
      "object.fullpath": "c:\\programdata\\microsoft\\windows\\wer\\reportarchive\\appcrash_msf.exe_39c25e464201538cc4b17d78aaa732b51c39487_1eedbbc2_402d7114-a360-4de7-964a-ec151ffefa55\\report.wer",
      "object.name": "report.wer",
      "object.path": "c:\\programdata\\microsoft\\windows\\wer\\reportarchive\\appcrash_msf.exe_39c25e464201538cc4b17d78aaa732b51c39487_1eedbbc2_402d7114-a360-4de7-964a-ec151ffefa55\\",
      "object.property": "creation time",
      "object.value": "2024-11-28T14:14:13.0350000Z",
      "origin_app_id": "1a1438a4-f340-0001-0000-000000000004",
      "primary_siem_app_id": "1a1438a4-f340-0001-0000-000000000004",
      "recv_asset": "1b5edb23-4c40-0001-0000-000000000075",
      "recv_ipv4": "10.156.92.228",
      "remote": false,
      "scope_id": "00000000-0000-0000-0000-000000000005",
      "siem_id": "60fc3aec-dfa9-4956-a04c-838c263276f0",
      "status": "success",
      "subject": "process",
      "subject.account.domain": "nt authority",
      "subject.account.id": "S-1-5-18",
      "subject.account.name": "system",
      "subject.account.provider": "local",
      "subject.account.session_id": "999",
      "subject.process.fullpath": "c:\\windows\\system32\\werfault.exe",
      "subject.process.guid": "8cbafd4f-7ab3-6748-c920-010000003000",
      "subject.process.id": "12768",
      "subject.process.name": "werfault.exe",
      "subject.process.path": "c:\\windows\\system32\\",
      "tag": "wineventlog",
      "task_id": "1b5ed942-b7c0-0001-0000-000000000338",
      "taxonomy_version": "27.0.223-release-27.0",
      "tenant_id": "6e484846-c7ac-40e7-b331-f530cb659820",
      "time": "2024-11-28T14:14:13.0510000Z",
      "uuid": "1d929c52-ad93-11ef-b052-005056b7517e",
      "text": "The process werfault.exe created the file report.wer on host wperry.dev.it.stf",
      "_checkpoint": 216185120163,
      "origin_app_alias": "MP-1",
      "primary_siem_app_alias": "MP-1",
      "siem_alias": "siem-server2.soc.stf",
      "site_alias": "unknown site_id=null",
      "site_name": "unknown site_id=null",
      "site_address": "unknown site_id=null",
      "_meta": {
        "id": "1d929c52-ad93-11ef-b052-005056b7517e",
        "time": "2024-11-28T14:14:13.0510000Z",
        "assetIds": [
          "1b5edacf-03c0-0001-0000-000000000061",
          "1b5edb23-4c40-0001-0000-000000000075"
        ],
        "site_alias": "unknown site_id=null",
        "site_name": "unknown site_id=null",
        "site_address": "unknown site_id=null",
        "site_is_deleted": true
      }
    },
    {
      "action": "start",
      "agent_id": "e24b4795-36be-4043-b8f5-00a480c8428d",
      "asset_ids": [
        "1b5edacf-03c0-0001-0000-000000000061",
        "1b5edb23-4c40-0001-0000-000000000075"
      ],
      "body": "{\"Event\":{\"xmlns\":\"http://schemas.microsoft.com/win/2004/08/events/event\",\"System\":{\"Provider\":{\"Name\":\"Microsoft-Windows-Sysmon\",\"Guid\":\"{5770385f-c22a-43e0-bf4c-06f5698ffbd9}\"},\"EventID\":\"7\",\"Version\":\"3\",\"Level\":\"4\",\"Task\":\"7\",\"Opcode\":\"0\",\"Keywords\":\"0x8000000000000000\",\"TimeCreated\":{\"SystemTime\":\"2024-11-28T14:13:50.0044749Z\"},\"EventRecordID\":\"2440412\",\"Execution\":{\"ProcessID\":\"3472\",\"ThreadID\":\"5444\"},\"Channel\":\"Microsoft-Windows-Sysmon/Operational\",\"Computer\":\"wperry.dev.it.stf\",\"Security\":{\"UserID\":\"S-1-5-18\"}},\"EventData\":{\"Data\":[{\"Name\":\"RuleName\",\"text\":\"All images\"},{\"Name\":\"UtcTime\",\"text\":\"2024-11-28 14:13:49.988\"},{\"Name\":\"ProcessGuid\",\"text\":\"{8cbafd4f-7a9d-6748-c420-010000003000}\"},{\"Name\":\"ProcessId\",\"text\":\"13916\"},{\"Name\":\"Image\",\"text\":\"C:\\\\Users\\\\Public\\\\msf.exe\"},{\"Name\":\"ImageLoaded\",\"text\":\"C:\\\\Users\\\\Public\\\\msf.exe\"},{\"Name\":\"FileVersion\",\"text\":\"-\"},{\"Name\":\"Description\",\"text\":\"-\"},{\"Name\":\"Product\",\"text\":\"-\"},{\"Name\":\"Company\",\"text\":\"-\"},{\"Name\":\"OriginalFileName\",\"text\":\"-\"},{\"Name\":\"Hashes\",\"text\":\"MD5=6B55E42A29FE9BE76AE480EA2CDBA1A6,SHA256=8EAF28FAAA988F1348532920E7F50A7F711BC70CD675DAFCCF10FE393BBFB66A,IMPHASH=B4C6FFF030479AA3B12625BE67BF4914\"},{\"Name\":\"Signed\",\"text\":\"false\"},{\"Name\":\"Signature\",\"text\":\"-\"},{\"Name\":\"SignatureStatus\",\"text\":\"Unavailable\"},{\"Name\":\"User\",\"text\":\"NT AUTHORITY\\\\SYSTEM\"}]}}}",
      "category.generic": "Executable Module",
      "category.high": "Availability Management",
      "category.low": "Control",
      "event_src.asset": "1b5edacf-03c0-0001-0000-000000000061",
      "event_src.category": "Other",
      "event_src.fqdn": "wperry.dev.it.stf",
      "event_src.host": "wperry.dev.it.stf",
      "event_src.hostname": "wperry",
      "event_src.id": "Microsoft-Windows-Sysmon",
      "event_src.rule": "All images",
      "event_src.subsys": "microsoft-windows-sysmon/operational",
      "event_src.title": "sysmon",
      "event_src.vendor": "microsoft",
      "generator.type": "logcollector",
      "historical": false,
      "id": "PT_Microsoft_Windows_eventlog_Sysmon_7_Image_loaded",
      "importance": "low",
      "incorrect_time": false,
      "input_id": "8420610f-4530-4e84-8708-f3f8c9c3791c",
      "job_id": "9dadc32a-e189-4a46-a14e-bcc376ace4f9",
      "mime": "application/x-pt-eventlog",
      "msgid": "7",
      "normalized": true,
      "object": "module",
      "object.process.fullpath": "c:\\users\\public\\msf.exe",
      "object.process.hash": "IMPHASH:B4C6FFF030479AA3B12625BE67BF4914 MD5:6B55E42A29FE9BE76AE480EA2CDBA1A6 SHA256:8EAF28FAAA988F1348532920E7F50A7F711BC70CD675DAFCCF10FE393BBFB66A",
      "object.process.hash.imphash": "B4C6FFF030479AA3B12625BE67BF4914",
      "object.process.hash.md5": "6B55E42A29FE9BE76AE480EA2CDBA1A6",
      "object.process.hash.sha256": "8EAF28FAAA988F1348532920E7F50A7F711BC70CD675DAFCCF10FE393BBFB66A",
      "object.process.meta": "Description:- | Product:- | Company:-",
      "object.process.name": "msf.exe",
      "object.process.path": "c:\\users\\public\\",
      "object.property": "signature status",
      "object.value": "not signed",
      "origin_app_id": "1a1438a4-f340-0001-0000-000000000004",
      "primary_siem_app_id": "1a1438a4-f340-0001-0000-000000000004",
      "recv_asset": "1b5edb23-4c40-0001-0000-000000000075",
      "recv_ipv4": "10.156.92.228",
      "remote": false,
      "scope_id": "00000000-0000-0000-0000-000000000005",
      "siem_id": "60fc3aec-dfa9-4956-a04c-838c263276f0",
      "status": "success",
      "subject": "process",
      "subject.account.domain": "nt authority",
      "subject.account.id": "S-1-5-18",
      "subject.account.name": "system",
      "subject.account.provider": "local",
      "subject.account.session_id": "999",
      "subject.process.fullpath": "c:\\users\\public\\msf.exe",
      "subject.process.guid": "8cbafd4f-7a9d-6748-c420-010000003000",
      "subject.process.id": "13916",
      "subject.process.name": "msf.exe",
      "subject.process.path": "c:\\users\\public\\",
      "tag": "wineventlog",
      "task_id": "1b5ed942-b7c0-0001-0000-000000000338",
      "taxonomy_version": "27.0.223-release-27.0",
      "tenant_id": "6e484846-c7ac-40e7-b331-f530cb659820",
      "time": "2024-11-28T14:13:50.0040000Z",
      "uuid": "0b8d6bce-ad93-11ef-b052-005056b7517e",
      "text": "The process msf.exe loaded the module msf.exe on host wperry.dev.it.stf",
      "_checkpoint": 216184208451,
      "origin_app_alias": "MP-1",
      "primary_siem_app_alias": "MP-1",
      "siem_alias": "siem-server2.soc.stf",
      "site_alias": "unknown site_id=null",
      "site_name": "unknown site_id=null",
      "site_address": "unknown site_id=null",
      "_meta": {
        "id": "0b8d6bce-ad93-11ef-b052-005056b7517e",
        "time": "2024-11-28T14:13:50.0040000Z",
        "assetIds": [
          "1b5edacf-03c0-0001-0000-000000000061",
          "1b5edb23-4c40-0001-0000-000000000075"
        ],
        "site_alias": "unknown site_id=null",
        "site_name": "unknown site_id=null",
        "site_address": "unknown site_id=null",
        "site_is_deleted": true
      }
    },
    {
      "action": "bind",
      "agent_id": "e24b4795-36be-4043-b8f5-00a480c8428d",
      "asset_ids": [
        "1b5edacf-03c0-0001-0000-000000000061",
        "1b5edb23-4c40-0001-0000-000000000075"
      ],
      "body": "{\"Event\":{\"xmlns\":\"http://schemas.microsoft.com/win/2004/08/events/event\",\"System\":{\"Provider\":{\"Name\":\"Microsoft-Windows-Sysmon\",\"Guid\":\"{5770385f-c22a-43e0-bf4c-06f5698ffbd9}\"},\"EventID\":\"18\",\"Version\":\"1\",\"Level\":\"4\",\"Task\":\"18\",\"Opcode\":\"0\",\"Keywords\":\"0x8000000000000000\",\"TimeCreated\":{\"SystemTime\":\"2024-11-28T14:13:52.1159525Z\"},\"EventRecordID\":\"2440414\",\"Execution\":{\"ProcessID\":\"3472\",\"ThreadID\":\"5440\"},\"Channel\":\"Microsoft-Windows-Sysmon/Operational\",\"Computer\":\"wperry.dev.it.stf\",\"Security\":{\"UserID\":\"S-1-5-18\"}},\"EventData\":{\"Data\":[{\"Name\":\"RuleName\",\"text\":\"-\"},{\"Name\":\"EventType\",\"text\":\"ConnectPipe\"},{\"Name\":\"UtcTime\",\"text\":\"2024-11-28 14:13:52.105\"},{\"Name\":\"ProcessGuid\",\"text\":\"{8cbafd4f-7a9d-6748-c420-010000003000}\"},{\"Name\":\"ProcessId\",\"text\":\"13916\"},{\"Name\":\"PipeName\",\"text\":\"\\\\wkssvc\"},{\"Name\":\"Image\",\"text\":\"C:\\\\users\\\\public\\\\msf.exe\"},{\"Name\":\"User\",\"text\":\"NT AUTHORITY\\\\SYSTEM\"}]}}}",
      "event_src.asset": "1b5edacf-03c0-0001-0000-000000000061",
      "event_src.category": "Other",
      "event_src.fqdn": "wperry.dev.it.stf",
      "event_src.host": "wperry.dev.it.stf",
      "event_src.hostname": "wperry",
      "event_src.id": "Microsoft-Windows-Sysmon",
      "event_src.subsys": "microsoft-windows-sysmon/operational",
      "event_src.title": "sysmon",
      "event_src.vendor": "microsoft",
      "generator.type": "logcollector",
      "historical": false,
      "id": "PT_Microsoft_Windows_eventlog_Sysmon_18_Pipe_connected",
      "importance": "info",
      "incorrect_time": false,
      "input_id": "8420610f-4530-4e84-8708-f3f8c9c3791c",
      "job_id": "9dadc32a-e189-4a46-a14e-bcc376ace4f9",
      "mime": "application/x-pt-eventlog",
      "msgid": "18",
      "normalized": true,
      "object": "resource",
      "object.name": "wkssvc",
      "object.type": "pipe",
      "origin_app_id": "1a1438a4-f340-0001-0000-000000000004",
      "primary_siem_app_id": "1a1438a4-f340-0001-0000-000000000004",
      "recv_asset": "1b5edb23-4c40-0001-0000-000000000075",
      "recv_ipv4": "10.156.92.228",
      "remote": false,
      "scope_id": "00000000-0000-0000-0000-000000000005",
      "siem_id": "60fc3aec-dfa9-4956-a04c-838c263276f0",
      "status": "success",
      "subject": "process",
      "subject.account.domain": "nt authority",
      "subject.account.id": "S-1-5-18",
      "subject.account.name": "system",
      "subject.account.provider": "local",
      "subject.account.session_id": "999",
      "subject.process.fullpath": "c:\\users\\public\\msf.exe",
      "subject.process.guid": "8cbafd4f-7a9d-6748-c420-010000003000",
      "subject.process.id": "13916",
      "subject.process.name": "msf.exe",
      "subject.process.path": "c:\\users\\public\\",
      "tag": "wineventlog",
      "task_id": "1b5ed942-b7c0-0001-0000-000000000338",
      "taxonomy_version": "27.0.223-release-27.0",
      "tenant_id": "6e484846-c7ac-40e7-b331-f530cb659820",
      "time": "2024-11-28T14:13:52.1150000Z",
      "uuid": "0b8d6bd0-ad93-11ef-b052-005056b7517e",
      "text": "A named pipe is connected on host wperry.dev.it.stf",
      "_checkpoint": 216184208453,
      "origin_app_alias": "MP-1",
      "primary_siem_app_alias": "MP-1",
      "siem_alias": "siem-server2.soc.stf",
      "site_alias": "unknown site_id=null",
      "site_name": "unknown site_id=null",
      "site_address": "unknown site_id=null",
      "_meta": {
        "id": "0b8d6bd0-ad93-11ef-b052-005056b7517e",
        "time": "2024-11-28T14:13:52.1150000Z",
        "assetIds": [
          "1b5edacf-03c0-0001-0000-000000000061",
          "1b5edb23-4c40-0001-0000-000000000075"
        ],
        "site_alias": "unknown site_id=null",
        "site_name": "unknown site_id=null",
        "site_address": "unknown site_id=null",
        "site_is_deleted": true
      }
    },
    {
      "action": "detect",
      "agent_id": "e24b4795-36be-4043-b8f5-00a480c8428d",
      "asset_ids": [
        "1b5edacf-03c0-0001-0000-000000000061",
        "1b5edb23-4c40-0001-0000-000000000075"
      ],
      "body": "{\"Event\":{\"xmlns\":\"http://schemas.microsoft.com/win/2004/08/events/event\",\"System\":{\"Provider\":{\"Name\":\"Microsoft-Windows-Sysmon\",\"Guid\":\"{5770385f-c22a-43e0-bf4c-06f5698ffbd9}\"},\"EventID\":\"3\",\"Version\":\"5\",\"Level\":\"4\",\"Task\":\"3\",\"Opcode\":\"0\",\"Keywords\":\"0x8000000000000000\",\"TimeCreated\":{\"SystemTime\":\"2024-11-28T14:13:52.8418494Z\"},\"EventRecordID\":\"2440415\",\"Execution\":{\"ProcessID\":\"3472\",\"ThreadID\":\"4980\"},\"Channel\":\"Microsoft-Windows-Sysmon/Operational\",\"Computer\":\"wperry.dev.it.stf\",\"Security\":{\"UserID\":\"S-1-5-18\"}},\"EventData\":{\"Data\":[{\"Name\":\"RuleName\",\"text\":\"-\"},{\"Name\":\"UtcTime\",\"text\":\"2024-11-28 14:13:35.985\"},{\"Name\":\"ProcessGuid\",\"text\":\"{8cbafd4f-7a9d-6748-c420-010000003000}\"},{\"Name\":\"ProcessId\",\"text\":\"13916\"},{\"Name\":\"Image\",\"text\":\"C:\\\\users\\\\public\\\\msf.exe\"},{\"Name\":\"User\",\"text\":\"NT AUTHORITY\\\\SYSTEM\"},{\"Name\":\"Protocol\",\"text\":\"tcp\"},{\"Name\":\"Initiated\",\"text\":\"true\"},{\"Name\":\"SourceIsIpv6\",\"text\":\"false\"},{\"Name\":\"SourceIp\",\"text\":\"10.156.92.66\"},{\"Name\":\"SourceHostname\",\"text\":\"wperry.dev.it.stf\"},{\"Name\":\"SourcePort\",\"text\":\"53991\"},{\"Name\":\"SourcePortName\",\"text\":\"-\"},{\"Name\":\"DestinationIsIpv6\",\"text\":\"false\"},{\"Name\":\"DestinationIp\",\"text\":\"3.5.140.10\"},{\"Name\":\"DestinationHostname\",\"text\":\"-\"},{\"Name\":\"DestinationPort\",\"text\":\"5555\"},{\"Name\":\"DestinationPortName\",\"text\":\"-\"}]}}}",
      "category.generic": "Connection",
      "category.high": "Network Interaction Management",
      "category.low": "State",
      "direction": "egress",
      "dst.host": "3.5.140.10",
      "dst.ip": "3.5.140.10",
      "dst.port": 5555,
      "event_src.asset": "1b5edacf-03c0-0001-0000-000000000061",
      "event_src.category": "Other",
      "event_src.fqdn": "wperry.dev.it.stf",
      "event_src.host": "wperry.dev.it.stf",
      "event_src.hostname": "wperry",
      "event_src.id": "Microsoft-Windows-Sysmon",
      "event_src.ip": "10.156.92.66",
      "event_src.subsys": "microsoft-windows-sysmon/operational",
      "event_src.title": "sysmon",
      "event_src.vendor": "microsoft",
      "generator.type": "logcollector",
      "historical": false,
      "id": "PT_Microsoft_Windows_eventlog_Sysmon_3_Network_connection",
      "importance": "info",
      "incorrect_time": false,
      "input_id": "8420610f-4530-4e84-8708-f3f8c9c3791c",
      "job_id": "9dadc32a-e189-4a46-a14e-bcc376ace4f9",
      "mime": "application/x-pt-eventlog",
      "msgid": "3",
      "normalized": true,
      "object": "connection",
      "object.account.domain": "nt authority",
      "object.account.id": "S-1-5-18",
      "object.account.name": "system",
      "object.account.provider": "local",
      "object.account.session_id": "999",
      "object.process.fullpath": "c:\\users\\public\\msf.exe",
      "object.process.guid": "8cbafd4f-7a9d-6748-c420-010000003000",
      "object.process.id": "13916",
      "object.process.name": "msf.exe",
      "object.process.path": "c:\\users\\public\\",
      "origin_app_id": "1a1438a4-f340-0001-0000-000000000004",
      "primary_siem_app_id": "1a1438a4-f340-0001-0000-000000000004",
      "protocol": "tcp",
      "recv_asset": "1b5edb23-4c40-0001-0000-000000000075",
      "recv_ipv4": "10.156.92.228",
      "remote": false,
      "scope_id": "00000000-0000-0000-0000-000000000005",
      "siem_id": "60fc3aec-dfa9-4956-a04c-838c263276f0",
      "src.asset": "1b5edacf-03c0-0001-0000-000000000061",
      "src.fqdn": "wperry.dev.it.stf",
      "src.host": "wperry.dev.it.stf",
      "src.hostname": "wperry",
      "src.ip": "10.156.92.66",
      "src.port": 53991,
      "status": "success",
      "subject": "rule",
      "subject.name": "-",
      "tag": "wineventlog",
      "task_id": "1b5ed942-b7c0-0001-0000-000000000338",
      "taxonomy_version": "27.0.223-release-27.0",
      "tenant_id": "6e484846-c7ac-40e7-b331-f530cb659820",
      "time": "2024-11-28T14:13:52.8410000Z",
      "uuid": "0b8d6bd1-ad93-11ef-b052-005056b7517e",
      "text": "A tcp connection from host wperry.dev.it.stf to host 3.5.140.10 is opened on host wperry.dev.it.stf",
      "_checkpoint": 216184208454,
      "origin_app_alias": "MP-1",
      "primary_siem_app_alias": "MP-1",
      "siem_alias": "siem-server2.soc.stf",
      "site_alias": "unknown site_id=null",
      "site_name": "unknown site_id=null",
      "site_address": "unknown site_id=null",
      "_meta": {
        "id": "0b8d6bd1-ad93-11ef-b052-005056b7517e",
        "time": "2024-11-28T14:13:52.8410000Z",
        "assetIds": [
          "1b5edacf-03c0-0001-0000-000000000061",
          "1b5edb23-4c40-0001-0000-000000000075"
        ],
        "site_alias": "unknown site_id=null",
        "site_name": "unknown site_id=null",
        "site_address": "unknown site_id=null",
        "site_is_deleted": true
      }
    },
    {
      "action": "access",
      "agent_id": "e24b4795-36be-4043-b8f5-00a480c8428d",
      "asset_ids": [
        "1b5edacf-03c0-0001-0000-000000000061",
        "1b5edb23-4c40-0001-0000-000000000075"
      ],
      "body": "{\"Event\":{\"xmlns\":\"http://schemas.microsoft.com/win/2004/08/events/event\",\"System\":{\"Provider\":{\"Name\":\"Microsoft-Windows-Sysmon\",\"Guid\":\"{5770385f-c22a-43e0-bf4c-06f5698ffbd9}\"},\"EventID\":\"10\",\"Version\":\"3\",\"Level\":\"4\",\"Task\":\"10\",\"Opcode\":\"0\",\"Keywords\":\"0x8000000000000000\",\"TimeCreated\":{\"SystemTime\":\"2024-11-28T14:14:10.9164018Z\"},\"EventRecordID\":\"2440450\",\"Execution\":{\"ProcessID\":\"3472\",\"ThreadID\":\"5440\"},\"Channel\":\"Microsoft-Windows-Sysmon/Operational\",\"Computer\":\"wperry.dev.it.stf\",\"Security\":{\"UserID\":\"S-1-5-18\"}},\"EventData\":{\"Data\":[{\"Name\":\"RuleName\",\"text\":\"-\"},{\"Name\":\"UtcTime\",\"text\":\"2024-11-28 14:14:10.910\"},{\"Name\":\"SourceProcessGUID\",\"text\":\"{8cbafd4f-7a9d-6748-c420-010000003000}\"},{\"Name\":\"SourceProcessId\",\"text\":\"13916\"},{\"Name\":\"SourceThreadId\",\"text\":\"11468\"},{\"Name\":\"SourceImage\",\"text\":\"C:\\\\users\\\\public\\\\msf.exe\"},{\"Name\":\"TargetProcessGUID\",\"text\":\"{8cbafd4f-b2ae-6741-0c00-000000003000}\"},{\"Name\":\"TargetProcessId\",\"text\":\"740\"},{\"Name\":\"TargetImage\",\"text\":\"C:\\\\WINDOWS\\\\system32\\\\lsass.exe\"},{\"Name\":\"GrantedAccess\",\"text\":\"0x1f3fff\"},{\"Name\":\"CallTrace\",\"text\":\"C:\\\\WINDOWS\\\\SYSTEM32\\\\ntdll.dll+9d9b4|C:\\\\WINDOWS\\\\System32\\\\KERNELBASE.dll+338ae|UNKNOWN(00000000009C4565)\"},{\"Name\":\"SourceUser\",\"text\":\"NT AUTHORITY\\\\SYSTEM\"},{\"Name\":\"TargetUser\",\"text\":\"NT AUTHORITY\\\\SYSTEM\"}]}}}",
      "category.generic": "Process",
      "category.high": "System Management",
      "category.low": "Manipulation",
      "datafield5": "11468",
      "datafield9": "C:\\WINDOWS\\SYSTEM32\\ntdll.dll+9d9b4|C:\\WINDOWS\\System32\\KERNELBASE.dll+338ae|UNKNOWN(00000000009C4565)",
      "event_src.asset": "1b5edacf-03c0-0001-0000-000000000061",
      "event_src.category": "Other",
      "event_src.fqdn": "wperry.dev.it.stf",
      "event_src.host": "wperry.dev.it.stf",
      "event_src.hostname": "wperry",
      "event_src.id": "Microsoft-Windows-Sysmon",
      "event_src.subsys": "microsoft-windows-sysmon/operational",
      "event_src.title": "sysmon",
      "event_src.vendor": "microsoft",
      "generator.type": "logcollector",
      "historical": false,
      "id": "PT_Microsoft_Windows_eventlog_Sysmon_10_Process_access",
      "importance": "low",
      "incorrect_time": false,
      "input_id": "8420610f-4530-4e84-8708-f3f8c9c3791c",
      "job_id": "9dadc32a-e189-4a46-a14e-bcc376ace4f9",
      "mime": "application/x-pt-eventlog",
      "msgid": "10",
      "normalized": true,
      "object": "process",
      "object.account.domain": "nt authority",
      "object.account.id": "S-1-5-18",
      "object.account.name": "system",
      "object.account.provider": "local",
      "object.account.session_id": "999",
      "object.process.fullpath": "c:\\windows\\system32\\lsass.exe",
      "object.process.guid": "8cbafd4f-b2ae-6741-0c00-000000003000",
      "object.process.id": "740",
      "object.process.name": "lsass.exe",
      "object.process.path": "c:\\windows\\system32\\",
      "object.property": "GrantedAccess",
      "object.value": "0x1f3fff",
      "origin_app_id": "1a1438a4-f340-0001-0000-000000000004",
      "primary_siem_app_id": "1a1438a4-f340-0001-0000-000000000004",
      "recv_asset": "1b5edb23-4c40-0001-0000-000000000075",
      "recv_ipv4": "10.156.92.228",
      "remote": false,
      "scope_id": "00000000-0000-0000-0000-000000000005",
      "siem_id": "60fc3aec-dfa9-4956-a04c-838c263276f0",
      "status": "success",
      "subject": "process",
      "subject.account.domain": "nt authority",
      "subject.account.id": "S-1-5-18",
      "subject.account.name": "system",
      "subject.account.provider": "local",
      "subject.account.session_id": "999",
      "subject.process.fullpath": "c:\\users\\public\\msf.exe",
      "subject.process.guid": "8cbafd4f-7a9d-6748-c420-010000003000",
      "subject.process.id": "13916",
      "subject.process.name": "msf.exe",
      "subject.process.path": "c:\\users\\public\\",
      "tag": "wineventlog",
      "task_id": "1b5ed942-b7c0-0001-0000-000000000338",
      "taxonomy_version": "27.0.223-release-27.0",
      "tenant_id": "6e484846-c7ac-40e7-b331-f530cb659820",
      "time": "2024-11-28T14:14:10.9160000Z",
      "uuid": "0b8d6bf4-ad93-11ef-b052-005056b7517e",
      "text": "The process \"msf.exe\" accessed the process \"lsass.exe\" on host wperry.dev.it.stf",
      "_checkpoint": 216184208489,
      "origin_app_alias": "MP-1",
      "primary_siem_app_alias": "MP-1",
      "siem_alias": "siem-server2.soc.stf",
      "site_alias": "unknown site_id=null",
      "site_name": "unknown site_id=null",
      "site_address": "unknown site_id=null",
      "_meta": {
        "id": "0b8d6bf4-ad93-11ef-b052-005056b7517e",
        "time": "2024-11-28T14:14:10.9160000Z",
        "assetIds": [
          "1b5edacf-03c0-0001-0000-000000000061",
          "1b5edb23-4c40-0001-0000-000000000075"
        ],
        "site_alias": "unknown site_id=null",
        "site_name": "unknown site_id=null",
        "site_address": "unknown site_id=null",
        "site_is_deleted": true
      }
    },
