    {
      "action": "bind",
      "agent_id": "e24b4795-36be-4043-b8f5-00a480c8428d",
      "asset_ids": [
        "1b5edacf-03c0-0001-0000-000000000061",
        "1b5edb23-4c40-0001-0000-000000000075"
      ],
      "body": "{\"Event\":{\"xmlns\":\"http://schemas.microsoft.com/win/2004/08/events/event\",\"System\":{\"Provider\":{\"Name\":\"Microsoft-Windows-Sysmon\",\"Guid\":\"{5770385f-c22a-43e0-bf4c-06f5698ffbd9}\"},\"EventID\":\"18\",\"Version\":\"1\",\"Level\":\"4\",\"Task\":\"18\",\"Opcode\":\"0\",\"Keywords\":\"0x8000000000000000\",\"TimeCreated\":{\"SystemTime\":\"2024-11-28T14:16:00.8990995Z\"},\"EventRecordID\":\"2440534\",\"Execution\":{\"ProcessID\":\"3472\",\"ThreadID\":\"5440\"},\"Channel\":\"Microsoft-Windows-Sysmon/Operational\",\"Computer\":\"wperry.dev.it.stf\",\"Security\":{\"UserID\":\"S-1-5-18\"}},\"EventData\":{\"Data\":[{\"Name\":\"RuleName\",\"text\":\"-\"},{\"Name\":\"EventType\",\"text\":\"ConnectPipe\"},{\"Name\":\"UtcTime\",\"text\":\"2024-11-28 14:16:00.888\"},{\"Name\":\"ProcessGuid\",\"text\":\"{8cbafd4f-7b1e-6748-de20-010000003000}\"},{\"Name\":\"ProcessId\",\"text\":\"3728\"},{\"Name\":\"PipeName\",\"text\":\"\\\\wkssvc\"},{\"Name\":\"Image\",\"text\":\"C:\\\\users\\\\public\\\\msf.exe\"},{\"Name\":\"User\",\"text\":\"NT AUTHORITY\\\\SYSTEM\"}]}}}",
      "event_src.asset": "1b5edacf-03c0-0001-0000-000000000061",
      "event_src.category": "Other",
      "event_src.fqdn": "wperry.dev.it.stf",
      "event_src.host": "wperry.dev.it.stf",
      "event_src.hostname": "wperry",
      "event_src.id": "Microsoft-Windows-Sysmon",
      "event_src.subsys": "microsoft-windows-sysmon/operational",
      "event_src.title": "sysmon",
      "event_src.vendor": "microsoft",
      "generator.type": "logcollector",
      "historical": false,
      "id": "PT_Microsoft_Windows_eventlog_Sysmon_18_Pipe_connected",
      "importance": "info",
      "incorrect_time": false,
      "input_id": "8420610f-4530-4e84-8708-f3f8c9c3791c",
      "job_id": "9dadc32a-e189-4a46-a14e-bcc376ace4f9",
      "mime": "application/x-pt-eventlog",
      "msgid": "18",
      "normalized": true,
      "object": "resource",
      "object.name": "wkssvc",
      "object.type": "pipe",
      "origin_app_id": "1a1438a4-f340-0001-0000-000000000004",
      "primary_siem_app_id": "1a1438a4-f340-0001-0000-000000000004",
      "recv_asset": "1b5edb23-4c40-0001-0000-000000000075",
      "recv_ipv4": "10.156.92.228",
      "remote": false,
      "scope_id": "00000000-0000-0000-0000-000000000005",
      "siem_id": "60fc3aec-dfa9-4956-a04c-838c263276f0",
      "status": "success",
      "subject": "process",
      "subject.account.domain": "nt authority",
      "subject.account.id": "S-1-5-18",
      "subject.account.name": "system",
      "subject.account.provider": "local",
      "subject.account.session_id": "999",
      "subject.process.fullpath": "c:\\users\\public\\msf.exe",
      "subject.process.guid": "8cbafd4f-7b1e-6748-de20-010000003000",
      "subject.process.id": "3728",
      "subject.process.name": "msf.exe",
      "subject.process.path": "c:\\users\\public\\",
      "tag": "wineventlog",
      "task_id": "1b5ed942-b7c0-0001-0000-000000000338",
      "taxonomy_version": "27.0.223-release-27.0",
      "tenant_id": "6e484846-c7ac-40e7-b331-f530cb659820",
      "time": "2024-11-28T14:16:00.8990000Z",
      "uuid": "53ff695c-ad93-11ef-b052-005056b7517e",
      "text": "A named pipe is connected on host wperry.dev.it.stf",
      "_checkpoint": 216188048920,
      "origin_app_alias": "MP-1",
      "primary_siem_app_alias": "MP-1",
      "siem_alias": "siem-server2.soc.stf",
      "site_alias": "unknown site_id=null",
      "site_name": "unknown site_id=null",
      "site_address": "unknown site_id=null",
      "_meta": {
        "id": "53ff695c-ad93-11ef-b052-005056b7517e",
        "time": "2024-11-28T14:16:00.8990000Z",
        "assetIds": [
          "1b5edacf-03c0-0001-0000-000000000061",
          "1b5edb23-4c40-0001-0000-000000000075"
        ],
        "site_alias": "unknown site_id=null",
        "site_name": "unknown site_id=null",
        "site_address": "unknown site_id=null",
        "site_is_deleted": true
      }
    },
    {
      "action": "detect",
      "agent_id": "e24b4795-36be-4043-b8f5-00a480c8428d",
      "asset_ids": [
        "1b5edacf-03c0-0001-0000-000000000061",
        "1b5edb23-4c40-0001-0000-000000000075"
      ],
      "body": "{\"Event\":{\"xmlns\":\"http://schemas.microsoft.com/win/2004/08/events/event\",\"System\":{\"Provider\":{\"Name\":\"Microsoft-Windows-Sysmon\",\"Guid\":\"{5770385f-c22a-43e0-bf4c-06f5698ffbd9}\"},\"EventID\":\"3\",\"Version\":\"5\",\"Level\":\"4\",\"Task\":\"3\",\"Opcode\":\"0\",\"Keywords\":\"0x8000000000000000\",\"TimeCreated\":{\"SystemTime\":\"2024-11-28T14:16:01.4216440Z\"},\"EventRecordID\":\"2440535\",\"Execution\":{\"ProcessID\":\"3472\",\"ThreadID\":\"4980\"},\"Channel\":\"Microsoft-Windows-Sysmon/Operational\",\"Computer\":\"wperry.dev.it.stf\",\"Security\":{\"UserID\":\"S-1-5-18\"}},\"EventData\":{\"Data\":[{\"Name\":\"RuleName\",\"text\":\"-\"},{\"Name\":\"UtcTime\",\"text\":\"2024-11-28 14:15:44.289\"},{\"Name\":\"ProcessGuid\",\"text\":\"{8cbafd4f-7b1e-6748-de20-010000003000}\"},{\"Name\":\"ProcessId\",\"text\":\"3728\"},{\"Name\":\"Image\",\"text\":\"C:\\\\users\\\\public\\\\msf.exe\"},{\"Name\":\"User\",\"text\":\"NT AUTHORITY\\\\SYSTEM\"},{\"Name\":\"Protocol\",\"text\":\"tcp\"},{\"Name\":\"Initiated\",\"text\":\"true\"},{\"Name\":\"SourceIsIpv6\",\"text\":\"false\"},{\"Name\":\"SourceIp\",\"text\":\"10.156.92.66\"},{\"Name\":\"SourceHostname\",\"text\":\"wperry.dev.it.stf\"},{\"Name\":\"SourcePort\",\"text\":\"54042\"},{\"Name\":\"SourcePortName\",\"text\":\"-\"},{\"Name\":\"DestinationIsIpv6\",\"text\":\"false\"},{\"Name\":\"DestinationIp\",\"text\":\"3.5.140.10\"},{\"Name\":\"DestinationHostname\",\"text\":\"-\"},{\"Name\":\"DestinationPort\",\"text\":\"5555\"},{\"Name\":\"DestinationPortName\",\"text\":\"-\"}]}}}",
      "category.generic": "Connection",
      "category.high": "Network Interaction Management",
      "category.low": "State",
      "direction": "egress",
      "dst.host": "3.5.140.10",
      "dst.ip": "3.5.140.10",
      "dst.port": 5555,
      "event_src.asset": "1b5edacf-03c0-0001-0000-000000000061",
      "event_src.category": "Other",
      "event_src.fqdn": "wperry.dev.it.stf",
      "event_src.host": "wperry.dev.it.stf",
      "event_src.hostname": "wperry",
      "event_src.id": "Microsoft-Windows-Sysmon",
      "event_src.ip": "10.156.92.66",
      "event_src.subsys": "microsoft-windows-sysmon/operational",
      "event_src.title": "sysmon",
      "event_src.vendor": "microsoft",
      "generator.type": "logcollector",
      "historical": false,
      "id": "PT_Microsoft_Windows_eventlog_Sysmon_3_Network_connection",
      "importance": "info",
      "incorrect_time": false,
      "input_id": "8420610f-4530-4e84-8708-f3f8c9c3791c",
      "job_id": "9dadc32a-e189-4a46-a14e-bcc376ace4f9",
      "mime": "application/x-pt-eventlog",
      "msgid": "3",
      "normalized": true,
      "object": "connection",
      "object.account.domain": "nt authority",
      "object.account.id": "S-1-5-18",
      "object.account.name": "system",
      "object.account.provider": "local",
      "object.account.session_id": "999",
      "object.process.fullpath": "c:\\users\\public\\msf.exe",
      "object.process.guid": "8cbafd4f-7b1e-6748-de20-010000003000",
      "object.process.id": "3728",
      "object.process.name": "msf.exe",
      "object.process.path": "c:\\users\\public\\",
      "origin_app_id": "1a1438a4-f340-0001-0000-000000000004",
      "primary_siem_app_id": "1a1438a4-f340-0001-0000-000000000004",
      "protocol": "tcp",
      "recv_asset": "1b5edb23-4c40-0001-0000-000000000075",
      "recv_ipv4": "10.156.92.228",
      "remote": false,
      "scope_id": "00000000-0000-0000-0000-000000000005",
      "siem_id": "60fc3aec-dfa9-4956-a04c-838c263276f0",
      "src.asset": "1b5edacf-03c0-0001-0000-000000000061",
      "src.fqdn": "wperry.dev.it.stf",
      "src.host": "wperry.dev.it.stf",
      "src.hostname": "wperry",
      "src.ip": "10.156.92.66",
      "src.port": 54042,
      "status": "success",
      "subject": "rule",
      "subject.name": "-",
      "tag": "wineventlog",
      "task_id": "1b5ed942-b7c0-0001-0000-000000000338",
      "taxonomy_version": "27.0.223-release-27.0",
      "tenant_id": "6e484846-c7ac-40e7-b331-f530cb659820",
      "time": "2024-11-28T14:16:01.4210000Z",
      "uuid": "53ff695d-ad93-11ef-b052-005056b7517e",
      "text": "A tcp connection from host wperry.dev.it.stf to host 3.5.140.10 is opened on host wperry.dev.it.stf",
      "_checkpoint": 216188048921,
      "origin_app_alias": "MP-1",
      "primary_siem_app_alias": "MP-1",
      "siem_alias": "siem-server2.soc.stf",
      "site_alias": "unknown site_id=null",
      "site_name": "unknown site_id=null",
      "site_address": "unknown site_id=null",
      "_meta": {
        "id": "53ff695d-ad93-11ef-b052-005056b7517e",
        "time": "2024-11-28T14:16:01.4210000Z",
        "assetIds": [
          "1b5edacf-03c0-0001-0000-000000000061",
          "1b5edb23-4c40-0001-0000-000000000075"
        ],
        "site_alias": "unknown site_id=null",
        "site_name": "unknown site_id=null",
        "site_address": "unknown site_id=null",
        "site_is_deleted": true
      }
    },
    {
      "action": "access",
      "agent_id": "e24b4795-36be-4043-b8f5-00a480c8428d",
      "asset_ids": [
        "1b5edacf-03c0-0001-0000-000000000061",
        "1b5edb23-4c40-0001-0000-000000000075"
      ],
      "body": "{\"Event\":{\"xmlns\":\"http://schemas.microsoft.com/win/2004/08/events/event\",\"System\":{\"Provider\":{\"Name\":\"Microsoft-Windows-Sysmon\",\"Guid\":\"{5770385f-c22a-43e0-bf4c-06f5698ffbd9}\"},\"EventID\":\"10\",\"Version\":\"3\",\"Level\":\"4\",\"Task\":\"10\",\"Opcode\":\"0\",\"Keywords\":\"0x8000000000000000\",\"TimeCreated\":{\"SystemTime\":\"2024-11-28T14:16:31.8189555Z\"},\"EventRecordID\":\"2440636\",\"Execution\":{\"ProcessID\":\"3472\",\"ThreadID\":\"5440\"},\"Channel\":\"Microsoft-Windows-Sysmon/Operational\",\"Computer\":\"wperry.dev.it.stf\",\"Security\":{\"UserID\":\"S-1-5-18\"}},\"EventData\":{\"Data\":[{\"Name\":\"RuleName\",\"text\":\"-\"},{\"Name\":\"UtcTime\",\"text\":\"2024-11-28 14:16:31.812\"},{\"Name\":\"SourceProcessGUID\",\"text\":\"{8cbafd4f-7b1e-6748-de20-010000003000}\"},{\"Name\":\"SourceProcessId\",\"text\":\"3728\"},{\"Name\":\"SourceThreadId\",\"text\":\"4452\"},{\"Name\":\"SourceImage\",\"text\":\"C:\\\\users\\\\public\\\\msf.exe\"},{\"Name\":\"TargetProcessGUID\",\"text\":\"{8cbafd4f-b2ae-6741-0c00-000000003000}\"},{\"Name\":\"TargetProcessId\",\"text\":\"740\"},{\"Name\":\"TargetImage\",\"text\":\"C:\\\\WINDOWS\\\\system32\\\\lsass.exe\"},{\"Name\":\"GrantedAccess\",\"text\":\"0x1f3fff\"},{\"Name\":\"CallTrace\",\"text\":\"C:\\\\WINDOWS\\\\SYSTEM32\\\\ntdll.dll+9d9b4|C:\\\\WINDOWS\\\\System32\\\\KERNELBASE.dll+338ae|UNKNOWN(0000000000AE4565)\"},{\"Name\":\"SourceUser\",\"text\":\"NT AUTHORITY\\\\SYSTEM\"},{\"Name\":\"TargetUser\",\"text\":\"NT AUTHORITY\\\\SYSTEM\"}]}}}",
      "category.generic": "Process",
      "category.high": "System Management",
      "category.low": "Manipulation",
      "datafield5": "4452",
      "datafield9": "C:\\WINDOWS\\SYSTEM32\\ntdll.dll+9d9b4|C:\\WINDOWS\\System32\\KERNELBASE.dll+338ae|UNKNOWN(0000000000AE4565)",
      "event_src.asset": "1b5edacf-03c0-0001-0000-000000000061",
      "event_src.category": "Other",
      "event_src.fqdn": "wperry.dev.it.stf",
      "event_src.host": "wperry.dev.it.stf",
      "event_src.hostname": "wperry",
      "event_src.id": "Microsoft-Windows-Sysmon",
      "event_src.subsys": "microsoft-windows-sysmon/operational",
      "event_src.title": "sysmon",
      "event_src.vendor": "microsoft",
      "generator.type": "logcollector",
      "historical": false,
      "id": "PT_Microsoft_Windows_eventlog_Sysmon_10_Process_access",
      "importance": "low",
      "incorrect_time": false,
      "input_id": "8420610f-4530-4e84-8708-f3f8c9c3791c",
      "job_id": "9dadc32a-e189-4a46-a14e-bcc376ace4f9",
      "mime": "application/x-pt-eventlog",
      "msgid": "10",
      "normalized": true,
      "object": "process",
      "object.account.domain": "nt authority",
      "object.account.id": "S-1-5-18",
      "object.account.name": "system",
      "object.account.provider": "local",
      "object.account.session_id": "999",
      "object.process.fullpath": "c:\\windows\\system32\\lsass.exe",
      "object.process.guid": "8cbafd4f-b2ae-6741-0c00-000000003000",
      "object.process.id": "740",
      "object.process.name": "lsass.exe",
      "object.process.path": "c:\\windows\\system32\\",
      "object.property": "GrantedAccess",
      "object.value": "0x1f3fff",
      "origin_app_id": "1a1438a4-f340-0001-0000-000000000004",
      "primary_siem_app_id": "1a1438a4-f340-0001-0000-000000000004",
      "recv_asset": "1b5edb23-4c40-0001-0000-000000000075",
      "recv_ipv4": "10.156.92.228",
      "remote": false,
      "scope_id": "00000000-0000-0000-0000-000000000005",
      "siem_id": "60fc3aec-dfa9-4956-a04c-838c263276f0",
      "status": "success",
      "subject": "process",
      "subject.account.domain": "nt authority",
      "subject.account.id": "S-1-5-18",
      "subject.account.name": "system",
      "subject.account.provider": "local",
      "subject.account.session_id": "999",
      "subject.process.fullpath": "c:\\users\\public\\msf.exe",
      "subject.process.guid": "8cbafd4f-7b1e-6748-de20-010000003000",
      "subject.process.id": "3728",
      "subject.process.name": "msf.exe",
      "subject.process.path": "c:\\users\\public\\",
      "tag": "wineventlog",
      "task_id": "1b5ed942-b7c0-0001-0000-000000000338",
      "taxonomy_version": "27.0.223-release-27.0",
      "tenant_id": "6e484846-c7ac-40e7-b331-f530cb659820",
      "time": "2024-11-28T14:16:31.8180000Z",
      "uuid": "66b65d94-ad93-11ef-b052-005056b7517e",
      "text": "The process \"msf.exe\" accessed the process \"lsass.exe\" on host wperry.dev.it.stf",
      "_checkpoint": 216189057139,
      "origin_app_alias": "MP-1",
      "primary_siem_app_alias": "MP-1",
      "siem_alias": "siem-server2.soc.stf",
      "site_alias": "unknown site_id=null",
      "site_name": "unknown site_id=null",
      "site_address": "unknown site_id=null",
      "_meta": {
        "id": "66b65d94-ad93-11ef-b052-005056b7517e",
        "time": "2024-11-28T14:16:31.8180000Z",
        "assetIds": [
          "1b5edacf-03c0-0001-0000-000000000061",
          "1b5edb23-4c40-0001-0000-000000000075"
        ],
        "site_alias": "unknown site_id=null",
        "site_name": "unknown site_id=null",
        "site_address": "unknown site_id=null",
        "site_is_deleted": true
      }
    },
    {
      "action": "start",
      "agent_id": "e24b4795-36be-4043-b8f5-00a480c8428d",
      "asset_ids": [
        "1b5edacf-03c0-0001-0000-000000000061",
        "1b5edb23-4c40-0001-0000-000000000075"
      ],
      "body": "{\"Event\":{\"xmlns\":\"http://schemas.microsoft.com/win/2004/08/events/event\",\"System\":{\"Provider\":{\"Name\":\"Microsoft-Windows-Sysmon\",\"Guid\":\"{5770385f-c22a-43e0-bf4c-06f5698ffbd9}\"},\"EventID\":\"7\",\"Version\":\"3\",\"Level\":\"4\",\"Task\":\"7\",\"Opcode\":\"0\",\"Keywords\":\"0x8000000000000000\",\"TimeCreated\":{\"SystemTime\":\"2024-11-28T14:16:51.8029826Z\"},\"EventRecordID\":\"2440679\",\"Execution\":{\"ProcessID\":\"3472\",\"ThreadID\":\"5440\"},\"Channel\":\"Microsoft-Windows-Sysmon/Operational\",\"Computer\":\"wperry.dev.it.stf\",\"Security\":{\"UserID\":\"S-1-5-18\"}},\"EventData\":{\"Data\":[{\"Name\":\"RuleName\",\"text\":\"All images\"},{\"Name\":\"UtcTime\",\"text\":\"2024-11-28 14:16:51.796\"},{\"Name\":\"ProcessGuid\",\"text\":\"{8cbafd4f-7b53-6748-ef20-010000003000}\"},{\"Name\":\"ProcessId\",\"text\":\"12800\"},{\"Name\":\"Image\",\"text\":\"C:\\\\Users\\\\Public\\\\msf.exe\"},{\"Name\":\"ImageLoaded\",\"text\":\"C:\\\\Users\\\\Public\\\\msf.exe\"},{\"Name\":\"FileVersion\",\"text\":\"-\"},{\"Name\":\"Description\",\"text\":\"-\"},{\"Name\":\"Product\",\"text\":\"-\"},{\"Name\":\"Company\",\"text\":\"-\"},{\"Name\":\"OriginalFileName\",\"text\":\"-\"},{\"Name\":\"Hashes\",\"text\":\"MD5=6B55E42A29FE9BE76AE480EA2CDBA1A6,SHA256=8EAF28FAAA988F1348532920E7F50A7F711BC70CD675DAFCCF10FE393BBFB66A,IMPHASH=B4C6FFF030479AA3B12625BE67BF4914\"},{\"Name\":\"Signed\",\"text\":\"false\"},{\"Name\":\"Signature\",\"text\":\"-\"},{\"Name\":\"SignatureStatus\",\"text\":\"Unavailable\"},{\"Name\":\"User\",\"text\":\"NT AUTHORITY\\\\SYSTEM\"}]}}}",
      "category.generic": "Executable Module",
      "category.high": "Availability Management",
      "category.low": "Control",
      "event_src.asset": "1b5edacf-03c0-0001-0000-000000000061",
      "event_src.category": "Other",
      "event_src.fqdn": "wperry.dev.it.stf",
      "event_src.host": "wperry.dev.it.stf",
      "event_src.hostname": "wperry",
      "event_src.id": "Microsoft-Windows-Sysmon",
      "event_src.rule": "All images",
      "event_src.subsys": "microsoft-windows-sysmon/operational",
      "event_src.title": "sysmon",
      "event_src.vendor": "microsoft",
      "generator.type": "logcollector",
      "historical": false,
      "id": "PT_Microsoft_Windows_eventlog_Sysmon_7_Image_loaded",
      "importance": "low",
      "incorrect_time": false,
      "input_id": "8420610f-4530-4e84-8708-f3f8c9c3791c",
      "job_id": "9dadc32a-e189-4a46-a14e-bcc376ace4f9",
      "mime": "application/x-pt-eventlog",
      "msgid": "7",
      "normalized": true,
      "object": "module",
      "object.process.fullpath": "c:\\users\\public\\msf.exe",
      "object.process.hash": "IMPHASH:B4C6FFF030479AA3B12625BE67BF4914 MD5:6B55E42A29FE9BE76AE480EA2CDBA1A6 SHA256:8EAF28FAAA988F1348532920E7F50A7F711BC70CD675DAFCCF10FE393BBFB66A",
      "object.process.hash.imphash": "B4C6FFF030479AA3B12625BE67BF4914",
      "object.process.hash.md5": "6B55E42A29FE9BE76AE480EA2CDBA1A6",
      "object.process.hash.sha256": "8EAF28FAAA988F1348532920E7F50A7F711BC70CD675DAFCCF10FE393BBFB66A",
      "object.process.meta": "Description:- | Product:- | Company:-",
      "object.process.name": "msf.exe",
      "object.process.path": "c:\\users\\public\\",
      "object.property": "signature status",
      "object.value": "not signed",
      "origin_app_id": "1a1438a4-f340-0001-0000-000000000004",
      "primary_siem_app_id": "1a1438a4-f340-0001-0000-000000000004",
      "recv_asset": "1b5edb23-4c40-0001-0000-000000000075",
      "recv_ipv4": "10.156.92.228",
      "remote": false,
      "scope_id": "00000000-0000-0000-0000-000000000005",
      "siem_id": "60fc3aec-dfa9-4956-a04c-838c263276f0",
      "status": "success",
      "subject": "process",
      "subject.account.domain": "nt authority",
      "subject.account.id": "S-1-5-18",
      "subject.account.name": "system",
      "subject.account.provider": "local",
      "subject.account.session_id": "999",
      "subject.process.fullpath": "c:\\users\\public\\msf.exe",
      "subject.process.guid": "8cbafd4f-7b53-6748-ef20-010000003000",
      "subject.process.id": "12800",
      "subject.process.name": "msf.exe",
      "subject.process.path": "c:\\users\\public\\",
      "tag": "wineventlog",
      "task_id": "1b5ed942-b7c0-0001-0000-000000000338",
      "taxonomy_version": "27.0.223-release-27.0",
      "tenant_id": "6e484846-c7ac-40e7-b331-f530cb659820",
      "time": "2024-11-28T14:16:51.8020000Z",
      "uuid": "791f0aff-ad93-11ef-b052-005056b7517e",
      "text": "The process msf.exe loaded the module msf.exe on host wperry.dev.it.stf",
      "_checkpoint": 216190064774,
      "origin_app_alias": "MP-1",
      "primary_siem_app_alias": "MP-1",
      "siem_alias": "siem-server2.soc.stf",
      "site_alias": "unknown site_id=null",
      "site_name": "unknown site_id=null",
      "site_address": "unknown site_id=null",
      "_meta": {
        "id": "791f0aff-ad93-11ef-b052-005056b7517e",
        "time": "2024-11-28T14:16:51.8020000Z",
        "assetIds": [
          "1b5edacf-03c0-0001-0000-000000000061",
          "1b5edb23-4c40-0001-0000-000000000075"
        ],
        "site_alias": "unknown site_id=null",
        "site_name": "unknown site_id=null",
        "site_address": "unknown site_id=null",
        "site_is_deleted": true
      }
    },
    {
      "action": "bind",
      "agent_id": "e24b4795-36be-4043-b8f5-00a480c8428d",
      "asset_ids": [
        "1b5edacf-03c0-0001-0000-000000000061",
        "1b5edb23-4c40-0001-0000-000000000075"
      ],
      "body": "{\"Event\":{\"xmlns\":\"http://schemas.microsoft.com/win/2004/08/events/event\",\"System\":{\"Provider\":{\"Name\":\"Microsoft-Windows-Sysmon\",\"Guid\":\"{5770385f-c22a-43e0-bf4c-06f5698ffbd9}\"},\"EventID\":\"18\",\"Version\":\"1\",\"Level\":\"4\",\"Task\":\"18\",\"Opcode\":\"0\",\"Keywords\":\"0x8000000000000000\",\"TimeCreated\":{\"SystemTime\":\"2024-11-28T14:18:23.8087402Z\"},\"EventRecordID\":\"2440836\",\"Execution\":{\"ProcessID\":\"3472\",\"ThreadID\":\"5440\"},\"Channel\":\"Microsoft-Windows-Sysmon/Operational\",\"Computer\":\"wperry.dev.it.stf\",\"Security\":{\"UserID\":\"S-1-5-18\"}},\"EventData\":{\"Data\":[{\"Name\":\"RuleName\",\"text\":\"-\"},{\"Name\":\"EventType\",\"text\":\"ConnectPipe\"},{\"Name\":\"UtcTime\",\"text\":\"2024-11-28 14:18:23.803\"},{\"Name\":\"ProcessGuid\",\"text\":\"{8cbafd4f-7baf-6748-0921-010000003000}\"},{\"Name\":\"ProcessId\",\"text\":\"13984\"},{\"Name\":\"PipeName\",\"text\":\"\\\\lsass\"},{\"Name\":\"Image\",\"text\":\"C:\\\\WINDOWS\\\\system32\\\\net1.exe\"},{\"Name\":\"User\",\"text\":\"NT AUTHORITY\\\\SYSTEM\"}]}}}",
      "event_src.asset": "1b5edacf-03c0-0001-0000-000000000061",
      "event_src.category": "Other",
      "event_src.fqdn": "wperry.dev.it.stf",
      "event_src.host": "wperry.dev.it.stf",
      "event_src.hostname": "wperry",
      "event_src.id": "Microsoft-Windows-Sysmon",
      "event_src.subsys": "microsoft-windows-sysmon/operational",
      "event_src.title": "sysmon",
      "event_src.vendor": "microsoft",
      "generator.type": "logcollector",
      "historical": false,
      "id": "PT_Microsoft_Windows_eventlog_Sysmon_18_Pipe_connected",
      "importance": "info",
      "incorrect_time": false,
      "input_id": "8420610f-4530-4e84-8708-f3f8c9c3791c",
      "job_id": "9dadc32a-e189-4a46-a14e-bcc376ace4f9",
      "mime": "application/x-pt-eventlog",
      "msgid": "18",
      "normalized": true,
      "object": "resource",
      "object.name": "lsass",
      "object.type": "pipe",
      "origin_app_id": "1a1438a4-f340-0001-0000-000000000004",
      "primary_siem_app_id": "1a1438a4-f340-0001-0000-000000000004",
      "recv_asset": "1b5edb23-4c40-0001-0000-000000000075",
      "recv_ipv4": "10.156.92.228",
      "remote": false,
      "scope_id": "00000000-0000-0000-0000-000000000005",
      "siem_id": "60fc3aec-dfa9-4956-a04c-838c263276f0",
      "status": "success",
      "subject": "process",
      "subject.account.domain": "nt authority",
      "subject.account.id": "S-1-5-18",
      "subject.account.name": "system",
      "subject.account.provider": "local",
      "subject.account.session_id": "999",
      "subject.process.fullpath": "c:\\windows\\system32\\net1.exe",
      "subject.process.guid": "8cbafd4f-7baf-6748-0921-010000003000",
      "subject.process.id": "13984",
      "subject.process.name": "net1.exe",
      "subject.process.path": "c:\\windows\\system32\\",
      "tag": "wineventlog",
      "task_id": "1b5ed942-b7c0-0001-0000-000000000338",
      "taxonomy_version": "27.0.223-release-27.0",
      "tenant_id": "6e484846-c7ac-40e7-b331-f530cb659820",
      "time": "2024-11-28T14:18:23.8080000Z",
      "uuid": "b3139ef9-ad93-11ef-b052-005056b7517e",
      "text": "A named pipe is connected on host wperry.dev.it.stf",
      "_checkpoint": 216193152032,
      "origin_app_alias": "MP-1",
      "primary_siem_app_alias": "MP-1",
      "siem_alias": "siem-server2.soc.stf",
      "site_alias": "unknown site_id=null",
      "site_name": "unknown site_id=null",
      "site_address": "unknown site_id=null",
      "_meta": {
        "id": "b3139ef9-ad93-11ef-b052-005056b7517e",
        "time": "2024-11-28T14:18:23.8080000Z",
        "assetIds": [
          "1b5edacf-03c0-0001-0000-000000000061",
          "1b5edb23-4c40-0001-0000-000000000075"
        ],
        "site_alias": "unknown site_id=null",
        "site_name": "unknown site_id=null",
        "site_address": "unknown site_id=null",
        "site_is_deleted": true
      }
    },
    {
      "action": "execute",
      "agent_id": "e24b4795-36be-4043-b8f5-00a480c8428d",
      "asset_ids": [
        "1b5edacf-03c0-0001-0000-000000000061",
        "1b5edb23-4c40-0001-0000-000000000075"
      ],
      "body": "{\"Event\":{\"xmlns\":\"http://schemas.microsoft.com/win/2004/08/events/event\",\"System\":{\"Provider\":{\"Name\":\"Microsoft-Windows-PowerShell\",\"Guid\":\"{a0c1853b-5c40-4b15-8766-3cf1c58f985a}\"},\"EventID\":\"4104\",\"Version\":\"1\",\"Level\":\"5\",\"Task\":\"2\",\"Opcode\":\"15\",\"Keywords\":\"0x0\",\"TimeCreated\":{\"SystemTime\":\"2024-11-28T14:34:19.3980028Z\"},\"EventRecordID\":\"249309\",\"Correlation\":{\"ActivityID\":\"{085a976f-3d95-0003-57d1-6208953ddb01}\"},\"Execution\":{\"ProcessID\":\"1452\",\"ThreadID\":\"16180\"},\"Channel\":\"Microsoft-Windows-PowerShell/Operational\",\"Computer\":\"wperry.dev.it.stf\",\"Security\":{\"UserID\":\"S-1-5-18\"}},\"EventData\":{\"Data\":[{\"Name\":\"MessageNumber\",\"text\":\"1\"},{\"Name\":\"MessageTotal\",\"text\":\"1\"},{\"Name\":\"ScriptBlockText\",\"text\":\"$ProgressPreference = \\\"SilentlyContinue\\\";\\nGet-WinEvent -LogName Application -MaxEvents 20\"},{\"Name\":\"ScriptBlockId\",\"text\":\"98a660d7-c5db-4d13-a86d-643fd3ba5b6a\"},{\"Name\":\"Path\"}]}}}",
      "category.generic": "Command",
      "category.high": "System Management",
      "category.low": "Manipulation",
      "event_src.asset": "1b5edacf-03c0-0001-0000-000000000061",
      "event_src.category": "Operating system",
      "event_src.fqdn": "wperry.dev.it.stf",
      "event_src.host": "wperry.dev.it.stf",
      "event_src.hostname": "wperry",
      "event_src.id": "Microsoft-Windows-PowerShell",
      "event_src.subsys": "microsoft-windows-powershell/operational",
      "event_src.title": "windows",
      "event_src.vendor": "microsoft",
      "generator.type": "logcollector",
      "historical": false,
      "id": "PT_Microsoft_Windows_eventlog_Common_PowerShell_4104_Command_executed",
      "importance": "info",
      "incorrect_time": false,
      "input_id": "8420610f-4530-4e84-8708-f3f8c9c3791c",
      "job_id": "9dadc32a-e189-4a46-a14e-bcc376ace4f9",
      "mime": "application/x-pt-eventlog",
      "msgid": "4104",
      "normalized": true,
      "numfield1": 1,
      "numfield2": 1,
      "object": "command",
      "object.account.domain": "nt authority",
      "object.account.id": "S-1-5-18",
      "object.account.name": "system",
      "object.account.provider": "local",
      "object.account.session_id": "999",
      "object.id": "98a660d7-c5db-4d13-a86d-643fd3ba5b6a",
      "object.process.cmdline": "$ProgressPreference = \"SilentlyContinue\";Get-WinEvent -LogName Application -MaxEvents 20",
      "object.process.id": "1452",
      "object.value": "$ProgressPreference = \"SilentlyContinue\";Get-WinEvent -LogName Application -MaxEvents 20",
      "origin_app_id": "1a1438a4-f340-0001-0000-000000000004",
      "primary_siem_app_id": "1a1438a4-f340-0001-0000-000000000004",
      "recv_asset": "1b5edb23-4c40-0001-0000-000000000075",
      "recv_ipv4": "10.156.92.228",
      "remote": false,
      "scope_id": "00000000-0000-0000-0000-000000000005",
      "siem_id": "60fc3aec-dfa9-4956-a04c-838c263276f0",
      "status": "success",
      "subject": "account",
      "subject.account.domain": "nt authority",
      "subject.account.id": "S-1-5-18",
      "subject.account.name": "system",
      "subject.account.provider": "local",
      "subject.account.session_id": "999",
      "tag": "wineventlog",
      "task_id": "1b5ed942-b7c0-0001-0000-000000000338",
      "taxonomy_version": "27.0.223-release-27.0",
      "tenant_id": "6e484846-c7ac-40e7-b331-f530cb659820",
      "time": "2024-11-28T14:34:19.3980000Z",
      "uuid": "ed4ca412-ad95-11ef-b052-005056b7517e",
      "text": "A PowerShell command is executed on host wperry.dev.it.stf. Creating Scriptblock text (1 of 1).",
      "_checkpoint": 216223536415,
      "origin_app_alias": "MP-1",
      "primary_siem_app_alias": "MP-1",
      "siem_alias": "siem-server2.soc.stf",
      "site_alias": "unknown site_id=null",
      "site_name": "unknown site_id=null",
      "site_address": "unknown site_id=null",
      "_meta": {
        "id": "ed4ca412-ad95-11ef-b052-005056b7517e",
        "time": "2024-11-28T14:34:19.3980000Z",
        "assetIds": [
          "1b5edacf-03c0-0001-0000-000000000061",
          "1b5edb23-4c40-0001-0000-000000000075"
        ],
        "site_alias": "unknown site_id=null",
        "site_name": "unknown site_id=null",
        "site_address": "unknown site_id=null",
        "site_is_deleted": true
      }
    },
    {
      "action": "start",
      "agent_id": "e24b4795-36be-4043-b8f5-00a480c8428d",
      "asset_ids": [
        "1b5edacf-03c0-0001-0000-000000000061",
        "1b5edb23-4c40-0001-0000-000000000075"
      ],
      "body": "{\"Event\":{\"xmlns\":\"http://schemas.microsoft.com/win/2004/08/events/event\",\"System\":{\"Provider\":{\"Name\":\"Microsoft-Windows-Sysmon\",\"Guid\":\"{5770385f-c22a-43e0-bf4c-06f5698ffbd9}\"},\"EventID\":\"7\",\"Version\":\"3\",\"Level\":\"4\",\"Task\":\"7\",\"Opcode\":\"0\",\"Keywords\":\"0x8000000000000000\",\"TimeCreated\":{\"SystemTime\":\"2024-11-28T14:18:01.2957343Z\"},\"EventRecordID\":\"2440814\",\"Execution\":{\"ProcessID\":\"3472\",\"ThreadID\":\"5440\"},\"Channel\":\"Microsoft-Windows-Sysmon/Operational\",\"Computer\":\"wperry.dev.it.stf\",\"Security\":{\"UserID\":\"S-1-5-18\"}},\"EventData\":{\"Data\":[{\"Name\":\"RuleName\",\"text\":\"All images\"},{\"Name\":\"UtcTime\",\"text\":\"2024-11-28 14:18:01.284\"},{\"Name\":\"ProcessGuid\",\"text\":\"{8cbafd4f-7b99-6748-ff20-010000003000}\"},{\"Name\":\"ProcessId\",\"text\":\"2052\"},{\"Name\":\"Image\",\"text\":\"C:\\\\Users\\\\Public\\\\msf.exe\"},{\"Name\":\"ImageLoaded\",\"text\":\"C:\\\\Users\\\\Public\\\\msf.exe\"},{\"Name\":\"FileVersion\",\"text\":\"-\"},{\"Name\":\"Description\",\"text\":\"-\"},{\"Name\":\"Product\",\"text\":\"-\"},{\"Name\":\"Company\",\"text\":\"-\"},{\"Name\":\"OriginalFileName\",\"text\":\"-\"},{\"Name\":\"Hashes\",\"text\":\"MD5=6B55E42A29FE9BE76AE480EA2CDBA1A6,SHA256=8EAF28FAAA988F1348532920E7F50A7F711BC70CD675DAFCCF10FE393BBFB66A,IMPHASH=B4C6FFF030479AA3B12625BE67BF4914\"},{\"Name\":\"Signed\",\"text\":\"false\"},{\"Name\":\"Signature\",\"text\":\"-\"},{\"Name\":\"SignatureStatus\",\"text\":\"Unavailable\"},{\"Name\":\"User\",\"text\":\"NT AUTHORITY\\\\SYSTEM\"}]}}}",
      "category.generic": "Executable Module",
      "category.high": "Availability Management",
      "category.low": "Control",
      "event_src.asset": "1b5edacf-03c0-0001-0000-000000000061",
      "event_src.category": "Other",
      "event_src.fqdn": "wperry.dev.it.stf",
      "event_src.host": "wperry.dev.it.stf",
      "event_src.hostname": "wperry",
      "event_src.id": "Microsoft-Windows-Sysmon",
      "event_src.rule": "All images",
      "event_src.subsys": "microsoft-windows-sysmon/operational",
      "event_src.title": "sysmon",
      "event_src.vendor": "microsoft",
      "generator.type": "logcollector",
      "historical": false,
      "id": "PT_Microsoft_Windows_eventlog_Sysmon_7_Image_loaded",
      "importance": "low",
      "incorrect_time": false,
      "input_id": "8420610f-4530-4e84-8708-f3f8c9c3791c",
      "job_id": "9dadc32a-e189-4a46-a14e-bcc376ace4f9",
      "mime": "application/x-pt-eventlog",
      "msgid": "7",
      "normalized": true,
      "object": "module",
      "object.process.fullpath": "c:\\users\\public\\msf.exe",
      "object.process.hash": "IMPHASH:B4C6FFF030479AA3B12625BE67BF4914 MD5:6B55E42A29FE9BE76AE480EA2CDBA1A6 SHA256:8EAF28FAAA988F1348532920E7F50A7F711BC70CD675DAFCCF10FE393BBFB66A",
      "object.process.hash.imphash": "B4C6FFF030479AA3B12625BE67BF4914",
      "object.process.hash.md5": "6B55E42A29FE9BE76AE480EA2CDBA1A6",
      "object.process.hash.sha256": "8EAF28FAAA988F1348532920E7F50A7F711BC70CD675DAFCCF10FE393BBFB66A",
      "object.process.meta": "Description:- | Product:- | Company:-",
      "object.process.name": "msf.exe",
      "object.process.path": "c:\\users\\public\\",
      "object.property": "signature status",
      "object.value": "not signed",
      "origin_app_id": "1a1438a4-f340-0001-0000-000000000004",
      "primary_siem_app_id": "1a1438a4-f340-0001-0000-000000000004",
      "recv_asset": "1b5edb23-4c40-0001-0000-000000000075",
      "recv_ipv4": "10.156.92.228",
      "remote": false,
      "scope_id": "00000000-0000-0000-0000-000000000005",
      "siem_id": "60fc3aec-dfa9-4956-a04c-838c263276f0",
      "status": "success",
      "subject": "process",
      "subject.account.domain": "nt authority",
      "subject.account.id": "S-1-5-18",
      "subject.account.name": "system",
      "subject.account.provider": "local",
      "subject.account.session_id": "999",
      "subject.process.fullpath": "c:\\users\\public\\msf.exe",
      "subject.process.guid": "8cbafd4f-7b99-6748-ff20-010000003000",
      "subject.process.id": "2052",
      "subject.process.name": "msf.exe",
      "subject.process.path": "c:\\users\\public\\",
      "tag": "wineventlog",
      "task_id": "1b5ed942-b7c0-0001-0000-000000000338",
      "taxonomy_version": "27.0.223-release-27.0",
      "tenant_id": "6e484846-c7ac-40e7-b331-f530cb659820",
      "time": "2024-11-28T14:18:01.2950000Z",
      "uuid": "9fc04371-ad93-11ef-b052-005056b7517e",
      "text": "The process msf.exe loaded the module msf.exe on host wperry.dev.it.stf",
      "_checkpoint": 216192032299,
      "origin_app_alias": "MP-1",
      "primary_siem_app_alias": "MP-1",
      "siem_alias": "siem-server2.soc.stf",
      "site_alias": "unknown site_id=null",
      "site_name": "unknown site_id=null",
      "site_address": "unknown site_id=null",
      "_meta": {
        "id": "9fc04371-ad93-11ef-b052-005056b7517e",
        "time": "2024-11-28T14:18:01.2950000Z",
        "assetIds": [
          "1b5edacf-03c0-0001-0000-000000000061",
          "1b5edb23-4c40-0001-0000-000000000075"
        ],
        "site_alias": "unknown site_id=null",
        "site_name": "unknown site_id=null",
        "site_address": "unknown site_id=null",
        "site_is_deleted": true
      }
    },
    {
      "action": "detect",
      "agent_id": "e24b4795-36be-4043-b8f5-00a480c8428d",
      "asset_ids": [
        "1b5edacf-03c0-0001-0000-000000000061",
        "1b5edb23-4c40-0001-0000-000000000075"
      ],
      "body": "{\"Event\":{\"xmlns\":\"http://schemas.microsoft.com/win/2004/08/events/event\",\"System\":{\"Provider\":{\"Name\":\"Microsoft-Windows-Sysmon\",\"Guid\":\"{5770385f-c22a-43e0-bf4c-06f5698ffbd9}\"},\"EventID\":\"3\",\"Version\":\"5\",\"Level\":\"4\",\"Task\":\"3\",\"Opcode\":\"0\",\"Keywords\":\"0x8000000000000000\",\"TimeCreated\":{\"SystemTime\":\"2024-11-28T14:18:03.1763298Z\"},\"EventRecordID\":\"2440817\",\"Execution\":{\"ProcessID\":\"3472\",\"ThreadID\":\"4980\"},\"Channel\":\"Microsoft-Windows-Sysmon/Operational\",\"Computer\":\"wperry.dev.it.stf\",\"Security\":{\"UserID\":\"S-1-5-18\"}},\"EventData\":{\"Data\":[{\"Name\":\"RuleName\",\"text\":\"-\"},{\"Name\":\"UtcTime\",\"text\":\"2024-11-28 14:17:47.282\"},{\"Name\":\"ProcessGuid\",\"text\":\"{8cbafd4f-7b99-6748-ff20-010000003000}\"},{\"Name\":\"ProcessId\",\"text\":\"2052\"},{\"Name\":\"Image\",\"text\":\"C:\\\\users\\\\public\\\\msf.exe\"},{\"Name\":\"User\",\"text\":\"NT AUTHORITY\\\\SYSTEM\"},{\"Name\":\"Protocol\",\"text\":\"tcp\"},{\"Name\":\"Initiated\",\"text\":\"true\"},{\"Name\":\"SourceIsIpv6\",\"text\":\"false\"},{\"Name\":\"SourceIp\",\"text\":\"10.156.92.66\"},{\"Name\":\"SourceHostname\",\"text\":\"wperry.dev.it.stf\"},{\"Name\":\"SourcePort\",\"text\":\"54091\"},{\"Name\":\"SourcePortName\",\"text\":\"-\"},{\"Name\":\"DestinationIsIpv6\",\"text\":\"false\"},{\"Name\":\"DestinationIp\",\"text\":\"3.5.140.10\"},{\"Name\":\"DestinationHostname\",\"text\":\"-\"},{\"Name\":\"DestinationPort\",\"text\":\"5555\"},{\"Name\":\"DestinationPortName\",\"text\":\"-\"}]}}}",
      "category.generic": "Connection",
      "category.high": "Network Interaction Management",
      "category.low": "State",
      "direction": "egress",
      "dst.host": "3.5.140.10",
      "dst.ip": "3.5.140.10",
      "dst.port": 5555,
      "event_src.asset": "1b5edacf-03c0-0001-0000-000000000061",
      "event_src.category": "Other",
      "event_src.fqdn": "wperry.dev.it.stf",
      "event_src.host": "wperry.dev.it.stf",
      "event_src.hostname": "wperry",
      "event_src.id": "Microsoft-Windows-Sysmon",
      "event_src.ip": "10.156.92.66",
      "event_src.subsys": "microsoft-windows-sysmon/operational",
      "event_src.title": "sysmon",
      "event_src.vendor": "microsoft",
      "generator.type": "logcollector",
      "historical": false,
      "id": "PT_Microsoft_Windows_eventlog_Sysmon_3_Network_connection",
      "importance": "info",
      "incorrect_time": false,
      "input_id": "8420610f-4530-4e84-8708-f3f8c9c3791c",
      "job_id": "9dadc32a-e189-4a46-a14e-bcc376ace4f9",
      "mime": "application/x-pt-eventlog",
      "msgid": "3",
      "normalized": true,
      "object": "connection",
      "object.account.domain": "nt authority",
      "object.account.id": "S-1-5-18",
      "object.account.name": "system",
      "object.account.provider": "local",
      "object.account.session_id": "999",
      "object.process.fullpath": "c:\\users\\public\\msf.exe",
      "object.process.guid": "8cbafd4f-7b99-6748-ff20-010000003000",
      "object.process.id": "2052",
      "object.process.name": "msf.exe",
      "object.process.path": "c:\\users\\public\\",
      "origin_app_id": "1a1438a4-f340-0001-0000-000000000004",
      "primary_siem_app_id": "1a1438a4-f340-0001-0000-000000000004",
      "protocol": "tcp",
      "recv_asset": "1b5edb23-4c40-0001-0000-000000000075",
      "recv_ipv4": "10.156.92.228",
      "remote": false,
      "scope_id": "00000000-0000-0000-0000-000000000005",
      "siem_id": "60fc3aec-dfa9-4956-a04c-838c263276f0",
      "src.asset": "1b5edacf-03c0-0001-0000-000000000061",
      "src.fqdn": "wperry.dev.it.stf",
      "src.host": "wperry.dev.it.stf",
      "src.hostname": "wperry",
      "src.ip": "10.156.92.66",
      "src.port": 54091,
      "status": "success",
      "subject": "rule",
      "subject.name": "-",
      "tag": "wineventlog",
      "task_id": "1b5ed942-b7c0-0001-0000-000000000338",
      "taxonomy_version": "27.0.223-release-27.0",
      "tenant_id": "6e484846-c7ac-40e7-b331-f530cb659820",
      "time": "2024-11-28T14:18:03.1760000Z",
      "uuid": "9fc04374-ad93-11ef-b052-005056b7517e",
      "text": "A tcp connection from host wperry.dev.it.stf to host 3.5.140.10 is opened on host wperry.dev.it.stf",
      "_checkpoint": 216192032302,
      "origin_app_alias": "MP-1",
      "primary_siem_app_alias": "MP-1",
      "siem_alias": "siem-server2.soc.stf",
      "site_alias": "unknown site_id=null",
      "site_name": "unknown site_id=null",
      "site_address": "unknown site_id=null",
      "_meta": {
        "id": "9fc04374-ad93-11ef-b052-005056b7517e",
        "time": "2024-11-28T14:18:03.1760000Z",
        "assetIds": [
          "1b5edacf-03c0-0001-0000-000000000061",
          "1b5edb23-4c40-0001-0000-000000000075"
        ],
        "site_alias": "unknown site_id=null",
        "site_name": "unknown site_id=null",
        "site_address": "unknown site_id=null",
        "site_is_deleted": true
      }
    },
    {
      "action": "bind",
      "agent_id": "e24b4795-36be-4043-b8f5-00a480c8428d",
      "asset_ids": [
        "1b5edacf-03c0-0001-0000-000000000061",
        "1b5edb23-4c40-0001-0000-000000000075"
      ],
      "body": "{\"Event\":{\"xmlns\":\"http://schemas.microsoft.com/win/2004/08/events/event\",\"System\":{\"Provider\":{\"Name\":\"Microsoft-Windows-Sysmon\",\"Guid\":\"{5770385f-c22a-43e0-bf4c-06f5698ffbd9}\"},\"EventID\":\"18\",\"Version\":\"1\",\"Level\":\"4\",\"Task\":\"18\",\"Opcode\":\"0\",\"Keywords\":\"0x8000000000000000\",\"TimeCreated\":{\"SystemTime\":\"2024-11-28T14:18:03.2006663Z\"},\"EventRecordID\":\"2440818\",\"Execution\":{\"ProcessID\":\"3472\",\"ThreadID\":\"5440\"},\"Channel\":\"Microsoft-Windows-Sysmon/Operational\",\"Computer\":\"wperry.dev.it.stf\",\"Security\":{\"UserID\":\"S-1-5-18\"}},\"EventData\":{\"Data\":[{\"Name\":\"RuleName\",\"text\":\"-\"},{\"Name\":\"EventType\",\"text\":\"ConnectPipe\"},{\"Name\":\"UtcTime\",\"text\":\"2024-11-28 14:18:03.190\"},{\"Name\":\"ProcessGuid\",\"text\":\"{8cbafd4f-7b99-6748-ff20-010000003000}\"},{\"Name\":\"ProcessId\",\"text\":\"2052\"},{\"Name\":\"PipeName\",\"text\":\"\\\\wkssvc\"},{\"Name\":\"Image\",\"text\":\"C:\\\\users\\\\public\\\\msf.exe\"},{\"Name\":\"User\",\"text\":\"NT AUTHORITY\\\\SYSTEM\"}]}}}",
      "event_src.asset": "1b5edacf-03c0-0001-0000-000000000061",
      "event_src.category": "Other",
      "event_src.fqdn": "wperry.dev.it.stf",
      "event_src.host": "wperry.dev.it.stf",
      "event_src.hostname": "wperry",
      "event_src.id": "Microsoft-Windows-Sysmon",
      "event_src.subsys": "microsoft-windows-sysmon/operational",
      "event_src.title": "sysmon",
      "event_src.vendor": "microsoft",
      "generator.type": "logcollector",
      "historical": false,
      "id": "PT_Microsoft_Windows_eventlog_Sysmon_18_Pipe_connected",
      "importance": "info",
      "incorrect_time": false,
      "input_id": "8420610f-4530-4e84-8708-f3f8c9c3791c",
      "job_id": "9dadc32a-e189-4a46-a14e-bcc376ace4f9",
      "mime": "application/x-pt-eventlog",
      "msgid": "18",
      "normalized": true,
      "object": "resource",
      "object.name": "wkssvc",
      "object.type": "pipe",
      "origin_app_id": "1a1438a4-f340-0001-0000-000000000004",
      "primary_siem_app_id": "1a1438a4-f340-0001-0000-000000000004",
      "recv_asset": "1b5edb23-4c40-0001-0000-000000000075",
      "recv_ipv4": "10.156.92.228",
      "remote": false,
      "scope_id": "00000000-0000-0000-0000-000000000005",
      "siem_id": "60fc3aec-dfa9-4956-a04c-838c263276f0",
      "status": "success",
      "subject": "process",
      "subject.account.domain": "nt authority",
      "subject.account.id": "S-1-5-18",
      "subject.account.name": "system",
      "subject.account.provider": "local",
      "subject.account.session_id": "999",
      "subject.process.fullpath": "c:\\users\\public\\msf.exe",
      "subject.process.guid": "8cbafd4f-7b99-6748-ff20-010000003000",
      "subject.process.id": "2052",
      "subject.process.name": "msf.exe",
      "subject.process.path": "c:\\users\\public\\",
      "tag": "wineventlog",
      "task_id": "1b5ed942-b7c0-0001-0000-000000000338",
      "taxonomy_version": "27.0.223-release-27.0",
      "tenant_id": "6e484846-c7ac-40e7-b331-f530cb659820",
      "time": "2024-11-28T14:18:03.2000000Z",
      "uuid": "9fc04375-ad93-11ef-b052-005056b7517e",
      "text": "A named pipe is connected on host wperry.dev.it.stf",
      "_checkpoint": 216192032303,
      "origin_app_alias": "MP-1",
      "primary_siem_app_alias": "MP-1",
      "siem_alias": "siem-server2.soc.stf",
      "site_alias": "unknown site_id=null",
      "site_name": "unknown site_id=null",
      "site_address": "unknown site_id=null",
      "_meta": {
        "id": "9fc04375-ad93-11ef-b052-005056b7517e",
        "time": "2024-11-28T14:18:03.2000000Z",
        "assetIds": [
          "1b5edacf-03c0-0001-0000-000000000061",
          "1b5edb23-4c40-0001-0000-000000000075"
        ],
        "site_alias": "unknown site_id=null",
        "site_name": "unknown site_id=null",
        "site_address": "unknown site_id=null",
        "site_is_deleted": true
      }
    },
    {
      "action": "access",
      "agent_id": "e24b4795-36be-4043-b8f5-00a480c8428d",
      "asset_ids": [
        "1b5edacf-03c0-0001-0000-000000000061",
        "1b5edb23-4c40-0001-0000-000000000075"
      ],
      "body": "{\"Event\":{\"xmlns\":\"http://schemas.microsoft.com/win/2004/08/events/event\",\"System\":{\"Provider\":{\"Name\":\"Microsoft-Windows-Sysmon\",\"Guid\":\"{5770385f-c22a-43e0-bf4c-06f5698ffbd9}\"},\"EventID\":\"10\",\"Version\":\"3\",\"Level\":\"4\",\"Task\":\"10\",\"Opcode\":\"0\",\"Keywords\":\"0x8000000000000000\",\"TimeCreated\":{\"SystemTime\":\"2024-11-28T14:26:45.2252634Z\"},\"EventRecordID\":\"2441516\",\"Execution\":{\"ProcessID\":\"3472\",\"ThreadID\":\"5440\"},\"Channel\":\"Microsoft-Windows-Sysmon/Operational\",\"Computer\":\"wperry.dev.it.stf\",\"Security\":{\"UserID\":\"S-1-5-18\"}},\"EventData\":{\"Data\":[{\"Name\":\"RuleName\",\"text\":\"-\"},{\"Name\":\"UtcTime\",\"text\":\"2024-11-28 14:26:45.221\"},{\"Name\":\"SourceProcessGUID\",\"text\":\"{8cbafd4f-7b99-6748-ff20-010000003000}\"},{\"Name\":\"SourceProcessId\",\"text\":\"2052\"},{\"Name\":\"SourceThreadId\",\"text\":\"1840\"},{\"Name\":\"SourceImage\",\"text\":\"C:\\\\users\\\\public\\\\msf.exe\"},{\"Name\":\"TargetProcessGUID\",\"text\":\"{8cbafd4f-b2ae-6741-0c00-000000003000}\"},{\"Name\":\"TargetProcessId\",\"text\":\"740\"},{\"Name\":\"TargetImage\",\"text\":\"C:\\\\WINDOWS\\\\system32\\\\lsass.exe\"},{\"Name\":\"GrantedAccess\",\"text\":\"0x1410\"},{\"Name\":\"CallTrace\",\"text\":\"C:\\\\WINDOWS\\\\SYSTEM32\\\\ntdll.dll+9d9b4|C:\\\\WINDOWS\\\\System32\\\\KERNELBASE.dll+338ae|UNKNOWN(000000000130DE9A)\"},{\"Name\":\"SourceUser\",\"text\":\"NT AUTHORITY\\\\SYSTEM\"},{\"Name\":\"TargetUser\",\"text\":\"NT AUTHORITY\\\\SYSTEM\"}]}}}",
      "category.generic": "Process",
      "category.high": "System Management",
      "category.low": "Manipulation",
      "datafield5": "1840",
      "datafield9": "C:\\WINDOWS\\SYSTEM32\\ntdll.dll+9d9b4|C:\\WINDOWS\\System32\\KERNELBASE.dll+338ae|UNKNOWN(000000000130DE9A)",
      "event_src.asset": "1b5edacf-03c0-0001-0000-000000000061",
      "event_src.category": "Other",
      "event_src.fqdn": "wperry.dev.it.stf",
      "event_src.host": "wperry.dev.it.stf",
      "event_src.hostname": "wperry",
      "event_src.id": "Microsoft-Windows-Sysmon",
      "event_src.subsys": "microsoft-windows-sysmon/operational",
      "event_src.title": "sysmon",
      "event_src.vendor": "microsoft",
      "generator.type": "logcollector",
      "historical": false,
      "id": "PT_Microsoft_Windows_eventlog_Sysmon_10_Process_access",
      "importance": "low",
      "incorrect_time": false,
      "input_id": "8420610f-4530-4e84-8708-f3f8c9c3791c",
      "job_id": "9dadc32a-e189-4a46-a14e-bcc376ace4f9",
      "mime": "application/x-pt-eventlog",
      "msgid": "10",
      "normalized": true,
      "object": "process",
      "object.account.domain": "nt authority",
      "object.account.id": "S-1-5-18",
      "object.account.name": "system",
      "object.account.provider": "local",
      "object.account.session_id": "999",
      "object.process.fullpath": "c:\\windows\\system32\\lsass.exe",
      "object.process.guid": "8cbafd4f-b2ae-6741-0c00-000000003000",
      "object.process.id": "740",
      "object.process.name": "lsass.exe",
      "object.process.path": "c:\\windows\\system32\\",
      "object.property": "GrantedAccess",
      "object.value": "0x1410",
      "origin_app_id": "1a1438a4-f340-0001-0000-000000000004",
      "primary_siem_app_id": "1a1438a4-f340-0001-0000-000000000004",
      "recv_asset": "1b5edb23-4c40-0001-0000-000000000075",
      "recv_ipv4": "10.156.92.228",
      "remote": false,
      "scope_id": "00000000-0000-0000-0000-000000000005",
      "siem_id": "60fc3aec-dfa9-4956-a04c-838c263276f0",
      "status": "success",
      "subject": "process",
      "subject.account.domain": "nt authority",
      "subject.account.id": "S-1-5-18",
      "subject.account.name": "system",
      "subject.account.provider": "local",
      "subject.account.session_id": "999",
      "subject.process.fullpath": "c:\\users\\public\\msf.exe",
      "subject.process.guid": "8cbafd4f-7b99-6748-ff20-010000003000",
      "subject.process.id": "2052",
      "subject.process.name": "msf.exe",
      "subject.process.path": "c:\\users\\public\\",
      "tag": "wineventlog",
      "task_id": "1b5ed942-b7c0-0001-0000-000000000338",
      "taxonomy_version": "27.0.223-release-27.0",
      "tenant_id": "6e484846-c7ac-40e7-b331-f530cb659820",
      "time": "2024-11-28T14:26:45.2250000Z",
      "uuid": "d34a1f49-ad94-11ef-b052-005056b7517e",
      "text": "The process \"msf.exe\" accessed the process \"lsass.exe\" on host wperry.dev.it.stf",
      "_checkpoint": 216208544249,
      "origin_app_alias": "MP-1",
      "primary_siem_app_alias": "MP-1",
      "siem_alias": "siem-server2.soc.stf",
      "site_alias": "unknown site_id=null",
      "site_name": "unknown site_id=null",
      "site_address": "unknown site_id=null",
      "_meta": {
        "id": "d34a1f49-ad94-11ef-b052-005056b7517e",
        "time": "2024-11-28T14:26:45.2250000Z",
        "assetIds": [
          "1b5edacf-03c0-0001-0000-000000000061",
          "1b5edb23-4c40-0001-0000-000000000075"
        ],
        "site_alias": "unknown site_id=null",
        "site_name": "unknown site_id=null",
        "site_address": "unknown site_id=null",
        "site_is_deleted": true
      }
    },
