    {
      "action": "start",
      "agent_id": "e24b4795-36be-4043-b8f5-00a480c8428d",
      "asset_ids": [
        "1b5edacf-03c0-0001-0000-000000000061",
        "1b5edb23-4c40-0001-0000-000000000075"
      ],
      "body": "{\"Event\":{\"xmlns\":\"http://schemas.microsoft.com/win/2004/08/events/event\",\"System\":{\"Provider\":{\"Name\":\"Microsoft-Windows-Sysmon\",\"Guid\":\"{5770385f-c22a-43e0-bf4c-06f5698ffbd9}\"},\"EventID\":\"1\",\"Version\":\"5\",\"Level\":\"4\",\"Task\":\"1\",\"Opcode\":\"0\",\"Keywords\":\"0x8000000000000000\",\"TimeCreated\":{\"SystemTime\":\"2024-11-28T14:18:56.5822643Z\"},\"EventRecordID\":\"2440884\",\"Execution\":{\"ProcessID\":\"3472\",\"ThreadID\":\"5440\"},\"Channel\":\"Microsoft-Windows-Sysmon/Operational\",\"Computer\":\"wperry.dev.it.stf\",\"Security\":{\"UserID\":\"S-1-5-18\"}},\"EventData\":{\"Data\":[{\"Name\":\"RuleName\",\"text\":\"-\"},{\"Name\":\"UtcTime\",\"text\":\"2024-11-28 14:18:56.580\"},{\"Name\":\"ProcessGuid\",\"text\":\"{8cbafd4f-7bd0-6748-1121-010000003000}\"},{\"Name\":\"ProcessId\",\"text\":\"10364\"},{\"Name\":\"Image\",\"text\":\"C:\\\\Windows\\\\System32\\\\ipconfig.exe\"},{\"Name\":\"FileVersion\",\"text\":\"10.0.19041.1 (WinBuild.160101.0800)\"},{\"Name\":\"Description\",\"text\":\"IP Configuration Utility\"},{\"Name\":\"Product\",\"text\":\"Microsoft\u00ae Windows\u00ae Operating System\"},{\"Name\":\"Company\",\"text\":\"Microsoft Corporation\"},{\"Name\":\"OriginalFileName\",\"text\":\"ipconfig.exe\"},{\"Name\":\"CommandLine\",\"text\":\"ipconfig\"},{\"Name\":\"CurrentDirectory\",\"text\":\"C:\\\\users\\\\public\\\\\"},{\"Name\":\"User\",\"text\":\"NT AUTHORITY\\\\SYSTEM\"},{\"Name\":\"LogonGuid\",\"text\":\"{8cbafd4f-b2af-6741-e703-000000000000}\"},{\"Name\":\"LogonId\",\"text\":\"0x3e7\"},{\"Name\":\"TerminalSessionId\",\"text\":\"0\"},{\"Name\":\"IntegrityLevel\",\"text\":\"System\"},{\"Name\":\"Hashes\",\"text\":\"MD5=62F170FB07FDBB79CEB7147101406EB8,SHA256=53E000F5AA9B3A00934319DB8080BB99CB323BF48FC628A64F75D7847C265606,IMPHASH=1002D523645A81BC52877D82D9E88417\"},{\"Name\":\"ParentProcessGuid\",\"text\":\"{8cbafd4f-7ba4-6748-0321-010000003000}\"},{\"Name\":\"ParentProcessId\",\"text\":\"12376\"},{\"Name\":\"ParentImage\",\"text\":\"C:\\\\Windows\\\\System32\\\\cmd.exe\"},{\"Name\":\"ParentCommandLine\",\"text\":\"C:\\\\WINDOWS\\\\system32\\\\cmd.exe\"},{\"Name\":\"ParentUser\",\"text\":\"NT AUTHORITY\\\\SYSTEM\"}]}}}",
      "category.generic": "Process",
      "category.high": "Availability Management",
      "category.low": "Control",
      "datafield11": "c:\\",
      "datafield19": "ipconfig.exe (10364) [999] \u2190 cmd.exe (12376) [999] \u2190 msf.exe (2052) [999] (file (c:\\users\\public\\msf.exe) creator: is executor) \u2190 powershell.exe (7564) [999] \u2190 powershell.exe (7280) [999] \u2190 ccmexec.exe (4660) [999]",
      "datafield6": "8cbafd4f-b2af-6741-e703-000000000000",
      "event_src.asset": "1b5edacf-03c0-0001-0000-000000000061",
      "event_src.category": "Other",
      "event_src.fqdn": "wperry.dev.it.stf",
      "event_src.host": "wperry.dev.it.stf",
      "event_src.hostname": "wperry",
      "event_src.id": "Microsoft-Windows-Sysmon",
      "event_src.subsys": "microsoft-windows-sysmon/operational",
      "event_src.title": "sysmon",
      "event_src.vendor": "microsoft",
      "generator.type": "logcollector",
      "historical": false,
      "id": "PT_Microsoft_Windows_eventlog_Sysmon_1_Process_creation",
      "importance": "info",
      "incorrect_time": false,
      "input_id": "8420610f-4530-4e84-8708-f3f8c9c3791c",
      "job_id": "9dadc32a-e189-4a46-a14e-bcc376ace4f9",
      "mime": "application/x-pt-eventlog",
      "msgid": "1",
      "normalized": true,
      "numfield5": 6,
      "object": "process",
      "object.account.domain": "nt authority",
      "object.account.id": "S-1-5-18",
      "object.account.name": "system",
      "object.account.privileges": "System",
      "object.account.provider": "local",
      "object.account.session_id": "999",
      "object.process.chain": "ipconfig.exe \u2190 cmd.exe \u2190 msf.exe (file creator: is executor) \u2190 powershell.exe \u2190 powershell.exe \u2190 ccmexec.exe",
      "object.process.cmdline": "ipconfig",
      "object.process.cwd": "C:\\users\\public\\",
      "object.process.fullpath": "c:\\windows\\system32\\ipconfig.exe",
      "object.process.guid": "8cbafd4f-7bd0-6748-1121-010000003000",
      "object.process.hash": "IMPHASH:1002D523645A81BC52877D82D9E88417 MD5:62F170FB07FDBB79CEB7147101406EB8 SHA256:53E000F5AA9B3A00934319DB8080BB99CB323BF48FC628A64F75D7847C265606",
      "object.process.hash.imphash": "1002D523645A81BC52877D82D9E88417",
      "object.process.hash.md5": "62F170FB07FDBB79CEB7147101406EB8",
      "object.process.hash.sha256": "53E000F5AA9B3A00934319DB8080BB99CB323BF48FC628A64F75D7847C265606",
      "object.process.id": "10364",
      "object.process.meta": "Description:IP Configuration Utility | Product:Microsoft\u00ae Windows\u00ae Operating System | Company:Microsoft Corporation",
      "object.process.name": "ipconfig.exe",
      "object.process.original_name": "ipconfig.exe",
      "object.process.parent.cmdline": "C:\\WINDOWS\\system32\\cmd.exe",
      "object.process.parent.fullpath": "c:\\windows\\system32\\cmd.exe",
      "object.process.parent.guid": "8cbafd4f-7ba4-6748-0321-010000003000",
      "object.process.parent.id": "12376",
      "object.process.parent.name": "cmd.exe",
      "object.process.parent.path": "c:\\windows\\system32\\",
      "object.process.path": "c:\\windows\\system32\\",
      "object.process.version": "10.0.19041.1 (WinBuild.160101.0800)",
      "origin_app_id": "1a1438a4-f340-0001-0000-000000000004",
      "primary_siem_app_id": "1a1438a4-f340-0001-0000-000000000004",
      "recv_asset": "1b5edb23-4c40-0001-0000-000000000075",
      "recv_ipv4": "10.156.92.228",
      "remote": false,
      "scope_id": "00000000-0000-0000-0000-000000000005",
      "siem_id": "60fc3aec-dfa9-4956-a04c-838c263276f0",
      "status": "success",
      "subject": "account",
      "subject.account.domain": "nt authority",
      "subject.account.id": "S-1-5-18",
      "subject.account.name": "system",
      "subject.account.privileges": "System",
      "subject.account.provider": "local",
      "subject.account.session_id": "999",
      "subject.state": "on behalf of oneself",
      "tag": "wineventlog",
      "task_id": "1b5ed942-b7c0-0001-0000-000000000338",
      "taxonomy_version": "27.0.223-release-27.0",
      "tenant_id": "6e484846-c7ac-40e7-b331-f530cb659820",
      "time": "2024-11-28T14:18:56.5820000Z",
      "uuid": "c6e1cfbc-ad93-11ef-b052-005056b7517e",
      "text": "The user system created the new process ipconfig.exe on host wperry.dev.it.stf",
      "_checkpoint": 216194224149,
      "origin_app_alias": "MP-1",
      "primary_siem_app_alias": "MP-1",
      "siem_alias": "siem-server2.soc.stf",
      "site_alias": "unknown site_id=null",
      "site_name": "unknown site_id=null",
      "site_address": "unknown site_id=null",
      "_meta": {
        "id": "c6e1cfbc-ad93-11ef-b052-005056b7517e",
        "time": "2024-11-28T14:18:56.5820000Z",
        "assetIds": [
          "1b5edacf-03c0-0001-0000-000000000061",
          "1b5edb23-4c40-0001-0000-000000000075"
        ],
        "site_alias": "unknown site_id=null",
        "site_name": "unknown site_id=null",
        "site_address": "unknown site_id=null",
        "site_is_deleted": true
      }
    }
  ],
  "RelatedEvents": [
    {
      "action": "bind",
      "agent_id": "e24b4795-36be-4043-b8f5-00a480c8428d",
      "asset_ids": [
        "1b5edacf-03c0-0001-0000-000000000061",
        "1b5edb23-4c40-0001-0000-000000000075"
      ],
      "body": "{\"Event\":{\"xmlns\":\"http://schemas.microsoft.com/win/2004/08/events/event\",\"System\":{\"Provider\":{\"Name\":\"Microsoft-Windows-Sysmon\",\"Guid\":\"{5770385f-c22a-43e0-bf4c-06f5698ffbd9}\"},\"EventID\":\"18\",\"Version\":\"1\",\"Level\":\"4\",\"Task\":\"18\",\"Opcode\":\"0\",\"Keywords\":\"0x8000000000000000\",\"TimeCreated\":{\"SystemTime\":\"2024-11-28T13:49:45.1187236Z\"},\"EventRecordID\":\"2436818\",\"Execution\":{\"ProcessID\":\"3472\",\"ThreadID\":\"5440\"},\"Channel\":\"Microsoft-Windows-Sysmon/Operational\",\"Computer\":\"wperry.dev.it.stf\",\"Security\":{\"UserID\":\"S-1-5-18\"}},\"EventData\":{\"Data\":[{\"Name\":\"RuleName\",\"text\":\"-\"},{\"Name\":\"EventType\",\"text\":\"ConnectPipe\"},{\"Name\":\"UtcTime\",\"text\":\"2024-11-28 13:49:45.118\"},{\"Name\":\"ProcessGuid\",\"text\":\"{8cbafd4f-74f9-6748-391c-010000003000}\"},{\"Name\":\"ProcessId\",\"text\":\"6740\"},{\"Name\":\"PipeName\",\"text\":\"\\\\lsass\"},{\"Name\":\"Image\",\"text\":\"C:\\\\WINDOWS\\\\system32\\\\net1.exe\"},{\"Name\":\"User\",\"text\":\"NT AUTHORITY\\\\SYSTEM\"}]}}}",
      "event_src.asset": "1b5edacf-03c0-0001-0000-000000000061",
      "event_src.category": "Other",
      "event_src.fqdn": "wperry.dev.it.stf",
      "event_src.host": "wperry.dev.it.stf",
      "event_src.hostname": "wperry",
      "event_src.id": "Microsoft-Windows-Sysmon",
      "event_src.subsys": "microsoft-windows-sysmon/operational",
      "event_src.title": "sysmon",
      "event_src.vendor": "microsoft",
      "generator.type": "logcollector",
      "historical": false,
      "id": "PT_Microsoft_Windows_eventlog_Sysmon_18_Pipe_connected",
      "importance": "info",
      "incorrect_time": false,
      "input_id": "8420610f-4530-4e84-8708-f3f8c9c3791c",
      "job_id": "9dadc32a-e189-4a46-a14e-bcc376ace4f9",
      "mime": "application/x-pt-eventlog",
      "msgid": "18",
      "normalized": true,
      "object": "resource",
      "object.name": "lsass",
      "object.type": "pipe",
      "origin_app_id": "1a1438a4-f340-0001-0000-000000000004",
      "primary_siem_app_id": "1a1438a4-f340-0001-0000-000000000004",
      "recv_asset": "1b5edb23-4c40-0001-0000-000000000075",
      "recv_ipv4": "10.156.92.228",
      "remote": false,
      "scope_id": "00000000-0000-0000-0000-000000000005",
      "siem_id": "60fc3aec-dfa9-4956-a04c-838c263276f0",
      "status": "success",
      "subject": "process",
      "subject.account.domain": "nt authority",
      "subject.account.id": "S-1-5-18",
      "subject.account.name": "system",
      "subject.account.provider": "local",
      "subject.account.session_id": "999",
      "subject.process.fullpath": "c:\\windows\\system32\\net1.exe",
      "subject.process.guid": "8cbafd4f-74f9-6748-391c-010000003000",
      "subject.process.id": "6740",
      "subject.process.name": "net1.exe",
      "subject.process.path": "c:\\windows\\system32\\",
      "tag": "wineventlog",
      "task_id": "1b5ed942-b7c0-0001-0000-000000000338",
      "taxonomy_version": "27.0.223-release-27.0",
      "tenant_id": "6e484846-c7ac-40e7-b331-f530cb659820",
      "time": "2024-11-28T13:49:45.1180000Z",
      "uuid": "a82a2ea9-ad8f-11ef-b052-005056b7517e",
      "text": "A named pipe is connected on host wperry.dev.it.stf",
      "_checkpoint": 216138320104,
      "origin_app_alias": "MP-1",
      "primary_siem_app_alias": "MP-1",
      "siem_alias": "siem-server2.soc.stf",
      "site_alias": "unknown site_id=null",
      "site_name": "unknown site_id=null",
      "site_address": "unknown site_id=null",
      "_meta": {
        "id": "a82a2ea9-ad8f-11ef-b052-005056b7517e",
        "time": "2024-11-28T13:49:45.1180000Z",
        "assetIds": [
          "1b5edacf-03c0-0001-0000-000000000061",
          "1b5edb23-4c40-0001-0000-000000000075"
        ],
        "site_alias": "unknown site_id=null",
        "site_name": "unknown site_id=null",
        "site_address": "unknown site_id=null",
        "site_is_deleted": true
      }
    },
    {
      "action": "bind",
      "agent_id": "e24b4795-36be-4043-b8f5-00a480c8428d",
      "asset_ids": [
        "1b5edacf-03c0-0001-0000-000000000061",
        "1b5edb23-4c40-0001-0000-000000000075"
      ],
      "body": "{\"Event\":{\"xmlns\":\"http://schemas.microsoft.com/win/2004/08/events/event\",\"System\":{\"Provider\":{\"Name\":\"Microsoft-Windows-Sysmon\",\"Guid\":\"{5770385f-c22a-43e0-bf4c-06f5698ffbd9}\"},\"EventID\":\"18\",\"Version\":\"1\",\"Level\":\"4\",\"Task\":\"18\",\"Opcode\":\"0\",\"Keywords\":\"0x8000000000000000\",\"TimeCreated\":{\"SystemTime\":\"2024-11-28T13:49:49.4066408Z\"},\"EventRecordID\":\"2436825\",\"Execution\":{\"ProcessID\":\"3472\",\"ThreadID\":\"5440\"},\"Channel\":\"Microsoft-Windows-Sysmon/Operational\",\"Computer\":\"wperry.dev.it.stf\",\"Security\":{\"UserID\":\"S-1-5-18\"}},\"EventData\":{\"Data\":[{\"Name\":\"RuleName\",\"text\":\"-\"},{\"Name\":\"EventType\",\"text\":\"ConnectPipe\"},{\"Name\":\"UtcTime\",\"text\":\"2024-11-28 13:49:49.399\"},{\"Name\":\"ProcessGuid\",\"text\":\"{8cbafd4f-74fd-6748-3c1c-010000003000}\"},{\"Name\":\"ProcessId\",\"text\":\"5384\"},{\"Name\":\"PipeName\",\"text\":\"\\\\lsass\"},{\"Name\":\"Image\",\"text\":\"C:\\\\WINDOWS\\\\system32\\\\net1.exe\"},{\"Name\":\"User\",\"text\":\"NT AUTHORITY\\\\SYSTEM\"}]}}}",
      "event_src.asset": "1b5edacf-03c0-0001-0000-000000000061",
      "event_src.category": "Other",
      "event_src.fqdn": "wperry.dev.it.stf",
      "event_src.host": "wperry.dev.it.stf",
      "event_src.hostname": "wperry",
      "event_src.id": "Microsoft-Windows-Sysmon",
      "event_src.subsys": "microsoft-windows-sysmon/operational",
      "event_src.title": "sysmon",
      "event_src.vendor": "microsoft",
      "generator.type": "logcollector",
      "historical": false,
      "id": "PT_Microsoft_Windows_eventlog_Sysmon_18_Pipe_connected",
      "importance": "info",
      "incorrect_time": false,
      "input_id": "8420610f-4530-4e84-8708-f3f8c9c3791c",
      "job_id": "9dadc32a-e189-4a46-a14e-bcc376ace4f9",
      "mime": "application/x-pt-eventlog",
      "msgid": "18",
      "normalized": true,
      "object": "resource",
      "object.name": "lsass",
      "object.type": "pipe",
      "origin_app_id": "1a1438a4-f340-0001-0000-000000000004",
      "primary_siem_app_id": "1a1438a4-f340-0001-0000-000000000004",
      "recv_asset": "1b5edb23-4c40-0001-0000-000000000075",
      "recv_ipv4": "10.156.92.228",
      "remote": false,
      "scope_id": "00000000-0000-0000-0000-000000000005",
      "siem_id": "60fc3aec-dfa9-4956-a04c-838c263276f0",
      "status": "success",
      "subject": "process",
      "subject.account.domain": "nt authority",
      "subject.account.id": "S-1-5-18",
      "subject.account.name": "system",
      "subject.account.provider": "local",
      "subject.account.session_id": "999",
      "subject.process.fullpath": "c:\\windows\\system32\\net1.exe",
      "subject.process.guid": "8cbafd4f-74fd-6748-3c1c-010000003000",
      "subject.process.id": "5384",
      "subject.process.name": "net1.exe",
      "subject.process.path": "c:\\windows\\system32\\",
      "tag": "wineventlog",
      "task_id": "1b5ed942-b7c0-0001-0000-000000000338",
      "taxonomy_version": "27.0.223-release-27.0",
      "tenant_id": "6e484846-c7ac-40e7-b331-f530cb659820",
      "time": "2024-11-28T13:49:49.4060000Z",
      "uuid": "a82a2eb0-ad8f-11ef-b052-005056b7517e",
      "text": "A named pipe is connected on host wperry.dev.it.stf",
      "_checkpoint": 216138320111,
      "origin_app_alias": "MP-1",
      "primary_siem_app_alias": "MP-1",
      "siem_alias": "siem-server2.soc.stf",
      "site_alias": "unknown site_id=null",
      "site_name": "unknown site_id=null",
      "site_address": "unknown site_id=null",
      "_meta": {
        "id": "a82a2eb0-ad8f-11ef-b052-005056b7517e",
        "time": "2024-11-28T13:49:49.4060000Z",
        "assetIds": [
          "1b5edacf-03c0-0001-0000-000000000061",
          "1b5edb23-4c40-0001-0000-000000000075"
        ],
        "site_alias": "unknown site_id=null",
        "site_name": "unknown site_id=null",
        "site_address": "unknown site_id=null",
        "site_is_deleted": true
      }
    },
    {
      "action": "bind",
      "agent_id": "e24b4795-36be-4043-b8f5-00a480c8428d",
      "asset_ids": [
        "1b5edacf-03c0-0001-0000-000000000061",
        "1b5edb23-4c40-0001-0000-000000000075"
      ],
      "body": "{\"Event\":{\"xmlns\":\"http://schemas.microsoft.com/win/2004/08/events/event\",\"System\":{\"Provider\":{\"Name\":\"Microsoft-Windows-Sysmon\",\"Guid\":\"{5770385f-c22a-43e0-bf4c-06f5698ffbd9}\"},\"EventID\":\"18\",\"Version\":\"1\",\"Level\":\"4\",\"Task\":\"18\",\"Opcode\":\"0\",\"Keywords\":\"0x8000000000000000\",\"TimeCreated\":{\"SystemTime\":\"2024-11-28T13:49:53.3166758Z\"},\"EventRecordID\":\"2436866\",\"Execution\":{\"ProcessID\":\"3472\",\"ThreadID\":\"5440\"},\"Channel\":\"Microsoft-Windows-Sysmon/Operational\",\"Computer\":\"wperry.dev.it.stf\",\"Security\":{\"UserID\":\"S-1-5-18\"}},\"EventData\":{\"Data\":[{\"Name\":\"RuleName\",\"text\":\"-\"},{\"Name\":\"EventType\",\"text\":\"ConnectPipe\"},{\"Name\":\"UtcTime\",\"text\":\"2024-11-28 13:49:53.305\"},{\"Name\":\"ProcessGuid\",\"text\":\"{8cbafd4f-7501-6748-421c-010000003000}\"},{\"Name\":\"ProcessId\",\"text\":\"7844\"},{\"Name\":\"PipeName\",\"text\":\"\\\\lsass\"},{\"Name\":\"Image\",\"text\":\"C:\\\\WINDOWS\\\\system32\\\\net1.exe\"},{\"Name\":\"User\",\"text\":\"NT AUTHORITY\\\\SYSTEM\"}]}}}",
      "event_src.asset": "1b5edacf-03c0-0001-0000-000000000061",
      "event_src.category": "Other",
      "event_src.fqdn": "wperry.dev.it.stf",
      "event_src.host": "wperry.dev.it.stf",
      "event_src.hostname": "wperry",
      "event_src.id": "Microsoft-Windows-Sysmon",
      "event_src.subsys": "microsoft-windows-sysmon/operational",
      "event_src.title": "sysmon",
      "event_src.vendor": "microsoft",
      "generator.type": "logcollector",
      "historical": false,
      "id": "PT_Microsoft_Windows_eventlog_Sysmon_18_Pipe_connected",
      "importance": "info",
      "incorrect_time": false,
      "input_id": "8420610f-4530-4e84-8708-f3f8c9c3791c",
      "job_id": "9dadc32a-e189-4a46-a14e-bcc376ace4f9",
      "mime": "application/x-pt-eventlog",
      "msgid": "18",
      "normalized": true,
      "object": "resource",
      "object.name": "lsass",
      "object.type": "pipe",
      "origin_app_id": "1a1438a4-f340-0001-0000-000000000004",
      "primary_siem_app_id": "1a1438a4-f340-0001-0000-000000000004",
      "recv_asset": "1b5edb23-4c40-0001-0000-000000000075",
      "recv_ipv4": "10.156.92.228",
      "remote": false,
      "scope_id": "00000000-0000-0000-0000-000000000005",
      "siem_id": "60fc3aec-dfa9-4956-a04c-838c263276f0",
      "status": "success",
      "subject": "process",
      "subject.account.domain": "nt authority",
      "subject.account.id": "S-1-5-18",
      "subject.account.name": "system",
      "subject.account.provider": "local",
      "subject.account.session_id": "999",
      "subject.process.fullpath": "c:\\windows\\system32\\net1.exe",
      "subject.process.guid": "8cbafd4f-7501-6748-421c-010000003000",
      "subject.process.id": "7844",
      "subject.process.name": "net1.exe",
      "subject.process.path": "c:\\windows\\system32\\",
      "tag": "wineventlog",
      "task_id": "1b5ed942-b7c0-0001-0000-000000000338",
      "taxonomy_version": "27.0.223-release-27.0",
      "tenant_id": "6e484846-c7ac-40e7-b331-f530cb659820",
      "time": "2024-11-28T13:49:53.3160000Z",
      "uuid": "a90a555d-ad8f-11ef-b052-005056b7517e",
      "text": "A named pipe is connected on host wperry.dev.it.stf",
      "_checkpoint": 216138368014,
      "origin_app_alias": "MP-1",
      "primary_siem_app_alias": "MP-1",
      "siem_alias": "siem-server2.soc.stf",
      "site_alias": "unknown site_id=null",
      "site_name": "unknown site_id=null",
      "site_address": "unknown site_id=null",
      "_meta": {
        "id": "a90a555d-ad8f-11ef-b052-005056b7517e",
        "time": "2024-11-28T13:49:53.3160000Z",
        "assetIds": [
          "1b5edacf-03c0-0001-0000-000000000061",
          "1b5edb23-4c40-0001-0000-000000000075"
        ],
        "site_alias": "unknown site_id=null",
        "site_name": "unknown site_id=null",
        "site_address": "unknown site_id=null",
        "site_is_deleted": true
      }
    },
    {
      "action": "bind",
      "agent_id": "e24b4795-36be-4043-b8f5-00a480c8428d",
      "asset_ids": [
        "1b5edacf-03c0-0001-0000-000000000061",
        "1b5edb23-4c40-0001-0000-000000000075"
      ],
      "body": "{\"Event\":{\"xmlns\":\"http://schemas.microsoft.com/win/2004/08/events/event\",\"System\":{\"Provider\":{\"Name\":\"Microsoft-Windows-Sysmon\",\"Guid\":\"{5770385f-c22a-43e0-bf4c-06f5698ffbd9}\"},\"EventID\":\"18\",\"Version\":\"1\",\"Level\":\"4\",\"Task\":\"18\",\"Opcode\":\"0\",\"Keywords\":\"0x8000000000000000\",\"TimeCreated\":{\"SystemTime\":\"2024-11-28T13:54:05.3802950Z\"},\"EventRecordID\":\"2437137\",\"Execution\":{\"ProcessID\":\"3472\",\"ThreadID\":\"5440\"},\"Channel\":\"Microsoft-Windows-Sysmon/Operational\",\"Computer\":\"wperry.dev.it.stf\",\"Security\":{\"UserID\":\"S-1-5-18\"}},\"EventData\":{\"Data\":[{\"Name\":\"RuleName\",\"text\":\"-\"},{\"Name\":\"EventType\",\"text\":\"ConnectPipe\"},{\"Name\":\"UtcTime\",\"text\":\"2024-11-28 13:54:05.374\"},{\"Name\":\"ProcessGuid\",\"text\":\"{8cbafd4f-75fd-6748-6f1c-010000003000}\"},{\"Name\":\"ProcessId\",\"text\":\"10516\"},{\"Name\":\"PipeName\",\"text\":\"\\\\wkssvc\"},{\"Name\":\"Image\",\"text\":\"C:\\\\WINDOWS\\\\system32\\\\net1.exe\"},{\"Name\":\"User\",\"text\":\"NT AUTHORITY\\\\SYSTEM\"}]}}}",
      "event_src.asset": "1b5edacf-03c0-0001-0000-000000000061",
      "event_src.category": "Other",
      "event_src.fqdn": "wperry.dev.it.stf",
      "event_src.host": "wperry.dev.it.stf",
      "event_src.hostname": "wperry",
      "event_src.id": "Microsoft-Windows-Sysmon",
      "event_src.subsys": "microsoft-windows-sysmon/operational",
      "event_src.title": "sysmon",
      "event_src.vendor": "microsoft",
      "generator.type": "logcollector",
      "historical": false,
      "id": "PT_Microsoft_Windows_eventlog_Sysmon_18_Pipe_connected",
      "importance": "info",
      "incorrect_time": false,
      "input_id": "8420610f-4530-4e84-8708-f3f8c9c3791c",
      "job_id": "9dadc32a-e189-4a46-a14e-bcc376ace4f9",
      "mime": "application/x-pt-eventlog",
      "msgid": "18",
      "normalized": true,
      "object": "resource",
      "object.name": "wkssvc",
      "object.type": "pipe",
      "origin_app_id": "1a1438a4-f340-0001-0000-000000000004",
      "primary_siem_app_id": "1a1438a4-f340-0001-0000-000000000004",
      "recv_asset": "1b5edb23-4c40-0001-0000-000000000075",
      "recv_ipv4": "10.156.92.228",
      "remote": false,
      "scope_id": "00000000-0000-0000-0000-000000000005",
      "siem_id": "60fc3aec-dfa9-4956-a04c-838c263276f0",
      "status": "success",
      "subject": "process",
      "subject.account.domain": "nt authority",
      "subject.account.id": "S-1-5-18",
      "subject.account.name": "system",
      "subject.account.provider": "local",
      "subject.account.session_id": "999",
      "subject.process.fullpath": "c:\\windows\\system32\\net1.exe",
      "subject.process.guid": "8cbafd4f-75fd-6748-6f1c-010000003000",
      "subject.process.id": "10516",
      "subject.process.name": "net1.exe",
      "subject.process.path": "c:\\windows\\system32\\",
      "tag": "wineventlog",
      "task_id": "1b5ed942-b7c0-0001-0000-000000000338",
      "taxonomy_version": "27.0.223-release-27.0",
      "tenant_id": "6e484846-c7ac-40e7-b331-f530cb659820",
      "time": "2024-11-28T13:54:05.3800000Z",
      "uuid": "4e6ff276-ad90-11ef-b052-005056b7517e",
      "text": "A named pipe is connected on host wperry.dev.it.stf",
      "_checkpoint": 216147105319,
      "origin_app_alias": "MP-1",
      "primary_siem_app_alias": "MP-1",
      "siem_alias": "siem-server2.soc.stf",
      "site_alias": "unknown site_id=null",
      "site_name": "unknown site_id=null",
      "site_address": "unknown site_id=null",
      "_meta": {
        "id": "4e6ff276-ad90-11ef-b052-005056b7517e",
        "time": "2024-11-28T13:54:05.3800000Z",
        "assetIds": [
          "1b5edacf-03c0-0001-0000-000000000061",
          "1b5edb23-4c40-0001-0000-000000000075"
        ],
        "site_alias": "unknown site_id=null",
        "site_name": "unknown site_id=null",
        "site_address": "unknown site_id=null",
        "site_is_deleted": true
      }
    },
    {
      "action": "bind",
      "agent_id": "e24b4795-36be-4043-b8f5-00a480c8428d",
      "asset_ids": [
        "1b5edacf-03c0-0001-0000-000000000061",
        "1b5edb23-4c40-0001-0000-000000000075"
      ],
      "body": "{\"Event\":{\"xmlns\":\"http://schemas.microsoft.com/win/2004/08/events/event\",\"System\":{\"Provider\":{\"Name\":\"Microsoft-Windows-Sysmon\",\"Guid\":\"{5770385f-c22a-43e0-bf4c-06f5698ffbd9}\"},\"EventID\":\"18\",\"Version\":\"1\",\"Level\":\"4\",\"Task\":\"18\",\"Opcode\":\"0\",\"Keywords\":\"0x8000000000000000\",\"TimeCreated\":{\"SystemTime\":\"2024-11-28T13:54:05.3822811Z\"},\"EventRecordID\":\"2437138\",\"Execution\":{\"ProcessID\":\"3472\",\"ThreadID\":\"5440\"},\"Channel\":\"Microsoft-Windows-Sysmon/Operational\",\"Computer\":\"wperry.dev.it.stf\",\"Security\":{\"UserID\":\"S-1-5-18\"}},\"EventData\":{\"Data\":[{\"Name\":\"RuleName\",\"text\":\"-\"},{\"Name\":\"EventType\",\"text\":\"ConnectPipe\"},{\"Name\":\"UtcTime\",\"text\":\"2024-11-28 13:54:05.374\"},{\"Name\":\"ProcessGuid\",\"text\":\"{8cbafd4f-75fd-6748-6f1c-010000003000}\"},{\"Name\":\"ProcessId\",\"text\":\"10516\"},{\"Name\":\"PipeName\",\"text\":\"\\\\lsass\"},{\"Name\":\"Image\",\"text\":\"C:\\\\WINDOWS\\\\system32\\\\net1.exe\"},{\"Name\":\"User\",\"text\":\"NT AUTHORITY\\\\SYSTEM\"}]}}}",
      "event_src.asset": "1b5edacf-03c0-0001-0000-000000000061",
      "event_src.category": "Other",
      "event_src.fqdn": "wperry.dev.it.stf",
      "event_src.host": "wperry.dev.it.stf",
      "event_src.hostname": "wperry",
      "event_src.id": "Microsoft-Windows-Sysmon",
      "event_src.subsys": "microsoft-windows-sysmon/operational",
      "event_src.title": "sysmon",
      "event_src.vendor": "microsoft",
      "generator.type": "logcollector",
      "historical": false,
      "id": "PT_Microsoft_Windows_eventlog_Sysmon_18_Pipe_connected",
      "importance": "info",
      "incorrect_time": false,
      "input_id": "8420610f-4530-4e84-8708-f3f8c9c3791c",
      "job_id": "9dadc32a-e189-4a46-a14e-bcc376ace4f9",
      "mime": "application/x-pt-eventlog",
      "msgid": "18",
      "normalized": true,
      "object": "resource",
      "object.name": "lsass",
      "object.type": "pipe",
      "origin_app_id": "1a1438a4-f340-0001-0000-000000000004",
      "primary_siem_app_id": "1a1438a4-f340-0001-0000-000000000004",
      "recv_asset": "1b5edb23-4c40-0001-0000-000000000075",
      "recv_ipv4": "10.156.92.228",
      "remote": false,
      "scope_id": "00000000-0000-0000-0000-000000000005",
      "siem_id": "60fc3aec-dfa9-4956-a04c-838c263276f0",
      "status": "success",
      "subject": "process",
      "subject.account.domain": "nt authority",
      "subject.account.id": "S-1-5-18",
      "subject.account.name": "system",
      "subject.account.provider": "local",
      "subject.account.session_id": "999",
      "subject.process.fullpath": "c:\\windows\\system32\\net1.exe",
      "subject.process.guid": "8cbafd4f-75fd-6748-6f1c-010000003000",
      "subject.process.id": "10516",
      "subject.process.name": "net1.exe",
      "subject.process.path": "c:\\windows\\system32\\",
      "tag": "wineventlog",
      "task_id": "1b5ed942-b7c0-0001-0000-000000000338",
      "taxonomy_version": "27.0.223-release-27.0",
      "tenant_id": "6e484846-c7ac-40e7-b331-f530cb659820",
      "time": "2024-11-28T13:54:05.3820000Z",
      "uuid": "4e6ff277-ad90-11ef-b052-005056b7517e",
      "text": "A named pipe is connected on host wperry.dev.it.stf",
      "_checkpoint": 216147105320,
      "origin_app_alias": "MP-1",
      "primary_siem_app_alias": "MP-1",
      "siem_alias": "siem-server2.soc.stf",
      "site_alias": "unknown site_id=null",
      "site_name": "unknown site_id=null",
      "site_address": "unknown site_id=null",
      "_meta": {
        "id": "4e6ff277-ad90-11ef-b052-005056b7517e",
        "time": "2024-11-28T13:54:05.3820000Z",
        "assetIds": [
          "1b5edacf-03c0-0001-0000-000000000061",
          "1b5edb23-4c40-0001-0000-000000000075"
        ],
        "site_alias": "unknown site_id=null",
        "site_name": "unknown site_id=null",
        "site_address": "unknown site_id=null",
        "site_is_deleted": true
      }
    },
    {
      "action": "execute",
      "agent_id": "2ebb10a9-855f-4fa4-a8f1-33b482bafd30",
      "asset_ids": [
        "1b484d6c-2fc0-0001-0000-000000000154",
        "1b5edacf-03c0-0001-0000-000000000061"
      ],
      "body": "{\"Event\":{\"xmlns\":\"http://schemas.microsoft.com/win/2004/08/events/event\",\"System\":{\"Provider\":{\"Name\":\"Microsoft-Windows-PowerShell\",\"Guid\":\"{a0c1853b-5c40-4b15-8766-3cf1c58f985a}\"},\"EventID\":\"4104\",\"Version\":\"1\",\"Level\":\"5\",\"Task\":\"2\",\"Opcode\":\"15\",\"Keywords\":\"0x0\",\"TimeCreated\":{\"SystemTime\":\"2024-11-28T14:03:13.9313949Z\"},\"EventRecordID\":\"304749\",\"Correlation\":{\"ActivityID\":\"{0f37a2ff-3bdd-0002-28b1-430fdd3bdb01}\"},\"Execution\":{\"ProcessID\":\"10516\",\"ThreadID\":\"5072\"},\"Channel\":\"Microsoft-Windows-PowerShell/Operational\",\"Computer\":\"wperry.dev.it.stf\",\"Security\":{\"UserID\":\"S-1-5-18\"}},\"EventData\":{\"Data\":[{\"Name\":\"MessageNumber\",\"text\":\"1\"},{\"Name\":\"MessageTotal\",\"text\":\"1\"},{\"Name\":\"ScriptBlockText\",\"text\":\"$ProgressPreference = \\\"SilentlyContinue\\\";\\n$resp = $null ; $resp = Get-Process | where-object {$_.Responding -eq $false} | Stop-Process ; if ($resp -eq $null) { write-host empty command response } else { write-host $resp }\"},{\"Name\":\"ScriptBlockId\",\"text\":\"6edea38a-a106-4822-85ce-738cf9d5d1bf\"},{\"Name\":\"Path\"}]}}}",
      "category.generic": "Command",
      "category.high": "System Management",
      "category.low": "Manipulation",
      "event_src.asset": "1b5edacf-03c0-0001-0000-000000000061",
      "event_src.category": "Operating system",
      "event_src.fqdn": "wperry.dev.it.stf",
      "event_src.host": "wperry.dev.it.stf",
      "event_src.hostname": "wperry",
      "event_src.id": "Microsoft-Windows-PowerShell",
      "event_src.subsys": "microsoft-windows-powershell/operational",
      "event_src.title": "windows",
      "event_src.vendor": "microsoft",
      "generator.type": "logcollector",
      "historical": false,
      "id": "PT_Microsoft_Windows_eventlog_Common_PowerShell_4104_Command_executed",
      "importance": "info",
      "incorrect_time": false,
      "input_id": "48a1f910-4bcd-4a05-b46f-c8043d949809",
      "job_id": "03406bae-1b65-4a43-8283-dfae9270873d",
      "mime": "application/x-pt-eventlog",
      "msgid": "4104",
      "normalized": true,
      "numfield1": 1,
      "numfield2": 1,
      "object": "command",
      "object.account.domain": "nt authority",
      "object.account.id": "S-1-5-18",
      "object.account.name": "system",
      "object.account.provider": "local",
      "object.account.session_id": "999",
      "object.id": "6edea38a-a106-4822-85ce-738cf9d5d1bf",
      "object.process.cmdline": "$ProgressPreference = \"SilentlyContinue\";$resp = $null ; $resp = Get-Process | where-object {$_.Responding -eq $false} | Stop-Process ; if ($resp -eq $null) { write-host empty command response } else { write-host $resp }",
      "object.process.id": "10516",
      "object.value": "$ProgressPreference = \"SilentlyContinue\";$resp = $null ; $resp = Get-Process | where-object {$_.Responding -eq $false} | Stop-Process ; if ($resp -eq $null) { write-host empty command response } else { write-host $resp }",
      "origin_app_id": "1a1438a4-f340-0001-0000-000000000004",
      "primary_siem_app_id": "1a1438a4-f340-0001-0000-000000000004",
      "recv_asset": "1b484d6c-2fc0-0001-0000-000000000154",
      "recv_ipv4": "10.156.84.228",
      "remote": false,
      "scope_id": "00000000-0000-0000-0000-000000000005",
      "siem_id": "60fc3aec-dfa9-4956-a04c-838c263276f0",
      "status": "success",
      "subject": "account",
      "subject.account.domain": "nt authority",
      "subject.account.id": "S-1-5-18",
      "subject.account.name": "system",
      "subject.account.provider": "local",
      "subject.account.session_id": "999",
      "tag": "wineventlog",
      "task_id": "1b484b49-ca00-0001-0000-00000000016b",
      "taxonomy_version": "27.0.223-release-27.0",
      "tenant_id": "6e484846-c7ac-40e7-b331-f530cb659820",
      "time": "2024-11-28T14:03:13.9310000Z",
      "uuid": "91416581-ad91-11ef-93b9-005056b7401f",
      "text": "A PowerShell command is executed on host wperry.dev.it.stf. Creating Scriptblock text (1 of 1).",
      "_checkpoint": 216164016122,
      "origin_app_alias": "MP-1",
      "primary_siem_app_alias": "MP-1",
      "siem_alias": "siem-server2.soc.stf",
      "site_alias": "unknown site_id=null",
      "site_name": "unknown site_id=null",
      "site_address": "unknown site_id=null",
      "_meta": {
        "id": "91416581-ad91-11ef-93b9-005056b7401f",
        "time": "2024-11-28T14:03:13.9310000Z",
        "assetIds": [
          "1b484d6c-2fc0-0001-0000-000000000154",
          "1b5edacf-03c0-0001-0000-000000000061"
        ],
        "site_alias": "unknown site_id=null",
        "site_name": "unknown site_id=null",
        "site_address": "unknown site_id=null",
        "site_is_deleted": true
      }
    },
    {
      "action": "execute",
      "agent_id": "2ebb10a9-855f-4fa4-a8f1-33b482bafd30",
      "asset_ids": [
        "1b484d6c-2fc0-0001-0000-000000000154",
        "1b5edacf-03c0-0001-0000-000000000061"
      ],
      "body": "{\"Event\":{\"xmlns\":\"http://schemas.microsoft.com/win/2004/08/events/event\",\"System\":{\"Provider\":{\"Name\":\"Microsoft-Windows-PowerShell\",\"Guid\":\"{a0c1853b-5c40-4b15-8766-3cf1c58f985a}\"},\"EventID\":\"4104\",\"Version\":\"1\",\"Level\":\"5\",\"Task\":\"2\",\"Opcode\":\"15\",\"Keywords\":\"0x0\",\"TimeCreated\":{\"SystemTime\":\"2024-11-28T14:03:13.9985553Z\"},\"EventRecordID\":\"304750\",\"Correlation\":{\"ActivityID\":\"{0f37a2ff-3bdd-0001-669f-430fdd3bdb01}\"},\"Execution\":{\"ProcessID\":\"10516\",\"ThreadID\":\"5072\"},\"Channel\":\"Microsoft-Windows-PowerShell/Operational\",\"Computer\":\"wperry.dev.it.stf\",\"Security\":{\"UserID\":\"S-1-5-18\"}},\"EventData\":{\"Data\":[{\"Name\":\"MessageNumber\",\"text\":\"1\"},{\"Name\":\"MessageTotal\",\"text\":\"1\"},{\"Name\":\"ScriptBlockText\",\"text\":\"{$_.Responding -eq $false}\"},{\"Name\":\"ScriptBlockId\",\"text\":\"c63442d2-bbc5-4152-8434-79650f485f65\"},{\"Name\":\"Path\"}]}}}",
      "category.generic": "Command",
      "category.high": "System Management",
      "category.low": "Manipulation",
      "event_src.asset": "1b5edacf-03c0-0001-0000-000000000061",
      "event_src.category": "Operating system",
      "event_src.fqdn": "wperry.dev.it.stf",
      "event_src.host": "wperry.dev.it.stf",
      "event_src.hostname": "wperry",
      "event_src.id": "Microsoft-Windows-PowerShell",
      "event_src.subsys": "microsoft-windows-powershell/operational",
      "event_src.title": "windows",
      "event_src.vendor": "microsoft",
      "generator.type": "logcollector",
      "historical": false,
      "id": "PT_Microsoft_Windows_eventlog_Common_PowerShell_4104_Command_executed",
      "importance": "info",
      "incorrect_time": false,
      "input_id": "48a1f910-4bcd-4a05-b46f-c8043d949809",
      "job_id": "03406bae-1b65-4a43-8283-dfae9270873d",
      "mime": "application/x-pt-eventlog",
      "msgid": "4104",
      "normalized": true,
      "numfield1": 1,
      "numfield2": 1,
      "object": "command",
      "object.account.domain": "nt authority",
      "object.account.id": "S-1-5-18",
      "object.account.name": "system",
      "object.account.provider": "local",
      "object.account.session_id": "999",
      "object.id": "c63442d2-bbc5-4152-8434-79650f485f65",
      "object.process.cmdline": "{$_.Responding -eq $false}",
      "object.process.id": "10516",
      "object.value": "{$_.Responding -eq $false}",
      "origin_app_id": "1a1438a4-f340-0001-0000-000000000004",
      "primary_siem_app_id": "1a1438a4-f340-0001-0000-000000000004",
      "recv_asset": "1b484d6c-2fc0-0001-0000-000000000154",
      "recv_ipv4": "10.156.84.228",
      "remote": false,
      "scope_id": "00000000-0000-0000-0000-000000000005",
      "siem_id": "60fc3aec-dfa9-4956-a04c-838c263276f0",
      "status": "success",
      "subject": "account",
      "subject.account.domain": "nt authority",
      "subject.account.id": "S-1-5-18",
      "subject.account.name": "system",
      "subject.account.provider": "local",
      "subject.account.session_id": "999",
      "tag": "wineventlog",
      "task_id": "1b484b49-ca00-0001-0000-00000000016b",
      "taxonomy_version": "27.0.223-release-27.0",
      "tenant_id": "6e484846-c7ac-40e7-b331-f530cb659820",
      "time": "2024-11-28T14:03:13.9980000Z",
      "uuid": "91416582-ad91-11ef-93b9-005056b7401f",
      "text": "A PowerShell command is executed on host wperry.dev.it.stf. Creating Scriptblock text (1 of 1).",
      "_checkpoint": 216164016123,
      "origin_app_alias": "MP-1",
      "primary_siem_app_alias": "MP-1",
      "siem_alias": "siem-server2.soc.stf",
      "site_alias": "unknown site_id=null",
      "site_name": "unknown site_id=null",
      "site_address": "unknown site_id=null",
      "_meta": {
        "id": "91416582-ad91-11ef-93b9-005056b7401f",
        "time": "2024-11-28T14:03:13.9980000Z",
        "assetIds": [
          "1b484d6c-2fc0-0001-0000-000000000154",
          "1b5edacf-03c0-0001-0000-000000000061"
        ],
        "site_alias": "unknown site_id=null",
        "site_name": "unknown site_id=null",
        "site_address": "unknown site_id=null",
        "site_is_deleted": true
      }
    },
    {
      "action": "bind",
      "agent_id": "e24b4795-36be-4043-b8f5-00a480c8428d",
      "asset_ids": [
        "1b5edacf-03c0-0001-0000-000000000061",
        "1b5edb23-4c40-0001-0000-000000000075"
      ],
      "body": "{\"Event\":{\"xmlns\":\"http://schemas.microsoft.com/win/2004/08/events/event\",\"System\":{\"Provider\":{\"Name\":\"Microsoft-Windows-Sysmon\",\"Guid\":\"{5770385f-c22a-43e0-bf4c-06f5698ffbd9}\"},\"EventID\":\"18\",\"Version\":\"1\",\"Level\":\"4\",\"Task\":\"18\",\"Opcode\":\"0\",\"Keywords\":\"0x8000000000000000\",\"TimeCreated\":{\"SystemTime\":\"2024-11-28T13:55:06.7154187Z\"},\"EventRecordID\":\"2437178\",\"Execution\":{\"ProcessID\":\"3472\",\"ThreadID\":\"5440\"},\"Channel\":\"Microsoft-Windows-Sysmon/Operational\",\"Computer\":\"wperry.dev.it.stf\",\"Security\":{\"UserID\":\"S-1-5-18\"}},\"EventData\":{\"Data\":[{\"Name\":\"RuleName\",\"text\":\"-\"},{\"Name\":\"EventType\",\"text\":\"ConnectPipe\"},{\"Name\":\"UtcTime\",\"text\":\"2024-11-28 13:55:06.710\"},{\"Name\":\"ProcessGuid\",\"text\":\"{8cbafd4f-763a-6748-7f1c-010000003000}\"},{\"Name\":\"ProcessId\",\"text\":\"5452\"},{\"Name\":\"PipeName\",\"text\":\"\\\\wkssvc\"},{\"Name\":\"Image\",\"text\":\"C:\\\\WINDOWS\\\\system32\\\\net1.exe\"},{\"Name\":\"User\",\"text\":\"NT AUTHORITY\\\\SYSTEM\"}]}}}",
      "event_src.asset": "1b5edacf-03c0-0001-0000-000000000061",
      "event_src.category": "Other",
      "event_src.fqdn": "wperry.dev.it.stf",
      "event_src.host": "wperry.dev.it.stf",
      "event_src.hostname": "wperry",
      "event_src.id": "Microsoft-Windows-Sysmon",
      "event_src.subsys": "microsoft-windows-sysmon/operational",
      "event_src.title": "sysmon",
      "event_src.vendor": "microsoft",
      "generator.type": "logcollector",
      "historical": false,
      "id": "PT_Microsoft_Windows_eventlog_Sysmon_18_Pipe_connected",
      "importance": "info",
      "incorrect_time": false,
      "input_id": "8420610f-4530-4e84-8708-f3f8c9c3791c",
      "job_id": "9dadc32a-e189-4a46-a14e-bcc376ace4f9",
      "mime": "application/x-pt-eventlog",
      "msgid": "18",
      "normalized": true,
      "object": "resource",
      "object.name": "wkssvc",
      "object.type": "pipe",
      "origin_app_id": "1a1438a4-f340-0001-0000-000000000004",
      "primary_siem_app_id": "1a1438a4-f340-0001-0000-000000000004",
      "recv_asset": "1b5edb23-4c40-0001-0000-000000000075",
      "recv_ipv4": "10.156.92.228",
      "remote": false,
      "scope_id": "00000000-0000-0000-0000-000000000005",
      "siem_id": "60fc3aec-dfa9-4956-a04c-838c263276f0",
      "status": "success",
      "subject": "process",
      "subject.account.domain": "nt authority",
      "subject.account.id": "S-1-5-18",
      "subject.account.name": "system",
      "subject.account.provider": "local",
      "subject.account.session_id": "999",
      "subject.process.fullpath": "c:\\windows\\system32\\net1.exe",
      "subject.process.guid": "8cbafd4f-763a-6748-7f1c-010000003000",
      "subject.process.id": "5452",
      "subject.process.name": "net1.exe",
      "subject.process.path": "c:\\windows\\system32\\",
      "tag": "wineventlog",
      "task_id": "1b5ed942-b7c0-0001-0000-000000000338",
      "taxonomy_version": "27.0.223-release-27.0",
      "tenant_id": "6e484846-c7ac-40e7-b331-f530cb659820",
      "time": "2024-11-28T13:55:06.7150000Z",
      "uuid": "667f016e-ad90-11ef-b052-005056b7517e",
      "text": "A named pipe is connected on host wperry.dev.it.stf",
      "_checkpoint": 216148496070,
      "origin_app_alias": "MP-1",
      "primary_siem_app_alias": "MP-1",
      "siem_alias": "siem-server2.soc.stf",
      "site_alias": "unknown site_id=null",
      "site_name": "unknown site_id=null",
      "site_address": "unknown site_id=null",
      "_meta": {
        "id": "667f016e-ad90-11ef-b052-005056b7517e",
        "time": "2024-11-28T13:55:06.7150000Z",
        "assetIds": [
          "1b5edacf-03c0-0001-0000-000000000061",
          "1b5edb23-4c40-0001-0000-000000000075"
        ],
        "site_alias": "unknown site_id=null",
        "site_name": "unknown site_id=null",
        "site_address": "unknown site_id=null",
        "site_is_deleted": true
      }
    },
    {
      "action": "bind",
      "agent_id": "e24b4795-36be-4043-b8f5-00a480c8428d",
      "asset_ids": [
        "1b5edacf-03c0-0001-0000-000000000061",
        "1b5edb23-4c40-0001-0000-000000000075"
      ],
      "body": "{\"Event\":{\"xmlns\":\"http://schemas.microsoft.com/win/2004/08/events/event\",\"System\":{\"Provider\":{\"Name\":\"Microsoft-Windows-Sysmon\",\"Guid\":\"{5770385f-c22a-43e0-bf4c-06f5698ffbd9}\"},\"EventID\":\"18\",\"Version\":\"1\",\"Level\":\"4\",\"Task\":\"18\",\"Opcode\":\"0\",\"Keywords\":\"0x8000000000000000\",\"TimeCreated\":{\"SystemTime\":\"2024-11-28T13:55:06.7175209Z\"},\"EventRecordID\":\"2437179\",\"Execution\":{\"ProcessID\":\"3472\",\"ThreadID\":\"5440\"},\"Channel\":\"Microsoft-Windows-Sysmon/Operational\",\"Computer\":\"wperry.dev.it.stf\",\"Security\":{\"UserID\":\"S-1-5-18\"}},\"EventData\":{\"Data\":[{\"Name\":\"RuleName\",\"text\":\"-\"},{\"Name\":\"EventType\",\"text\":\"ConnectPipe\"},{\"Name\":\"UtcTime\",\"text\":\"2024-11-28 13:55:06.710\"},{\"Name\":\"ProcessGuid\",\"text\":\"{8cbafd4f-763a-6748-7f1c-010000003000}\"},{\"Name\":\"ProcessId\",\"text\":\"5452\"},{\"Name\":\"PipeName\",\"text\":\"\\\\lsass\"},{\"Name\":\"Image\",\"text\":\"C:\\\\WINDOWS\\\\system32\\\\net1.exe\"},{\"Name\":\"User\",\"text\":\"NT AUTHORITY\\\\SYSTEM\"}]}}}",
      "event_src.asset": "1b5edacf-03c0-0001-0000-000000000061",
      "event_src.category": "Other",
      "event_src.fqdn": "wperry.dev.it.stf",
      "event_src.host": "wperry.dev.it.stf",
      "event_src.hostname": "wperry",
      "event_src.id": "Microsoft-Windows-Sysmon",
      "event_src.subsys": "microsoft-windows-sysmon/operational",
      "event_src.title": "sysmon",
      "event_src.vendor": "microsoft",
      "generator.type": "logcollector",
      "historical": false,
      "id": "PT_Microsoft_Windows_eventlog_Sysmon_18_Pipe_connected",
      "importance": "info",
      "incorrect_time": false,
      "input_id": "8420610f-4530-4e84-8708-f3f8c9c3791c",
      "job_id": "9dadc32a-e189-4a46-a14e-bcc376ace4f9",
      "mime": "application/x-pt-eventlog",
      "msgid": "18",
      "normalized": true,
      "object": "resource",
      "object.name": "lsass",
      "object.type": "pipe",
      "origin_app_id": "1a1438a4-f340-0001-0000-000000000004",
      "primary_siem_app_id": "1a1438a4-f340-0001-0000-000000000004",
      "recv_asset": "1b5edb23-4c40-0001-0000-000000000075",
      "recv_ipv4": "10.156.92.228",
      "remote": false,
      "scope_id": "00000000-0000-0000-0000-000000000005",
      "siem_id": "60fc3aec-dfa9-4956-a04c-838c263276f0",
      "status": "success",
      "subject": "process",
      "subject.account.domain": "nt authority",
      "subject.account.id": "S-1-5-18",
      "subject.account.name": "system",
      "subject.account.provider": "local",
      "subject.account.session_id": "999",
      "subject.process.fullpath": "c:\\windows\\system32\\net1.exe",
      "subject.process.guid": "8cbafd4f-763a-6748-7f1c-010000003000",
      "subject.process.id": "5452",
      "subject.process.name": "net1.exe",
      "subject.process.path": "c:\\windows\\system32\\",
      "tag": "wineventlog",
      "task_id": "1b5ed942-b7c0-0001-0000-000000000338",
      "taxonomy_version": "27.0.223-release-27.0",
      "tenant_id": "6e484846-c7ac-40e7-b331-f530cb659820",
      "time": "2024-11-28T13:55:06.7170000Z",
      "uuid": "667f016f-ad90-11ef-b052-005056b7517e",
      "text": "A named pipe is connected on host wperry.dev.it.stf",
      "_checkpoint": 216148496071,
      "origin_app_alias": "MP-1",
      "primary_siem_app_alias": "MP-1",
      "siem_alias": "siem-server2.soc.stf",
      "site_alias": "unknown site_id=null",
      "site_name": "unknown site_id=null",
      "site_address": "unknown site_id=null",
      "_meta": {
        "id": "667f016f-ad90-11ef-b052-005056b7517e",
        "time": "2024-11-28T13:55:06.7170000Z",
        "assetIds": [
          "1b5edacf-03c0-0001-0000-000000000061",
          "1b5edb23-4c40-0001-0000-000000000075"
        ],
        "site_alias": "unknown site_id=null",
        "site_name": "unknown site_id=null",
        "site_address": "unknown site_id=null",
        "site_is_deleted": true
      }
    },
