    {
      "action": "create",
      "agent_id": "e24b4795-36be-4043-b8f5-00a480c8428d",
      "asset_ids": [
        "1b5edacf-03c0-0001-0000-000000000061",
        "1b5edb23-4c40-0001-0000-000000000075"
      ],
      "body": "{\"Event\":{\"xmlns\":\"http://schemas.microsoft.com/win/2004/08/events/event\",\"System\":{\"Provider\":{\"Name\":\"Microsoft-Windows-Sysmon\",\"Guid\":\"{5770385f-c22a-43e0-bf4c-06f5698ffbd9}\"},\"EventID\":\"17\",\"Version\":\"1\",\"Level\":\"4\",\"Task\":\"17\",\"Opcode\":\"0\",\"Keywords\":\"0x8000000000000000\",\"TimeCreated\":{\"SystemTime\":\"2024-11-28T13:47:25.8790664Z\"},\"EventRecordID\":\"2436657\",\"Execution\":{\"ProcessID\":\"3472\",\"ThreadID\":\"5440\"},\"Channel\":\"Microsoft-Windows-Sysmon/Operational\",\"Computer\":\"wperry.dev.it.stf\",\"Security\":{\"UserID\":\"S-1-5-18\"}},\"EventData\":{\"Data\":[{\"Name\":\"RuleName\",\"text\":\"-\"},{\"Name\":\"EventType\",\"text\":\"CreatePipe\"},{\"Name\":\"UtcTime\",\"text\":\"2024-11-28 13:47:25.864\"},{\"Name\":\"ProcessGuid\",\"text\":\"{8cbafd4f-746d-6748-221c-010000003000}\"},{\"Name\":\"ProcessId\",\"text\":\"7280\"},{\"Name\":\"PipeName\",\"text\":\"\\\\PSHost.133772752457223737.7280.DefaultAppDomain.powershell\"},{\"Name\":\"Image\",\"text\":\"C:\\\\WINDOWS\\\\system32\\\\WindowsPowerShell\\\\v1.0\\\\PowerShell.exe\"},{\"Name\":\"User\",\"text\":\"NT AUTHORITY\\\\SYSTEM\"}]}}}",
      "event_src.asset": "1b5edacf-03c0-0001-0000-000000000061",
      "event_src.category": "Other",
      "event_src.fqdn": "wperry.dev.it.stf",
      "event_src.host": "wperry.dev.it.stf",
      "event_src.hostname": "wperry",
      "event_src.id": "Microsoft-Windows-Sysmon",
      "event_src.subsys": "microsoft-windows-sysmon/operational",
      "event_src.title": "sysmon",
      "event_src.vendor": "microsoft",
      "generator.type": "logcollector",
      "historical": false,
      "id": "PT_Microsoft_Windows_eventlog_Sysmon_17_Pipe_created",
      "importance": "info",
      "incorrect_time": false,
      "input_id": "8420610f-4530-4e84-8708-f3f8c9c3791c",
      "job_id": "9dadc32a-e189-4a46-a14e-bcc376ace4f9",
      "mime": "application/x-pt-eventlog",
      "msgid": "17",
      "normalized": true,
      "object": "resource",
      "object.name": "PSHost.133772752457223737.7280.DefaultAppDomain.powershell",
      "object.type": "pipe",
      "origin_app_id": "1a1438a4-f340-0001-0000-000000000004",
      "primary_siem_app_id": "1a1438a4-f340-0001-0000-000000000004",
      "recv_asset": "1b5edb23-4c40-0001-0000-000000000075",
      "recv_ipv4": "10.156.92.228",
      "remote": false,
      "scope_id": "00000000-0000-0000-0000-000000000005",
      "siem_id": "60fc3aec-dfa9-4956-a04c-838c263276f0",
      "status": "success",
      "subject": "process",
      "subject.account.domain": "nt authority",
      "subject.account.id": "S-1-5-18",
      "subject.account.name": "system",
      "subject.account.provider": "local",
      "subject.account.session_id": "999",
      "subject.process.fullpath": "c:\\windows\\system32\\windowspowershell\\v1.0\\powershell.exe",
      "subject.process.guid": "8cbafd4f-746d-6748-221c-010000003000",
      "subject.process.id": "7280",
      "subject.process.name": "powershell.exe",
      "subject.process.path": "c:\\windows\\system32\\windowspowershell\\v1.0\\",
      "tag": "wineventlog",
      "task_id": "1b5ed942-b7c0-0001-0000-000000000338",
      "taxonomy_version": "27.0.223-release-27.0",
      "tenant_id": "6e484846-c7ac-40e7-b331-f530cb659820",
      "time": "2024-11-28T13:47:25.8790000Z",
      "uuid": "54df3ed1-ad8f-11ef-b052-005056b7517e",
      "text": "A named pipe is created on host wperry.dev.it.stf",
      "_checkpoint": 216133856672,
      "origin_app_alias": "MP-1",
      "primary_siem_app_alias": "MP-1",
      "siem_alias": "siem-server2.soc.stf",
      "site_alias": "unknown site_id=null",
      "site_name": "unknown site_id=null",
      "site_address": "unknown site_id=null",
      "_meta": {
        "id": "54df3ed1-ad8f-11ef-b052-005056b7517e",
        "time": "2024-11-28T13:47:25.8790000Z",
        "assetIds": [
          "1b5edacf-03c0-0001-0000-000000000061",
          "1b5edb23-4c40-0001-0000-000000000075"
        ],
        "site_alias": "unknown site_id=null",
        "site_name": "unknown site_id=null",
        "site_address": "unknown site_id=null",
        "site_is_deleted": true
      }
    },
    {
      "action": "start",
      "agent_id": "e24b4795-36be-4043-b8f5-00a480c8428d",
      "asset_ids": [
        "1b5edacf-03c0-0001-0000-000000000061",
        "1b5edb23-4c40-0001-0000-000000000075"
      ],
      "body": "{\"Event\":{\"xmlns\":\"http://schemas.microsoft.com/win/2004/08/events/event\",\"System\":{\"Provider\":{\"Name\":\"Microsoft-Windows-Sysmon\",\"Guid\":\"{5770385f-c22a-43e0-bf4c-06f5698ffbd9}\"},\"EventID\":\"7\",\"Version\":\"3\",\"Level\":\"4\",\"Task\":\"7\",\"Opcode\":\"0\",\"Keywords\":\"0x8000000000000000\",\"TimeCreated\":{\"SystemTime\":\"2024-11-28T13:47:25.8880491Z\"},\"EventRecordID\":\"2436658\",\"Execution\":{\"ProcessID\":\"3472\",\"ThreadID\":\"5440\"},\"Channel\":\"Microsoft-Windows-Sysmon/Operational\",\"Computer\":\"wperry.dev.it.stf\",\"Security\":{\"UserID\":\"S-1-5-18\"}},\"EventData\":{\"Data\":[{\"Name\":\"RuleName\",\"text\":\"All images\"},{\"Name\":\"UtcTime\",\"text\":\"2024-11-28 13:47:25.879\"},{\"Name\":\"ProcessGuid\",\"text\":\"{8cbafd4f-746d-6748-221c-010000003000}\"},{\"Name\":\"ProcessId\",\"text\":\"7280\"},{\"Name\":\"Image\",\"text\":\"C:\\\\Windows\\\\System32\\\\WindowsPowerShell\\\\v1.0\\\\powershell.exe\"},{\"Name\":\"ImageLoaded\",\"text\":\"C:\\\\Windows\\\\Microsoft.NET\\\\Framework64\\\\v4.0.30319\\\\clrjit.dll\"},{\"Name\":\"FileVersion\",\"text\":\"4.8.9290.0 built by: NET481REL1LAST_C\"},{\"Name\":\"Description\",\"text\":\"Microsoft .NET Runtime Just-In-Time Compiler\"},{\"Name\":\"Product\",\"text\":\"Microsoft\u00ae .NET Framework\"},{\"Name\":\"Company\",\"text\":\"Microsoft Corporation\"},{\"Name\":\"OriginalFileName\",\"text\":\"clrjit.dll\"},{\"Name\":\"Hashes\",\"text\":\"MD5=41B16486824879246B8C67FED452327E,SHA256=63B14C78C6C2E083D3F6F14A034122D3FB8F470796223DB1A6492DE338036F5D,IMPHASH=F2AFE1578B0645F42EFCA5A3FB0CE765\"},{\"Name\":\"Signed\",\"text\":\"true\"},{\"Name\":\"Signature\",\"text\":\"Microsoft Corporation\"},{\"Name\":\"SignatureStatus\",\"text\":\"Valid\"},{\"Name\":\"User\",\"text\":\"NT AUTHORITY\\\\SYSTEM\"}]}}}",
      "category.generic": "Executable Module",
      "category.high": "Availability Management",
      "category.low": "Control",
      "event_src.asset": "1b5edacf-03c0-0001-0000-000000000061",
      "event_src.category": "Other",
      "event_src.fqdn": "wperry.dev.it.stf",
      "event_src.host": "wperry.dev.it.stf",
      "event_src.hostname": "wperry",
      "event_src.id": "Microsoft-Windows-Sysmon",
      "event_src.rule": "All images",
      "event_src.subsys": "microsoft-windows-sysmon/operational",
      "event_src.title": "sysmon",
      "event_src.vendor": "microsoft",
      "generator.type": "logcollector",
      "historical": false,
      "id": "PT_Microsoft_Windows_eventlog_Sysmon_7_Image_loaded",
      "importance": "low",
      "incorrect_time": false,
      "input_id": "8420610f-4530-4e84-8708-f3f8c9c3791c",
      "job_id": "9dadc32a-e189-4a46-a14e-bcc376ace4f9",
      "mime": "application/x-pt-eventlog",
      "msgid": "7",
      "normalized": true,
      "object": "module",
      "object.process.fullpath": "c:\\windows\\microsoft.net\\framework64\\v4.0.30319\\clrjit.dll",
      "object.process.hash": "IMPHASH:F2AFE1578B0645F42EFCA5A3FB0CE765 MD5:41B16486824879246B8C67FED452327E SHA256:63B14C78C6C2E083D3F6F14A034122D3FB8F470796223DB1A6492DE338036F5D",
      "object.process.hash.imphash": "F2AFE1578B0645F42EFCA5A3FB0CE765",
      "object.process.hash.md5": "41B16486824879246B8C67FED452327E",
      "object.process.hash.sha256": "63B14C78C6C2E083D3F6F14A034122D3FB8F470796223DB1A6492DE338036F5D",
      "object.process.meta": "Description:Microsoft .NET Runtime Just-In-Time Compiler | Product:Microsoft\u00ae .NET Framework | Company:Microsoft Corporation",
      "object.process.name": "clrjit.dll",
      "object.process.original_name": "clrjit.dll",
      "object.process.path": "c:\\windows\\microsoft.net\\framework64\\v4.0.30319\\",
      "object.property": "signature status",
      "object.value": "Valid | Microsoft Corporation",
      "object.version": "4.8.9290.0 built by: NET481REL1LAST_C",
      "origin_app_id": "1a1438a4-f340-0001-0000-000000000004",
      "primary_siem_app_id": "1a1438a4-f340-0001-0000-000000000004",
      "recv_asset": "1b5edb23-4c40-0001-0000-000000000075",
      "recv_ipv4": "10.156.92.228",
      "remote": false,
      "scope_id": "00000000-0000-0000-0000-000000000005",
      "siem_id": "60fc3aec-dfa9-4956-a04c-838c263276f0",
      "status": "success",
      "subject": "process",
      "subject.account.domain": "nt authority",
      "subject.account.id": "S-1-5-18",
      "subject.account.name": "system",
      "subject.account.provider": "local",
      "subject.account.session_id": "999",
      "subject.process.fullpath": "c:\\windows\\system32\\windowspowershell\\v1.0\\powershell.exe",
      "subject.process.guid": "8cbafd4f-746d-6748-221c-010000003000",
      "subject.process.id": "7280",
      "subject.process.name": "powershell.exe",
      "subject.process.path": "c:\\windows\\system32\\windowspowershell\\v1.0\\",
      "tag": "wineventlog",
      "task_id": "1b5ed942-b7c0-0001-0000-000000000338",
      "taxonomy_version": "27.0.223-release-27.0",
      "tenant_id": "6e484846-c7ac-40e7-b331-f530cb659820",
      "time": "2024-11-28T13:47:25.8880000Z",
      "uuid": "54df3ed2-ad8f-11ef-b052-005056b7517e",
      "text": "The process powershell.exe loaded the module clrjit.dll on host wperry.dev.it.stf",
      "_checkpoint": 216133856673,
      "origin_app_alias": "MP-1",
      "primary_siem_app_alias": "MP-1",
      "siem_alias": "siem-server2.soc.stf",
      "site_alias": "unknown site_id=null",
      "site_name": "unknown site_id=null",
      "site_address": "unknown site_id=null",
      "_meta": {
        "id": "54df3ed2-ad8f-11ef-b052-005056b7517e",
        "time": "2024-11-28T13:47:25.8880000Z",
        "assetIds": [
          "1b5edacf-03c0-0001-0000-000000000061",
          "1b5edb23-4c40-0001-0000-000000000075"
        ],
        "site_alias": "unknown site_id=null",
        "site_name": "unknown site_id=null",
        "site_address": "unknown site_id=null",
        "site_is_deleted": true
      }
    },
    {
      "action": "start",
      "agent_id": "e24b4795-36be-4043-b8f5-00a480c8428d",
      "asset_ids": [
        "1b5edacf-03c0-0001-0000-000000000061",
        "1b5edb23-4c40-0001-0000-000000000075"
      ],
      "body": "{\"Event\":{\"xmlns\":\"http://schemas.microsoft.com/win/2004/08/events/event\",\"System\":{\"Provider\":{\"Name\":\"Microsoft-Windows-Sysmon\",\"Guid\":\"{5770385f-c22a-43e0-bf4c-06f5698ffbd9}\"},\"EventID\":\"7\",\"Version\":\"3\",\"Level\":\"4\",\"Task\":\"7\",\"Opcode\":\"0\",\"Keywords\":\"0x8000000000000000\",\"TimeCreated\":{\"SystemTime\":\"2024-11-28T13:47:25.8952116Z\"},\"EventRecordID\":\"2436659\",\"Execution\":{\"ProcessID\":\"3472\",\"ThreadID\":\"5440\"},\"Channel\":\"Microsoft-Windows-Sysmon/Operational\",\"Computer\":\"wperry.dev.it.stf\",\"Security\":{\"UserID\":\"S-1-5-18\"}},\"EventData\":{\"Data\":[{\"Name\":\"RuleName\",\"text\":\"All images\"},{\"Name\":\"UtcTime\",\"text\":\"2024-11-28 13:47:25.879\"},{\"Name\":\"ProcessGuid\",\"text\":\"{8cbafd4f-746d-6748-221c-010000003000}\"},{\"Name\":\"ProcessId\",\"text\":\"7280\"},{\"Name\":\"Image\",\"text\":\"C:\\\\Windows\\\\System32\\\\WindowsPowerShell\\\\v1.0\\\\powershell.exe\"},{\"Name\":\"ImageLoaded\",\"text\":\"C:\\\\Windows\\\\assembly\\\\NativeImages_v4.0.30319_64\\\\Microsoft.P6f792626#\\\\0d77106b7346dd7a8906a8f16fe1d8e8\\\\Microsoft.PowerShell.Security.ni.dll\"},{\"Name\":\"FileVersion\",\"text\":\"10.0.19041.1\"},{\"Name\":\"Description\",\"text\":\"Microsoft Windows PowerShell Management Commands\"},{\"Name\":\"Product\",\"text\":\"Microsoft (R) Windows (R) Operating System\"},{\"Name\":\"Company\",\"text\":\"Microsoft Corporation\"},{\"Name\":\"OriginalFileName\",\"text\":\"Microsoft.PowerShell.Security.dll\"},{\"Name\":\"Hashes\",\"text\":\"MD5=20E74C8701E83B12C4AABE24BDB658F4,SHA256=3B50B592ADED6989215466DCD5C43545F9AB582C3F60E3DEF6ACE8F3B39D31F7,IMPHASH=00000000000000000000000000000000\"},{\"Name\":\"Signed\",\"text\":\"false\"},{\"Name\":\"Signature\",\"text\":\"-\"},{\"Name\":\"SignatureStatus\",\"text\":\"Unavailable\"},{\"Name\":\"User\",\"text\":\"NT AUTHORITY\\\\SYSTEM\"}]}}}",
      "category.generic": "Executable Module",
      "category.high": "Availability Management",
      "category.low": "Control",
      "event_src.asset": "1b5edacf-03c0-0001-0000-000000000061",
      "event_src.category": "Other",
      "event_src.fqdn": "wperry.dev.it.stf",
      "event_src.host": "wperry.dev.it.stf",
      "event_src.hostname": "wperry",
      "event_src.id": "Microsoft-Windows-Sysmon",
      "event_src.rule": "All images",
      "event_src.subsys": "microsoft-windows-sysmon/operational",
      "event_src.title": "sysmon",
      "event_src.vendor": "microsoft",
      "generator.type": "logcollector",
      "historical": false,
      "id": "PT_Microsoft_Windows_eventlog_Sysmon_7_Image_loaded",
      "importance": "low",
      "incorrect_time": false,
      "input_id": "8420610f-4530-4e84-8708-f3f8c9c3791c",
      "job_id": "9dadc32a-e189-4a46-a14e-bcc376ace4f9",
      "mime": "application/x-pt-eventlog",
      "msgid": "7",
      "normalized": true,
      "object": "module",
      "object.process.fullpath": "c:\\windows\\assembly\\nativeimages_v4.0.30319_64\\microsoft.p6f792626#\\0d77106b7346dd7a8906a8f16fe1d8e8\\microsoft.powershell.security.ni.dll",
      "object.process.hash": "IMPHASH:00000000000000000000000000000000 MD5:20E74C8701E83B12C4AABE24BDB658F4 SHA256:3B50B592ADED6989215466DCD5C43545F9AB582C3F60E3DEF6ACE8F3B39D31F7",
      "object.process.hash.imphash": "00000000000000000000000000000000",
      "object.process.hash.md5": "20E74C8701E83B12C4AABE24BDB658F4",
      "object.process.hash.sha256": "3B50B592ADED6989215466DCD5C43545F9AB582C3F60E3DEF6ACE8F3B39D31F7",
      "object.process.meta": "Description:Microsoft Windows PowerShell Management Commands | Product:Microsoft (R) Windows (R) Operating System | Company:Microsoft Corporation",
      "object.process.name": "microsoft.powershell.security.ni.dll",
      "object.process.original_name": "Microsoft.PowerShell.Security.dll",
      "object.process.path": "c:\\windows\\assembly\\nativeimages_v4.0.30319_64\\microsoft.p6f792626#\\0d77106b7346dd7a8906a8f16fe1d8e8\\",
      "object.property": "signature status",
      "object.value": "not signed",
      "object.version": "10.0.19041.1",
      "origin_app_id": "1a1438a4-f340-0001-0000-000000000004",
      "primary_siem_app_id": "1a1438a4-f340-0001-0000-000000000004",
      "recv_asset": "1b5edb23-4c40-0001-0000-000000000075",
      "recv_ipv4": "10.156.92.228",
      "remote": false,
      "scope_id": "00000000-0000-0000-0000-000000000005",
      "siem_id": "60fc3aec-dfa9-4956-a04c-838c263276f0",
      "status": "success",
      "subject": "process",
      "subject.account.domain": "nt authority",
      "subject.account.id": "S-1-5-18",
      "subject.account.name": "system",
      "subject.account.provider": "local",
      "subject.account.session_id": "999",
      "subject.process.fullpath": "c:\\windows\\system32\\windowspowershell\\v1.0\\powershell.exe",
      "subject.process.guid": "8cbafd4f-746d-6748-221c-010000003000",
      "subject.process.id": "7280",
      "subject.process.name": "powershell.exe",
      "subject.process.path": "c:\\windows\\system32\\windowspowershell\\v1.0\\",
      "tag": "wineventlog",
      "task_id": "1b5ed942-b7c0-0001-0000-000000000338",
      "taxonomy_version": "27.0.223-release-27.0",
      "tenant_id": "6e484846-c7ac-40e7-b331-f530cb659820",
      "time": "2024-11-28T13:47:25.8950000Z",
      "uuid": "54df3ed3-ad8f-11ef-b052-005056b7517e",
      "text": "The process powershell.exe loaded the module microsoft.powershell.security.ni.dll on host wperry.dev.it.stf",
      "_checkpoint": 216133856674,
      "origin_app_alias": "MP-1",
      "primary_siem_app_alias": "MP-1",
      "siem_alias": "siem-server2.soc.stf",
      "site_alias": "unknown site_id=null",
      "site_name": "unknown site_id=null",
      "site_address": "unknown site_id=null",
      "_meta": {
        "id": "54df3ed3-ad8f-11ef-b052-005056b7517e",
        "time": "2024-11-28T13:47:25.8950000Z",
        "assetIds": [
          "1b5edacf-03c0-0001-0000-000000000061",
          "1b5edb23-4c40-0001-0000-000000000075"
        ],
        "site_alias": "unknown site_id=null",
        "site_name": "unknown site_id=null",
        "site_address": "unknown site_id=null",
        "site_is_deleted": true
      }
    },
    {
      "action": "start",
      "agent_id": "e24b4795-36be-4043-b8f5-00a480c8428d",
      "asset_ids": [
        "1b5edacf-03c0-0001-0000-000000000061",
        "1b5edb23-4c40-0001-0000-000000000075"
      ],
      "body": "{\"Event\":{\"xmlns\":\"http://schemas.microsoft.com/win/2004/08/events/event\",\"System\":{\"Provider\":{\"Name\":\"Microsoft-Windows-Sysmon\",\"Guid\":\"{5770385f-c22a-43e0-bf4c-06f5698ffbd9}\"},\"EventID\":\"7\",\"Version\":\"3\",\"Level\":\"4\",\"Task\":\"7\",\"Opcode\":\"0\",\"Keywords\":\"0x8000000000000000\",\"TimeCreated\":{\"SystemTime\":\"2024-11-28T13:47:25.8964356Z\"},\"EventRecordID\":\"2436660\",\"Execution\":{\"ProcessID\":\"3472\",\"ThreadID\":\"5440\"},\"Channel\":\"Microsoft-Windows-Sysmon/Operational\",\"Computer\":\"wperry.dev.it.stf\",\"Security\":{\"UserID\":\"S-1-5-18\"}},\"EventData\":{\"Data\":[{\"Name\":\"RuleName\",\"text\":\"All images\"},{\"Name\":\"UtcTime\",\"text\":\"2024-11-28 13:47:25.895\"},{\"Name\":\"ProcessGuid\",\"text\":\"{8cbafd4f-746d-6748-221c-010000003000}\"},{\"Name\":\"ProcessId\",\"text\":\"7280\"},{\"Name\":\"Image\",\"text\":\"C:\\\\Windows\\\\System32\\\\WindowsPowerShell\\\\v1.0\\\\powershell.exe\"},{\"Name\":\"ImageLoaded\",\"text\":\"C:\\\\Windows\\\\assembly\\\\NativeImages_v4.0.30319_64\\\\System.Transactions\\\\b53daffd2bc3262cc07d630778600d7f\\\\System.Transactions.ni.dll\"},{\"Name\":\"FileVersion\",\"text\":\"4.8.9037.0 built by: NET481REL1\"},{\"Name\":\"Description\",\"text\":\".NET Framework\"},{\"Name\":\"Product\",\"text\":\"Microsoft\u00ae .NET Framework\"},{\"Name\":\"Company\",\"text\":\"Microsoft Corporation\"},{\"Name\":\"OriginalFileName\",\"text\":\"system.transactions.dll\"},{\"Name\":\"Hashes\",\"text\":\"MD5=096EE539A041049DEE9354B7856A13DE,SHA256=7410A02BFD1B9960E5324FC78DD9489C255FACD889B8756E72FEA36BBFAAF2E0,IMPHASH=00000000000000000000000000000000\"},{\"Name\":\"Signed\",\"text\":\"false\"},{\"Name\":\"Signature\",\"text\":\"-\"},{\"Name\":\"SignatureStatus\",\"text\":\"Unavailable\"},{\"Name\":\"User\",\"text\":\"NT AUTHORITY\\\\SYSTEM\"}]}}}",
      "category.generic": "Executable Module",
      "category.high": "Availability Management",
      "category.low": "Control",
      "event_src.asset": "1b5edacf-03c0-0001-0000-000000000061",
      "event_src.category": "Other",
      "event_src.fqdn": "wperry.dev.it.stf",
      "event_src.host": "wperry.dev.it.stf",
      "event_src.hostname": "wperry",
      "event_src.id": "Microsoft-Windows-Sysmon",
      "event_src.rule": "All images",
      "event_src.subsys": "microsoft-windows-sysmon/operational",
      "event_src.title": "sysmon",
      "event_src.vendor": "microsoft",
      "generator.type": "logcollector",
      "historical": false,
      "id": "PT_Microsoft_Windows_eventlog_Sysmon_7_Image_loaded",
      "importance": "low",
      "incorrect_time": false,
      "input_id": "8420610f-4530-4e84-8708-f3f8c9c3791c",
      "job_id": "9dadc32a-e189-4a46-a14e-bcc376ace4f9",
      "mime": "application/x-pt-eventlog",
      "msgid": "7",
      "normalized": true,
      "object": "module",
      "object.process.fullpath": "c:\\windows\\assembly\\nativeimages_v4.0.30319_64\\system.transactions\\b53daffd2bc3262cc07d630778600d7f\\system.transactions.ni.dll",
      "object.process.hash": "IMPHASH:00000000000000000000000000000000 MD5:096EE539A041049DEE9354B7856A13DE SHA256:7410A02BFD1B9960E5324FC78DD9489C255FACD889B8756E72FEA36BBFAAF2E0",
      "object.process.hash.imphash": "00000000000000000000000000000000",
      "object.process.hash.md5": "096EE539A041049DEE9354B7856A13DE",
      "object.process.hash.sha256": "7410A02BFD1B9960E5324FC78DD9489C255FACD889B8756E72FEA36BBFAAF2E0",
      "object.process.meta": "Description:.NET Framework | Product:Microsoft\u00ae .NET Framework | Company:Microsoft Corporation",
      "object.process.name": "system.transactions.ni.dll",
      "object.process.original_name": "system.transactions.dll",
      "object.process.path": "c:\\windows\\assembly\\nativeimages_v4.0.30319_64\\system.transactions\\b53daffd2bc3262cc07d630778600d7f\\",
      "object.property": "signature status",
      "object.value": "not signed",
      "object.version": "4.8.9037.0 built by: NET481REL1",
      "origin_app_id": "1a1438a4-f340-0001-0000-000000000004",
      "primary_siem_app_id": "1a1438a4-f340-0001-0000-000000000004",
      "recv_asset": "1b5edb23-4c40-0001-0000-000000000075",
      "recv_ipv4": "10.156.92.228",
      "remote": false,
      "scope_id": "00000000-0000-0000-0000-000000000005",
      "siem_id": "60fc3aec-dfa9-4956-a04c-838c263276f0",
      "status": "success",
      "subject": "process",
      "subject.account.domain": "nt authority",
      "subject.account.id": "S-1-5-18",
      "subject.account.name": "system",
      "subject.account.provider": "local",
      "subject.account.session_id": "999",
      "subject.process.fullpath": "c:\\windows\\system32\\windowspowershell\\v1.0\\powershell.exe",
      "subject.process.guid": "8cbafd4f-746d-6748-221c-010000003000",
      "subject.process.id": "7280",
      "subject.process.name": "powershell.exe",
      "subject.process.path": "c:\\windows\\system32\\windowspowershell\\v1.0\\",
      "tag": "wineventlog",
      "task_id": "1b5ed942-b7c0-0001-0000-000000000338",
      "taxonomy_version": "27.0.223-release-27.0",
      "tenant_id": "6e484846-c7ac-40e7-b331-f530cb659820",
      "time": "2024-11-28T13:47:25.8960000Z",
      "uuid": "54df3ed4-ad8f-11ef-b052-005056b7517e",
      "text": "The process powershell.exe loaded the module system.transactions.ni.dll on host wperry.dev.it.stf",
      "_checkpoint": 216133856675,
      "origin_app_alias": "MP-1",
      "primary_siem_app_alias": "MP-1",
      "siem_alias": "siem-server2.soc.stf",
      "site_alias": "unknown site_id=null",
      "site_name": "unknown site_id=null",
      "site_address": "unknown site_id=null",
      "_meta": {
        "id": "54df3ed4-ad8f-11ef-b052-005056b7517e",
        "time": "2024-11-28T13:47:25.8960000Z",
        "assetIds": [
          "1b5edacf-03c0-0001-0000-000000000061",
          "1b5edb23-4c40-0001-0000-000000000075"
        ],
        "site_alias": "unknown site_id=null",
        "site_name": "unknown site_id=null",
        "site_address": "unknown site_id=null",
        "site_is_deleted": true
      }
    },
    {
      "action": "start",
      "agent_id": "e24b4795-36be-4043-b8f5-00a480c8428d",
      "asset_ids": [
        "1b5edacf-03c0-0001-0000-000000000061",
        "1b5edb23-4c40-0001-0000-000000000075"
      ],
      "body": "{\"Event\":{\"xmlns\":\"http://schemas.microsoft.com/win/2004/08/events/event\",\"System\":{\"Provider\":{\"Name\":\"Microsoft-Windows-Sysmon\",\"Guid\":\"{5770385f-c22a-43e0-bf4c-06f5698ffbd9}\"},\"EventID\":\"7\",\"Version\":\"3\",\"Level\":\"4\",\"Task\":\"7\",\"Opcode\":\"0\",\"Keywords\":\"0x8000000000000000\",\"TimeCreated\":{\"SystemTime\":\"2024-11-28T13:47:25.8975528Z\"},\"EventRecordID\":\"2436661\",\"Execution\":{\"ProcessID\":\"3472\",\"ThreadID\":\"5440\"},\"Channel\":\"Microsoft-Windows-Sysmon/Operational\",\"Computer\":\"wperry.dev.it.stf\",\"Security\":{\"UserID\":\"S-1-5-18\"}},\"EventData\":{\"Data\":[{\"Name\":\"RuleName\",\"text\":\"All images\"},{\"Name\":\"UtcTime\",\"text\":\"2024-11-28 13:47:25.895\"},{\"Name\":\"ProcessGuid\",\"text\":\"{8cbafd4f-746d-6748-221c-010000003000}\"},{\"Name\":\"ProcessId\",\"text\":\"7280\"},{\"Name\":\"Image\",\"text\":\"C:\\\\Windows\\\\System32\\\\WindowsPowerShell\\\\v1.0\\\\powershell.exe\"},{\"Name\":\"ImageLoaded\",\"text\":\"C:\\\\Windows\\\\Microsoft.NET\\\\assembly\\\\GAC_64\\\\System.Transactions\\\\v4.0_4.0.0.0__b77a5c561934e089\\\\System.Transactions.dll\"},{\"Name\":\"FileVersion\",\"text\":\"4.8.9037.0 built by: NET481REL1\"},{\"Name\":\"Description\",\"text\":\".NET Framework\"},{\"Name\":\"Product\",\"text\":\"Microsoft\u00ae .NET Framework\"},{\"Name\":\"Company\",\"text\":\"Microsoft Corporation\"},{\"Name\":\"OriginalFileName\",\"text\":\"system.transactions.dll\"},{\"Name\":\"Hashes\",\"text\":\"MD5=C2A8030D86866AC007231DEC0AA81EE1,SHA256=78BAF438EA27532D67DBBF51293441B5847EC81657E2F028A7635BC4984C9DCE,IMPHASH=10C155ED8DDBD965BDA88609BD773C5C\"},{\"Name\":\"Signed\",\"text\":\"true\"},{\"Name\":\"Signature\",\"text\":\"Microsoft Corporation\"},{\"Name\":\"SignatureStatus\",\"text\":\"Valid\"},{\"Name\":\"User\",\"text\":\"NT AUTHORITY\\\\SYSTEM\"}]}}}",
      "category.generic": "Executable Module",
      "category.high": "Availability Management",
      "category.low": "Control",
      "event_src.asset": "1b5edacf-03c0-0001-0000-000000000061",
      "event_src.category": "Other",
      "event_src.fqdn": "wperry.dev.it.stf",
      "event_src.host": "wperry.dev.it.stf",
      "event_src.hostname": "wperry",
      "event_src.id": "Microsoft-Windows-Sysmon",
      "event_src.rule": "All images",
      "event_src.subsys": "microsoft-windows-sysmon/operational",
      "event_src.title": "sysmon",
      "event_src.vendor": "microsoft",
      "generator.type": "logcollector",
      "historical": false,
      "id": "PT_Microsoft_Windows_eventlog_Sysmon_7_Image_loaded",
      "importance": "low",
      "incorrect_time": false,
      "input_id": "8420610f-4530-4e84-8708-f3f8c9c3791c",
      "job_id": "9dadc32a-e189-4a46-a14e-bcc376ace4f9",
      "mime": "application/x-pt-eventlog",
      "msgid": "7",
      "normalized": true,
      "object": "module",
      "object.process.fullpath": "c:\\windows\\microsoft.net\\assembly\\gac_64\\system.transactions\\v4.0_4.0.0.0__b77a5c561934e089\\system.transactions.dll",
      "object.process.hash": "IMPHASH:10C155ED8DDBD965BDA88609BD773C5C MD5:C2A8030D86866AC007231DEC0AA81EE1 SHA256:78BAF438EA27532D67DBBF51293441B5847EC81657E2F028A7635BC4984C9DCE",
      "object.process.hash.imphash": "10C155ED8DDBD965BDA88609BD773C5C",
      "object.process.hash.md5": "C2A8030D86866AC007231DEC0AA81EE1",
      "object.process.hash.sha256": "78BAF438EA27532D67DBBF51293441B5847EC81657E2F028A7635BC4984C9DCE",
      "object.process.meta": "Description:.NET Framework | Product:Microsoft\u00ae .NET Framework | Company:Microsoft Corporation",
      "object.process.name": "system.transactions.dll",
      "object.process.original_name": "system.transactions.dll",
      "object.process.path": "c:\\windows\\microsoft.net\\assembly\\gac_64\\system.transactions\\v4.0_4.0.0.0__b77a5c561934e089\\",
      "object.property": "signature status",
      "object.value": "Valid | Microsoft Corporation",
      "object.version": "4.8.9037.0 built by: NET481REL1",
      "origin_app_id": "1a1438a4-f340-0001-0000-000000000004",
      "primary_siem_app_id": "1a1438a4-f340-0001-0000-000000000004",
      "recv_asset": "1b5edb23-4c40-0001-0000-000000000075",
      "recv_ipv4": "10.156.92.228",
      "remote": false,
      "scope_id": "00000000-0000-0000-0000-000000000005",
      "siem_id": "60fc3aec-dfa9-4956-a04c-838c263276f0",
      "status": "success",
      "subject": "process",
      "subject.account.domain": "nt authority",
      "subject.account.id": "S-1-5-18",
      "subject.account.name": "system",
      "subject.account.provider": "local",
      "subject.account.session_id": "999",
      "subject.process.fullpath": "c:\\windows\\system32\\windowspowershell\\v1.0\\powershell.exe",
      "subject.process.guid": "8cbafd4f-746d-6748-221c-010000003000",
      "subject.process.id": "7280",
      "subject.process.name": "powershell.exe",
      "subject.process.path": "c:\\windows\\system32\\windowspowershell\\v1.0\\",
      "tag": "wineventlog",
      "task_id": "1b5ed942-b7c0-0001-0000-000000000338",
      "taxonomy_version": "27.0.223-release-27.0",
      "tenant_id": "6e484846-c7ac-40e7-b331-f530cb659820",
      "time": "2024-11-28T13:47:25.8970000Z",
      "uuid": "54df3ed5-ad8f-11ef-b052-005056b7517e",
      "text": "The process powershell.exe loaded the module system.transactions.dll on host wperry.dev.it.stf",
      "_checkpoint": 216133856676,
      "origin_app_alias": "MP-1",
      "primary_siem_app_alias": "MP-1",
      "siem_alias": "siem-server2.soc.stf",
      "site_alias": "unknown site_id=null",
      "site_name": "unknown site_id=null",
      "site_address": "unknown site_id=null",
      "_meta": {
        "id": "54df3ed5-ad8f-11ef-b052-005056b7517e",
        "time": "2024-11-28T13:47:25.8970000Z",
        "assetIds": [
          "1b5edacf-03c0-0001-0000-000000000061",
          "1b5edb23-4c40-0001-0000-000000000075"
        ],
        "site_alias": "unknown site_id=null",
        "site_name": "unknown site_id=null",
        "site_address": "unknown site_id=null",
        "site_is_deleted": true
      }
    },
    {
      "action": "execute",
      "agent_id": "e24b4795-36be-4043-b8f5-00a480c8428d",
      "asset_ids": [
        "1b5edacf-03c0-0001-0000-000000000061",
        "1b5edb23-4c40-0001-0000-000000000075"
      ],
      "body": "{\"Event\":{\"xmlns\":\"http://schemas.microsoft.com/win/2004/08/events/event\",\"System\":{\"Provider\":{\"Name\":\"Microsoft-Windows-PowerShell\",\"Guid\":\"{a0c1853b-5c40-4b15-8766-3cf1c58f985a}\"},\"EventID\":\"4104\",\"Version\":\"1\",\"Level\":\"5\",\"Task\":\"2\",\"Opcode\":\"15\",\"Keywords\":\"0x0\",\"TimeCreated\":{\"SystemTime\":\"2024-11-28T13:47:25.9438497Z\"},\"EventRecordID\":\"248081\",\"Correlation\":{\"ActivityID\":\"{085a976f-3d95-0000-c56f-6308953ddb01}\"},\"Execution\":{\"ProcessID\":\"7280\",\"ThreadID\":\"8268\"},\"Channel\":\"Microsoft-Windows-PowerShell/Operational\",\"Computer\":\"wperry.dev.it.stf\",\"Security\":{\"UserID\":\"S-1-5-18\"}},\"EventData\":{\"Data\":[{\"Name\":\"MessageNumber\",\"text\":\"1\"},{\"Name\":\"MessageTotal\",\"text\":\"1\"},{\"Name\":\"ScriptBlockText\",\"text\":\"& { . 'C:\\\\WINDOWS\\\\CCM\\\\ScriptStore\\\\69EAE676-F448-4CD6-AAE8-DDD04D298DC4_4924046CC3BE793CF35FBCF4FE69DDF84F5884FC512CF2E6D83B977AEC7269A7.ps1'  | ConvertTo-Json -Compress }\"},{\"Name\":\"ScriptBlockId\",\"text\":\"212bbb99-325b-42cb-8232-2676c9169e6d\"},{\"Name\":\"Path\"}]}}}",
      "category.generic": "Command",
      "category.high": "System Management",
      "category.low": "Manipulation",
      "event_src.asset": "1b5edacf-03c0-0001-0000-000000000061",
      "event_src.category": "Operating system",
      "event_src.fqdn": "wperry.dev.it.stf",
      "event_src.host": "wperry.dev.it.stf",
      "event_src.hostname": "wperry",
      "event_src.id": "Microsoft-Windows-PowerShell",
      "event_src.subsys": "microsoft-windows-powershell/operational",
      "event_src.title": "windows",
      "event_src.vendor": "microsoft",
      "generator.type": "logcollector",
      "historical": false,
      "id": "PT_Microsoft_Windows_eventlog_Common_PowerShell_4104_Command_executed",
      "importance": "info",
      "incorrect_time": false,
      "input_id": "8420610f-4530-4e84-8708-f3f8c9c3791c",
      "job_id": "9dadc32a-e189-4a46-a14e-bcc376ace4f9",
      "mime": "application/x-pt-eventlog",
      "msgid": "4104",
      "normalized": true,
      "numfield1": 1,
      "numfield2": 1,
      "object": "command",
      "object.account.domain": "nt authority",
      "object.account.id": "S-1-5-18",
      "object.account.name": "system",
      "object.account.provider": "local",
      "object.account.session_id": "999",
      "object.id": "212bbb99-325b-42cb-8232-2676c9169e6d",
      "object.process.cmdline": "& { . 'C:\\WINDOWS\\CCM\\ScriptStore\\69EAE676-F448-4CD6-AAE8-DDD04D298DC4_4924046CC3BE793CF35FBCF4FE69DDF84F5884FC512CF2E6D83B977AEC7269A7.ps1'  | ConvertTo-Json -Compress }",
      "object.process.id": "7280",
      "object.value": "& { . 'C:\\WINDOWS\\CCM\\ScriptStore\\69EAE676-F448-4CD6-AAE8-DDD04D298DC4_4924046CC3BE793CF35FBCF4FE69DDF84F5884FC512CF2E6D83B977AEC7269A7.ps1'  | ConvertTo-Json -Compress }",
      "origin_app_id": "1a1438a4-f340-0001-0000-000000000004",
      "primary_siem_app_id": "1a1438a4-f340-0001-0000-000000000004",
      "recv_asset": "1b5edb23-4c40-0001-0000-000000000075",
      "recv_ipv4": "10.156.92.228",
      "remote": false,
      "scope_id": "00000000-0000-0000-0000-000000000005",
      "siem_id": "60fc3aec-dfa9-4956-a04c-838c263276f0",
      "status": "success",
      "subject": "account",
      "subject.account.domain": "nt authority",
      "subject.account.id": "S-1-5-18",
      "subject.account.name": "system",
      "subject.account.provider": "local",
      "subject.account.session_id": "999",
      "tag": "wineventlog",
      "task_id": "1b5ed942-b7c0-0001-0000-000000000338",
      "taxonomy_version": "27.0.223-release-27.0",
      "tenant_id": "6e484846-c7ac-40e7-b331-f530cb659820",
      "time": "2024-11-28T13:47:25.9430000Z",
      "uuid": "5f7e837b-ad8f-11ef-b052-005056b7517e",
      "text": "A PowerShell command is executed on host wperry.dev.it.stf. Creating Scriptblock text (1 of 1).",
      "_checkpoint": 216134368706,
      "origin_app_alias": "MP-1",
      "primary_siem_app_alias": "MP-1",
      "siem_alias": "siem-server2.soc.stf",
      "site_alias": "unknown site_id=null",
      "site_name": "unknown site_id=null",
      "site_address": "unknown site_id=null",
      "_meta": {
        "id": "5f7e837b-ad8f-11ef-b052-005056b7517e",
        "time": "2024-11-28T13:47:25.9430000Z",
        "assetIds": [
          "1b5edacf-03c0-0001-0000-000000000061",
          "1b5edb23-4c40-0001-0000-000000000075"
        ],
        "site_alias": "unknown site_id=null",
        "site_name": "unknown site_id=null",
        "site_address": "unknown site_id=null",
        "site_is_deleted": true
      }
    },
    {
      "action": "execute",
      "agent_id": "e24b4795-36be-4043-b8f5-00a480c8428d",
      "asset_ids": [
        "1b5edacf-03c0-0001-0000-000000000061",
        "1b5edb23-4c40-0001-0000-000000000075"
      ],
      "body": "{\"Event\":{\"xmlns\":\"http://schemas.microsoft.com/win/2004/08/events/event\",\"System\":{\"Provider\":{\"Name\":\"Microsoft-Windows-PowerShell\",\"Guid\":\"{a0c1853b-5c40-4b15-8766-3cf1c58f985a}\"},\"EventID\":\"4104\",\"Version\":\"1\",\"Level\":\"5\",\"Task\":\"2\",\"Opcode\":\"15\",\"Keywords\":\"0x0\",\"TimeCreated\":{\"SystemTime\":\"2024-11-28T13:47:25.9462352Z\"},\"EventRecordID\":\"248082\",\"Correlation\":{\"ActivityID\":\"{085a976f-3d95-0000-c66f-6308953ddb01}\"},\"Execution\":{\"ProcessID\":\"7280\",\"ThreadID\":\"8268\"},\"Channel\":\"Microsoft-Windows-PowerShell/Operational\",\"Computer\":\"wperry.dev.it.stf\",\"Security\":{\"UserID\":\"S-1-5-18\"}},\"EventData\":{\"Data\":[{\"Name\":\"MessageNumber\",\"text\":\"1\"},{\"Name\":\"MessageTotal\",\"text\":\"1\"},{\"Name\":\"ScriptBlockText\",\"text\":\"{ . 'C:\\\\WINDOWS\\\\CCM\\\\ScriptStore\\\\69EAE676-F448-4CD6-AAE8-DDD04D298DC4_4924046CC3BE793CF35FBCF4FE69DDF84F5884FC512CF2E6D83B977AEC7269A7.ps1'  | ConvertTo-Json -Compress }\"},{\"Name\":\"ScriptBlockId\",\"text\":\"648e698c-e44b-4adc-bcc2-05f8db17595d\"},{\"Name\":\"Path\"}]}}}",
      "category.generic": "Command",
      "category.high": "System Management",
      "category.low": "Manipulation",
      "event_src.asset": "1b5edacf-03c0-0001-0000-000000000061",
      "event_src.category": "Operating system",
      "event_src.fqdn": "wperry.dev.it.stf",
      "event_src.host": "wperry.dev.it.stf",
      "event_src.hostname": "wperry",
      "event_src.id": "Microsoft-Windows-PowerShell",
      "event_src.subsys": "microsoft-windows-powershell/operational",
      "event_src.title": "windows",
      "event_src.vendor": "microsoft",
      "generator.type": "logcollector",
      "historical": false,
      "id": "PT_Microsoft_Windows_eventlog_Common_PowerShell_4104_Command_executed",
      "importance": "info",
      "incorrect_time": false,
      "input_id": "8420610f-4530-4e84-8708-f3f8c9c3791c",
      "job_id": "9dadc32a-e189-4a46-a14e-bcc376ace4f9",
      "mime": "application/x-pt-eventlog",
      "msgid": "4104",
      "normalized": true,
      "numfield1": 1,
      "numfield2": 1,
      "object": "command",
      "object.account.domain": "nt authority",
      "object.account.id": "S-1-5-18",
      "object.account.name": "system",
      "object.account.provider": "local",
      "object.account.session_id": "999",
      "object.id": "648e698c-e44b-4adc-bcc2-05f8db17595d",
      "object.process.cmdline": "{ . 'C:\\WINDOWS\\CCM\\ScriptStore\\69EAE676-F448-4CD6-AAE8-DDD04D298DC4_4924046CC3BE793CF35FBCF4FE69DDF84F5884FC512CF2E6D83B977AEC7269A7.ps1'  | ConvertTo-Json -Compress }",
      "object.process.id": "7280",
      "object.value": "{ . 'C:\\WINDOWS\\CCM\\ScriptStore\\69EAE676-F448-4CD6-AAE8-DDD04D298DC4_4924046CC3BE793CF35FBCF4FE69DDF84F5884FC512CF2E6D83B977AEC7269A7.ps1'  | ConvertTo-Json -Compress }",
      "origin_app_id": "1a1438a4-f340-0001-0000-000000000004",
      "primary_siem_app_id": "1a1438a4-f340-0001-0000-000000000004",
      "recv_asset": "1b5edb23-4c40-0001-0000-000000000075",
      "recv_ipv4": "10.156.92.228",
      "remote": false,
      "scope_id": "00000000-0000-0000-0000-000000000005",
      "siem_id": "60fc3aec-dfa9-4956-a04c-838c263276f0",
      "status": "success",
      "subject": "account",
      "subject.account.domain": "nt authority",
      "subject.account.id": "S-1-5-18",
      "subject.account.name": "system",
      "subject.account.provider": "local",
      "subject.account.session_id": "999",
      "tag": "wineventlog",
      "task_id": "1b5ed942-b7c0-0001-0000-000000000338",
      "taxonomy_version": "27.0.223-release-27.0",
      "tenant_id": "6e484846-c7ac-40e7-b331-f530cb659820",
      "time": "2024-11-28T13:47:25.9460000Z",
      "uuid": "5f7e837c-ad8f-11ef-b052-005056b7517e",
      "text": "A PowerShell command is executed on host wperry.dev.it.stf. Creating Scriptblock text (1 of 1).",
      "_checkpoint": 216134368707,
      "origin_app_alias": "MP-1",
      "primary_siem_app_alias": "MP-1",
      "siem_alias": "siem-server2.soc.stf",
      "site_alias": "unknown site_id=null",
      "site_name": "unknown site_id=null",
      "site_address": "unknown site_id=null",
      "_meta": {
        "id": "5f7e837c-ad8f-11ef-b052-005056b7517e",
        "time": "2024-11-28T13:47:25.9460000Z",
        "assetIds": [
          "1b5edacf-03c0-0001-0000-000000000061",
          "1b5edb23-4c40-0001-0000-000000000075"
        ],
        "site_alias": "unknown site_id=null",
        "site_name": "unknown site_id=null",
        "site_address": "unknown site_id=null",
        "site_is_deleted": true
      }
    },
    {
      "action": "start",
      "agent_id": "e24b4795-36be-4043-b8f5-00a480c8428d",
      "asset_ids": [
        "1b5edacf-03c0-0001-0000-000000000061",
        "1b5edb23-4c40-0001-0000-000000000075"
      ],
      "body": "{\"Event\":{\"xmlns\":\"http://schemas.microsoft.com/win/2004/08/events/event\",\"System\":{\"Provider\":{\"Name\":\"Microsoft-Windows-Sysmon\",\"Guid\":\"{5770385f-c22a-43e0-bf4c-06f5698ffbd9}\"},\"EventID\":\"7\",\"Version\":\"3\",\"Level\":\"4\",\"Task\":\"7\",\"Opcode\":\"0\",\"Keywords\":\"0x8000000000000000\",\"TimeCreated\":{\"SystemTime\":\"2024-11-28T13:47:25.9806562Z\"},\"EventRecordID\":\"2436662\",\"Execution\":{\"ProcessID\":\"3472\",\"ThreadID\":\"5440\"},\"Channel\":\"Microsoft-Windows-Sysmon/Operational\",\"Computer\":\"wperry.dev.it.stf\",\"Security\":{\"UserID\":\"S-1-5-18\"}},\"EventData\":{\"Data\":[{\"Name\":\"RuleName\",\"text\":\"All images\"},{\"Name\":\"UtcTime\",\"text\":\"2024-11-28 13:47:25.973\"},{\"Name\":\"ProcessGuid\",\"text\":\"{8cbafd4f-746d-6748-221c-010000003000}\"},{\"Name\":\"ProcessId\",\"text\":\"7280\"},{\"Name\":\"Image\",\"text\":\"C:\\\\Windows\\\\System32\\\\WindowsPowerShell\\\\v1.0\\\\powershell.exe\"},{\"Name\":\"ImageLoaded\",\"text\":\"C:\\\\Windows\\\\assembly\\\\NativeImages_v4.0.30319_64\\\\Microsoft.P521220ea#\\\\001b9d74c41c1025a97d986f6785c6bf\\\\Microsoft.PowerShell.Commands.Utility.ni.dll\"},{\"Name\":\"FileVersion\",\"text\":\"10.0.19041.3996\"},{\"Name\":\"Description\",\"text\":\"Microsoft Windows PowerShell Utility Commands\"},{\"Name\":\"Product\",\"text\":\"Microsoft (R) Windows (R) Operating System\"},{\"Name\":\"Company\",\"text\":\"Microsoft Corporation\"},{\"Name\":\"OriginalFileName\",\"text\":\"Microsoft.PowerShell.Commands.Utility.dll\"},{\"Name\":\"Hashes\",\"text\":\"MD5=BE6044412ADC1682E5DF8629B489BE12,SHA256=0C799277ED46EA7F75E263CADC1E2E2E5244D84DDDA7E5E36C2AC8D61199D4A2,IMPHASH=00000000000000000000000000000000\"},{\"Name\":\"Signed\",\"text\":\"false\"},{\"Name\":\"Signature\",\"text\":\"-\"},{\"Name\":\"SignatureStatus\",\"text\":\"Unavailable\"},{\"Name\":\"User\",\"text\":\"NT AUTHORITY\\\\SYSTEM\"}]}}}",
      "category.generic": "Executable Module",
      "category.high": "Availability Management",
      "category.low": "Control",
      "event_src.asset": "1b5edacf-03c0-0001-0000-000000000061",
      "event_src.category": "Other",
      "event_src.fqdn": "wperry.dev.it.stf",
      "event_src.host": "wperry.dev.it.stf",
      "event_src.hostname": "wperry",
      "event_src.id": "Microsoft-Windows-Sysmon",
      "event_src.rule": "All images",
      "event_src.subsys": "microsoft-windows-sysmon/operational",
      "event_src.title": "sysmon",
      "event_src.vendor": "microsoft",
      "generator.type": "logcollector",
      "historical": false,
      "id": "PT_Microsoft_Windows_eventlog_Sysmon_7_Image_loaded",
      "importance": "low",
      "incorrect_time": false,
      "input_id": "8420610f-4530-4e84-8708-f3f8c9c3791c",
      "job_id": "9dadc32a-e189-4a46-a14e-bcc376ace4f9",
      "mime": "application/x-pt-eventlog",
      "msgid": "7",
      "normalized": true,
      "object": "module",
      "object.process.fullpath": "c:\\windows\\assembly\\nativeimages_v4.0.30319_64\\microsoft.p521220ea#\\001b9d74c41c1025a97d986f6785c6bf\\microsoft.powershell.commands.utility.ni.dll",
      "object.process.hash": "IMPHASH:00000000000000000000000000000000 MD5:BE6044412ADC1682E5DF8629B489BE12 SHA256:0C799277ED46EA7F75E263CADC1E2E2E5244D84DDDA7E5E36C2AC8D61199D4A2",
      "object.process.hash.imphash": "00000000000000000000000000000000",
      "object.process.hash.md5": "BE6044412ADC1682E5DF8629B489BE12",
      "object.process.hash.sha256": "0C799277ED46EA7F75E263CADC1E2E2E5244D84DDDA7E5E36C2AC8D61199D4A2",
      "object.process.meta": "Description:Microsoft Windows PowerShell Utility Commands | Product:Microsoft (R) Windows (R) Operating System | Company:Microsoft Corporation",
      "object.process.name": "microsoft.powershell.commands.utility.ni.dll",
      "object.process.original_name": "Microsoft.PowerShell.Commands.Utility.dll",
      "object.process.path": "c:\\windows\\assembly\\nativeimages_v4.0.30319_64\\microsoft.p521220ea#\\001b9d74c41c1025a97d986f6785c6bf\\",
      "object.property": "signature status",
      "object.value": "not signed",
      "object.version": "10.0.19041.3996",
      "origin_app_id": "1a1438a4-f340-0001-0000-000000000004",
      "primary_siem_app_id": "1a1438a4-f340-0001-0000-000000000004",
      "recv_asset": "1b5edb23-4c40-0001-0000-000000000075",
      "recv_ipv4": "10.156.92.228",
      "remote": false,
      "scope_id": "00000000-0000-0000-0000-000000000005",
      "siem_id": "60fc3aec-dfa9-4956-a04c-838c263276f0",
      "status": "success",
      "subject": "process",
      "subject.account.domain": "nt authority",
      "subject.account.id": "S-1-5-18",
      "subject.account.name": "system",
      "subject.account.provider": "local",
      "subject.account.session_id": "999",
      "subject.process.fullpath": "c:\\windows\\system32\\windowspowershell\\v1.0\\powershell.exe",
      "subject.process.guid": "8cbafd4f-746d-6748-221c-010000003000",
      "subject.process.id": "7280",
      "subject.process.name": "powershell.exe",
      "subject.process.path": "c:\\windows\\system32\\windowspowershell\\v1.0\\",
      "tag": "wineventlog",
      "task_id": "1b5ed942-b7c0-0001-0000-000000000338",
      "taxonomy_version": "27.0.223-release-27.0",
      "tenant_id": "6e484846-c7ac-40e7-b331-f530cb659820",
      "time": "2024-11-28T13:47:25.9800000Z",
      "uuid": "54df3ed6-ad8f-11ef-b052-005056b7517e",
      "text": "The process powershell.exe loaded the module microsoft.powershell.commands.utility.ni.dll on host wperry.dev.it.stf",
      "_checkpoint": 216133856677,
      "origin_app_alias": "MP-1",
      "primary_siem_app_alias": "MP-1",
      "siem_alias": "siem-server2.soc.stf",
      "site_alias": "unknown site_id=null",
      "site_name": "unknown site_id=null",
      "site_address": "unknown site_id=null",
      "_meta": {
        "id": "54df3ed6-ad8f-11ef-b052-005056b7517e",
        "time": "2024-11-28T13:47:25.9800000Z",
        "assetIds": [
          "1b5edacf-03c0-0001-0000-000000000061",
          "1b5edb23-4c40-0001-0000-000000000075"
        ],
        "site_alias": "unknown site_id=null",
        "site_name": "unknown site_id=null",
        "site_address": "unknown site_id=null",
        "site_is_deleted": true
      }
    },
