    {
      "action": "start",
      "agent_id": "e24b4795-36be-4043-b8f5-00a480c8428d",
      "asset_ids": [
        "1b5edacf-03c0-0001-0000-000000000061",
        "1b5edb23-4c40-0001-0000-000000000075"
      ],
      "body": "{\"Event\":{\"xmlns\":\"http://schemas.microsoft.com/win/2004/08/events/event\",\"System\":{\"Provider\":{\"Name\":\"Microsoft-Windows-Sysmon\",\"Guid\":\"{5770385f-c22a-43e0-bf4c-06f5698ffbd9}\"},\"EventID\":\"7\",\"Version\":\"3\",\"Level\":\"4\",\"Task\":\"7\",\"Opcode\":\"0\",\"Keywords\":\"0x8000000000000000\",\"TimeCreated\":{\"SystemTime\":\"2024-11-28T13:47:26.1000175Z\"},\"EventRecordID\":\"2436672\",\"Execution\":{\"ProcessID\":\"3472\",\"ThreadID\":\"5440\"},\"Channel\":\"Microsoft-Windows-Sysmon/Operational\",\"Computer\":\"wperry.dev.it.stf\",\"Security\":{\"UserID\":\"S-1-5-18\"}},\"EventData\":{\"Data\":[{\"Name\":\"RuleName\",\"text\":\"All images\"},{\"Name\":\"UtcTime\",\"text\":\"2024-11-28 13:47:26.098\"},{\"Name\":\"ProcessGuid\",\"text\":\"{8cbafd4f-746e-6748-231c-010000003000}\"},{\"Name\":\"ProcessId\",\"text\":\"7564\"},{\"Name\":\"Image\",\"text\":\"C:\\\\Windows\\\\System32\\\\WindowsPowerShell\\\\v1.0\\\\powershell.exe\"},{\"Name\":\"ImageLoaded\",\"text\":\"C:\\\\Windows\\\\assembly\\\\NativeImages_v4.0.30319_64\\\\System.Core\\\\abe6aa1bacde122885dd9fed41d487f7\\\\System.Core.ni.dll\"},{\"Name\":\"FileVersion\",\"text\":\"4.8.9277.0 built by: NET481REL1LAST_B\"},{\"Name\":\"Description\",\"text\":\".NET Framework\"},{\"Name\":\"Product\",\"text\":\"Microsoft\u00ae .NET Framework\"},{\"Name\":\"Company\",\"text\":\"Microsoft Corporation\"},{\"Name\":\"OriginalFileName\",\"text\":\"System.Core.dll\"},{\"Name\":\"Hashes\",\"text\":\"MD5=4FE80F7AC542D2AEB0DA511188249D73,SHA256=B0668518BB60A84C44680B72E45000D809E76A6A3953CF639059240989458966,IMPHASH=00000000000000000000000000000000\"},{\"Name\":\"Signed\",\"text\":\"false\"},{\"Name\":\"Signature\",\"text\":\"-\"},{\"Name\":\"SignatureStatus\",\"text\":\"Unavailable\"},{\"Name\":\"User\",\"text\":\"NT AUTHORITY\\\\SYSTEM\"}]}}}",
      "category.generic": "Executable Module",
      "category.high": "Availability Management",
      "category.low": "Control",
      "event_src.asset": "1b5edacf-03c0-0001-0000-000000000061",
      "event_src.category": "Other",
      "event_src.fqdn": "wperry.dev.it.stf",
      "event_src.host": "wperry.dev.it.stf",
      "event_src.hostname": "wperry",
      "event_src.id": "Microsoft-Windows-Sysmon",
      "event_src.rule": "All images",
      "event_src.subsys": "microsoft-windows-sysmon/operational",
      "event_src.title": "sysmon",
      "event_src.vendor": "microsoft",
      "generator.type": "logcollector",
      "historical": false,
      "id": "PT_Microsoft_Windows_eventlog_Sysmon_7_Image_loaded",
      "importance": "low",
      "incorrect_time": false,
      "input_id": "8420610f-4530-4e84-8708-f3f8c9c3791c",
      "job_id": "9dadc32a-e189-4a46-a14e-bcc376ace4f9",
      "mime": "application/x-pt-eventlog",
      "msgid": "7",
      "normalized": true,
      "object": "module",
      "object.process.fullpath": "c:\\windows\\assembly\\nativeimages_v4.0.30319_64\\system.core\\abe6aa1bacde122885dd9fed41d487f7\\system.core.ni.dll",
      "object.process.hash": "IMPHASH:00000000000000000000000000000000 MD5:4FE80F7AC542D2AEB0DA511188249D73 SHA256:B0668518BB60A84C44680B72E45000D809E76A6A3953CF639059240989458966",
      "object.process.hash.imphash": "00000000000000000000000000000000",
      "object.process.hash.md5": "4FE80F7AC542D2AEB0DA511188249D73",
      "object.process.hash.sha256": "B0668518BB60A84C44680B72E45000D809E76A6A3953CF639059240989458966",
      "object.process.meta": "Description:.NET Framework | Product:Microsoft\u00ae .NET Framework | Company:Microsoft Corporation",
      "object.process.name": "system.core.ni.dll",
      "object.process.original_name": "System.Core.dll",
      "object.process.path": "c:\\windows\\assembly\\nativeimages_v4.0.30319_64\\system.core\\abe6aa1bacde122885dd9fed41d487f7\\",
      "object.property": "signature status",
      "object.value": "not signed",
      "object.version": "4.8.9277.0 built by: NET481REL1LAST_B",
      "origin_app_id": "1a1438a4-f340-0001-0000-000000000004",
      "primary_siem_app_id": "1a1438a4-f340-0001-0000-000000000004",
      "recv_asset": "1b5edb23-4c40-0001-0000-000000000075",
      "recv_ipv4": "10.156.92.228",
      "remote": false,
      "scope_id": "00000000-0000-0000-0000-000000000005",
      "siem_id": "60fc3aec-dfa9-4956-a04c-838c263276f0",
      "status": "success",
      "subject": "process",
      "subject.account.domain": "nt authority",
      "subject.account.id": "S-1-5-18",
      "subject.account.name": "system",
      "subject.account.provider": "local",
      "subject.account.session_id": "999",
      "subject.process.fullpath": "c:\\windows\\system32\\windowspowershell\\v1.0\\powershell.exe",
      "subject.process.guid": "8cbafd4f-746e-6748-231c-010000003000",
      "subject.process.id": "7564",
      "subject.process.name": "powershell.exe",
      "subject.process.path": "c:\\windows\\system32\\windowspowershell\\v1.0\\",
      "tag": "wineventlog",
      "task_id": "1b5ed942-b7c0-0001-0000-000000000338",
      "taxonomy_version": "27.0.223-release-27.0",
      "tenant_id": "6e484846-c7ac-40e7-b331-f530cb659820",
      "time": "2024-11-28T13:47:26.1000000Z",
      "uuid": "54df3ee0-ad8f-11ef-b052-005056b7517e",
      "text": "The process powershell.exe loaded the module system.core.ni.dll on host wperry.dev.it.stf",
      "_checkpoint": 216133856687,
      "origin_app_alias": "MP-1",
      "primary_siem_app_alias": "MP-1",
      "siem_alias": "siem-server2.soc.stf",
      "site_alias": "unknown site_id=null",
      "site_name": "unknown site_id=null",
      "site_address": "unknown site_id=null",
      "_meta": {
        "id": "54df3ee0-ad8f-11ef-b052-005056b7517e",
        "time": "2024-11-28T13:47:26.1000000Z",
        "assetIds": [
          "1b5edacf-03c0-0001-0000-000000000061",
          "1b5edb23-4c40-0001-0000-000000000075"
        ],
        "site_alias": "unknown site_id=null",
        "site_name": "unknown site_id=null",
        "site_address": "unknown site_id=null",
        "site_is_deleted": true
      }
    },
    {
      "action": "start",
      "agent_id": "e24b4795-36be-4043-b8f5-00a480c8428d",
      "asset_ids": [
        "1b5edacf-03c0-0001-0000-000000000061",
        "1b5edb23-4c40-0001-0000-000000000075"
      ],
      "body": "{\"Event\":{\"xmlns\":\"http://schemas.microsoft.com/win/2004/08/events/event\",\"System\":{\"Provider\":{\"Name\":\"Microsoft-Windows-Sysmon\",\"Guid\":\"{5770385f-c22a-43e0-bf4c-06f5698ffbd9}\"},\"EventID\":\"7\",\"Version\":\"3\",\"Level\":\"4\",\"Task\":\"7\",\"Opcode\":\"0\",\"Keywords\":\"0x8000000000000000\",\"TimeCreated\":{\"SystemTime\":\"2024-11-28T13:47:26.1008551Z\"},\"EventRecordID\":\"2436673\",\"Execution\":{\"ProcessID\":\"3472\",\"ThreadID\":\"5440\"},\"Channel\":\"Microsoft-Windows-Sysmon/Operational\",\"Computer\":\"wperry.dev.it.stf\",\"Security\":{\"UserID\":\"S-1-5-18\"}},\"EventData\":{\"Data\":[{\"Name\":\"RuleName\",\"text\":\"All images\"},{\"Name\":\"UtcTime\",\"text\":\"2024-11-28 13:47:26.098\"},{\"Name\":\"ProcessGuid\",\"text\":\"{8cbafd4f-746e-6748-231c-010000003000}\"},{\"Name\":\"ProcessId\",\"text\":\"7564\"},{\"Name\":\"Image\",\"text\":\"C:\\\\Windows\\\\System32\\\\WindowsPowerShell\\\\v1.0\\\\powershell.exe\"},{\"Name\":\"ImageLoaded\",\"text\":\"C:\\\\Windows\\\\assembly\\\\NativeImages_v4.0.30319_64\\\\Microsoft.Pb378ec07#\\\\fec883b028e8eb44b0b844bc94ddf410\\\\Microsoft.PowerShell.ConsoleHost.ni.dll\"},{\"Name\":\"FileVersion\",\"text\":\"10.0.19041.1\"},{\"Name\":\"Description\",\"text\":\"Microsoft.PowerShell.ConsoleHost\"},{\"Name\":\"Product\",\"text\":\"Microsoft (R) Windows (R) Operating System\"},{\"Name\":\"Company\",\"text\":\"Microsoft Corporation\"},{\"Name\":\"OriginalFileName\",\"text\":\"Microsoft.PowerShell.ConsoleHost.dll\"},{\"Name\":\"Hashes\",\"text\":\"MD5=9AFB0774E511E6875C174E497D8327C2,SHA256=B28C7E4D7465F99314DAE3548196EF9C0BD5C149A947A501F6B5FABEF63DADA1,IMPHASH=00000000000000000000000000000000\"},{\"Name\":\"Signed\",\"text\":\"false\"},{\"Name\":\"Signature\",\"text\":\"-\"},{\"Name\":\"SignatureStatus\",\"text\":\"Unavailable\"},{\"Name\":\"User\",\"text\":\"NT AUTHORITY\\\\SYSTEM\"}]}}}",
      "category.generic": "Executable Module",
      "category.high": "Availability Management",
      "category.low": "Control",
      "event_src.asset": "1b5edacf-03c0-0001-0000-000000000061",
      "event_src.category": "Other",
      "event_src.fqdn": "wperry.dev.it.stf",
      "event_src.host": "wperry.dev.it.stf",
      "event_src.hostname": "wperry",
      "event_src.id": "Microsoft-Windows-Sysmon",
      "event_src.rule": "All images",
      "event_src.subsys": "microsoft-windows-sysmon/operational",
      "event_src.title": "sysmon",
      "event_src.vendor": "microsoft",
      "generator.type": "logcollector",
      "historical": false,
      "id": "PT_Microsoft_Windows_eventlog_Sysmon_7_Image_loaded",
      "importance": "low",
      "incorrect_time": false,
      "input_id": "8420610f-4530-4e84-8708-f3f8c9c3791c",
      "job_id": "9dadc32a-e189-4a46-a14e-bcc376ace4f9",
      "mime": "application/x-pt-eventlog",
      "msgid": "7",
      "normalized": true,
      "object": "module",
      "object.process.fullpath": "c:\\windows\\assembly\\nativeimages_v4.0.30319_64\\microsoft.pb378ec07#\\fec883b028e8eb44b0b844bc94ddf410\\microsoft.powershell.consolehost.ni.dll",
      "object.process.hash": "IMPHASH:00000000000000000000000000000000 MD5:9AFB0774E511E6875C174E497D8327C2 SHA256:B28C7E4D7465F99314DAE3548196EF9C0BD5C149A947A501F6B5FABEF63DADA1",
      "object.process.hash.imphash": "00000000000000000000000000000000",
      "object.process.hash.md5": "9AFB0774E511E6875C174E497D8327C2",
      "object.process.hash.sha256": "B28C7E4D7465F99314DAE3548196EF9C0BD5C149A947A501F6B5FABEF63DADA1",
      "object.process.meta": "Description:Microsoft.PowerShell.ConsoleHost | Product:Microsoft (R) Windows (R) Operating System | Company:Microsoft Corporation",
      "object.process.name": "microsoft.powershell.consolehost.ni.dll",
      "object.process.original_name": "Microsoft.PowerShell.ConsoleHost.dll",
      "object.process.path": "c:\\windows\\assembly\\nativeimages_v4.0.30319_64\\microsoft.pb378ec07#\\fec883b028e8eb44b0b844bc94ddf410\\",
      "object.property": "signature status",
      "object.value": "not signed",
      "object.version": "10.0.19041.1",
      "origin_app_id": "1a1438a4-f340-0001-0000-000000000004",
      "primary_siem_app_id": "1a1438a4-f340-0001-0000-000000000004",
      "recv_asset": "1b5edb23-4c40-0001-0000-000000000075",
      "recv_ipv4": "10.156.92.228",
      "remote": false,
      "scope_id": "00000000-0000-0000-0000-000000000005",
      "siem_id": "60fc3aec-dfa9-4956-a04c-838c263276f0",
      "status": "success",
      "subject": "process",
      "subject.account.domain": "nt authority",
      "subject.account.id": "S-1-5-18",
      "subject.account.name": "system",
      "subject.account.provider": "local",
      "subject.account.session_id": "999",
      "subject.process.fullpath": "c:\\windows\\system32\\windowspowershell\\v1.0\\powershell.exe",
      "subject.process.guid": "8cbafd4f-746e-6748-231c-010000003000",
      "subject.process.id": "7564",
      "subject.process.name": "powershell.exe",
      "subject.process.path": "c:\\windows\\system32\\windowspowershell\\v1.0\\",
      "tag": "wineventlog",
      "task_id": "1b5ed942-b7c0-0001-0000-000000000338",
      "taxonomy_version": "27.0.223-release-27.0",
      "tenant_id": "6e484846-c7ac-40e7-b331-f530cb659820",
      "time": "2024-11-28T13:47:26.1000000Z",
      "uuid": "54df3ee1-ad8f-11ef-b052-005056b7517e",
      "text": "The process powershell.exe loaded the module microsoft.powershell.consolehost.ni.dll on host wperry.dev.it.stf",
      "_checkpoint": 216133856688,
      "origin_app_alias": "MP-1",
      "primary_siem_app_alias": "MP-1",
      "siem_alias": "siem-server2.soc.stf",
      "site_alias": "unknown site_id=null",
      "site_name": "unknown site_id=null",
      "site_address": "unknown site_id=null",
      "_meta": {
        "id": "54df3ee1-ad8f-11ef-b052-005056b7517e",
        "time": "2024-11-28T13:47:26.1000000Z",
        "assetIds": [
          "1b5edacf-03c0-0001-0000-000000000061",
          "1b5edb23-4c40-0001-0000-000000000075"
        ],
        "site_alias": "unknown site_id=null",
        "site_name": "unknown site_id=null",
        "site_address": "unknown site_id=null",
        "site_is_deleted": true
      }
    },
    {
      "action": "start",
      "agent_id": "e24b4795-36be-4043-b8f5-00a480c8428d",
      "asset_ids": [
        "1b5edacf-03c0-0001-0000-000000000061",
        "1b5edb23-4c40-0001-0000-000000000075"
      ],
      "body": "{\"Event\":{\"xmlns\":\"http://schemas.microsoft.com/win/2004/08/events/event\",\"System\":{\"Provider\":{\"Name\":\"Microsoft-Windows-Sysmon\",\"Guid\":\"{5770385f-c22a-43e0-bf4c-06f5698ffbd9}\"},\"EventID\":\"7\",\"Version\":\"3\",\"Level\":\"4\",\"Task\":\"7\",\"Opcode\":\"0\",\"Keywords\":\"0x8000000000000000\",\"TimeCreated\":{\"SystemTime\":\"2024-11-28T13:47:26.1086498Z\"},\"EventRecordID\":\"2436674\",\"Execution\":{\"ProcessID\":\"3472\",\"ThreadID\":\"5440\"},\"Channel\":\"Microsoft-Windows-Sysmon/Operational\",\"Computer\":\"wperry.dev.it.stf\",\"Security\":{\"UserID\":\"S-1-5-18\"}},\"EventData\":{\"Data\":[{\"Name\":\"RuleName\",\"text\":\"All images\"},{\"Name\":\"UtcTime\",\"text\":\"2024-11-28 13:47:26.098\"},{\"Name\":\"ProcessGuid\",\"text\":\"{8cbafd4f-746e-6748-231c-010000003000}\"},{\"Name\":\"ProcessId\",\"text\":\"7564\"},{\"Name\":\"Image\",\"text\":\"C:\\\\Windows\\\\System32\\\\WindowsPowerShell\\\\v1.0\\\\powershell.exe\"},{\"Name\":\"ImageLoaded\",\"text\":\"C:\\\\Windows\\\\assembly\\\\NativeImages_v4.0.30319_64\\\\System.Manaa57fc8cc#\\\\d5122dd7f671fe8152ccb1ce6d50c33a\\\\System.Management.Automation.ni.dll\"},{\"Name\":\"FileVersion\",\"text\":\"10.0.19041.5129\"},{\"Name\":\"Description\",\"text\":\"System.Management.Automation\"},{\"Name\":\"Product\",\"text\":\"Microsoft (R) Windows (R) Operating System\"},{\"Name\":\"Company\",\"text\":\"Microsoft Corporation\"},{\"Name\":\"OriginalFileName\",\"text\":\"System.Management.Automation.dll\"},{\"Name\":\"Hashes\",\"text\":\"MD5=D9BA247FF40522F2B1D5FC842F8E6734,SHA256=0AA1405A28E84684961552C0B6B7ABD82AEB4F125E51041698A5D0626C064F2D,IMPHASH=00000000000000000000000000000000\"},{\"Name\":\"Signed\",\"text\":\"false\"},{\"Name\":\"Signature\",\"text\":\"-\"},{\"Name\":\"SignatureStatus\",\"text\":\"Unavailable\"},{\"Name\":\"User\",\"text\":\"NT AUTHORITY\\\\SYSTEM\"}]}}}",
      "category.generic": "Executable Module",
      "category.high": "Availability Management",
      "category.low": "Control",
      "event_src.asset": "1b5edacf-03c0-0001-0000-000000000061",
      "event_src.category": "Other",
      "event_src.fqdn": "wperry.dev.it.stf",
      "event_src.host": "wperry.dev.it.stf",
      "event_src.hostname": "wperry",
      "event_src.id": "Microsoft-Windows-Sysmon",
      "event_src.rule": "All images",
      "event_src.subsys": "microsoft-windows-sysmon/operational",
      "event_src.title": "sysmon",
      "event_src.vendor": "microsoft",
      "generator.type": "logcollector",
      "historical": false,
      "id": "PT_Microsoft_Windows_eventlog_Sysmon_7_Image_loaded",
      "importance": "low",
      "incorrect_time": false,
      "input_id": "8420610f-4530-4e84-8708-f3f8c9c3791c",
      "job_id": "9dadc32a-e189-4a46-a14e-bcc376ace4f9",
      "mime": "application/x-pt-eventlog",
      "msgid": "7",
      "normalized": true,
      "object": "module",
      "object.process.fullpath": "c:\\windows\\assembly\\nativeimages_v4.0.30319_64\\system.manaa57fc8cc#\\d5122dd7f671fe8152ccb1ce6d50c33a\\system.management.automation.ni.dll",
      "object.process.hash": "IMPHASH:00000000000000000000000000000000 MD5:D9BA247FF40522F2B1D5FC842F8E6734 SHA256:0AA1405A28E84684961552C0B6B7ABD82AEB4F125E51041698A5D0626C064F2D",
      "object.process.hash.imphash": "00000000000000000000000000000000",
      "object.process.hash.md5": "D9BA247FF40522F2B1D5FC842F8E6734",
      "object.process.hash.sha256": "0AA1405A28E84684961552C0B6B7ABD82AEB4F125E51041698A5D0626C064F2D",
      "object.process.meta": "Description:System.Management.Automation | Product:Microsoft (R) Windows (R) Operating System | Company:Microsoft Corporation",
      "object.process.name": "system.management.automation.ni.dll",
      "object.process.original_name": "System.Management.Automation.dll",
      "object.process.path": "c:\\windows\\assembly\\nativeimages_v4.0.30319_64\\system.manaa57fc8cc#\\d5122dd7f671fe8152ccb1ce6d50c33a\\",
      "object.property": "signature status",
      "object.value": "not signed",
      "object.version": "10.0.19041.5129",
      "origin_app_id": "1a1438a4-f340-0001-0000-000000000004",
      "primary_siem_app_id": "1a1438a4-f340-0001-0000-000000000004",
      "recv_asset": "1b5edb23-4c40-0001-0000-000000000075",
      "recv_ipv4": "10.156.92.228",
      "remote": false,
      "scope_id": "00000000-0000-0000-0000-000000000005",
      "siem_id": "60fc3aec-dfa9-4956-a04c-838c263276f0",
      "status": "success",
      "subject": "process",
      "subject.account.domain": "nt authority",
      "subject.account.id": "S-1-5-18",
      "subject.account.name": "system",
      "subject.account.provider": "local",
      "subject.account.session_id": "999",
      "subject.process.fullpath": "c:\\windows\\system32\\windowspowershell\\v1.0\\powershell.exe",
      "subject.process.guid": "8cbafd4f-746e-6748-231c-010000003000",
      "subject.process.id": "7564",
      "subject.process.name": "powershell.exe",
      "subject.process.path": "c:\\windows\\system32\\windowspowershell\\v1.0\\",
      "tag": "wineventlog",
      "task_id": "1b5ed942-b7c0-0001-0000-000000000338",
      "taxonomy_version": "27.0.223-release-27.0",
      "tenant_id": "6e484846-c7ac-40e7-b331-f530cb659820",
      "time": "2024-11-28T13:47:26.1080000Z",
      "uuid": "54df3ee2-ad8f-11ef-b052-005056b7517e",
      "text": "The process powershell.exe loaded the module system.management.automation.ni.dll on host wperry.dev.it.stf",
      "_checkpoint": 216133856689,
      "origin_app_alias": "MP-1",
      "primary_siem_app_alias": "MP-1",
      "siem_alias": "siem-server2.soc.stf",
      "site_alias": "unknown site_id=null",
      "site_name": "unknown site_id=null",
      "site_address": "unknown site_id=null",
      "_meta": {
        "id": "54df3ee2-ad8f-11ef-b052-005056b7517e",
        "time": "2024-11-28T13:47:26.1080000Z",
        "assetIds": [
          "1b5edacf-03c0-0001-0000-000000000061",
          "1b5edb23-4c40-0001-0000-000000000075"
        ],
        "site_alias": "unknown site_id=null",
        "site_name": "unknown site_id=null",
        "site_address": "unknown site_id=null",
        "site_is_deleted": true
      }
    },
    {
      "action": "create",
      "agent_id": "e24b4795-36be-4043-b8f5-00a480c8428d",
      "asset_ids": [
        "1b5edacf-03c0-0001-0000-000000000061",
        "1b5edb23-4c40-0001-0000-000000000075"
      ],
      "body": "{\"Event\":{\"xmlns\":\"http://schemas.microsoft.com/win/2004/08/events/event\",\"System\":{\"Provider\":{\"Name\":\"Microsoft-Windows-Sysmon\",\"Guid\":\"{5770385f-c22a-43e0-bf4c-06f5698ffbd9}\"},\"EventID\":\"11\",\"Version\":\"2\",\"Level\":\"4\",\"Task\":\"11\",\"Opcode\":\"0\",\"Keywords\":\"0x8000000000000000\",\"TimeCreated\":{\"SystemTime\":\"2024-11-28T13:47:26.1336860Z\"},\"EventRecordID\":\"2436675\",\"Execution\":{\"ProcessID\":\"3472\",\"ThreadID\":\"5440\"},\"Channel\":\"Microsoft-Windows-Sysmon/Operational\",\"Computer\":\"wperry.dev.it.stf\",\"Security\":{\"UserID\":\"S-1-5-18\"}},\"EventData\":{\"Data\":[{\"Name\":\"RuleName\",\"text\":\"-\"},{\"Name\":\"UtcTime\",\"text\":\"2024-11-28 13:47:26.129\"},{\"Name\":\"ProcessGuid\",\"text\":\"{8cbafd4f-746e-6748-231c-010000003000}\"},{\"Name\":\"ProcessId\",\"text\":\"7564\"},{\"Name\":\"Image\",\"text\":\"C:\\\\WINDOWS\\\\System32\\\\WindowsPowerShell\\\\v1.0\\\\powershell.exe\"},{\"Name\":\"TargetFilename\",\"text\":\"C:\\\\Windows\\\\Temp\\\\__PSScriptPolicyTest_aqv1g5fj.jlv.ps1\"},{\"Name\":\"CreationUtcTime\",\"text\":\"2024-11-28 13:47:26.129\"},{\"Name\":\"User\",\"text\":\"NT AUTHORITY\\\\SYSTEM\"}]}}}",
      "category.generic": "File System Object",
      "category.high": "System Management",
      "category.low": "Manipulation",
      "event_src.asset": "1b5edacf-03c0-0001-0000-000000000061",
      "event_src.category": "Other",
      "event_src.fqdn": "wperry.dev.it.stf",
      "event_src.host": "wperry.dev.it.stf",
      "event_src.hostname": "wperry",
      "event_src.id": "Microsoft-Windows-Sysmon",
      "event_src.subsys": "microsoft-windows-sysmon/operational",
      "event_src.title": "sysmon",
      "event_src.vendor": "microsoft",
      "generator.type": "logcollector",
      "historical": false,
      "id": "PT_Microsoft_Windows_eventlog_Sysmon_11_File_create",
      "importance": "info",
      "incorrect_time": false,
      "input_id": "8420610f-4530-4e84-8708-f3f8c9c3791c",
      "job_id": "9dadc32a-e189-4a46-a14e-bcc376ace4f9",
      "mime": "application/x-pt-eventlog",
      "msgid": "11",
      "normalized": true,
      "object": "file_object",
      "object.fullpath": "c:\\windows\\temp\\__psscriptpolicytest_aqv1g5fj.jlv.ps1",
      "object.name": "__psscriptpolicytest_aqv1g5fj.jlv.ps1",
      "object.path": "c:\\windows\\temp\\",
      "object.property": "creation time",
      "object.value": "2024-11-28T13:47:26.1290000Z",
      "origin_app_id": "1a1438a4-f340-0001-0000-000000000004",
      "primary_siem_app_id": "1a1438a4-f340-0001-0000-000000000004",
      "recv_asset": "1b5edb23-4c40-0001-0000-000000000075",
      "recv_ipv4": "10.156.92.228",
      "remote": false,
      "scope_id": "00000000-0000-0000-0000-000000000005",
      "siem_id": "60fc3aec-dfa9-4956-a04c-838c263276f0",
      "status": "success",
      "subject": "process",
      "subject.account.domain": "nt authority",
      "subject.account.id": "S-1-5-18",
      "subject.account.name": "system",
      "subject.account.provider": "local",
      "subject.account.session_id": "999",
      "subject.process.fullpath": "c:\\windows\\system32\\windowspowershell\\v1.0\\powershell.exe",
      "subject.process.guid": "8cbafd4f-746e-6748-231c-010000003000",
      "subject.process.id": "7564",
      "subject.process.name": "powershell.exe",
      "subject.process.path": "c:\\windows\\system32\\windowspowershell\\v1.0\\",
      "tag": "wineventlog",
      "task_id": "1b5ed942-b7c0-0001-0000-000000000338",
      "taxonomy_version": "27.0.223-release-27.0",
      "tenant_id": "6e484846-c7ac-40e7-b331-f530cb659820",
      "time": "2024-11-28T13:47:26.1330000Z",
      "uuid": "54df3ee3-ad8f-11ef-b052-005056b7517e",
      "text": "The process powershell.exe created the file __psscriptpolicytest_aqv1g5fj.jlv.ps1 on host wperry.dev.it.stf",
      "_checkpoint": 216133856690,
      "origin_app_alias": "MP-1",
      "primary_siem_app_alias": "MP-1",
      "siem_alias": "siem-server2.soc.stf",
      "site_alias": "unknown site_id=null",
      "site_name": "unknown site_id=null",
      "site_address": "unknown site_id=null",
      "_meta": {
        "id": "54df3ee3-ad8f-11ef-b052-005056b7517e",
        "time": "2024-11-28T13:47:26.1330000Z",
        "assetIds": [
          "1b5edacf-03c0-0001-0000-000000000061",
          "1b5edb23-4c40-0001-0000-000000000075"
        ],
        "site_alias": "unknown site_id=null",
        "site_name": "unknown site_id=null",
        "site_address": "unknown site_id=null",
        "site_is_deleted": true
      }
    },
    {
      "action": "create",
      "agent_id": "e24b4795-36be-4043-b8f5-00a480c8428d",
      "asset_ids": [
        "1b5edacf-03c0-0001-0000-000000000061",
        "1b5edb23-4c40-0001-0000-000000000075"
      ],
      "body": "{\"Event\":{\"xmlns\":\"http://schemas.microsoft.com/win/2004/08/events/event\",\"System\":{\"Provider\":{\"Name\":\"Microsoft-Windows-Sysmon\",\"Guid\":\"{5770385f-c22a-43e0-bf4c-06f5698ffbd9}\"},\"EventID\":\"11\",\"Version\":\"2\",\"Level\":\"4\",\"Task\":\"11\",\"Opcode\":\"0\",\"Keywords\":\"0x8000000000000000\",\"TimeCreated\":{\"SystemTime\":\"2024-11-28T13:47:26.1347872Z\"},\"EventRecordID\":\"2436676\",\"Execution\":{\"ProcessID\":\"3472\",\"ThreadID\":\"5440\"},\"Channel\":\"Microsoft-Windows-Sysmon/Operational\",\"Computer\":\"wperry.dev.it.stf\",\"Security\":{\"UserID\":\"S-1-5-18\"}},\"EventData\":{\"Data\":[{\"Name\":\"RuleName\",\"text\":\"-\"},{\"Name\":\"UtcTime\",\"text\":\"2024-11-28 13:47:26.129\"},{\"Name\":\"ProcessGuid\",\"text\":\"{8cbafd4f-746e-6748-231c-010000003000}\"},{\"Name\":\"ProcessId\",\"text\":\"7564\"},{\"Name\":\"Image\",\"text\":\"C:\\\\WINDOWS\\\\System32\\\\WindowsPowerShell\\\\v1.0\\\\powershell.exe\"},{\"Name\":\"TargetFilename\",\"text\":\"C:\\\\Windows\\\\Temp\\\\__PSScriptPolicyTest_fuc2s0dv.gst.psm1\"},{\"Name\":\"CreationUtcTime\",\"text\":\"2024-11-28 13:47:26.129\"},{\"Name\":\"User\",\"text\":\"NT AUTHORITY\\\\SYSTEM\"}]}}}",
      "category.generic": "File System Object",
      "category.high": "System Management",
      "category.low": "Manipulation",
      "event_src.asset": "1b5edacf-03c0-0001-0000-000000000061",
      "event_src.category": "Other",
      "event_src.fqdn": "wperry.dev.it.stf",
      "event_src.host": "wperry.dev.it.stf",
      "event_src.hostname": "wperry",
      "event_src.id": "Microsoft-Windows-Sysmon",
      "event_src.subsys": "microsoft-windows-sysmon/operational",
      "event_src.title": "sysmon",
      "event_src.vendor": "microsoft",
      "generator.type": "logcollector",
      "historical": false,
      "id": "PT_Microsoft_Windows_eventlog_Sysmon_11_File_create",
      "importance": "info",
      "incorrect_time": false,
      "input_id": "8420610f-4530-4e84-8708-f3f8c9c3791c",
      "job_id": "9dadc32a-e189-4a46-a14e-bcc376ace4f9",
      "mime": "application/x-pt-eventlog",
      "msgid": "11",
      "normalized": true,
      "object": "file_object",
      "object.fullpath": "c:\\windows\\temp\\__psscriptpolicytest_fuc2s0dv.gst.psm1",
      "object.name": "__psscriptpolicytest_fuc2s0dv.gst.psm1",
      "object.path": "c:\\windows\\temp\\",
      "object.property": "creation time",
      "object.value": "2024-11-28T13:47:26.1290000Z",
      "origin_app_id": "1a1438a4-f340-0001-0000-000000000004",
      "primary_siem_app_id": "1a1438a4-f340-0001-0000-000000000004",
      "recv_asset": "1b5edb23-4c40-0001-0000-000000000075",
      "recv_ipv4": "10.156.92.228",
      "remote": false,
      "scope_id": "00000000-0000-0000-0000-000000000005",
      "siem_id": "60fc3aec-dfa9-4956-a04c-838c263276f0",
      "status": "success",
      "subject": "process",
      "subject.account.domain": "nt authority",
      "subject.account.id": "S-1-5-18",
      "subject.account.name": "system",
      "subject.account.provider": "local",
      "subject.account.session_id": "999",
      "subject.process.fullpath": "c:\\windows\\system32\\windowspowershell\\v1.0\\powershell.exe",
      "subject.process.guid": "8cbafd4f-746e-6748-231c-010000003000",
      "subject.process.id": "7564",
      "subject.process.name": "powershell.exe",
      "subject.process.path": "c:\\windows\\system32\\windowspowershell\\v1.0\\",
      "tag": "wineventlog",
      "task_id": "1b5ed942-b7c0-0001-0000-000000000338",
      "taxonomy_version": "27.0.223-release-27.0",
      "tenant_id": "6e484846-c7ac-40e7-b331-f530cb659820",
      "time": "2024-11-28T13:47:26.1340000Z",
      "uuid": "54df3ee4-ad8f-11ef-b052-005056b7517e",
      "text": "The process powershell.exe created the file __psscriptpolicytest_fuc2s0dv.gst.psm1 on host wperry.dev.it.stf",
      "_checkpoint": 216133856691,
      "origin_app_alias": "MP-1",
      "primary_siem_app_alias": "MP-1",
      "siem_alias": "siem-server2.soc.stf",
      "site_alias": "unknown site_id=null",
      "site_name": "unknown site_id=null",
      "site_address": "unknown site_id=null",
      "_meta": {
        "id": "54df3ee4-ad8f-11ef-b052-005056b7517e",
        "time": "2024-11-28T13:47:26.1340000Z",
        "assetIds": [
          "1b5edacf-03c0-0001-0000-000000000061",
          "1b5edb23-4c40-0001-0000-000000000075"
        ],
        "site_alias": "unknown site_id=null",
        "site_name": "unknown site_id=null",
        "site_address": "unknown site_id=null",
        "site_is_deleted": true
      }
    },
    {
      "action": "start",
      "agent_id": "e24b4795-36be-4043-b8f5-00a480c8428d",
      "asset_ids": [
        "1b5edacf-03c0-0001-0000-000000000061",
        "1b5edb23-4c40-0001-0000-000000000075"
      ],
      "body": "{\"Event\":{\"xmlns\":\"http://schemas.microsoft.com/win/2004/08/events/event\",\"System\":{\"Provider\":{\"Name\":\"Microsoft-Windows-Sysmon\",\"Guid\":\"{5770385f-c22a-43e0-bf4c-06f5698ffbd9}\"},\"EventID\":\"7\",\"Version\":\"3\",\"Level\":\"4\",\"Task\":\"7\",\"Opcode\":\"0\",\"Keywords\":\"0x8000000000000000\",\"TimeCreated\":{\"SystemTime\":\"2024-11-28T13:47:26.1390811Z\"},\"EventRecordID\":\"2436677\",\"Execution\":{\"ProcessID\":\"3472\",\"ThreadID\":\"5440\"},\"Channel\":\"Microsoft-Windows-Sysmon/Operational\",\"Computer\":\"wperry.dev.it.stf\",\"Security\":{\"UserID\":\"S-1-5-18\"}},\"EventData\":{\"Data\":[{\"Name\":\"RuleName\",\"text\":\"All images\"},{\"Name\":\"UtcTime\",\"text\":\"2024-11-28 13:47:26.129\"},{\"Name\":\"ProcessGuid\",\"text\":\"{8cbafd4f-746e-6748-231c-010000003000}\"},{\"Name\":\"ProcessId\",\"text\":\"7564\"},{\"Name\":\"Image\",\"text\":\"C:\\\\Windows\\\\System32\\\\WindowsPowerShell\\\\v1.0\\\\powershell.exe\"},{\"Name\":\"ImageLoaded\",\"text\":\"C:\\\\Windows\\\\assembly\\\\NativeImages_v4.0.30319_64\\\\Microsoft.Mf49f6405#\\\\b8ca042505fc6723a7c0543c066b288b\\\\Microsoft.Management.Infrastructure.ni.dll\"},{\"Name\":\"FileVersion\",\"text\":\"10.0.19041.1\"},{\"Name\":\"Description\",\"text\":\"cs\"},{\"Name\":\"Product\",\"text\":\"Microsoft (R) Windows (R) Operating System\"},{\"Name\":\"Company\",\"text\":\"Microsoft Corporation\"},{\"Name\":\"OriginalFileName\",\"text\":\"Microsoft.Management.Infrastructure.dll\"},{\"Name\":\"Hashes\",\"text\":\"MD5=8CC194D58C7722BB2372693793A4D5A4,SHA256=7E875AF5A3EC2FCE5AED0364B2B9AFD501B06D7655E96484E86411F939C250CA,IMPHASH=00000000000000000000000000000000\"},{\"Name\":\"Signed\",\"text\":\"false\"},{\"Name\":\"Signature\",\"text\":\"-\"},{\"Name\":\"SignatureStatus\",\"text\":\"Unavailable\"},{\"Name\":\"User\",\"text\":\"NT AUTHORITY\\\\SYSTEM\"}]}}}",
      "category.generic": "Executable Module",
      "category.high": "Availability Management",
      "category.low": "Control",
      "event_src.asset": "1b5edacf-03c0-0001-0000-000000000061",
      "event_src.category": "Other",
      "event_src.fqdn": "wperry.dev.it.stf",
      "event_src.host": "wperry.dev.it.stf",
      "event_src.hostname": "wperry",
      "event_src.id": "Microsoft-Windows-Sysmon",
      "event_src.rule": "All images",
      "event_src.subsys": "microsoft-windows-sysmon/operational",
      "event_src.title": "sysmon",
      "event_src.vendor": "microsoft",
      "generator.type": "logcollector",
      "historical": false,
      "id": "PT_Microsoft_Windows_eventlog_Sysmon_7_Image_loaded",
      "importance": "low",
      "incorrect_time": false,
      "input_id": "8420610f-4530-4e84-8708-f3f8c9c3791c",
      "job_id": "9dadc32a-e189-4a46-a14e-bcc376ace4f9",
      "mime": "application/x-pt-eventlog",
      "msgid": "7",
      "normalized": true,
      "object": "module",
      "object.process.fullpath": "c:\\windows\\assembly\\nativeimages_v4.0.30319_64\\microsoft.mf49f6405#\\b8ca042505fc6723a7c0543c066b288b\\microsoft.management.infrastructure.ni.dll",
      "object.process.hash": "IMPHASH:00000000000000000000000000000000 MD5:8CC194D58C7722BB2372693793A4D5A4 SHA256:7E875AF5A3EC2FCE5AED0364B2B9AFD501B06D7655E96484E86411F939C250CA",
      "object.process.hash.imphash": "00000000000000000000000000000000",
      "object.process.hash.md5": "8CC194D58C7722BB2372693793A4D5A4",
      "object.process.hash.sha256": "7E875AF5A3EC2FCE5AED0364B2B9AFD501B06D7655E96484E86411F939C250CA",
      "object.process.meta": "Description:cs | Product:Microsoft (R) Windows (R) Operating System | Company:Microsoft Corporation",
      "object.process.name": "microsoft.management.infrastructure.ni.dll",
      "object.process.original_name": "Microsoft.Management.Infrastructure.dll",
      "object.process.path": "c:\\windows\\assembly\\nativeimages_v4.0.30319_64\\microsoft.mf49f6405#\\b8ca042505fc6723a7c0543c066b288b\\",
      "object.property": "signature status",
      "object.value": "not signed",
      "object.version": "10.0.19041.1",
      "origin_app_id": "1a1438a4-f340-0001-0000-000000000004",
      "primary_siem_app_id": "1a1438a4-f340-0001-0000-000000000004",
      "recv_asset": "1b5edb23-4c40-0001-0000-000000000075",
      "recv_ipv4": "10.156.92.228",
      "remote": false,
      "scope_id": "00000000-0000-0000-0000-000000000005",
      "siem_id": "60fc3aec-dfa9-4956-a04c-838c263276f0",
      "status": "success",
      "subject": "process",
      "subject.account.domain": "nt authority",
      "subject.account.id": "S-1-5-18",
      "subject.account.name": "system",
      "subject.account.provider": "local",
      "subject.account.session_id": "999",
      "subject.process.fullpath": "c:\\windows\\system32\\windowspowershell\\v1.0\\powershell.exe",
      "subject.process.guid": "8cbafd4f-746e-6748-231c-010000003000",
      "subject.process.id": "7564",
      "subject.process.name": "powershell.exe",
      "subject.process.path": "c:\\windows\\system32\\windowspowershell\\v1.0\\",
      "tag": "wineventlog",
      "task_id": "1b5ed942-b7c0-0001-0000-000000000338",
      "taxonomy_version": "27.0.223-release-27.0",
      "tenant_id": "6e484846-c7ac-40e7-b331-f530cb659820",
      "time": "2024-11-28T13:47:26.1390000Z",
      "uuid": "54df3ee5-ad8f-11ef-b052-005056b7517e",
      "text": "The process powershell.exe loaded the module microsoft.management.infrastructure.ni.dll on host wperry.dev.it.stf",
      "_checkpoint": 216133856692,
      "origin_app_alias": "MP-1",
      "primary_siem_app_alias": "MP-1",
      "siem_alias": "siem-server2.soc.stf",
      "site_alias": "unknown site_id=null",
      "site_name": "unknown site_id=null",
      "site_address": "unknown site_id=null",
      "_meta": {
        "id": "54df3ee5-ad8f-11ef-b052-005056b7517e",
        "time": "2024-11-28T13:47:26.1390000Z",
        "assetIds": [
          "1b5edacf-03c0-0001-0000-000000000061",
          "1b5edb23-4c40-0001-0000-000000000075"
        ],
        "site_alias": "unknown site_id=null",
        "site_name": "unknown site_id=null",
        "site_address": "unknown site_id=null",
        "site_is_deleted": true
      }
    },
    {
      "action": "start",
      "agent_id": "e24b4795-36be-4043-b8f5-00a480c8428d",
      "asset_ids": [
        "1b5edacf-03c0-0001-0000-000000000061",
        "1b5edb23-4c40-0001-0000-000000000075"
      ],
      "body": "{\"Event\":{\"xmlns\":\"http://schemas.microsoft.com/win/2004/08/events/event\",\"System\":{\"Provider\":{\"Name\":\"Microsoft-Windows-Sysmon\",\"Guid\":\"{5770385f-c22a-43e0-bf4c-06f5698ffbd9}\"},\"EventID\":\"7\",\"Version\":\"3\",\"Level\":\"4\",\"Task\":\"7\",\"Opcode\":\"0\",\"Keywords\":\"0x8000000000000000\",\"TimeCreated\":{\"SystemTime\":\"2024-11-28T13:47:26.1409383Z\"},\"EventRecordID\":\"2436678\",\"Execution\":{\"ProcessID\":\"3472\",\"ThreadID\":\"5440\"},\"Channel\":\"Microsoft-Windows-Sysmon/Operational\",\"Computer\":\"wperry.dev.it.stf\",\"Security\":{\"UserID\":\"S-1-5-18\"}},\"EventData\":{\"Data\":[{\"Name\":\"RuleName\",\"text\":\"All images\"},{\"Name\":\"UtcTime\",\"text\":\"2024-11-28 13:47:26.129\"},{\"Name\":\"ProcessGuid\",\"text\":\"{8cbafd4f-746e-6748-231c-010000003000}\"},{\"Name\":\"ProcessId\",\"text\":\"7564\"},{\"Name\":\"Image\",\"text\":\"C:\\\\Windows\\\\System32\\\\WindowsPowerShell\\\\v1.0\\\\powershell.exe\"},{\"Name\":\"ImageLoaded\",\"text\":\"C:\\\\Windows\\\\assembly\\\\NativeImages_v4.0.30319_64\\\\System.Xml\\\\e5bdbd3c9097a7a44e0a35ed7a34f704\\\\System.Xml.ni.dll\"},{\"Name\":\"FileVersion\",\"text\":\"4.8.9037.0 built by: NET481REL1\"},{\"Name\":\"Description\",\"text\":\".NET Framework\"},{\"Name\":\"Product\",\"text\":\"Microsoft\u00ae .NET Framework\"},{\"Name\":\"Company\",\"text\":\"Microsoft Corporation\"},{\"Name\":\"OriginalFileName\",\"text\":\"System.Xml.dll\"},{\"Name\":\"Hashes\",\"text\":\"MD5=B6A626BEF600D8F4577AB1C46C3AB1F8,SHA256=3B283E5B05E232ABAB6E8144E3EB58AD456AD496D284E88F749CB8D6DF2C0F62,IMPHASH=00000000000000000000000000000000\"},{\"Name\":\"Signed\",\"text\":\"false\"},{\"Name\":\"Signature\",\"text\":\"-\"},{\"Name\":\"SignatureStatus\",\"text\":\"Unavailable\"},{\"Name\":\"User\",\"text\":\"NT AUTHORITY\\\\SYSTEM\"}]}}}",
      "category.generic": "Executable Module",
      "category.high": "Availability Management",
      "category.low": "Control",
      "event_src.asset": "1b5edacf-03c0-0001-0000-000000000061",
      "event_src.category": "Other",
      "event_src.fqdn": "wperry.dev.it.stf",
      "event_src.host": "wperry.dev.it.stf",
      "event_src.hostname": "wperry",
      "event_src.id": "Microsoft-Windows-Sysmon",
      "event_src.rule": "All images",
      "event_src.subsys": "microsoft-windows-sysmon/operational",
      "event_src.title": "sysmon",
      "event_src.vendor": "microsoft",
      "generator.type": "logcollector",
      "historical": false,
      "id": "PT_Microsoft_Windows_eventlog_Sysmon_7_Image_loaded",
      "importance": "low",
      "incorrect_time": false,
      "input_id": "8420610f-4530-4e84-8708-f3f8c9c3791c",
      "job_id": "9dadc32a-e189-4a46-a14e-bcc376ace4f9",
      "mime": "application/x-pt-eventlog",
      "msgid": "7",
      "normalized": true,
      "object": "module",
      "object.process.fullpath": "c:\\windows\\assembly\\nativeimages_v4.0.30319_64\\system.xml\\e5bdbd3c9097a7a44e0a35ed7a34f704\\system.xml.ni.dll",
      "object.process.hash": "IMPHASH:00000000000000000000000000000000 MD5:B6A626BEF600D8F4577AB1C46C3AB1F8 SHA256:3B283E5B05E232ABAB6E8144E3EB58AD456AD496D284E88F749CB8D6DF2C0F62",
      "object.process.hash.imphash": "00000000000000000000000000000000",
      "object.process.hash.md5": "B6A626BEF600D8F4577AB1C46C3AB1F8",
      "object.process.hash.sha256": "3B283E5B05E232ABAB6E8144E3EB58AD456AD496D284E88F749CB8D6DF2C0F62",
      "object.process.meta": "Description:.NET Framework | Product:Microsoft\u00ae .NET Framework | Company:Microsoft Corporation",
      "object.process.name": "system.xml.ni.dll",
      "object.process.original_name": "System.Xml.dll",
      "object.process.path": "c:\\windows\\assembly\\nativeimages_v4.0.30319_64\\system.xml\\e5bdbd3c9097a7a44e0a35ed7a34f704\\",
      "object.property": "signature status",
      "object.value": "not signed",
      "object.version": "4.8.9037.0 built by: NET481REL1",
      "origin_app_id": "1a1438a4-f340-0001-0000-000000000004",
      "primary_siem_app_id": "1a1438a4-f340-0001-0000-000000000004",
      "recv_asset": "1b5edb23-4c40-0001-0000-000000000075",
      "recv_ipv4": "10.156.92.228",
      "remote": false,
      "scope_id": "00000000-0000-0000-0000-000000000005",
      "siem_id": "60fc3aec-dfa9-4956-a04c-838c263276f0",
      "status": "success",
      "subject": "process",
      "subject.account.domain": "nt authority",
      "subject.account.id": "S-1-5-18",
      "subject.account.name": "system",
      "subject.account.provider": "local",
      "subject.account.session_id": "999",
      "subject.process.fullpath": "c:\\windows\\system32\\windowspowershell\\v1.0\\powershell.exe",
      "subject.process.guid": "8cbafd4f-746e-6748-231c-010000003000",
      "subject.process.id": "7564",
      "subject.process.name": "powershell.exe",
      "subject.process.path": "c:\\windows\\system32\\windowspowershell\\v1.0\\",
      "tag": "wineventlog",
      "task_id": "1b5ed942-b7c0-0001-0000-000000000338",
      "taxonomy_version": "27.0.223-release-27.0",
      "tenant_id": "6e484846-c7ac-40e7-b331-f530cb659820",
      "time": "2024-11-28T13:47:26.1400000Z",
      "uuid": "54df3ee6-ad8f-11ef-b052-005056b7517e",
      "text": "The process powershell.exe loaded the module system.xml.ni.dll on host wperry.dev.it.stf",
      "_checkpoint": 216133856693,
      "origin_app_alias": "MP-1",
      "primary_siem_app_alias": "MP-1",
      "siem_alias": "siem-server2.soc.stf",
      "site_alias": "unknown site_id=null",
      "site_name": "unknown site_id=null",
      "site_address": "unknown site_id=null",
      "_meta": {
        "id": "54df3ee6-ad8f-11ef-b052-005056b7517e",
        "time": "2024-11-28T13:47:26.1400000Z",
        "assetIds": [
          "1b5edacf-03c0-0001-0000-000000000061",
          "1b5edb23-4c40-0001-0000-000000000075"
        ],
        "site_alias": "unknown site_id=null",
        "site_name": "unknown site_id=null",
        "site_address": "unknown site_id=null",
        "site_is_deleted": true
      }
    },
    {
      "action": "start",
      "agent_id": "e24b4795-36be-4043-b8f5-00a480c8428d",
      "asset_ids": [
        "1b5edacf-03c0-0001-0000-000000000061",
        "1b5edb23-4c40-0001-0000-000000000075"
      ],
      "body": "{\"Event\":{\"xmlns\":\"http://schemas.microsoft.com/win/2004/08/events/event\",\"System\":{\"Provider\":{\"Name\":\"Microsoft-Windows-Sysmon\",\"Guid\":\"{5770385f-c22a-43e0-bf4c-06f5698ffbd9}\"},\"EventID\":\"7\",\"Version\":\"3\",\"Level\":\"4\",\"Task\":\"7\",\"Opcode\":\"0\",\"Keywords\":\"0x8000000000000000\",\"TimeCreated\":{\"SystemTime\":\"2024-11-28T13:47:26.1426365Z\"},\"EventRecordID\":\"2436679\",\"Execution\":{\"ProcessID\":\"3472\",\"ThreadID\":\"5440\"},\"Channel\":\"Microsoft-Windows-Sysmon/Operational\",\"Computer\":\"wperry.dev.it.stf\",\"Security\":{\"UserID\":\"S-1-5-18\"}},\"EventData\":{\"Data\":[{\"Name\":\"RuleName\",\"text\":\"All images\"},{\"Name\":\"UtcTime\",\"text\":\"2024-11-28 13:47:26.129\"},{\"Name\":\"ProcessGuid\",\"text\":\"{8cbafd4f-746e-6748-231c-010000003000}\"},{\"Name\":\"ProcessId\",\"text\":\"7564\"},{\"Name\":\"Image\",\"text\":\"C:\\\\Windows\\\\System32\\\\WindowsPowerShell\\\\v1.0\\\\powershell.exe\"},{\"Name\":\"ImageLoaded\",\"text\":\"C:\\\\Windows\\\\assembly\\\\NativeImages_v4.0.30319_64\\\\System.Management\\\\d826b8f64bf61b61fa16455d4e6f3283\\\\System.Management.ni.dll\"},{\"Name\":\"FileVersion\",\"text\":\"4.8.9037.0 built by: NET481REL1\"},{\"Name\":\"Description\",\"text\":\".NET Framework\"},{\"Name\":\"Product\",\"text\":\"Microsoft\u00ae .NET Framework\"},{\"Name\":\"Company\",\"text\":\"Microsoft Corporation\"},{\"Name\":\"OriginalFileName\",\"text\":\"System.Management.dll\"},{\"Name\":\"Hashes\",\"text\":\"MD5=B96C45CA03618208BA5DC5BD94A2AAF7,SHA256=8239C03FA7FC55EB6899B883621337A73625CD86FA9E085F0F1E08921FAE6BB5,IMPHASH=00000000000000000000000000000000\"},{\"Name\":\"Signed\",\"text\":\"false\"},{\"Name\":\"Signature\",\"text\":\"-\"},{\"Name\":\"SignatureStatus\",\"text\":\"Unavailable\"},{\"Name\":\"User\",\"text\":\"NT AUTHORITY\\\\SYSTEM\"}]}}}",
      "category.generic": "Executable Module",
      "category.high": "Availability Management",
      "category.low": "Control",
      "event_src.asset": "1b5edacf-03c0-0001-0000-000000000061",
      "event_src.category": "Other",
      "event_src.fqdn": "wperry.dev.it.stf",
      "event_src.host": "wperry.dev.it.stf",
      "event_src.hostname": "wperry",
      "event_src.id": "Microsoft-Windows-Sysmon",
      "event_src.rule": "All images",
      "event_src.subsys": "microsoft-windows-sysmon/operational",
      "event_src.title": "sysmon",
      "event_src.vendor": "microsoft",
      "generator.type": "logcollector",
      "historical": false,
      "id": "PT_Microsoft_Windows_eventlog_Sysmon_7_Image_loaded",
      "importance": "low",
      "incorrect_time": false,
      "input_id": "8420610f-4530-4e84-8708-f3f8c9c3791c",
      "job_id": "9dadc32a-e189-4a46-a14e-bcc376ace4f9",
      "mime": "application/x-pt-eventlog",
      "msgid": "7",
      "normalized": true,
      "object": "module",
      "object.process.fullpath": "c:\\windows\\assembly\\nativeimages_v4.0.30319_64\\system.management\\d826b8f64bf61b61fa16455d4e6f3283\\system.management.ni.dll",
      "object.process.hash": "IMPHASH:00000000000000000000000000000000 MD5:B96C45CA03618208BA5DC5BD94A2AAF7 SHA256:8239C03FA7FC55EB6899B883621337A73625CD86FA9E085F0F1E08921FAE6BB5",
      "object.process.hash.imphash": "00000000000000000000000000000000",
      "object.process.hash.md5": "B96C45CA03618208BA5DC5BD94A2AAF7",
      "object.process.hash.sha256": "8239C03FA7FC55EB6899B883621337A73625CD86FA9E085F0F1E08921FAE6BB5",
      "object.process.meta": "Description:.NET Framework | Product:Microsoft\u00ae .NET Framework | Company:Microsoft Corporation",
      "object.process.name": "system.management.ni.dll",
      "object.process.original_name": "System.Management.dll",
      "object.process.path": "c:\\windows\\assembly\\nativeimages_v4.0.30319_64\\system.management\\d826b8f64bf61b61fa16455d4e6f3283\\",
      "object.property": "signature status",
      "object.value": "not signed",
      "object.version": "4.8.9037.0 built by: NET481REL1",
      "origin_app_id": "1a1438a4-f340-0001-0000-000000000004",
      "primary_siem_app_id": "1a1438a4-f340-0001-0000-000000000004",
      "recv_asset": "1b5edb23-4c40-0001-0000-000000000075",
      "recv_ipv4": "10.156.92.228",
      "remote": false,
      "scope_id": "00000000-0000-0000-0000-000000000005",
      "siem_id": "60fc3aec-dfa9-4956-a04c-838c263276f0",
      "status": "success",
      "subject": "process",
      "subject.account.domain": "nt authority",
      "subject.account.id": "S-1-5-18",
      "subject.account.name": "system",
      "subject.account.provider": "local",
      "subject.account.session_id": "999",
      "subject.process.fullpath": "c:\\windows\\system32\\windowspowershell\\v1.0\\powershell.exe",
      "subject.process.guid": "8cbafd4f-746e-6748-231c-010000003000",
      "subject.process.id": "7564",
      "subject.process.name": "powershell.exe",
      "subject.process.path": "c:\\windows\\system32\\windowspowershell\\v1.0\\",
      "tag": "wineventlog",
      "task_id": "1b5ed942-b7c0-0001-0000-000000000338",
      "taxonomy_version": "27.0.223-release-27.0",
      "tenant_id": "6e484846-c7ac-40e7-b331-f530cb659820",
      "time": "2024-11-28T13:47:26.1420000Z",
      "uuid": "54df3ee7-ad8f-11ef-b052-005056b7517e",
      "text": "The process powershell.exe loaded the module system.management.ni.dll on host wperry.dev.it.stf",
      "_checkpoint": 216133856694,
      "origin_app_alias": "MP-1",
      "primary_siem_app_alias": "MP-1",
      "siem_alias": "siem-server2.soc.stf",
      "site_alias": "unknown site_id=null",
      "site_name": "unknown site_id=null",
      "site_address": "unknown site_id=null",
      "_meta": {
        "id": "54df3ee7-ad8f-11ef-b052-005056b7517e",
        "time": "2024-11-28T13:47:26.1420000Z",
        "assetIds": [
          "1b5edacf-03c0-0001-0000-000000000061",
          "1b5edb23-4c40-0001-0000-000000000075"
        ],
        "site_alias": "unknown site_id=null",
        "site_name": "unknown site_id=null",
        "site_address": "unknown site_id=null",
        "site_is_deleted": true
      }
    },
