{"recv_ipv6": null, "event_src.title": "diskstation_manager", "src.ip": "10.100.10.107", "asset_ids": ["19699405-e6c0-0001-0000-000000000013"], "agent_id": "493a5abd-427c-4b91-88ad-c600bc0eb6df", "subject": "account", "mime": "text/plain", "primary_siem_app_id": "1967d1a8-9400-0001-0000-000000000003", "generator.version": "N26.1.3020", "historical": false, "event_src.hostname": "fs", "body": "<14>Jul 11 15:34:39 fs Connection: User [ZLAB\\hcore-client] from [10.100.10.107(10.100.10.107)] via [CIFS(SMB3)] accessed shared folder [sysvol].", "type": null, "remote": false, "uuid": "00000006-3061-0adf-f000-00008b2289ca", "protocol": "cifs(smb3)", "category.low": "Manipulation", "scope_id": "00000000-0000-0000-0000-000000000005", "src.host": "10.100.10.107", "action": "access", "tag": "syslog", "category.high": "System Management", "id": "PT_Synology_Diskstation_Manager_syslog_Share_accessed", "event_src.asset": "19699405-e6c0-0001-0000-000000000013", "event_src.category": "Storage device", "recv_time": "2024-07-12T03:43:57.000Z", "siem_id": "9f5ae962-9a4a-4b17-8e2b-50507ffc485f", "generator.type": "logcollector", "event_src.host": "fs", "subject.account.name": "hcore-client", "incorrect_time": false, "category.generic": "File System Object", "input_id": "25f9b93a-b025-4dc5-bc87-42b9554f5ed9", "recv_ipv4": "10.10.10.10", "object": "file_object", "status": "success", "tenant_id": "6197e8d1-e31b-42a9-89d3-bef488b4858c", "recv_host": null, "_checkpoint": 5570336051, "normalized": true, "importance": "info", "recv_asset": "19699405-e6c0-0001-0000-000000000013", "taxonomy_version": "26.0.220-release-26.0", "task_id": "1738bd44-53c0-0001-0000-000000000007", "subject.account.domain": "ZLAB", "event_src.vendor": "synology", "origin_app_id": "1967d1a8-9400-0001-0000-000000000003", "object.name": "sysvol", "original_time": "2024-07-11T15:34:39.000Z", "job_id": "ca89228b-ab03-436b-9a93-cba6000ff360", "time": "2024-07-11T15:34:39.000Z"},
{"recv_ipv6": null, "event_src.title": "diskstation_manager", "src.ip": "10.100.10.107", "asset_ids": ["19699405-e6c0-0001-0000-000000000013"], "agent_id": "493a5abd-427c-4b91-88ad-c600bc0eb6df", "subject": "account", "mime": "text/plain", "primary_siem_app_id": "1967d1a8-9400-0001-0000-000000000003", "generator.version": "N26.1.3020", "historical": false, "event_src.hostname": "fs", "body": "<14>Jul 11 15:34:39 fs Connection: User [ZLAB\\HARDCORE-07$] from [10.100.10.107(10.100.10.107)] via [CIFS(SMB3)] accessed shared folder [sysvol].", "type": null, "remote": false, "uuid": "00000006-3061-0adf-f000-00038b2289ca", "protocol": "cifs(smb3)", "category.low": "Manipulation", "scope_id": "00000000-0000-0000-0000-000000000005", "src.host": "10.100.10.107", "action": "access", "tag": "syslog", "category.high": "System Management", "id": "PT_Synology_Diskstation_Manager_syslog_Share_accessed", "event_src.asset": "19699405-e6c0-0001-0000-000000000013", "event_src.category": "Storage device", "recv_time": "2024-07-12T03:43:57.000Z", "siem_id": "9f5ae962-9a4a-4b17-8e2b-50507ffc485f", "generator.type": "logcollector", "event_src.host": "fs", "subject.account.name": "HARDCORE-07$", "incorrect_time": false, "category.generic": "File System Object", "input_id": "25f9b93a-b025-4dc5-bc87-42b9554f5ed9", "recv_ipv4": "10.10.10.10", "object": "file_object", "status": "success", "tenant_id": "6197e8d1-e31b-42a9-89d3-bef488b4858c", "recv_host": null, "_checkpoint": 5570336052, "normalized": true, "importance": "info", "recv_asset": "19699405-e6c0-0001-0000-000000000013", "taxonomy_version": "26.0.220-release-26.0", "task_id": "1738bd44-53c0-0001-0000-000000000007", "subject.account.domain": "ZLAB", "event_src.vendor": "synology", "origin_app_id": "1967d1a8-9400-0001-0000-000000000003", "object.name": "sysvol", "original_time": "2024-07-11T15:34:39.000Z", "job_id": "ca89228b-ab03-436b-9a93-cba6000ff360", "time": "2024-07-11T15:34:39.000Z"},
{"tenant_id": "6197e8d1-e31b-42a9-89d3-bef488b4858c", "recv_ipv6": null, "recv_host": null, "_checkpoint": 5570336053, "recv_time": "2024-07-12T03:43:57Z", "agent_id": "493a5abd-427c-4b91-88ad-c600bc0eb6df", "normalized": true, "mime": "application/x-pt-eventlog", "primary_siem_app_id": "1967d1a8-9400-0001-0000-000000000003", "siem_id": "9f5ae962-9a4a-4b17-8e2b-50507ffc485f", "historical": false, "task_id": "170466d6-fac0-0001-0000-000000000013", "body": "{\"Event\":{\"xmlns\":\"http://schemas.microsoft.com/win/2004/08/events/event\",\"System\":{\"Provider\":{\"Name\":\"Microsoft-Windows-Security-Auditing\",\"Guid\":\"{54849625-5478-4994-a5ba-3e3b0328c30d}\"},\"EventID\":\"4648\",\"Version\":\"0\",\"Level\":\"0\",\"Task\":\"12544\",\"Opcode\":\"0\",\"Keywords\":\"0x8020000000000000\",\"TimeCreated\":{\"SystemTime\":\"2024-07-11T12:34:38.0991577Z\"},\"EventRecordID\":\"467128\",\"Correlation\":{\"ActivityID\":\"{2431fd59-b194-0000-86fd-312494b1d801}\"},\"Execution\":{\"ProcessID\":\"868\",\"ThreadID\":\"9184\"},\"Channel\":\"Security\",\"Computer\":\"mp-core.z-lab.me\",\"Security\":null},\"EventData\":{\"Data\":[{\"text\":\"S-1-0-0\",\"Name\":\"SubjectUserSid\"},{\"text\":\"-\",\"Name\":\"SubjectUserName\"},{\"text\":\"-\",\"Name\":\"SubjectDomainName\"},{\"text\":\"0x92a1\",\"Name\":\"SubjectLogonId\"},{\"text\":\"{00000000-0000-0000-0000-000000000000}\",\"Name\":\"LogonGuid\"},{\"text\":\"hcore-admin\",\"Name\":\"TargetUserName\"},{\"text\":\"z-lab.me\",\"Name\":\"TargetDomainName\"},{\"text\":\"{00000000-0000-0000-0000-000000000000}\",\"Name\":\"TargetLogonGuid\"},{\"text\":\"HARDCORE-12.z-lab.me\",\"Name\":\"TargetServerName\"},{\"text\":\"HARDCORE-12.z-lab.me\",\"Name\":\"TargetInfo\"},{\"text\":\"0x29c\",\"Name\":\"ProcessId\"},{\"text\":\"C:\\\\Windows\\\\System32\\\\svchost.exe\",\"Name\":\"ProcessName\"},{\"text\":\"10.100.10.112\",\"Name\":\"IpAddress\"},{\"text\":\"135\",\"Name\":\"IpPort\"}]}}}", "type": null, "remote": false, "uuid": "00000006-3061-0ae1-f000-00004f3570f3", "scope_id": "00000000-0000-0000-0000-000000000005", "job_id": "f370354f-f4c4-448d-ada5-0dbd95c22032", "tag": "wineventlog", "time": "2024-07-11T12:34:38.000Z", "origin_app_id": "1967d1a8-9400-0001-0000-000000000003", "input_id": "422528d7-2257-4102-a4c0-3046b27b1d86", "recv_ipv4": "10.10.10.220"},
{"recv_ipv6": null, "event_src.title": "diskstation_manager", "src.ip": "10.100.10.107", "asset_ids": ["19699405-e6c0-0001-0000-000000000013"], "agent_id": "493a5abd-427c-4b91-88ad-c600bc0eb6df", "subject": "account", "mime": "text/plain", "primary_siem_app_id": "1967d1a8-9400-0001-0000-000000000003", "object.fullpath": "/sysvol/z-lab.me/Policies/{BBEDED12-F649-4D6B-B9CA-0C548453073D}/User/Registry.pol", "generator.version": "N26.1.3020", "historical": false, "event_src.hostname": "fs", "body": "<14>Jul 11 15:34:42 fs WinFileService Event: read, Path: /sysvol/z-lab.me/Policies/{BBEDED12-F649-4D6B-B9CA-0C548453073D}/User/Registry.pol, File/Folder: File, Size: 7.76 KB, User: ZLAB\\HARDCORE-07$, IP: 10.100.10.107", "type": null, "remote": false, "uuid": "00000006-3061-0ae2-f000-00018b2289ca", "category.low": "Manipulation", "scope_id": "00000000-0000-0000-0000-000000000005", "src.host": "10.100.10.107", "action": "read", "tag": "syslog", "category.high": "System Management", "id": "PT_Synology_Diskstation_Manager_syslog_File_actions", "event_src.asset": "19699405-e6c0-0001-0000-000000000013", "event_src.category": "Storage device", "recv_time": "2024-07-12T03:43:57.000Z", "siem_id": "9f5ae962-9a4a-4b17-8e2b-50507ffc485f", "generator.type": "logcollector", "event_src.host": "fs", "subject.account.name": "HARDCORE-07$", "object.type": "File", "incorrect_time": false, "category.generic": "File System Object", "input_id": "25f9b93a-b025-4dc5-bc87-42b9554f5ed9", "recv_ipv4": "10.10.10.10", "object": "file_object", "status": "success", "tenant_id": "6197e8d1-e31b-42a9-89d3-bef488b4858c", "recv_host": null, "_checkpoint": 5570336054, "normalized": true, "importance": "info", "recv_asset": "19699405-e6c0-0001-0000-000000000013", "taxonomy_version": "26.0.220-release-26.0", "task_id": "1738bd44-53c0-0001-0000-000000000007", "object.path": "/sysvol/z-lab.me/Policies/{BBEDED12-F649-4D6B-B9CA-0C548453073D}/User/", "subject.account.domain": "ZLAB", "event_src.vendor": "synology", "object.property": "File size", "origin_app_id": "1967d1a8-9400-0001-0000-000000000003", "object.value": "7.76 KB", "object.name": "Registry.pol", "original_time": "2024-07-11T15:34:42.000Z", "job_id": "ca89228b-ab03-436b-9a93-cba6000ff360", "time": "2024-07-11T15:34:42.000Z"},
{"recv_ipv6": null, "event_src.title": "diskstation_manager", "src.ip": "10.100.10.107", "asset_ids": ["19699405-e6c0-0001-0000-000000000013"], "agent_id": "493a5abd-427c-4b91-88ad-c600bc0eb6df", "subject": "account", "mime": "text/plain", "primary_siem_app_id": "1967d1a8-9400-0001-0000-000000000003", "generator.version": "N26.1.3020", "historical": false, "event_src.hostname": "fs", "body": "<14>Jul 11 15:34:45 fs Connection: User [ZLAB\\HARDCORE-07$] from [10.100.10.107(10.100.10.107)] via [CIFS(SMB3)] accessed shared folder [hardcore].", "type": null, "remote": false, "uuid": "00000006-3061-0ae5-f000-00008b2289ca", "protocol": "cifs(smb3)", "category.low": "Manipulation", "scope_id": "00000000-0000-0000-0000-000000000005", "src.host": "10.100.10.107", "action": "access", "tag": "syslog", "category.high": "System Management", "id": "PT_Synology_Diskstation_Manager_syslog_Share_accessed", "event_src.asset": "19699405-e6c0-0001-0000-000000000013", "event_src.category": "Storage device", "recv_time": "2024-07-12T03:43:57.000Z", "siem_id": "9f5ae962-9a4a-4b17-8e2b-50507ffc485f", "generator.type": "logcollector", "event_src.host": "fs", "subject.account.name": "HARDCORE-07$", "incorrect_time": false, "category.generic": "File System Object", "input_id": "25f9b93a-b025-4dc5-bc87-42b9554f5ed9", "recv_ipv4": "10.10.10.10", "object": "file_object", "status": "success", "tenant_id": "6197e8d1-e31b-42a9-89d3-bef488b4858c", "recv_host": null, "_checkpoint": 5570336055, "normalized": true, "importance": "info", "recv_asset": "19699405-e6c0-0001-0000-000000000013", "taxonomy_version": "26.0.220-release-26.0", "task_id": "1738bd44-53c0-0001-0000-000000000007", "subject.account.domain": "ZLAB", "event_src.vendor": "synology", "origin_app_id": "1967d1a8-9400-0001-0000-000000000003", "object.name": "hardcore", "original_time": "2024-07-11T15:34:45.000Z", "job_id": "ca89228b-ab03-436b-9a93-cba6000ff360", "time": "2024-07-11T15:34:45.000Z"},
{"recv_ipv6": null, "event_src.title": "diskstation_manager", "src.ip": "10.100.10.106", "asset_ids": ["19699405-e6c0-0001-0000-000000000013"], "agent_id": "493a5abd-427c-4b91-88ad-c600bc0eb6df", "subject": "account", "mime": "text/plain", "primary_siem_app_id": "1967d1a8-9400-0001-0000-000000000003", "generator.version": "N26.1.3020", "historical": false, "event_src.hostname": "fs", "body": "<14>Jul 11 15:35:11 fs Connection: User [ZLAB\\AlibekovRN] from [10.100.10.106(10.100.10.106)] via [CIFS(SMB3)] accessed shared folder [sysvol].", "type": null, "remote": false, "uuid": "00000006-3061-0aff-f000-00008b2289ca", "protocol": "cifs(smb3)", "category.low": "Manipulation", "scope_id": "00000000-0000-0000-0000-000000000005", "src.host": "10.100.10.106", "action": "access", "tag": "syslog", "category.high": "System Management", "id": "PT_Synology_Diskstation_Manager_syslog_Share_accessed", "event_src.asset": "19699405-e6c0-0001-0000-000000000013", "event_src.category": "Storage device", "recv_time": "2024-07-12T03:43:57.000Z", "siem_id": "9f5ae962-9a4a-4b17-8e2b-50507ffc485f", "generator.type": "logcollector", "event_src.host": "fs", "subject.account.name": "AlibekovRN", "incorrect_time": false, "category.generic": "File System Object", "input_id": "25f9b93a-b025-4dc5-bc87-42b9554f5ed9", "recv_ipv4": "10.10.10.10", "object": "file_object", "status": "success", "tenant_id": "6197e8d1-e31b-42a9-89d3-bef488b4858c", "recv_host": null, "_checkpoint": 5570336056, "normalized": true, "importance": "info", "recv_asset": "19699405-e6c0-0001-0000-000000000013", "taxonomy_version": "26.0.220-release-26.0", "task_id": "1738bd44-53c0-0001-0000-000000000007", "subject.account.domain": "ZLAB", "event_src.vendor": "synology", "origin_app_id": "1967d1a8-9400-0001-0000-000000000003", "object.name": "sysvol", "original_time": "2024-07-11T15:35:11.000Z", "job_id": "ca89228b-ab03-436b-9a93-cba6000ff360", "time": "2024-07-11T15:35:11.000Z"},
{"tenant_id": "6197e8d1-e31b-42a9-89d3-bef488b4858c", "recv_ipv6": null, "recv_host": null, "_checkpoint": 5570336057, "recv_time": "2024-07-12T03:43:57Z", "agent_id": "493a5abd-427c-4b91-88ad-c600bc0eb6df", "normalized": true, "mime": "application/x-pt-eventlog", "primary_siem_app_id": "1967d1a8-9400-0001-0000-000000000003", "siem_id": "9f5ae962-9a4a-4b17-8e2b-50507ffc485f", "historical": false, "task_id": "170466d6-fac0-0001-0000-000000000013", "body": "{\"Event\":{\"xmlns\":\"http://schemas.microsoft.com/win/2004/08/events/event\",\"System\":{\"Provider\":{\"Name\":\"Microsoft-Windows-Security-Auditing\",\"Guid\":\"{54849625-5478-4994-a5ba-3e3b0328c30d}\"},\"EventID\":\"4648\",\"Version\":\"0\",\"Level\":\"0\",\"Task\":\"12544\",\"Opcode\":\"0\",\"Keywords\":\"0x8020000000000000\",\"TimeCreated\":{\"SystemTime\":\"2024-07-11T12:35:14.6765621Z\"},\"EventRecordID\":\"467131\",\"Correlation\":{\"ActivityID\":\"{2431fd59-b194-0000-86fd-312494b1d801}\"},\"Execution\":{\"ProcessID\":\"868\",\"ThreadID\":\"6704\"},\"Channel\":\"Security\",\"Computer\":\"mp-core.z-lab.me\",\"Security\":null},\"EventData\":{\"Data\":[{\"text\":\"S-1-5-18\",\"Name\":\"SubjectUserSid\"},{\"text\":\"MP-CORE$\",\"Name\":\"SubjectUserName\"},{\"text\":\"ZLAB\",\"Name\":\"SubjectDomainName\"},{\"text\":\"0x3e7\",\"Name\":\"SubjectLogonId\"},{\"text\":\"{00000000-0000-0000-0000-000000000000}\",\"Name\":\"LogonGuid\"},{\"text\":\"hcore-admin\",\"Name\":\"TargetUserName\"},{\"text\":\"Z-LAB.ME\",\"Name\":\"TargetDomainName\"},{\"text\":\"{26ab2392-f457-66eb-9a0b-d702cdf1b23d}\",\"Name\":\"TargetLogonGuid\"},{\"text\":\"HARDCORE-13.z-lab.me\",\"Name\":\"TargetServerName\"},{\"text\":\"host/HARDCORE-13.z-lab.me\",\"Name\":\"TargetInfo\"},{\"text\":\"0x18fc\",\"Name\":\"ProcessId\"},{\"text\":\"C:\\\\Program Files (x86)\\\\Positive Technologies\\\\MaxPatrol 10 Agent\\\\ModuleHost.exe\",\"Name\":\"ProcessName\"},{\"text\":\"10.100.10.113\",\"Name\":\"IpAddress\"},{\"text\":\"55139\",\"Name\":\"IpPort\"}]}}}", "type": null, "remote": false, "uuid": "00000006-3061-0b05-f000-00014f3570f3", "scope_id": "00000000-0000-0000-0000-000000000005", "job_id": "f370354f-f4c4-448d-ada5-0dbd95c22032", "tag": "wineventlog", "time": "2024-07-11T12:35:14.000Z", "origin_app_id": "1967d1a8-9400-0001-0000-000000000003", "input_id": "422528d7-2257-4102-a4c0-3046b27b1d86", "recv_ipv4": "10.10.10.220"},
{"tenant_id": "6197e8d1-e31b-42a9-89d3-bef488b4858c", "recv_ipv6": null, "recv_host": null, "_checkpoint": 5570336058, "recv_time": "2024-07-12T03:43:57Z", "agent_id": "493a5abd-427c-4b91-88ad-c600bc0eb6df", "normalized": true, "mime": "application/x-pt-eventlog", "primary_siem_app_id": "1967d1a8-9400-0001-0000-000000000003", "siem_id": "9f5ae962-9a4a-4b17-8e2b-50507ffc485f", "historical": false, "task_id": "170466d6-fac0-0001-0000-000000000013", "body": "{\"Event\":{\"xmlns\":\"http://schemas.microsoft.com/win/2004/08/events/event\",\"System\":{\"Provider\":{\"Name\":\"Microsoft-Windows-Security-Auditing\",\"Guid\":\"{54849625-5478-4994-a5ba-3e3b0328c30d}\"},\"EventID\":\"4672\",\"Version\":\"0\",\"Level\":\"0\",\"Task\":\"12548\",\"Opcode\":\"0\",\"Keywords\":\"0x8020000000000000\",\"TimeCreated\":{\"SystemTime\":\"2024-07-11T12:35:16.2106471Z\"},\"EventRecordID\":\"467134\",\"Correlation\":{\"ActivityID\":\"{2431fd59-b194-0000-86fd-312494b1d801}\"},\"Execution\":{\"ProcessID\":\"868\",\"ThreadID\":\"8492\"},\"Channel\":\"Security\",\"Computer\":\"mp-core.z-lab.me\",\"Security\":null},\"EventData\":{\"Data\":[{\"text\":\"S-1-5-18\",\"Name\":\"SubjectUserSid\"},{\"text\":\"SYSTEM\",\"Name\":\"SubjectUserName\"},{\"text\":\"NT AUTHORITY\",\"Name\":\"SubjectDomainName\"},{\"text\":\"0x43b13495\",\"Name\":\"SubjectLogonId\"},{\"text\":\"SeAssignPrimaryTokenPrivilege\\r\\n\\t\\t\\tSeTcbPrivilege\\r\\n\\t\\t\\tSeSecurityPrivilege\\r\\n\\t\\t\\tSeTakeOwnershipPrivilege\\r\\n\\t\\t\\tSeLoadDriverPrivilege\\r\\n\\t\\t\\tSeBackupPrivilege\\r\\n\\t\\t\\tSeRestorePrivilege\\r\\n\\t\\t\\tSeDebugPrivilege\\r\\n\\t\\t\\tSeAuditPrivilege\\r\\n\\t\\t\\tSeSystemEnvironmentPrivilege\\r\\n\\t\\t\\tSeImpersonatePrivilege\\r\\n\\t\\t\\tSeDelegateSessionUserImpersonatePrivilege\",\"Name\":\"PrivilegeList\"}]}}}", "type": null, "remote": false, "uuid": "00000006-3061-0b05-f000-00044f3570f3", "scope_id": "00000000-0000-0000-0000-000000000005", "job_id": "f370354f-f4c4-448d-ada5-0dbd95c22032", "tag": "wineventlog", "time": "2024-07-11T12:35:16.000Z", "origin_app_id": "1967d1a8-9400-0001-0000-000000000003", "input_id": "422528d7-2257-4102-a4c0-3046b27b1d86", "recv_ipv4": "10.10.10.220"},
{"tenant_id": "6197e8d1-e31b-42a9-89d3-bef488b4858c", "recv_ipv6": null, "recv_host": null, "_checkpoint": 5570336059, "recv_time": "2024-07-12T03:43:57Z", "agent_id": "493a5abd-427c-4b91-88ad-c600bc0eb6df", "normalized": true, "mime": "application/x-pt-eventlog", "primary_siem_app_id": "1967d1a8-9400-0001-0000-000000000003", "siem_id": "9f5ae962-9a4a-4b17-8e2b-50507ffc485f", "historical": false, "task_id": "170466d6-fac0-0001-0000-000000000013", "body": "{\"Event\":{\"xmlns\":\"http://schemas.microsoft.com/win/2004/08/events/event\",\"System\":{\"Provider\":{\"Name\":\"Microsoft-Windows-Security-Auditing\",\"Guid\":\"{54849625-5478-4994-a5ba-3e3b0328c30d}\"},\"EventID\":\"4672\",\"Version\":\"0\",\"Level\":\"0\",\"Task\":\"12548\",\"Opcode\":\"0\",\"Keywords\":\"0x8020000000000000\",\"TimeCreated\":{\"SystemTime\":\"2024-07-11T12:35:16.5187557Z\"},\"EventRecordID\":\"467137\",\"Correlation\":{\"ActivityID\":\"{2431fd59-b194-0000-86fd-312494b1d801}\"},\"Execution\":{\"ProcessID\":\"868\",\"ThreadID\":\"6704\"},\"Channel\":\"Security\",\"Computer\":\"mp-core.z-lab.me\",\"Security\":null},\"EventData\":{\"Data\":[{\"text\":\"S-1-5-18\",\"Name\":\"SubjectUserSid\"},{\"text\":\"SYSTEM\",\"Name\":\"SubjectUserName\"},{\"text\":\"NT AUTHORITY\",\"Name\":\"SubjectDomainName\"},{\"text\":\"0x43b13bf2\",\"Name\":\"SubjectLogonId\"},{\"text\":\"SeAssignPrimaryTokenPrivilege\\r\\n\\t\\t\\tSeTcbPrivilege\\r\\n\\t\\t\\tSeSecurityPrivilege\\r\\n\\t\\t\\tSeTakeOwnershipPrivilege\\r\\n\\t\\t\\tSeLoadDriverPrivilege\\r\\n\\t\\t\\tSeBackupPrivilege\\r\\n\\t\\t\\tSeRestorePrivilege\\r\\n\\t\\t\\tSeDebugPrivilege\\r\\n\\t\\t\\tSeAuditPrivilege\\r\\n\\t\\t\\tSeSystemEnvironmentPrivilege\\r\\n\\t\\t\\tSeImpersonatePrivilege\\r\\n\\t\\t\\tSeDelegateSessionUserImpersonatePrivilege\",\"Name\":\"PrivilegeList\"}]}}}", "type": null, "remote": false, "uuid": "00000006-3061-0b05-f000-00074f3570f3", "scope_id": "00000000-0000-0000-0000-000000000005", "job_id": "f370354f-f4c4-448d-ada5-0dbd95c22032", "tag": "wineventlog", "time": "2024-07-11T12:35:16.000Z", "origin_app_id": "1967d1a8-9400-0001-0000-000000000003", "input_id": "422528d7-2257-4102-a4c0-3046b27b1d86", "recv_ipv4": "10.10.10.220"},
{"tenant_id": "6197e8d1-e31b-42a9-89d3-bef488b4858c", "recv_ipv6": null, "recv_host": null, "_checkpoint": 5570336060, "recv_time": "2024-07-12T03:43:57Z", "agent_id": "493a5abd-427c-4b91-88ad-c600bc0eb6df", "normalized": true, "mime": "application/x-pt-eventlog", "primary_siem_app_id": "1967d1a8-9400-0001-0000-000000000003", "siem_id": "9f5ae962-9a4a-4b17-8e2b-50507ffc485f", "historical": false, "task_id": "170466d6-fac0-0001-0000-000000000013", "body": "{\"Event\":{\"xmlns\":\"http://schemas.microsoft.com/win/2004/08/events/event\",\"System\":{\"Provider\":{\"Name\":\"Microsoft-Windows-Security-Auditing\",\"Guid\":\"{54849625-5478-4994-a5ba-3e3b0328c30d}\"},\"EventID\":\"4672\",\"Version\":\"0\",\"Level\":\"0\",\"Task\":\"12548\",\"Opcode\":\"0\",\"Keywords\":\"0x8020000000000000\",\"TimeCreated\":{\"SystemTime\":\"2024-07-11T12:35:17.5170633Z\"},\"EventRecordID\":\"467140\",\"Correlation\":{\"ActivityID\":\"{2431fd59-b194-0000-86fd-312494b1d801}\"},\"Execution\":{\"ProcessID\":\"868\",\"ThreadID\":\"8492\"},\"Channel\":\"Security\",\"Computer\":\"mp-core.z-lab.me\",\"Security\":null},\"EventData\":{\"Data\":[{\"text\":\"S-1-5-18\",\"Name\":\"SubjectUserSid\"},{\"text\":\"SYSTEM\",\"Name\":\"SubjectUserName\"},{\"text\":\"NT AUTHORITY\",\"Name\":\"SubjectDomainName\"},{\"text\":\"0x43b14690\",\"Name\":\"SubjectLogonId\"},{\"text\":\"SeAssignPrimaryTokenPrivilege\\r\\n\\t\\t\\tSeTcbPrivilege\\r\\n\\t\\t\\tSeSecurityPrivilege\\r\\n\\t\\t\\tSeTakeOwnershipPrivilege\\r\\n\\t\\t\\tSeLoadDriverPrivilege\\r\\n\\t\\t\\tSeBackupPrivilege\\r\\n\\t\\t\\tSeRestorePrivilege\\r\\n\\t\\t\\tSeDebugPrivilege\\r\\n\\t\\t\\tSeAuditPrivilege\\r\\n\\t\\t\\tSeSystemEnvironmentPrivilege\\r\\n\\t\\t\\tSeImpersonatePrivilege\\r\\n\\t\\t\\tSeDelegateSessionUserImpersonatePrivilege\",\"Name\":\"PrivilegeList\"}]}}}", "type": null, "remote": false, "uuid": "00000006-3061-0b08-f000-00014f3570f3", "scope_id": "00000000-0000-0000-0000-000000000005", "job_id": "f370354f-f4c4-448d-ada5-0dbd95c22032", "tag": "wineventlog", "time": "2024-07-11T12:35:17.000Z", "origin_app_id": "1967d1a8-9400-0001-0000-000000000003", "input_id": "422528d7-2257-4102-a4c0-3046b27b1d86", "recv_ipv4": "10.10.10.220"},
{"tenant_id": "6197e8d1-e31b-42a9-89d3-bef488b4858c", "recv_ipv6": null, "recv_host": null, "_checkpoint": 5570336061, "recv_time": "2024-07-12T03:43:57Z", "agent_id": "493a5abd-427c-4b91-88ad-c600bc0eb6df", "normalized": true, "mime": "application/x-pt-eventlog", "primary_siem_app_id": "1967d1a8-9400-0001-0000-000000000003", "siem_id": "9f5ae962-9a4a-4b17-8e2b-50507ffc485f", "historical": false, "task_id": "170466d6-fac0-0001-0000-000000000013", "body": "{\"Event\":{\"xmlns\":\"http://schemas.microsoft.com/win/2004/08/events/event\",\"System\":{\"Provider\":{\"Name\":\"Microsoft-Windows-Security-Auditing\",\"Guid\":\"{54849625-5478-4994-a5ba-3e3b0328c30d}\"},\"EventID\":\"4648\",\"Version\":\"0\",\"Level\":\"0\",\"Task\":\"12544\",\"Opcode\":\"0\",\"Keywords\":\"0x8020000000000000\",\"TimeCreated\":{\"SystemTime\":\"2024-07-11T12:35:21.0449492Z\"},\"EventRecordID\":\"467143\",\"Correlation\":{\"ActivityID\":\"{2431fd59-b194-0000-86fd-312494b1d801}\"},\"Execution\":{\"ProcessID\":\"868\",\"ThreadID\":\"6704\"},\"Channel\":\"Security\",\"Computer\":\"mp-core.z-lab.me\",\"Security\":null},\"EventData\":{\"Data\":[{\"text\":\"S-1-0-0\",\"Name\":\"SubjectUserSid\"},{\"text\":\"-\",\"Name\":\"SubjectUserName\"},{\"text\":\"-\",\"Name\":\"SubjectDomainName\"},{\"text\":\"0x92a1\",\"Name\":\"SubjectLogonId\"},{\"text\":\"{00000000-0000-0000-0000-000000000000}\",\"Name\":\"LogonGuid\"},{\"text\":\"hcore-admin\",\"Name\":\"TargetUserName\"},{\"text\":\"z-lab.me\",\"Name\":\"TargetDomainName\"},{\"text\":\"{00000000-0000-0000-0000-000000000000}\",\"Name\":\"TargetLogonGuid\"},{\"text\":\"HARDCORE-13.z-lab.me\",\"Name\":\"TargetServerName\"},{\"text\":\"HARDCORE-13.z-lab.me\",\"Name\":\"TargetInfo\"},{\"text\":\"0x4\",\"Name\":\"ProcessId\"},{\"Name\":\"ProcessName\"},{\"text\":\"10.100.10.113\",\"Name\":\"IpAddress\"},{\"text\":\"445\",\"Name\":\"IpPort\"}]}}}", "type": null, "remote": false, "uuid": "00000006-3061-0b0b-f000-00024f3570f3", "scope_id": "00000000-0000-0000-0000-000000000005", "job_id": "f370354f-f4c4-448d-ada5-0dbd95c22032", "tag": "wineventlog", "time": "2024-07-11T12:35:21.000Z", "origin_app_id": "1967d1a8-9400-0001-0000-000000000003", "input_id": "422528d7-2257-4102-a4c0-3046b27b1d86", "recv_ipv4": "10.10.10.220"},
{"tenant_id": "6197e8d1-e31b-42a9-89d3-bef488b4858c", "recv_ipv6": null, "recv_host": null, "_checkpoint": 5570336063, "recv_time": "2024-07-12T03:43:57Z", "agent_id": "493a5abd-427c-4b91-88ad-c600bc0eb6df", "normalized": true, "mime": "application/x-pt-eventlog", "primary_siem_app_id": "1967d1a8-9400-0001-0000-000000000003", "siem_id": "9f5ae962-9a4a-4b17-8e2b-50507ffc485f", "historical": false, "task_id": "170466d6-fac0-0001-0000-000000000013", "body": "{\"Event\":{\"xmlns\":\"http://schemas.microsoft.com/win/2004/08/events/event\",\"System\":{\"Provider\":{\"Name\":\"Microsoft-Windows-Security-Auditing\",\"Guid\":\"{54849625-5478-4994-a5ba-3e3b0328c30d}\"},\"EventID\":\"4648\",\"Version\":\"0\",\"Level\":\"0\",\"Task\":\"12544\",\"Opcode\":\"0\",\"Keywords\":\"0x8020000000000000\",\"TimeCreated\":{\"SystemTime\":\"2024-07-11T12:35:56.4978192Z\"},\"EventRecordID\":\"467145\",\"Correlation\":{\"ActivityID\":\"{2431fd59-b194-0000-86fd-312494b1d801}\"},\"Execution\":{\"ProcessID\":\"868\",\"ThreadID\":\"9184\"},\"Channel\":\"Security\",\"Computer\":\"mp-core.z-lab.me\",\"Security\":null},\"EventData\":{\"Data\":[{\"text\":\"S-1-0-0\",\"Name\":\"SubjectUserSid\"},{\"text\":\"-\",\"Name\":\"SubjectUserName\"},{\"text\":\"-\",\"Name\":\"SubjectDomainName\"},{\"text\":\"0x92a1\",\"Name\":\"SubjectLogonId\"},{\"text\":\"{00000000-0000-0000-0000-000000000000}\",\"Name\":\"LogonGuid\"},{\"text\":\"hcore-admin\",\"Name\":\"TargetUserName\"},{\"text\":\"z-lab.me\",\"Name\":\"TargetDomainName\"},{\"text\":\"{00000000-0000-0000-0000-000000000000}\",\"Name\":\"TargetLogonGuid\"},{\"text\":\"HARDCORE-14.z-lab.me\",\"Name\":\"TargetServerName\"},{\"text\":\"HARDCORE-14.z-lab.me\",\"Name\":\"TargetInfo\"},{\"text\":\"0x29c\",\"Name\":\"ProcessId\"},{\"text\":\"C:\\\\Windows\\\\System32\\\\svchost.exe\",\"Name\":\"ProcessName\"},{\"text\":\"10.100.10.114\",\"Name\":\"IpAddress\"},{\"text\":\"135\",\"Name\":\"IpPort\"}]}}}", "type": null, "remote": false, "uuid": "00000006-3061-0b2f-f000-00004f3570f3", "scope_id": "00000000-0000-0000-0000-000000000005", "job_id": "f370354f-f4c4-448d-ada5-0dbd95c22032", "tag": "wineventlog", "time": "2024-07-11T12:35:56.000Z", "origin_app_id": "1967d1a8-9400-0001-0000-000000000003", "input_id": "422528d7-2257-4102-a4c0-3046b27b1d86", "recv_ipv4": "10.10.10.220"},
{"recv_ipv6": null, "event_src.title": "diskstation_manager", "src.ip": "10.10.10.220", "asset_ids": ["19699405-e6c0-0001-0000-000000000013"], "agent_id": "493a5abd-427c-4b91-88ad-c600bc0eb6df", "subject": "account", "mime": "text/plain", "primary_siem_app_id": "1967d1a8-9400-0001-0000-000000000003", "generator.version": "N26.1.3020", "historical": false, "event_src.hostname": "fs", "body": "<14>Jul 11 15:36:56 fs Connection: User [ZLAB\\ShamsievAN] from [10.10.10.220(10.10.10.220)] via [CIFS(SMB3)] accessed shared folder [sysvol].", "type": null, "remote": false, "uuid": "00000006-3061-0b68-f000-00008b2289ca", "protocol": "cifs(smb3)", "category.low": "Manipulation", "scope_id": "00000000-0000-0000-0000-000000000005", "src.host": "10.10.10.220", "action": "access", "tag": "syslog", "category.high": "System Management", "id": "PT_Synology_Diskstation_Manager_syslog_Share_accessed", "event_src.asset": "19699405-e6c0-0001-0000-000000000013", "event_src.category": "Storage device", "recv_time": "2024-07-12T03:43:57.000Z", "siem_id": "9f5ae962-9a4a-4b17-8e2b-50507ffc485f", "generator.type": "logcollector", "event_src.host": "fs", "subject.account.name": "ShamsievAN", "incorrect_time": false, "category.generic": "File System Object", "input_id": "25f9b93a-b025-4dc5-bc87-42b9554f5ed9", "recv_ipv4": "10.10.10.10", "object": "file_object", "status": "success", "tenant_id": "6197e8d1-e31b-42a9-89d3-bef488b4858c", "recv_host": null, "_checkpoint": 5570336064, "normalized": true, "importance": "info", "recv_asset": "19699405-e6c0-0001-0000-000000000013", "taxonomy_version": "26.0.220-release-26.0", "task_id": "1738bd44-53c0-0001-0000-000000000007", "subject.account.domain": "ZLAB", "event_src.vendor": "synology", "origin_app_id": "1967d1a8-9400-0001-0000-000000000003", "object.name": "sysvol", "original_time": "2024-07-11T15:36:56.000Z", "job_id": "ca89228b-ab03-436b-9a93-cba6000ff360", "time": "2024-07-11T15:36:56.000Z"},
{"tenant_id": "6197e8d1-e31b-42a9-89d3-bef488b4858c", "recv_ipv6": null, "recv_host": null, "_checkpoint": 5570336065, "recv_time": "2024-07-12T03:43:57Z", "agent_id": "493a5abd-427c-4b91-88ad-c600bc0eb6df", "normalized": true, "mime": "application/x-pt-eventlog", "primary_siem_app_id": "1967d1a8-9400-0001-0000-000000000003", "siem_id": "9f5ae962-9a4a-4b17-8e2b-50507ffc485f", "historical": false, "task_id": "170466d6-fac0-0001-0000-000000000013", "body": "{\"Event\":{\"xmlns\":\"http://schemas.microsoft.com/win/2004/08/events/event\",\"System\":{\"Provider\":{\"Name\":\"Microsoft-Windows-Security-Auditing\",\"Guid\":\"{54849625-5478-4994-a5ba-3e3b0328c30d}\"},\"EventID\":\"4648\",\"Version\":\"0\",\"Level\":\"0\",\"Task\":\"12544\",\"Opcode\":\"0\",\"Keywords\":\"0x8020000000000000\",\"TimeCreated\":{\"SystemTime\":\"2024-07-11T12:36:40.5094123Z\"},\"EventRecordID\":\"467147\",\"Correlation\":{\"ActivityID\":\"{2431fd59-b194-0000-86fd-312494b1d801}\"},\"Execution\":{\"ProcessID\":\"868\",\"ThreadID\":\"6704\"},\"Channel\":\"Security\",\"Computer\":\"mp-core.z-lab.me\",\"Security\":null},\"EventData\":{\"Data\":[{\"text\":\"S-1-0-0\",\"Name\":\"SubjectUserSid\"},{\"text\":\"-\",\"Name\":\"SubjectUserName\"},{\"text\":\"-\",\"Name\":\"SubjectDomainName\"},{\"text\":\"0x92a1\",\"Name\":\"SubjectLogonId\"},{\"text\":\"{00000000-0000-0000-0000-000000000000}\",\"Name\":\"LogonGuid\"},{\"text\":\"hcore-admin\",\"Name\":\"TargetUserName\"},{\"text\":\"z-lab.me\",\"Name\":\"TargetDomainName\"},{\"text\":\"{00000000-0000-0000-0000-000000000000}\",\"Name\":\"TargetLogonGuid\"},{\"text\":\"HARDCORE-14.z-lab.me\",\"Name\":\"TargetServerName\"},{\"text\":\"HARDCORE-14.z-lab.me\",\"Name\":\"TargetInfo\"},{\"text\":\"0x23c0\",\"Name\":\"ProcessId\"},{\"text\":\"C:\\\\Program Files (x86)\\\\Positive Technologies\\\\MaxPatrol 10 Agent\\\\ModuleHost.exe\",\"Name\":\"ProcessName\"},{\"text\":\"10.100.10.114\",\"Name\":\"IpAddress\"},{\"text\":\"59522\",\"Name\":\"IpPort\"}]}}}", "type": null, "remote": false, "uuid": "00000006-3061-0b59-f000-00014f3570f3", "scope_id": "00000000-0000-0000-0000-000000000005", "job_id": "f370354f-f4c4-448d-ada5-0dbd95c22032", "tag": "wineventlog", "time": "2024-07-11T12:36:40.000Z", "origin_app_id": "1967d1a8-9400-0001-0000-000000000003", "input_id": "422528d7-2257-4102-a4c0-3046b27b1d86", "recv_ipv4": "10.10.10.220"},
{"tenant_id": "6197e8d1-e31b-42a9-89d3-bef488b4858c", "recv_ipv6": null, "recv_host": null, "_checkpoint": 5570336066, "recv_time": "2024-07-12T03:43:57Z", "agent_id": "493a5abd-427c-4b91-88ad-c600bc0eb6df", "normalized": true, "mime": "application/x-pt-eventlog", "primary_siem_app_id": "1967d1a8-9400-0001-0000-000000000003", "siem_id": "9f5ae962-9a4a-4b17-8e2b-50507ffc485f", "historical": false, "task_id": "170466d6-fac0-0001-0000-000000000013", "body": "{\"Event\":{\"xmlns\":\"http://schemas.microsoft.com/win/2004/08/events/event\",\"System\":{\"Provider\":{\"Name\":\"Microsoft-Windows-Security-Auditing\",\"Guid\":\"{54849625-5478-4994-a5ba-3e3b0328c30d}\"},\"EventID\":\"4648\",\"Version\":\"0\",\"Level\":\"0\",\"Task\":\"12544\",\"Opcode\":\"0\",\"Keywords\":\"0x8020000000000000\",\"TimeCreated\":{\"SystemTime\":\"2024-07-11T12:37:37.0068923Z\"},\"EventRecordID\":\"467178\",\"Correlation\":{\"ActivityID\":\"{2431fd59-b194-0000-86fd-312494b1d801}\"},\"Execution\":{\"ProcessID\":\"868\",\"ThreadID\":\"9396\"},\"Channel\":\"Security\",\"Computer\":\"mp-core.z-lab.me\",\"Security\":null},\"EventData\":{\"Data\":[{\"text\":\"S-1-5-18\",\"Name\":\"SubjectUserSid\"},{\"text\":\"SYSTEM\",\"Name\":\"SubjectUserName\"},{\"text\":\"NT AUTHORITY\",\"Name\":\"SubjectDomainName\"},{\"text\":\"0x43ac708c\",\"Name\":\"SubjectLogonId\"},{\"text\":\"{00000000-0000-0000-0000-000000000000}\",\"Name\":\"LogonGuid\"},{\"text\":\"hcore-admin\",\"Name\":\"TargetUserName\"},{\"text\":\"z-lab.me\",\"Name\":\"TargetDomainName\"},{\"text\":\"{00000000-0000-0000-0000-000000000000}\",\"Name\":\"TargetLogonGuid\"},{\"text\":\"HARDCORE-11.z-lab.me\",\"Name\":\"TargetServerName\"},{\"text\":\"HARDCORE-11.z-lab.me\",\"Name\":\"TargetInfo\"},{\"text\":\"0x4\",\"Name\":\"ProcessId\"},{\"Name\":\"ProcessName\"},{\"text\":\"10.100.10.111\",\"Name\":\"IpAddress\"},{\"text\":\"445\",\"Name\":\"IpPort\"}]}}}", "type": null, "remote": false, "uuid": "00000006-3061-0b93-f000-00024f3570f3", "scope_id": "00000000-0000-0000-0000-000000000005", "job_id": "f370354f-f4c4-448d-ada5-0dbd95c22032", "tag": "wineventlog", "time": "2024-07-11T12:37:37.000Z", "origin_app_id": "1967d1a8-9400-0001-0000-000000000003", "input_id": "422528d7-2257-4102-a4c0-3046b27b1d86", "recv_ipv4": "10.10.10.220"},
{"tenant_id": "6197e8d1-e31b-42a9-89d3-bef488b4858c", "recv_ipv6": null, "recv_host": null, "_checkpoint": 5570336067, "recv_time": "2024-07-12T03:43:57Z", "agent_id": "493a5abd-427c-4b91-88ad-c600bc0eb6df", "normalized": true, "mime": "application/x-pt-eventlog", "primary_siem_app_id": "1967d1a8-9400-0001-0000-000000000003", "siem_id": "9f5ae962-9a4a-4b17-8e2b-50507ffc485f", "historical": false, "task_id": "170466d6-fac0-0001-0000-000000000013", "body": "{\"Event\":{\"xmlns\":\"http://schemas.microsoft.com/win/2004/08/events/event\",\"System\":{\"Provider\":{\"Name\":\"Microsoft-Windows-Security-Auditing\",\"Guid\":\"{54849625-5478-4994-a5ba-3e3b0328c30d}\"},\"EventID\":\"4648\",\"Version\":\"0\",\"Level\":\"0\",\"Task\":\"12544\",\"Opcode\":\"0\",\"Keywords\":\"0x8020000000000000\",\"TimeCreated\":{\"SystemTime\":\"2024-07-11T12:37:18.2780478Z\"},\"EventRecordID\":\"467174\",\"Correlation\":{\"ActivityID\":\"{2431fd59-b194-0000-86fd-312494b1d801}\"},\"Execution\":{\"ProcessID\":\"868\",\"ThreadID\":\"6704\"},\"Channel\":\"Security\",\"Computer\":\"mp-core.z-lab.me\",\"Security\":null},\"EventData\":{\"Data\":[{\"text\":\"S-1-5-18\",\"Name\":\"SubjectUserSid\"},{\"text\":\"MP-CORE$\",\"Name\":\"SubjectUserName\"},{\"text\":\"ZLAB\",\"Name\":\"SubjectDomainName\"},{\"text\":\"0x3e7\",\"Name\":\"SubjectLogonId\"},{\"text\":\"{00000000-0000-0000-0000-000000000000}\",\"Name\":\"LogonGuid\"},{\"text\":\"hcore-admin\",\"Name\":\"TargetUserName\"},{\"text\":\"Z-LAB.ME\",\"Name\":\"TargetDomainName\"},{\"text\":\"{00000000-0000-0000-0000-000000000000}\",\"Name\":\"TargetLogonGuid\"},{\"text\":\"HARDCORE-11.z-lab.me\",\"Name\":\"TargetServerName\"},{\"text\":\"host/HARDCORE-11.z-lab.me\",\"Name\":\"TargetInfo\"},{\"text\":\"0x2024\",\"Name\":\"ProcessId\"},{\"text\":\"C:\\\\Program Files (x86)\\\\Positive Technologies\\\\MaxPatrol 10 Agent\\\\ModuleHost.exe\",\"Name\":\"ProcessName\"},{\"text\":\"10.100.10.111\",\"Name\":\"IpAddress\"},{\"text\":\"61646\",\"Name\":\"IpPort\"}]}}}", "type": null, "remote": false, "uuid": "00000006-3061-0b80-f000-00014f3570f3", "scope_id": "00000000-0000-0000-0000-000000000005", "job_id": "f370354f-f4c4-448d-ada5-0dbd95c22032", "tag": "wineventlog", "time": "2024-07-11T12:37:18.000Z", "origin_app_id": "1967d1a8-9400-0001-0000-000000000003", "input_id": "422528d7-2257-4102-a4c0-3046b27b1d86", "recv_ipv4": "10.10.10.220"},
{"tenant_id": "6197e8d1-e31b-42a9-89d3-bef488b4858c", "recv_ipv6": null, "recv_host": null, "_checkpoint": 5570336068, "recv_time": "2024-07-12T03:43:57Z", "agent_id": "493a5abd-427c-4b91-88ad-c600bc0eb6df", "normalized": true, "mime": "application/x-pt-eventlog", "primary_siem_app_id": "1967d1a8-9400-0001-0000-000000000003", "siem_id": "9f5ae962-9a4a-4b17-8e2b-50507ffc485f", "historical": false, "task_id": "170466d6-fac0-0001-0000-000000000013", "body": "{\"Event\":{\"xmlns\":\"http://schemas.microsoft.com/win/2004/08/events/event\",\"System\":{\"Provider\":{\"Name\":\"Microsoft-Windows-Security-Auditing\",\"Guid\":\"{54849625-5478-4994-a5ba-3e3b0328c30d}\"},\"EventID\":\"4648\",\"Version\":\"0\",\"Level\":\"0\",\"Task\":\"12544\",\"Opcode\":\"0\",\"Keywords\":\"0x8020000000000000\",\"TimeCreated\":{\"SystemTime\":\"2024-07-11T12:37:00.6852641Z\"},\"EventRecordID\":\"467168\",\"Correlation\":{\"ActivityID\":\"{2431fd59-b194-0000-86fd-312494b1d801}\"},\"Execution\":{\"ProcessID\":\"868\",\"ThreadID\":\"6704\"},\"Channel\":\"Security\",\"Computer\":\"mp-core.z-lab.me\",\"Security\":null},\"EventData\":{\"Data\":[{\"text\":\"S-1-5-18\",\"Name\":\"SubjectUserSid\"},{\"text\":\"SYSTEM\",\"Name\":\"SubjectUserName\"},{\"text\":\"NT AUTHORITY\",\"Name\":\"SubjectDomainName\"},{\"text\":\"0x43b534d5\",\"Name\":\"SubjectLogonId\"},{\"text\":\"{00000000-0000-0000-0000-000000000000}\",\"Name\":\"LogonGuid\"},{\"text\":\"hcore-admin\",\"Name\":\"TargetUserName\"},{\"text\":\"z-lab.me\",\"Name\":\"TargetDomainName\"},{\"text\":\"{00000000-0000-0000-0000-000000000000}\",\"Name\":\"TargetLogonGuid\"},{\"text\":\"HARDCORE-10.z-lab.me\",\"Name\":\"TargetServerName\"},{\"text\":\"HARDCORE-10.z-lab.me\",\"Name\":\"TargetInfo\"},{\"text\":\"0x4\",\"Name\":\"ProcessId\"},{\"Name\":\"ProcessName\"},{\"text\":\"10.100.10.110\",\"Name\":\"IpAddress\"},{\"text\":\"445\",\"Name\":\"IpPort\"}]}}}", "type": null, "remote": false, "uuid": "00000006-3061-0b6e-f000-00024f3570f3", "scope_id": "00000000-0000-0000-0000-000000000005", "job_id": "f370354f-f4c4-448d-ada5-0dbd95c22032", "tag": "wineventlog", "time": "2024-07-11T12:37:00.000Z", "origin_app_id": "1967d1a8-9400-0001-0000-000000000003", "input_id": "422528d7-2257-4102-a4c0-3046b27b1d86", "recv_ipv4": "10.10.10.220"},
{"tenant_id": "6197e8d1-e31b-42a9-89d3-bef488b4858c", "recv_ipv6": null, "recv_host": null, "_checkpoint": 5570336069, "recv_time": "2024-07-12T03:43:57Z", "agent_id": "493a5abd-427c-4b91-88ad-c600bc0eb6df", "normalized": true, "mime": "application/x-pt-eventlog", "primary_siem_app_id": "1967d1a8-9400-0001-0000-000000000003", "siem_id": "9f5ae962-9a4a-4b17-8e2b-50507ffc485f", "historical": false, "task_id": "170466d6-fac0-0001-0000-000000000013", "body": "{\"Event\":{\"xmlns\":\"http://schemas.microsoft.com/win/2004/08/events/event\",\"System\":{\"Provider\":{\"Name\":\"Microsoft-Windows-Security-Auditing\",\"Guid\":\"{54849625-5478-4994-a5ba-3e3b0328c30d}\"},\"EventID\":\"4648\",\"Version\":\"0\",\"Level\":\"0\",\"Task\":\"12544\",\"Opcode\":\"0\",\"Keywords\":\"0x8020000000000000\",\"TimeCreated\":{\"SystemTime\":\"2024-07-11T12:37:01.5891670Z\"},\"EventRecordID\":\"467171\",\"Correlation\":{\"ActivityID\":\"{2431fd59-b194-0000-86fd-312494b1d801}\"},\"Execution\":{\"ProcessID\":\"868\",\"ThreadID\":\"6704\"},\"Channel\":\"Security\",\"Computer\":\"mp-core.z-lab.me\",\"Security\":null},\"EventData\":{\"Data\":[{\"text\":\"S-1-5-18\",\"Name\":\"SubjectUserSid\"},{\"text\":\"SYSTEM\",\"Name\":\"SubjectUserName\"},{\"text\":\"NT AUTHORITY\",\"Name\":\"SubjectDomainName\"},{\"text\":\"0x43ab410c\",\"Name\":\"SubjectLogonId\"},{\"text\":\"{00000000-0000-0000-0000-000000000000}\",\"Name\":\"LogonGuid\"},{\"text\":\"hcore-admin\",\"Name\":\"TargetUserName\"},{\"text\":\"z-lab.me\",\"Name\":\"TargetDomainName\"},{\"text\":\"{00000000-0000-0000-0000-000000000000}\",\"Name\":\"TargetLogonGuid\"},{\"text\":\"HARDCORE-10.z-lab.me\",\"Name\":\"TargetServerName\"},{\"text\":\"HARDCORE-10.z-lab.me\",\"Name\":\"TargetInfo\"},{\"text\":\"0x4\",\"Name\":\"ProcessId\"},{\"Name\":\"ProcessName\"},{\"text\":\"10.100.10.110\",\"Name\":\"IpAddress\"},{\"text\":\"445\",\"Name\":\"IpPort\"}]}}}", "type": null, "remote": false, "uuid": "00000006-3061-0b6e-f000-00054f3570f3", "scope_id": "00000000-0000-0000-0000-000000000005", "job_id": "f370354f-f4c4-448d-ada5-0dbd95c22032", "tag": "wineventlog", "time": "2024-07-11T12:37:01.000Z", "origin_app_id": "1967d1a8-9400-0001-0000-000000000003", "input_id": "422528d7-2257-4102-a4c0-3046b27b1d86", "recv_ipv4": "10.10.10.220"},
{"tenant_id": "6197e8d1-e31b-42a9-89d3-bef488b4858c", "recv_ipv6": null, "recv_host": null, "_checkpoint": 5570336070, "recv_time": "2024-07-12T03:43:57Z", "agent_id": "493a5abd-427c-4b91-88ad-c600bc0eb6df", "normalized": true, "mime": "application/x-pt-eventlog", "primary_siem_app_id": "1967d1a8-9400-0001-0000-000000000003", "siem_id": "9f5ae962-9a4a-4b17-8e2b-50507ffc485f", "historical": false, "task_id": "170466d6-fac0-0001-0000-000000000013", "body": "{\"Event\":{\"xmlns\":\"http://schemas.microsoft.com/win/2004/08/events/event\",\"System\":{\"Provider\":{\"Name\":\"Microsoft-Windows-Security-Auditing\",\"Guid\":\"{54849625-5478-4994-a5ba-3e3b0328c30d}\"},\"EventID\":\"4624\",\"Version\":\"2\",\"Level\":\"0\",\"Task\":\"12544\",\"Opcode\":\"0\",\"Keywords\":\"0x8020000000000000\",\"TimeCreated\":{\"SystemTime\":\"2024-07-11T12:36:41.4541681Z\"},\"EventRecordID\":\"467148\",\"Correlation\":{\"ActivityID\":\"{2431fd59-b194-0000-86fd-312494b1d801}\"},\"Execution\":{\"ProcessID\":\"868\",\"ThreadID\":\"6704\"},\"Channel\":\"Security\",\"Computer\":\"mp-core.z-lab.me\",\"Security\":null},\"EventData\":{\"Data\":[{\"text\":\"S-1-5-18\",\"Name\":\"SubjectUserSid\"},{\"text\":\"MP-CORE$\",\"Name\":\"SubjectUserName\"},{\"text\":\"ZLAB\",\"Name\":\"SubjectDomainName\"},{\"text\":\"0x3e7\",\"Name\":\"SubjectLogonId\"},{\"text\":\"S-1-5-18\",\"Name\":\"TargetUserSid\"},{\"text\":\"SYSTEM\",\"Name\":\"TargetUserName\"},{\"text\":\"NT AUTHORITY\",\"Name\":\"TargetDomainName\"},{\"text\":\"0x43b4653a\",\"Name\":\"TargetLogonId\"},{\"text\":\"9\",\"Name\":\"LogonType\"},{\"text\":\"Advapi  \",\"Name\":\"LogonProcessName\"},{\"text\":\"Negotiate\",\"Name\":\"AuthenticationPackageName\"},{\"text\":\"-\",\"Name\":\"WorkstationName\"},{\"text\":\"{00000000-0000-0000-0000-000000000000}\",\"Name\":\"LogonGuid\"},{\"text\":\"-\",\"Name\":\"TransmittedServices\"},{\"text\":\"-\",\"Name\":\"LmPackageName\"},{\"text\":\"0\",\"Name\":\"KeyLength\"},{\"text\":\"0x23c0\",\"Name\":\"ProcessId\"},{\"text\":\"C:\\\\Program Files (x86)\\\\Positive Technologies\\\\MaxPatrol 10 Agent\\\\ModuleHost.exe\",\"Name\":\"ProcessName\"},{\"text\":\"-\",\"Name\":\"IpAddress\"},{\"text\":\"-\",\"Name\":\"IpPort\"},{\"text\":\"%%1833\",\"Name\":\"ImpersonationLevel\"},{\"text\":\"-\",\"Name\":\"RestrictedAdminMode\"},{\"text\":\"hcore-admin\",\"Name\":\"TargetOutboundUserName\"},{\"text\":\"z-lab.me\",\"Name\":\"TargetOutboundDomainName\"},{\"text\":\"%%1843\",\"Name\":\"VirtualAccount\"},{\"text\":\"0x0\",\"Name\":\"TargetLinkedLogonId\"},{\"text\":\"%%1842\",\"Name\":\"ElevatedToken\"}]}}}", "type": null, "remote": false, "uuid": "00000006-3061-0b5c-f000-00004f3570f3", "scope_id": "00000000-0000-0000-0000-000000000005", "job_id": "f370354f-f4c4-448d-ada5-0dbd95c22032", "tag": "wineventlog", "time": "2024-07-11T12:36:41.000Z", "origin_app_id": "1967d1a8-9400-0001-0000-000000000003", "input_id": "422528d7-2257-4102-a4c0-3046b27b1d86", "recv_ipv4": "10.10.10.220"},
{"tenant_id": "6197e8d1-e31b-42a9-89d3-bef488b4858c", "recv_ipv6": null, "recv_host": null, "_checkpoint": 5570336071, "recv_time": "2024-07-12T03:43:57Z", "agent_id": "493a5abd-427c-4b91-88ad-c600bc0eb6df", "normalized": true, "mime": "application/x-pt-eventlog", "primary_siem_app_id": "1967d1a8-9400-0001-0000-000000000003", "siem_id": "9f5ae962-9a4a-4b17-8e2b-50507ffc485f", "historical": false, "task_id": "170466d6-fac0-0001-0000-000000000013", "body": "{\"Event\":{\"xmlns\":\"http://schemas.microsoft.com/win/2004/08/events/event\",\"System\":{\"Provider\":{\"Name\":\"Microsoft-Windows-Security-Auditing\",\"Guid\":\"{54849625-5478-4994-a5ba-3e3b0328c30d}\"},\"EventID\":\"4624\",\"Version\":\"2\",\"Level\":\"0\",\"Task\":\"12544\",\"Opcode\":\"0\",\"Keywords\":\"0x8020000000000000\",\"TimeCreated\":{\"SystemTime\":\"2024-07-11T12:36:41.7125308Z\"},\"EventRecordID\":\"467151\",\"Correlation\":{\"ActivityID\":\"{2431fd59-b194-0000-86fd-312494b1d801}\"},\"Execution\":{\"ProcessID\":\"868\",\"ThreadID\":\"6704\"},\"Channel\":\"Security\",\"Computer\":\"mp-core.z-lab.me\",\"Security\":null},\"EventData\":{\"Data\":[{\"text\":\"S-1-5-18\",\"Name\":\"SubjectUserSid\"},{\"text\":\"MP-CORE$\",\"Name\":\"SubjectUserName\"},{\"text\":\"ZLAB\",\"Name\":\"SubjectDomainName\"},{\"text\":\"0x3e7\",\"Name\":\"SubjectLogonId\"},{\"text\":\"S-1-5-18\",\"Name\":\"TargetUserSid\"},{\"text\":\"SYSTEM\",\"Name\":\"TargetUserName\"},{\"text\":\"NT AUTHORITY\",\"Name\":\"TargetDomainName\"},{\"text\":\"0x43b46618\",\"Name\":\"TargetLogonId\"},{\"text\":\"9\",\"Name\":\"LogonType\"},{\"text\":\"Advapi  \",\"Name\":\"LogonProcessName\"},{\"text\":\"Negotiate\",\"Name\":\"AuthenticationPackageName\"},{\"text\":\"-\",\"Name\":\"WorkstationName\"},{\"text\":\"{00000000-0000-0000-0000-000000000000}\",\"Name\":\"LogonGuid\"},{\"text\":\"-\",\"Name\":\"TransmittedServices\"},{\"text\":\"-\",\"Name\":\"LmPackageName\"},{\"text\":\"0\",\"Name\":\"KeyLength\"},{\"text\":\"0x23c0\",\"Name\":\"ProcessId\"},{\"text\":\"C:\\\\Program Files (x86)\\\\Positive Technologies\\\\MaxPatrol 10 Agent\\\\ModuleHost.exe\",\"Name\":\"ProcessName\"},{\"text\":\"-\",\"Name\":\"IpAddress\"},{\"text\":\"-\",\"Name\":\"IpPort\"},{\"text\":\"%%1833\",\"Name\":\"ImpersonationLevel\"},{\"text\":\"-\",\"Name\":\"RestrictedAdminMode\"},{\"text\":\"hcore-admin\",\"Name\":\"TargetOutboundUserName\"},{\"text\":\"z-lab.me\",\"Name\":\"TargetOutboundDomainName\"},{\"text\":\"%%1843\",\"Name\":\"VirtualAccount\"},{\"text\":\"0x0\",\"Name\":\"TargetLinkedLogonId\"},{\"text\":\"%%1842\",\"Name\":\"ElevatedToken\"}]}}}", "type": null, "remote": false, "uuid": "00000006-3061-0b5c-f000-00034f3570f3", "scope_id": "00000000-0000-0000-0000-000000000005", "job_id": "f370354f-f4c4-448d-ada5-0dbd95c22032", "tag": "wineventlog", "time": "2024-07-11T12:36:41.000Z", "origin_app_id": "1967d1a8-9400-0001-0000-000000000003", "input_id": "422528d7-2257-4102-a4c0-3046b27b1d86", "recv_ipv4": "10.10.10.220"},
{"tenant_id": "6197e8d1-e31b-42a9-89d3-bef488b4858c", "recv_ipv6": null, "recv_host": null, "_checkpoint": 5570336072, "recv_time": "2024-07-12T03:43:57Z", "agent_id": "493a5abd-427c-4b91-88ad-c600bc0eb6df", "normalized": true, "mime": "application/x-pt-eventlog", "primary_siem_app_id": "1967d1a8-9400-0001-0000-000000000003", "siem_id": "9f5ae962-9a4a-4b17-8e2b-50507ffc485f", "historical": false, "task_id": "170466d6-fac0-0001-0000-000000000013", "body": "{\"Event\":{\"xmlns\":\"http://schemas.microsoft.com/win/2004/08/events/event\",\"System\":{\"Provider\":{\"Name\":\"Microsoft-Windows-Security-Auditing\",\"Guid\":\"{54849625-5478-4994-a5ba-3e3b0328c30d}\"},\"EventID\":\"4624\",\"Version\":\"2\",\"Level\":\"0\",\"Task\":\"12544\",\"Opcode\":\"0\",\"Keywords\":\"0x8020000000000000\",\"TimeCreated\":{\"SystemTime\":\"2024-07-11T12:36:42.7416363Z\"},\"EventRecordID\":\"467154\",\"Correlation\":{\"ActivityID\":\"{2431fd59-b194-0000-86fd-312494b1d801}\"},\"Execution\":{\"ProcessID\":\"868\",\"ThreadID\":\"6704\"},\"Channel\":\"Security\",\"Computer\":\"mp-core.z-lab.me\",\"Security\":null},\"EventData\":{\"Data\":[{\"text\":\"S-1-5-18\",\"Name\":\"SubjectUserSid\"},{\"text\":\"MP-CORE$\",\"Name\":\"SubjectUserName\"},{\"text\":\"ZLAB\",\"Name\":\"SubjectDomainName\"},{\"text\":\"0x3e7\",\"Name\":\"SubjectLogonId\"},{\"text\":\"S-1-5-18\",\"Name\":\"TargetUserSid\"},{\"text\":\"SYSTEM\",\"Name\":\"TargetUserName\"},{\"text\":\"NT AUTHORITY\",\"Name\":\"TargetDomainName\"},{\"text\":\"0x43b4721f\",\"Name\":\"TargetLogonId\"},{\"text\":\"9\",\"Name\":\"LogonType\"},{\"text\":\"Advapi  \",\"Name\":\"LogonProcessName\"},{\"text\":\"Negotiate\",\"Name\":\"AuthenticationPackageName\"},{\"text\":\"-\",\"Name\":\"WorkstationName\"},{\"text\":\"{00000000-0000-0000-0000-000000000000}\",\"Name\":\"LogonGuid\"},{\"text\":\"-\",\"Name\":\"TransmittedServices\"},{\"text\":\"-\",\"Name\":\"LmPackageName\"},{\"text\":\"0\",\"Name\":\"KeyLength\"},{\"text\":\"0x23c0\",\"Name\":\"ProcessId\"},{\"text\":\"C:\\\\Program Files (x86)\\\\Positive Technologies\\\\MaxPatrol 10 Agent\\\\ModuleHost.exe\",\"Name\":\"ProcessName\"},{\"text\":\"-\",\"Name\":\"IpAddress\"},{\"text\":\"-\",\"Name\":\"IpPort\"},{\"text\":\"%%1833\",\"Name\":\"ImpersonationLevel\"},{\"text\":\"-\",\"Name\":\"RestrictedAdminMode\"},{\"text\":\"hcore-admin\",\"Name\":\"TargetOutboundUserName\"},{\"text\":\"z-lab.me\",\"Name\":\"TargetOutboundDomainName\"},{\"text\":\"%%1843\",\"Name\":\"VirtualAccount\"},{\"text\":\"0x0\",\"Name\":\"TargetLinkedLogonId\"},{\"text\":\"%%1842\",\"Name\":\"ElevatedToken\"}]}}}", "type": null, "remote": false, "uuid": "00000006-3061-0b5c-f000-00064f3570f3", "scope_id": "00000000-0000-0000-0000-000000000005", "job_id": "f370354f-f4c4-448d-ada5-0dbd95c22032", "tag": "wineventlog", "time": "2024-07-11T12:36:42.000Z", "origin_app_id": "1967d1a8-9400-0001-0000-000000000003", "input_id": "422528d7-2257-4102-a4c0-3046b27b1d86", "recv_ipv4": "10.10.10.220"},
