{"recv_ipv6": null, "event_src.title": "diskstation_manager", "src.ip": "10.100.10.103", "asset_ids": ["19699405-e6c0-0001-0000-000000000013"], "agent_id": "493a5abd-427c-4b91-88ad-c600bc0eb6df", "subject": "account", "mime": "text/plain", "primary_siem_app_id": "1967d1a8-9400-0001-0000-000000000003", "object.fullpath": "/sysvol/z-lab.me/Policies/{365C88BE-40A1-422D-98DA-D77C0DE09B7D}/GPT.INI", "generator.version": "N26.1.3020", "historical": false, "event_src.hostname": "fs", "body": "<14>Jul 11 15:22:29 fs WinFileService Event: read, Path: /sysvol/z-lab.me/Policies/{365C88BE-40A1-422D-98DA-D77C0DE09B7D}/GPT.INI, File/Folder: File, Size: 65 Bytes, User: ZLAB\\HARDCORE-03$, IP: 10.100.10.103", "type": null, "remote": false, "uuid": "00000006-3061-0805-f000-00008b2289ca", "category.low": "Manipulation", "scope_id": "00000000-0000-0000-0000-000000000005", "src.host": "10.100.10.103", "action": "read", "tag": "syslog", "category.high": "System Management", "id": "PT_Synology_Diskstation_Manager_syslog_File_actions", "event_src.asset": "19699405-e6c0-0001-0000-000000000013", "event_src.category": "Storage device", "recv_time": "2024-07-12T03:43:57.000Z", "siem_id": "9f5ae962-9a4a-4b17-8e2b-50507ffc485f", "generator.type": "logcollector", "event_src.host": "fs", "subject.account.name": "HARDCORE-03$", "object.type": "File", "incorrect_time": false, "category.generic": "File System Object", "input_id": "25f9b93a-b025-4dc5-bc87-42b9554f5ed9", "recv_ipv4": "10.10.10.10", "object": "file_object", "status": "success", "tenant_id": "6197e8d1-e31b-42a9-89d3-bef488b4858c", "recv_host": null, "_checkpoint": 5570224011, "normalized": true, "importance": "info", "recv_asset": "19699405-e6c0-0001-0000-000000000013", "taxonomy_version": "26.0.220-release-26.0", "task_id": "1738bd44-53c0-0001-0000-000000000007", "object.path": "/sysvol/z-lab.me/Policies/{365C88BE-40A1-422D-98DA-D77C0DE09B7D}/", "subject.account.domain": "ZLAB", "event_src.vendor": "synology", "object.property": "File size", "origin_app_id": "1967d1a8-9400-0001-0000-000000000003", "object.value": "65 Bytes", "object.name": "GPT.INI", "original_time": "2024-07-11T15:22:29.000Z", "job_id": "ca89228b-ab03-436b-9a93-cba6000ff360", "time": "2024-07-11T15:22:29.000Z"},
{"recv_ipv6": null, "event_src.title": "diskstation_manager", "src.ip": "10.100.10.103", "asset_ids": ["19699405-e6c0-0001-0000-000000000013"], "agent_id": "493a5abd-427c-4b91-88ad-c600bc0eb6df", "subject": "account", "mime": "text/plain", "primary_siem_app_id": "1967d1a8-9400-0001-0000-000000000003", "generator.version": "N26.1.3020", "historical": false, "event_src.hostname": "fs", "body": "<14>Jul 11 15:22:34 fs Connection: User [ZLAB\\HARDCORE-03$] from [10.100.10.103(10.100.10.103)] via [CIFS(SMB3)] accessed shared folder [hardcore].", "type": null, "remote": false, "uuid": "00000006-3061-080a-f000-00028b2289ca", "protocol": "cifs(smb3)", "category.low": "Manipulation", "scope_id": "00000000-0000-0000-0000-000000000005", "src.host": "10.100.10.103", "action": "access", "tag": "syslog", "category.high": "System Management", "id": "PT_Synology_Diskstation_Manager_syslog_Share_accessed", "event_src.asset": "19699405-e6c0-0001-0000-000000000013", "event_src.category": "Storage device", "recv_time": "2024-07-12T03:43:57.000Z", "siem_id": "9f5ae962-9a4a-4b17-8e2b-50507ffc485f", "generator.type": "logcollector", "event_src.host": "fs", "subject.account.name": "HARDCORE-03$", "incorrect_time": false, "category.generic": "File System Object", "input_id": "25f9b93a-b025-4dc5-bc87-42b9554f5ed9", "recv_ipv4": "10.10.10.10", "object": "file_object", "status": "success", "tenant_id": "6197e8d1-e31b-42a9-89d3-bef488b4858c", "recv_host": null, "_checkpoint": 5570224012, "normalized": true, "importance": "info", "recv_asset": "19699405-e6c0-0001-0000-000000000013", "taxonomy_version": "26.0.220-release-26.0", "task_id": "1738bd44-53c0-0001-0000-000000000007", "subject.account.domain": "ZLAB", "event_src.vendor": "synology", "origin_app_id": "1967d1a8-9400-0001-0000-000000000003", "object.name": "hardcore", "original_time": "2024-07-11T15:22:34.000Z", "job_id": "ca89228b-ab03-436b-9a93-cba6000ff360", "time": "2024-07-11T15:22:34.000Z"},
{"recv_ipv6": null, "event_src.title": "diskstation_manager", "src.ip": "10.100.10.103", "asset_ids": ["19699405-e6c0-0001-0000-000000000013"], "agent_id": "493a5abd-427c-4b91-88ad-c600bc0eb6df", "subject": "account", "mime": "text/plain", "primary_siem_app_id": "1967d1a8-9400-0001-0000-000000000003", "object.fullpath": "/hardcore/policy/gccl/Skins/LogonHelp.jpg", "generator.version": "N26.1.3020", "historical": false, "event_src.hostname": "fs", "body": "<14>Jul 11 15:22:37 fs WinFileService Event: read, Path: /hardcore/policy/gccl/Skins/LogonHelp.jpg, File/Folder: File, Size: 45.56 KB, User: ZLAB\\HARDCORE-03$, IP: 10.100.10.103", "type": null, "remote": false, "uuid": "00000006-3061-080d-f000-00008b2289ca", "category.low": "Manipulation", "scope_id": "00000000-0000-0000-0000-000000000005", "src.host": "10.100.10.103", "action": "read", "tag": "syslog", "category.high": "System Management", "id": "PT_Synology_Diskstation_Manager_syslog_File_actions", "event_src.asset": "19699405-e6c0-0001-0000-000000000013", "event_src.category": "Storage device", "recv_time": "2024-07-12T03:43:57.000Z", "siem_id": "9f5ae962-9a4a-4b17-8e2b-50507ffc485f", "generator.type": "logcollector", "event_src.host": "fs", "subject.account.name": "HARDCORE-03$", "object.type": "File", "incorrect_time": false, "category.generic": "File System Object", "input_id": "25f9b93a-b025-4dc5-bc87-42b9554f5ed9", "recv_ipv4": "10.10.10.10", "object": "file_object", "status": "success", "tenant_id": "6197e8d1-e31b-42a9-89d3-bef488b4858c", "recv_host": null, "_checkpoint": 5570224013, "normalized": true, "importance": "info", "recv_asset": "19699405-e6c0-0001-0000-000000000013", "taxonomy_version": "26.0.220-release-26.0", "task_id": "1738bd44-53c0-0001-0000-000000000007", "object.path": "/hardcore/policy/gccl/Skins/", "subject.account.domain": "ZLAB", "event_src.vendor": "synology", "object.property": "File size", "origin_app_id": "1967d1a8-9400-0001-0000-000000000003", "object.value": "45.56 KB", "object.name": "LogonHelp.jpg", "original_time": "2024-07-11T15:22:37.000Z", "job_id": "ca89228b-ab03-436b-9a93-cba6000ff360", "time": "2024-07-11T15:22:37.000Z"},
{"recv_ipv6": null, "event_src.title": "diskstation_manager", "src.ip": "10.100.10.103", "asset_ids": ["19699405-e6c0-0001-0000-000000000013"], "agent_id": "493a5abd-427c-4b91-88ad-c600bc0eb6df", "subject": "account", "mime": "text/plain", "primary_siem_app_id": "1967d1a8-9400-0001-0000-000000000003", "object.fullpath": "/hardcore/policy/gccl/Skins/comp_free_frame.html", "generator.version": "N26.1.3020", "historical": false, "event_src.hostname": "fs", "body": "<14>Jul 11 15:22:38 fs WinFileService Event: read, Path: /hardcore/policy/gccl/Skins/comp_free_frame.html, File/Folder: File, Size: 1.28 KB, User: ZLAB\\HARDCORE-03$, IP: 10.100.10.103", "type": null, "remote": false, "uuid": "00000006-3061-080e-f000-00018b2289ca", "category.low": "Manipulation", "scope_id": "00000000-0000-0000-0000-000000000005", "src.host": "10.100.10.103", "action": "read", "tag": "syslog", "category.high": "System Management", "id": "PT_Synology_Diskstation_Manager_syslog_File_actions", "event_src.asset": "19699405-e6c0-0001-0000-000000000013", "event_src.category": "Storage device", "recv_time": "2024-07-12T03:43:57.000Z", "siem_id": "9f5ae962-9a4a-4b17-8e2b-50507ffc485f", "generator.type": "logcollector", "event_src.host": "fs", "subject.account.name": "HARDCORE-03$", "object.type": "File", "incorrect_time": false, "category.generic": "File System Object", "input_id": "25f9b93a-b025-4dc5-bc87-42b9554f5ed9", "recv_ipv4": "10.10.10.10", "object": "file_object", "status": "success", "tenant_id": "6197e8d1-e31b-42a9-89d3-bef488b4858c", "recv_host": null, "_checkpoint": 5570224014, "normalized": true, "importance": "info", "recv_asset": "19699405-e6c0-0001-0000-000000000013", "taxonomy_version": "26.0.220-release-26.0", "task_id": "1738bd44-53c0-0001-0000-000000000007", "object.path": "/hardcore/policy/gccl/Skins/", "subject.account.domain": "ZLAB", "event_src.vendor": "synology", "object.property": "File size", "origin_app_id": "1967d1a8-9400-0001-0000-000000000003", "object.value": "1.28 KB", "object.name": "comp_free_frame.html", "original_time": "2024-07-11T15:22:38.000Z", "job_id": "ca89228b-ab03-436b-9a93-cba6000ff360", "time": "2024-07-11T15:22:38.000Z"},
{"recv_ipv6": null, "event_src.title": "diskstation_manager", "src.ip": "10.100.10.103", "asset_ids": ["19699405-e6c0-0001-0000-000000000013"], "agent_id": "493a5abd-427c-4b91-88ad-c600bc0eb6df", "subject": "account", "mime": "text/plain", "primary_siem_app_id": "1967d1a8-9400-0001-0000-000000000003", "object.fullpath": "/sysvol/z-lab.me/Policies/{365C88BE-40A1-422D-98DA-D77C0DE09B7D}/Machine/Preferences/PowerOptions/PowerOptions.xml", "generator.version": "N26.1.3020", "historical": false, "event_src.hostname": "fs", "body": "<14>Jul 11 15:22:41 fs WinFileService Event: read, Path: /sysvol/z-lab.me/Policies/{365C88BE-40A1-422D-98DA-D77C0DE09B7D}/Machine/Preferences/PowerOptions/PowerOptions.xml, File/Folder: File, Size: 1.55 KB, User: ZLAB\\HARDCORE-03$, IP: 10.100.10.103", "type": null, "remote": false, "uuid": "00000006-3061-0811-f000-00008b2289ca", "category.low": "Manipulation", "scope_id": "00000000-0000-0000-0000-000000000005", "src.host": "10.100.10.103", "action": "read", "tag": "syslog", "category.high": "System Management", "id": "PT_Synology_Diskstation_Manager_syslog_File_actions", "event_src.asset": "19699405-e6c0-0001-0000-000000000013", "event_src.category": "Storage device", "recv_time": "2024-07-12T03:43:57.000Z", "siem_id": "9f5ae962-9a4a-4b17-8e2b-50507ffc485f", "generator.type": "logcollector", "event_src.host": "fs", "subject.account.name": "HARDCORE-03$", "object.type": "File", "incorrect_time": false, "category.generic": "File System Object", "input_id": "25f9b93a-b025-4dc5-bc87-42b9554f5ed9", "recv_ipv4": "10.10.10.10", "object": "file_object", "status": "success", "tenant_id": "6197e8d1-e31b-42a9-89d3-bef488b4858c", "recv_host": null, "_checkpoint": 5570224015, "normalized": true, "importance": "info", "recv_asset": "19699405-e6c0-0001-0000-000000000013", "taxonomy_version": "26.0.220-release-26.0", "task_id": "1738bd44-53c0-0001-0000-000000000007", "object.path": "/sysvol/z-lab.me/Policies/{365C88BE-40A1-422D-98DA-D77C0DE09B7D}/Machine/Preferences/PowerOptions/", "subject.account.domain": "ZLAB", "event_src.vendor": "synology", "object.property": "File size", "origin_app_id": "1967d1a8-9400-0001-0000-000000000003", "object.value": "1.55 KB", "object.name": "PowerOptions.xml", "original_time": "2024-07-11T15:22:41.000Z", "job_id": "ca89228b-ab03-436b-9a93-cba6000ff360", "time": "2024-07-11T15:22:41.000Z"},
{"tenant_id": "6197e8d1-e31b-42a9-89d3-bef488b4858c", "recv_ipv6": null, "recv_host": null, "_checkpoint": 5570224016, "recv_time": "2024-07-12T03:43:57Z", "agent_id": "493a5abd-427c-4b91-88ad-c600bc0eb6df", "normalized": true, "mime": "application/x-pt-eventlog", "primary_siem_app_id": "1967d1a8-9400-0001-0000-000000000003", "siem_id": "9f5ae962-9a4a-4b17-8e2b-50507ffc485f", "historical": false, "task_id": "170466d6-fac0-0001-0000-000000000013", "body": "{\"Event\":{\"xmlns\":\"http://schemas.microsoft.com/win/2004/08/events/event\",\"System\":{\"Provider\":{\"Name\":\"Microsoft-Windows-Security-Auditing\",\"Guid\":\"{54849625-5478-4994-a5ba-3e3b0328c30d}\"},\"EventID\":\"4648\",\"Version\":\"0\",\"Level\":\"0\",\"Task\":\"12544\",\"Opcode\":\"0\",\"Keywords\":\"0x8020000000000000\",\"TimeCreated\":{\"SystemTime\":\"2024-07-11T12:22:38.2604773Z\"},\"EventRecordID\":\"467011\",\"Correlation\":{\"ActivityID\":\"{2431fd59-b194-0000-86fd-312494b1d801}\"},\"Execution\":{\"ProcessID\":\"868\",\"ThreadID\":\"8100\"},\"Channel\":\"Security\",\"Computer\":\"mp-core.z-lab.me\",\"Security\":null},\"EventData\":{\"Data\":[{\"text\":\"S-1-5-18\",\"Name\":\"SubjectUserSid\"},{\"text\":\"SYSTEM\",\"Name\":\"SubjectUserName\"},{\"text\":\"NT AUTHORITY\",\"Name\":\"SubjectDomainName\"},{\"text\":\"0x43956b3e\",\"Name\":\"SubjectLogonId\"},{\"text\":\"{00000000-0000-0000-0000-000000000000}\",\"Name\":\"LogonGuid\"},{\"text\":\"hcore-admin\",\"Name\":\"TargetUserName\"},{\"text\":\"z-lab.me\",\"Name\":\"TargetDomainName\"},{\"text\":\"{00000000-0000-0000-0000-000000000000}\",\"Name\":\"TargetLogonGuid\"},{\"text\":\"HARDCORE-08.z-lab.me\",\"Name\":\"TargetServerName\"},{\"text\":\"HARDCORE-08.z-lab.me\",\"Name\":\"TargetInfo\"},{\"text\":\"0x4\",\"Name\":\"ProcessId\"},{\"Name\":\"ProcessName\"},{\"text\":\"10.100.10.108\",\"Name\":\"IpAddress\"},{\"text\":\"445\",\"Name\":\"IpPort\"}]}}}", "type": null, "remote": false, "uuid": "00000006-3061-0810-f000-00024f3570f3", "scope_id": "00000000-0000-0000-0000-000000000005", "job_id": "f370354f-f4c4-448d-ada5-0dbd95c22032", "tag": "wineventlog", "time": "2024-07-11T12:22:38.000Z", "origin_app_id": "1967d1a8-9400-0001-0000-000000000003", "input_id": "422528d7-2257-4102-a4c0-3046b27b1d86", "recv_ipv4": "10.10.10.220"},
{"tenant_id": "6197e8d1-e31b-42a9-89d3-bef488b4858c", "recv_ipv6": null, "recv_host": null, "_checkpoint": 5570224017, "recv_time": "2024-07-12T03:43:57Z", "agent_id": "493a5abd-427c-4b91-88ad-c600bc0eb6df", "normalized": true, "mime": "application/x-pt-eventlog", "primary_siem_app_id": "1967d1a8-9400-0001-0000-000000000003", "siem_id": "9f5ae962-9a4a-4b17-8e2b-50507ffc485f", "historical": false, "task_id": "170466d6-fac0-0001-0000-000000000013", "body": "{\"Event\":{\"xmlns\":\"http://schemas.microsoft.com/win/2004/08/events/event\",\"System\":{\"Provider\":{\"Name\":\"Microsoft-Windows-Security-Auditing\",\"Guid\":\"{54849625-5478-4994-a5ba-3e3b0328c30d}\"},\"EventID\":\"4648\",\"Version\":\"0\",\"Level\":\"0\",\"Task\":\"12544\",\"Opcode\":\"0\",\"Keywords\":\"0x8020000000000000\",\"TimeCreated\":{\"SystemTime\":\"2024-07-11T12:22:39.3319356Z\"},\"EventRecordID\":\"467014\",\"Correlation\":{\"ActivityID\":\"{2431fd59-b194-0000-86fd-312494b1d801}\"},\"Execution\":{\"ProcessID\":\"868\",\"ThreadID\":\"9148\"},\"Channel\":\"Security\",\"Computer\":\"mp-core.z-lab.me\",\"Security\":null},\"EventData\":{\"Data\":[{\"text\":\"S-1-5-18\",\"Name\":\"SubjectUserSid\"},{\"text\":\"SYSTEM\",\"Name\":\"SubjectUserName\"},{\"text\":\"NT AUTHORITY\",\"Name\":\"SubjectDomainName\"},{\"text\":\"0x438e2b47\",\"Name\":\"SubjectLogonId\"},{\"text\":\"{00000000-0000-0000-0000-000000000000}\",\"Name\":\"LogonGuid\"},{\"text\":\"hcore-admin\",\"Name\":\"TargetUserName\"},{\"text\":\"z-lab.me\",\"Name\":\"TargetDomainName\"},{\"text\":\"{00000000-0000-0000-0000-000000000000}\",\"Name\":\"TargetLogonGuid\"},{\"text\":\"HARDCORE-08.z-lab.me\",\"Name\":\"TargetServerName\"},{\"text\":\"HARDCORE-08.z-lab.me\",\"Name\":\"TargetInfo\"},{\"text\":\"0x4\",\"Name\":\"ProcessId\"},{\"Name\":\"ProcessName\"},{\"text\":\"10.100.10.108\",\"Name\":\"IpAddress\"},{\"text\":\"445\",\"Name\":\"IpPort\"}]}}}", "type": null, "remote": false, "uuid": "00000006-3061-0810-f000-00054f3570f3", "scope_id": "00000000-0000-0000-0000-000000000005", "job_id": "f370354f-f4c4-448d-ada5-0dbd95c22032", "tag": "wineventlog", "time": "2024-07-11T12:22:39.000Z", "origin_app_id": "1967d1a8-9400-0001-0000-000000000003", "input_id": "422528d7-2257-4102-a4c0-3046b27b1d86", "recv_ipv4": "10.10.10.220"},
{"recv_ipv6": null, "event_src.title": "diskstation_manager", "src.ip": "10.100.10.103", "asset_ids": ["19699405-e6c0-0001-0000-000000000013"], "agent_id": "493a5abd-427c-4b91-88ad-c600bc0eb6df", "subject": "account", "mime": "text/plain", "primary_siem_app_id": "1967d1a8-9400-0001-0000-000000000003", "object.fullpath": "/sysvol/z-lab.me/Policies/{31B2F340-016D-11D2-945F-00C04FB984F9}/GPT.INI", "generator.version": "N26.1.3020", "historical": false, "event_src.hostname": "fs", "body": "<14>Jul 11 15:22:45 fs WinFileService Event: read, Path: /sysvol/z-lab.me/Policies/{31B2F340-016D-11D2-945F-00C04FB984F9}/GPT.INI, File/Folder: File, Size: 23 Bytes, User: ZLAB\\hcore-client, IP: 10.100.10.103", "type": null, "remote": false, "uuid": "00000006-3061-0815-f000-00018b2289ca", "category.low": "Manipulation", "scope_id": "00000000-0000-0000-0000-000000000005", "src.host": "10.100.10.103", "action": "read", "tag": "syslog", "category.high": "System Management", "id": "PT_Synology_Diskstation_Manager_syslog_File_actions", "event_src.asset": "19699405-e6c0-0001-0000-000000000013", "event_src.category": "Storage device", "recv_time": "2024-07-12T03:43:57.000Z", "siem_id": "9f5ae962-9a4a-4b17-8e2b-50507ffc485f", "generator.type": "logcollector", "event_src.host": "fs", "subject.account.name": "hcore-client", "object.type": "File", "incorrect_time": false, "category.generic": "File System Object", "input_id": "25f9b93a-b025-4dc5-bc87-42b9554f5ed9", "recv_ipv4": "10.10.10.10", "object": "file_object", "status": "success", "tenant_id": "6197e8d1-e31b-42a9-89d3-bef488b4858c", "recv_host": null, "_checkpoint": 5570224018, "normalized": true, "importance": "info", "recv_asset": "19699405-e6c0-0001-0000-000000000013", "taxonomy_version": "26.0.220-release-26.0", "task_id": "1738bd44-53c0-0001-0000-000000000007", "object.path": "/sysvol/z-lab.me/Policies/{31B2F340-016D-11D2-945F-00C04FB984F9}/", "subject.account.domain": "ZLAB", "event_src.vendor": "synology", "object.property": "File size", "origin_app_id": "1967d1a8-9400-0001-0000-000000000003", "object.value": "23 Bytes", "object.name": "GPT.INI", "original_time": "2024-07-11T15:22:45.000Z", "job_id": "ca89228b-ab03-436b-9a93-cba6000ff360", "time": "2024-07-11T15:22:45.000Z"},
{"recv_ipv6": null, "event_src.title": "diskstation_manager", "src.ip": "10.100.10.103", "asset_ids": ["19699405-e6c0-0001-0000-000000000013"], "agent_id": "493a5abd-427c-4b91-88ad-c600bc0eb6df", "subject": "account", "mime": "text/plain", "primary_siem_app_id": "1967d1a8-9400-0001-0000-000000000003", "object.fullpath": "/sysvol/z-lab.me/Policies/{BBEDED12-F649-4D6B-B9CA-0C548453073D}/User/Preferences/Files/Files.xml", "generator.version": "N26.1.3020", "historical": false, "event_src.hostname": "fs", "body": "<14>Jul 11 15:22:47 fs WinFileService Event: read, Path: /sysvol/z-lab.me/Policies/{BBEDED12-F649-4D6B-B9CA-0C548453073D}/User/Preferences/Files/Files.xml, File/Folder: File, Size: 526 Bytes, User: ZLAB\\HARDCORE-03$, IP: 10.100.10.103", "type": null, "remote": false, "uuid": "00000006-3061-0817-f000-00018b2289ca", "category.low": "Manipulation", "scope_id": "00000000-0000-0000-0000-000000000005", "src.host": "10.100.10.103", "action": "read", "tag": "syslog", "category.high": "System Management", "id": "PT_Synology_Diskstation_Manager_syslog_File_actions", "event_src.asset": "19699405-e6c0-0001-0000-000000000013", "event_src.category": "Storage device", "recv_time": "2024-07-12T03:43:57.000Z", "siem_id": "9f5ae962-9a4a-4b17-8e2b-50507ffc485f", "generator.type": "logcollector", "event_src.host": "fs", "subject.account.name": "HARDCORE-03$", "object.type": "File", "incorrect_time": false, "category.generic": "File System Object", "input_id": "25f9b93a-b025-4dc5-bc87-42b9554f5ed9", "recv_ipv4": "10.10.10.10", "object": "file_object", "status": "success", "tenant_id": "6197e8d1-e31b-42a9-89d3-bef488b4858c", "recv_host": null, "_checkpoint": 5570224019, "normalized": true, "importance": "info", "recv_asset": "19699405-e6c0-0001-0000-000000000013", "taxonomy_version": "26.0.220-release-26.0", "task_id": "1738bd44-53c0-0001-0000-000000000007", "object.path": "/sysvol/z-lab.me/Policies/{BBEDED12-F649-4D6B-B9CA-0C548453073D}/User/Preferences/Files/", "subject.account.domain": "ZLAB", "event_src.vendor": "synology", "object.property": "File size", "origin_app_id": "1967d1a8-9400-0001-0000-000000000003", "object.value": "526 Bytes", "object.name": "Files.xml", "original_time": "2024-07-11T15:22:47.000Z", "job_id": "ca89228b-ab03-436b-9a93-cba6000ff360", "time": "2024-07-11T15:22:47.000Z"},
{"tenant_id": "6197e8d1-e31b-42a9-89d3-bef488b4858c", "recv_ipv6": null, "recv_host": null, "_checkpoint": 5570224020, "recv_time": "2024-07-12T03:43:57Z", "agent_id": "493a5abd-427c-4b91-88ad-c600bc0eb6df", "normalized": true, "mime": "application/x-pt-eventlog", "primary_siem_app_id": "1967d1a8-9400-0001-0000-000000000003", "siem_id": "9f5ae962-9a4a-4b17-8e2b-50507ffc485f", "historical": false, "task_id": "170466d6-fac0-0001-0000-000000000013", "body": "{\"Event\":{\"xmlns\":\"http://schemas.microsoft.com/win/2004/08/events/event\",\"System\":{\"Provider\":{\"Name\":\"Microsoft-Windows-Security-Auditing\",\"Guid\":\"{54849625-5478-4994-a5ba-3e3b0328c30d}\"},\"EventID\":\"4648\",\"Version\":\"0\",\"Level\":\"0\",\"Task\":\"12544\",\"Opcode\":\"0\",\"Keywords\":\"0x8020000000000000\",\"TimeCreated\":{\"SystemTime\":\"2024-07-11T12:22:44.0606549Z\"},\"EventRecordID\":\"467017\",\"Correlation\":{\"ActivityID\":\"{2431fd59-b194-0000-86fd-312494b1d801}\"},\"Execution\":{\"ProcessID\":\"868\",\"ThreadID\":\"828\"},\"Channel\":\"Security\",\"Computer\":\"mp-core.z-lab.me\",\"Security\":null},\"EventData\":{\"Data\":[{\"text\":\"S-1-5-18\",\"Name\":\"SubjectUserSid\"},{\"text\":\"SYSTEM\",\"Name\":\"SubjectUserName\"},{\"text\":\"NT AUTHORITY\",\"Name\":\"SubjectDomainName\"},{\"text\":\"0x438ca37d\",\"Name\":\"SubjectLogonId\"},{\"text\":\"{00000000-0000-0000-0000-000000000000}\",\"Name\":\"LogonGuid\"},{\"text\":\"hcore-admin\",\"Name\":\"TargetUserName\"},{\"text\":\"z-lab.me\",\"Name\":\"TargetDomainName\"},{\"text\":\"{00000000-0000-0000-0000-000000000000}\",\"Name\":\"TargetLogonGuid\"},{\"text\":\"HARDCORE-07.z-lab.me\",\"Name\":\"TargetServerName\"},{\"text\":\"HARDCORE-07.z-lab.me\",\"Name\":\"TargetInfo\"},{\"text\":\"0x4\",\"Name\":\"ProcessId\"},{\"Name\":\"ProcessName\"},{\"text\":\"10.100.10.107\",\"Name\":\"IpAddress\"},{\"text\":\"445\",\"Name\":\"IpPort\"}]}}}", "type": null, "remote": false, "uuid": "00000006-3061-0816-f000-00014f3570f3", "scope_id": "00000000-0000-0000-0000-000000000005", "job_id": "f370354f-f4c4-448d-ada5-0dbd95c22032", "tag": "wineventlog", "time": "2024-07-11T12:22:44.000Z", "origin_app_id": "1967d1a8-9400-0001-0000-000000000003", "input_id": "422528d7-2257-4102-a4c0-3046b27b1d86", "recv_ipv4": "10.10.10.220"},
{"tenant_id": "6197e8d1-e31b-42a9-89d3-bef488b4858c", "recv_ipv6": null, "recv_host": null, "_checkpoint": 5570224025, "recv_time": "2024-07-12T03:43:57Z", "agent_id": "493a5abd-427c-4b91-88ad-c600bc0eb6df", "normalized": true, "mime": "application/x-pt-eventlog", "primary_siem_app_id": "1967d1a8-9400-0001-0000-000000000003", "siem_id": "9f5ae962-9a4a-4b17-8e2b-50507ffc485f", "historical": false, "task_id": "170466d6-fac0-0001-0000-000000000013", "body": "{\"Event\":{\"xmlns\":\"http://schemas.microsoft.com/win/2004/08/events/event\",\"System\":{\"Provider\":{\"Name\":\"Microsoft-Windows-Security-Auditing\",\"Guid\":\"{54849625-5478-4994-a5ba-3e3b0328c30d}\"},\"EventID\":\"4648\",\"Version\":\"0\",\"Level\":\"0\",\"Task\":\"12544\",\"Opcode\":\"0\",\"Keywords\":\"0x8020000000000000\",\"TimeCreated\":{\"SystemTime\":\"2024-07-11T12:24:25.2194352Z\"},\"EventRecordID\":\"467046\",\"Correlation\":{\"ActivityID\":\"{2431fd59-b194-0000-86fd-312494b1d801}\"},\"Execution\":{\"ProcessID\":\"868\",\"ThreadID\":\"9148\"},\"Channel\":\"Security\",\"Computer\":\"mp-core.z-lab.me\",\"Security\":null},\"EventData\":{\"Data\":[{\"text\":\"S-1-5-18\",\"Name\":\"SubjectUserSid\"},{\"text\":\"SYSTEM\",\"Name\":\"SubjectUserName\"},{\"text\":\"NT AUTHORITY\",\"Name\":\"SubjectDomainName\"},{\"text\":\"0x438f86a4\",\"Name\":\"SubjectLogonId\"},{\"text\":\"{00000000-0000-0000-0000-000000000000}\",\"Name\":\"LogonGuid\"},{\"text\":\"hcore-admin\",\"Name\":\"TargetUserName\"},{\"text\":\"z-lab.me\",\"Name\":\"TargetDomainName\"},{\"text\":\"{00000000-0000-0000-0000-000000000000}\",\"Name\":\"TargetLogonGuid\"},{\"text\":\"HARDCORE-09.z-lab.me\",\"Name\":\"TargetServerName\"},{\"text\":\"HARDCORE-09.z-lab.me\",\"Name\":\"TargetInfo\"},{\"text\":\"0x4\",\"Name\":\"ProcessId\"},{\"Name\":\"ProcessName\"},{\"text\":\"10.100.10.109\",\"Name\":\"IpAddress\"},{\"text\":\"445\",\"Name\":\"IpPort\"}]}}}", "type": null, "remote": false, "uuid": "00000006-3061-087a-f000-00014f3570f3", "scope_id": "00000000-0000-0000-0000-000000000005", "job_id": "f370354f-f4c4-448d-ada5-0dbd95c22032", "tag": "wineventlog", "time": "2024-07-11T12:24:25.000Z", "origin_app_id": "1967d1a8-9400-0001-0000-000000000003", "input_id": "422528d7-2257-4102-a4c0-3046b27b1d86", "recv_ipv4": "10.10.10.220"},
{"tenant_id": "6197e8d1-e31b-42a9-89d3-bef488b4858c", "recv_ipv6": null, "recv_host": null, "_checkpoint": 5570224026, "recv_time": "2024-07-12T03:43:57Z", "agent_id": "493a5abd-427c-4b91-88ad-c600bc0eb6df", "normalized": true, "mime": "application/x-pt-eventlog", "primary_siem_app_id": "1967d1a8-9400-0001-0000-000000000003", "siem_id": "9f5ae962-9a4a-4b17-8e2b-50507ffc485f", "historical": false, "task_id": "170466d6-fac0-0001-0000-000000000013", "body": "{\"Event\":{\"xmlns\":\"http://schemas.microsoft.com/win/2004/08/events/event\",\"System\":{\"Provider\":{\"Name\":\"Microsoft-Windows-Security-Auditing\",\"Guid\":\"{54849625-5478-4994-a5ba-3e3b0328c30d}\"},\"EventID\":\"4648\",\"Version\":\"0\",\"Level\":\"0\",\"Task\":\"12544\",\"Opcode\":\"0\",\"Keywords\":\"0x8020000000000000\",\"TimeCreated\":{\"SystemTime\":\"2024-07-11T12:24:25.6220943Z\"},\"EventRecordID\":\"467049\",\"Correlation\":{\"ActivityID\":\"{2431fd59-b194-0000-86fd-312494b1d801}\"},\"Execution\":{\"ProcessID\":\"868\",\"ThreadID\":\"7348\"},\"Channel\":\"Security\",\"Computer\":\"mp-core.z-lab.me\",\"Security\":null},\"EventData\":{\"Data\":[{\"text\":\"S-1-0-0\",\"Name\":\"SubjectUserSid\"},{\"text\":\"-\",\"Name\":\"SubjectUserName\"},{\"text\":\"-\",\"Name\":\"SubjectDomainName\"},{\"text\":\"0x92a1\",\"Name\":\"SubjectLogonId\"},{\"text\":\"{00000000-0000-0000-0000-000000000000}\",\"Name\":\"LogonGuid\"},{\"text\":\"hcore-admin\",\"Name\":\"TargetUserName\"},{\"text\":\"z-lab.me\",\"Name\":\"TargetDomainName\"},{\"text\":\"{00000000-0000-0000-0000-000000000000}\",\"Name\":\"TargetLogonGuid\"},{\"text\":\"HARDCORE-06.z-lab.me\",\"Name\":\"TargetServerName\"},{\"text\":\"HARDCORE-06.z-lab.me\",\"Name\":\"TargetInfo\"},{\"text\":\"0x29c\",\"Name\":\"ProcessId\"},{\"text\":\"C:\\\\Windows\\\\System32\\\\svchost.exe\",\"Name\":\"ProcessName\"},{\"text\":\"10.100.10.106\",\"Name\":\"IpAddress\"},{\"text\":\"135\",\"Name\":\"IpPort\"}]}}}", "type": null, "remote": false, "uuid": "00000006-3061-087a-f000-00044f3570f3", "scope_id": "00000000-0000-0000-0000-000000000005", "job_id": "f370354f-f4c4-448d-ada5-0dbd95c22032", "tag": "wineventlog", "time": "2024-07-11T12:24:25.000Z", "origin_app_id": "1967d1a8-9400-0001-0000-000000000003", "input_id": "422528d7-2257-4102-a4c0-3046b27b1d86", "recv_ipv4": "10.10.10.220"},
{"tenant_id": "6197e8d1-e31b-42a9-89d3-bef488b4858c", "recv_ipv6": null, "recv_host": null, "_checkpoint": 5570224027, "recv_time": "2024-07-12T03:43:57Z", "agent_id": "493a5abd-427c-4b91-88ad-c600bc0eb6df", "normalized": true, "mime": "application/x-pt-eventlog", "primary_siem_app_id": "1967d1a8-9400-0001-0000-000000000003", "siem_id": "9f5ae962-9a4a-4b17-8e2b-50507ffc485f", "historical": false, "task_id": "170466d6-fac0-0001-0000-000000000013", "body": "{\"Event\":{\"xmlns\":\"http://schemas.microsoft.com/win/2004/08/events/event\",\"System\":{\"Provider\":{\"Name\":\"Microsoft-Windows-Security-Auditing\",\"Guid\":\"{54849625-5478-4994-a5ba-3e3b0328c30d}\"},\"EventID\":\"4648\",\"Version\":\"0\",\"Level\":\"0\",\"Task\":\"12544\",\"Opcode\":\"0\",\"Keywords\":\"0x8020000000000000\",\"TimeCreated\":{\"SystemTime\":\"2024-07-11T12:24:44.7603767Z\"},\"EventRecordID\":\"467051\",\"Correlation\":{\"ActivityID\":\"{2431fd59-b194-0000-86fd-312494b1d801}\"},\"Execution\":{\"ProcessID\":\"868\",\"ThreadID\":\"828\"},\"Channel\":\"Security\",\"Computer\":\"mp-core.z-lab.me\",\"Security\":null},\"EventData\":{\"Data\":[{\"text\":\"S-1-5-18\",\"Name\":\"SubjectUserSid\"},{\"text\":\"SYSTEM\",\"Name\":\"SubjectUserName\"},{\"text\":\"NT AUTHORITY\",\"Name\":\"SubjectDomainName\"},{\"text\":\"0x438ca2f1\",\"Name\":\"SubjectLogonId\"},{\"text\":\"{00000000-0000-0000-0000-000000000000}\",\"Name\":\"LogonGuid\"},{\"text\":\"hcore-admin\",\"Name\":\"TargetUserName\"},{\"text\":\"z-lab.me\",\"Name\":\"TargetDomainName\"},{\"text\":\"{00000000-0000-0000-0000-000000000000}\",\"Name\":\"TargetLogonGuid\"},{\"text\":\"HARDCORE-06.z-lab.me\",\"Name\":\"TargetServerName\"},{\"text\":\"HARDCORE-06.z-lab.me\",\"Name\":\"TargetInfo\"},{\"text\":\"0x4\",\"Name\":\"ProcessId\"},{\"Name\":\"ProcessName\"},{\"text\":\"10.100.10.106\",\"Name\":\"IpAddress\"},{\"text\":\"445\",\"Name\":\"IpPort\"}]}}}", "type": null, "remote": false, "uuid": "00000006-3061-088f-f000-00004f3570f3", "scope_id": "00000000-0000-0000-0000-000000000005", "job_id": "f370354f-f4c4-448d-ada5-0dbd95c22032", "tag": "wineventlog", "time": "2024-07-11T12:24:44.000Z", "origin_app_id": "1967d1a8-9400-0001-0000-000000000003", "input_id": "422528d7-2257-4102-a4c0-3046b27b1d86", "recv_ipv4": "10.10.10.220"},
{"tenant_id": "6197e8d1-e31b-42a9-89d3-bef488b4858c", "recv_ipv6": null, "recv_host": null, "_checkpoint": 5570224028, "recv_time": "2024-07-12T03:43:57Z", "agent_id": "493a5abd-427c-4b91-88ad-c600bc0eb6df", "normalized": true, "mime": "application/x-pt-eventlog", "primary_siem_app_id": "1967d1a8-9400-0001-0000-000000000003", "siem_id": "9f5ae962-9a4a-4b17-8e2b-50507ffc485f", "historical": false, "task_id": "170466d6-fac0-0001-0000-000000000013", "body": "{\"Event\":{\"xmlns\":\"http://schemas.microsoft.com/win/2004/08/events/event\",\"System\":{\"Provider\":{\"Name\":\"Microsoft-Windows-Security-Auditing\",\"Guid\":\"{54849625-5478-4994-a5ba-3e3b0328c30d}\"},\"EventID\":\"4648\",\"Version\":\"0\",\"Level\":\"0\",\"Task\":\"12544\",\"Opcode\":\"0\",\"Keywords\":\"0x8020000000000000\",\"TimeCreated\":{\"SystemTime\":\"2024-07-11T12:24:45.0148427Z\"},\"EventRecordID\":\"467054\",\"Correlation\":{\"ActivityID\":\"{2431fd59-b194-0000-86fd-312494b1d801}\"},\"Execution\":{\"ProcessID\":\"868\",\"ThreadID\":\"9148\"},\"Channel\":\"Security\",\"Computer\":\"mp-core.z-lab.me\",\"Security\":null},\"EventData\":{\"Data\":[{\"text\":\"S-1-5-18\",\"Name\":\"SubjectUserSid\"},{\"text\":\"SYSTEM\",\"Name\":\"SubjectUserName\"},{\"text\":\"NT AUTHORITY\",\"Name\":\"SubjectDomainName\"},{\"text\":\"0x438ca2f1\",\"Name\":\"SubjectLogonId\"},{\"text\":\"{00000000-0000-0000-0000-000000000000}\",\"Name\":\"LogonGuid\"},{\"text\":\"hcore-admin\",\"Name\":\"TargetUserName\"},{\"text\":\"z-lab.me\",\"Name\":\"TargetDomainName\"},{\"text\":\"{00000000-0000-0000-0000-000000000000}\",\"Name\":\"TargetLogonGuid\"},{\"text\":\"HARDCORE-06.z-lab.me\",\"Name\":\"TargetServerName\"},{\"text\":\"HARDCORE-06.z-lab.me\",\"Name\":\"TargetInfo\"},{\"text\":\"0x4\",\"Name\":\"ProcessId\"},{\"Name\":\"ProcessName\"},{\"text\":\"10.100.10.106\",\"Name\":\"IpAddress\"},{\"text\":\"445\",\"Name\":\"IpPort\"}]}}}", "type": null, "remote": false, "uuid": "00000006-3061-088f-f000-00034f3570f3", "scope_id": "00000000-0000-0000-0000-000000000005", "job_id": "f370354f-f4c4-448d-ada5-0dbd95c22032", "tag": "wineventlog", "time": "2024-07-11T12:24:45.000Z", "origin_app_id": "1967d1a8-9400-0001-0000-000000000003", "input_id": "422528d7-2257-4102-a4c0-3046b27b1d86", "recv_ipv4": "10.10.10.220"},
{"recv_ipv6": null, "event_src.title": "diskstation_manager", "src.ip": "10.100.10.108", "asset_ids": ["19699405-e6c0-0001-0000-000000000013"], "agent_id": "493a5abd-427c-4b91-88ad-c600bc0eb6df", "subject": "account", "mime": "text/plain", "primary_siem_app_id": "1967d1a8-9400-0001-0000-000000000003", "generator.version": "N26.1.3020", "historical": false, "event_src.hostname": "fs", "body": "<14>Jul 11 15:25:13 fs Connection: User [ZLAB\\hcore-client] from [10.100.10.108(10.100.10.108)] via [CIFS(SMB3)] accessed shared folder [sysvol].", "type": null, "remote": false, "uuid": "00000006-3061-08a9-f000-00008b2289ca", "protocol": "cifs(smb3)", "category.low": "Manipulation", "scope_id": "00000000-0000-0000-0000-000000000005", "src.host": "10.100.10.108", "action": "access", "tag": "syslog", "category.high": "System Management", "id": "PT_Synology_Diskstation_Manager_syslog_Share_accessed", "event_src.asset": "19699405-e6c0-0001-0000-000000000013", "event_src.category": "Storage device", "recv_time": "2024-07-12T03:43:57.000Z", "siem_id": "9f5ae962-9a4a-4b17-8e2b-50507ffc485f", "generator.type": "logcollector", "event_src.host": "fs", "subject.account.name": "hcore-client", "incorrect_time": false, "category.generic": "File System Object", "input_id": "25f9b93a-b025-4dc5-bc87-42b9554f5ed9", "recv_ipv4": "10.10.10.10", "object": "file_object", "status": "success", "tenant_id": "6197e8d1-e31b-42a9-89d3-bef488b4858c", "recv_host": null, "_checkpoint": 5570224029, "normalized": true, "importance": "info", "recv_asset": "19699405-e6c0-0001-0000-000000000013", "taxonomy_version": "26.0.220-release-26.0", "task_id": "1738bd44-53c0-0001-0000-000000000007", "subject.account.domain": "ZLAB", "event_src.vendor": "synology", "origin_app_id": "1967d1a8-9400-0001-0000-000000000003", "object.name": "sysvol", "original_time": "2024-07-11T15:25:13.000Z", "job_id": "ca89228b-ab03-436b-9a93-cba6000ff360", "time": "2024-07-11T15:25:13.000Z"},
{"recv_ipv6": null, "event_src.title": "diskstation_manager", "src.ip": "10.100.10.108", "asset_ids": ["19699405-e6c0-0001-0000-000000000013"], "agent_id": "493a5abd-427c-4b91-88ad-c600bc0eb6df", "subject": "account", "mime": "text/plain", "primary_siem_app_id": "1967d1a8-9400-0001-0000-000000000003", "generator.version": "N26.1.3020", "historical": false, "event_src.hostname": "fs", "body": "<14>Jul 11 15:25:14 fs Connection: User [ZLAB\\HARDCORE-08$] from [10.100.10.108(10.100.10.108)] via [CIFS(SMB3)] accessed shared folder [sysvol].", "type": null, "remote": false, "uuid": "00000006-3061-08aa-f000-00028b2289ca", "protocol": "cifs(smb3)", "category.low": "Manipulation", "scope_id": "00000000-0000-0000-0000-000000000005", "src.host": "10.100.10.108", "action": "access", "tag": "syslog", "category.high": "System Management", "id": "PT_Synology_Diskstation_Manager_syslog_Share_accessed", "event_src.asset": "19699405-e6c0-0001-0000-000000000013", "event_src.category": "Storage device", "recv_time": "2024-07-12T03:43:57.000Z", "siem_id": "9f5ae962-9a4a-4b17-8e2b-50507ffc485f", "generator.type": "logcollector", "event_src.host": "fs", "subject.account.name": "HARDCORE-08$", "incorrect_time": false, "category.generic": "File System Object", "input_id": "25f9b93a-b025-4dc5-bc87-42b9554f5ed9", "recv_ipv4": "10.10.10.10", "object": "file_object", "status": "success", "tenant_id": "6197e8d1-e31b-42a9-89d3-bef488b4858c", "recv_host": null, "_checkpoint": 5570224030, "normalized": true, "importance": "info", "recv_asset": "19699405-e6c0-0001-0000-000000000013", "taxonomy_version": "26.0.220-release-26.0", "task_id": "1738bd44-53c0-0001-0000-000000000007", "subject.account.domain": "ZLAB", "event_src.vendor": "synology", "origin_app_id": "1967d1a8-9400-0001-0000-000000000003", "object.name": "sysvol", "original_time": "2024-07-11T15:25:14.000Z", "job_id": "ca89228b-ab03-436b-9a93-cba6000ff360", "time": "2024-07-11T15:25:14.000Z"},
{"recv_ipv6": null, "event_src.title": "diskstation_manager", "src.ip": "10.100.10.108", "asset_ids": ["19699405-e6c0-0001-0000-000000000013"], "agent_id": "493a5abd-427c-4b91-88ad-c600bc0eb6df", "subject": "account", "mime": "text/plain", "primary_siem_app_id": "1967d1a8-9400-0001-0000-000000000003", "object.fullpath": "/sysvol/z-lab.me/Policies/{BBEDED12-F649-4D6B-B9CA-0C548453073D}/User/Preferences/Registry/Registry.xml", "generator.version": "N26.1.3020", "historical": false, "event_src.hostname": "fs", "body": "<14>Jul 11 15:25:17 fs WinFileService Event: read, Path: /sysvol/z-lab.me/Policies/{BBEDED12-F649-4D6B-B9CA-0C548453073D}/User/Preferences/Registry/Registry.xml, File/Folder: File, Size: 2.17 KB, User: ZLAB\\HARDCORE-08$, IP: 10.100.10.108", "type": null, "remote": false, "uuid": "00000006-3061-08ad-f000-00008b2289ca", "category.low": "Manipulation", "scope_id": "00000000-0000-0000-0000-000000000005", "src.host": "10.100.10.108", "action": "read", "tag": "syslog", "category.high": "System Management", "id": "PT_Synology_Diskstation_Manager_syslog_File_actions", "event_src.asset": "19699405-e6c0-0001-0000-000000000013", "event_src.category": "Storage device", "recv_time": "2024-07-12T03:43:57.000Z", "siem_id": "9f5ae962-9a4a-4b17-8e2b-50507ffc485f", "generator.type": "logcollector", "event_src.host": "fs", "subject.account.name": "HARDCORE-08$", "object.type": "File", "incorrect_time": false, "category.generic": "File System Object", "input_id": "25f9b93a-b025-4dc5-bc87-42b9554f5ed9", "recv_ipv4": "10.10.10.10", "object": "file_object", "status": "success", "tenant_id": "6197e8d1-e31b-42a9-89d3-bef488b4858c", "recv_host": null, "_checkpoint": 5570224031, "normalized": true, "importance": "info", "recv_asset": "19699405-e6c0-0001-0000-000000000013", "taxonomy_version": "26.0.220-release-26.0", "task_id": "1738bd44-53c0-0001-0000-000000000007", "object.path": "/sysvol/z-lab.me/Policies/{BBEDED12-F649-4D6B-B9CA-0C548453073D}/User/Preferences/Registry/", "subject.account.domain": "ZLAB", "event_src.vendor": "synology", "object.property": "File size", "origin_app_id": "1967d1a8-9400-0001-0000-000000000003", "object.value": "2.17 KB", "object.name": "Registry.xml", "original_time": "2024-07-11T15:25:17.000Z", "job_id": "ca89228b-ab03-436b-9a93-cba6000ff360", "time": "2024-07-11T15:25:17.000Z"},
{"recv_ipv6": null, "event_src.title": "diskstation_manager", "src.ip": "10.100.10.108", "asset_ids": ["19699405-e6c0-0001-0000-000000000013"], "agent_id": "493a5abd-427c-4b91-88ad-c600bc0eb6df", "subject": "account", "mime": "text/plain", "primary_siem_app_id": "1967d1a8-9400-0001-0000-000000000003", "object.fullpath": "/sysvol/z-lab.me/Policies/{BBEDED12-F649-4D6B-B9CA-0C548453073D}/User/Preferences/Files/Files.xml", "generator.version": "N26.1.3020", "historical": false, "event_src.hostname": "fs", "body": "<14>Jul 11 15:25:19 fs WinFileService Event: read, Path: /sysvol/z-lab.me/Policies/{BBEDED12-F649-4D6B-B9CA-0C548453073D}/User/Preferences/Files/Files.xml, File/Folder: File, Size: 526 Bytes, User: ZLAB\\HARDCORE-08$, IP: 10.100.10.108", "type": null, "remote": false, "uuid": "00000006-3061-08af-f000-00008b2289ca", "category.low": "Manipulation", "scope_id": "00000000-0000-0000-0000-000000000005", "src.host": "10.100.10.108", "action": "read", "tag": "syslog", "category.high": "System Management", "id": "PT_Synology_Diskstation_Manager_syslog_File_actions", "event_src.asset": "19699405-e6c0-0001-0000-000000000013", "event_src.category": "Storage device", "recv_time": "2024-07-12T03:43:57.000Z", "siem_id": "9f5ae962-9a4a-4b17-8e2b-50507ffc485f", "generator.type": "logcollector", "event_src.host": "fs", "subject.account.name": "HARDCORE-08$", "object.type": "File", "incorrect_time": false, "category.generic": "File System Object", "input_id": "25f9b93a-b025-4dc5-bc87-42b9554f5ed9", "recv_ipv4": "10.10.10.10", "object": "file_object", "status": "success", "tenant_id": "6197e8d1-e31b-42a9-89d3-bef488b4858c", "recv_host": null, "_checkpoint": 5570224032, "normalized": true, "importance": "info", "recv_asset": "19699405-e6c0-0001-0000-000000000013", "taxonomy_version": "26.0.220-release-26.0", "task_id": "1738bd44-53c0-0001-0000-000000000007", "object.path": "/sysvol/z-lab.me/Policies/{BBEDED12-F649-4D6B-B9CA-0C548453073D}/User/Preferences/Files/", "subject.account.domain": "ZLAB", "event_src.vendor": "synology", "object.property": "File size", "origin_app_id": "1967d1a8-9400-0001-0000-000000000003", "object.value": "526 Bytes", "object.name": "Files.xml", "original_time": "2024-07-11T15:25:19.000Z", "job_id": "ca89228b-ab03-436b-9a93-cba6000ff360", "time": "2024-07-11T15:25:19.000Z"},
{"recv_ipv6": null, "event_src.title": "diskstation_manager", "src.ip": "10.100.10.108", "asset_ids": ["19699405-e6c0-0001-0000-000000000013"], "agent_id": "493a5abd-427c-4b91-88ad-c600bc0eb6df", "subject": "account", "mime": "text/plain", "primary_siem_app_id": "1967d1a8-9400-0001-0000-000000000003", "object.fullpath": "/sysvol/z-lab.me/Policies/{BBEDED12-F649-4D6B-B9CA-0C548453073D}/User/Preferences/Registry/Registry.xml", "generator.version": "N26.1.3020", "historical": false, "event_src.hostname": "fs", "body": "<14>Jul 11 15:25:21 fs WinFileService Event: read, Path: /sysvol/z-lab.me/Policies/{BBEDED12-F649-4D6B-B9CA-0C548453073D}/User/Preferences/Registry/Registry.xml, File/Folder: File, Size: 2.17 KB, User: ZLAB\\HARDCORE-08$, IP: 10.100.10.108", "type": null, "remote": false, "uuid": "00000006-3061-08b1-f000-00008b2289ca", "category.low": "Manipulation", "scope_id": "00000000-0000-0000-0000-000000000005", "src.host": "10.100.10.108", "action": "read", "tag": "syslog", "category.high": "System Management", "id": "PT_Synology_Diskstation_Manager_syslog_File_actions", "event_src.asset": "19699405-e6c0-0001-0000-000000000013", "event_src.category": "Storage device", "recv_time": "2024-07-12T03:43:57.000Z", "siem_id": "9f5ae962-9a4a-4b17-8e2b-50507ffc485f", "generator.type": "logcollector", "event_src.host": "fs", "subject.account.name": "HARDCORE-08$", "object.type": "File", "incorrect_time": false, "category.generic": "File System Object", "input_id": "25f9b93a-b025-4dc5-bc87-42b9554f5ed9", "recv_ipv4": "10.10.10.10", "object": "file_object", "status": "success", "tenant_id": "6197e8d1-e31b-42a9-89d3-bef488b4858c", "recv_host": null, "_checkpoint": 5570224033, "normalized": true, "importance": "info", "recv_asset": "19699405-e6c0-0001-0000-000000000013", "taxonomy_version": "26.0.220-release-26.0", "task_id": "1738bd44-53c0-0001-0000-000000000007", "object.path": "/sysvol/z-lab.me/Policies/{BBEDED12-F649-4D6B-B9CA-0C548453073D}/User/Preferences/Registry/", "subject.account.domain": "ZLAB", "event_src.vendor": "synology", "object.property": "File size", "origin_app_id": "1967d1a8-9400-0001-0000-000000000003", "object.value": "2.17 KB", "object.name": "Registry.xml", "original_time": "2024-07-11T15:25:21.000Z", "job_id": "ca89228b-ab03-436b-9a93-cba6000ff360", "time": "2024-07-11T15:25:21.000Z"},
{"recv_ipv6": null, "event_src.title": "diskstation_manager", "src.ip": "10.10.10.11", "asset_ids": ["19699405-e6c0-0001-0000-000000000013"], "agent_id": "493a5abd-427c-4b91-88ad-c600bc0eb6df", "subject": "account", "mime": "text/plain", "primary_siem_app_id": "1967d1a8-9400-0001-0000-000000000003", "generator.version": "N26.1.3020", "historical": false, "event_src.hostname": "fs", "body": "<14>Jul 11 15:26:06 fs Connection: User [zorg] from [10.10.10.11] signed in to [DSM] successfully via [password].", "type": null, "remote": false, "uuid": "00000006-3061-08de-f000-00008b2289ca", "category.low": "Communication", "scope_id": "00000000-0000-0000-0000-000000000005", "src.host": "10.10.10.11", "action": "login", "tag": "syslog", "category.high": "Access Management", "id": "PT_Synology_Diskstation_Manager_syslog_Login_state", "event_src.asset": "19699405-e6c0-0001-0000-000000000013", "event_src.category": "Storage device", "recv_time": "2024-07-12T03:43:57.000Z", "siem_id": "9f5ae962-9a4a-4b17-8e2b-50507ffc485f", "generator.type": "logcollector", "event_src.host": "fs", "subject.account.name": "zorg", "incorrect_time": false, "category.generic": "Application", "input_id": "25f9b93a-b025-4dc5-bc87-42b9554f5ed9", "recv_ipv4": "10.10.10.10", "object": "application", "status": "success", "tenant_id": "6197e8d1-e31b-42a9-89d3-bef488b4858c", "recv_host": null, "_checkpoint": 5570224034, "normalized": true, "importance": "info", "recv_asset": "19699405-e6c0-0001-0000-000000000013", "taxonomy_version": "26.0.220-release-26.0", "task_id": "1738bd44-53c0-0001-0000-000000000007", "event_src.vendor": "synology", "origin_app_id": "1967d1a8-9400-0001-0000-000000000003", "object.name": "DSM", "original_time": "2024-07-11T15:26:06.000Z", "job_id": "ca89228b-ab03-436b-9a93-cba6000ff360", "time": "2024-07-11T15:26:06.000Z"},
{"tenant_id": "6197e8d1-e31b-42a9-89d3-bef488b4858c", "recv_ipv6": null, "recv_host": null, "_checkpoint": 5570224035, "recv_time": "2024-07-12T03:43:57Z", "agent_id": "493a5abd-427c-4b91-88ad-c600bc0eb6df", "normalized": true, "mime": "application/x-pt-eventlog", "primary_siem_app_id": "1967d1a8-9400-0001-0000-000000000003", "siem_id": "9f5ae962-9a4a-4b17-8e2b-50507ffc485f", "historical": false, "task_id": "170466d6-fac0-0001-0000-000000000013", "body": "{\"Event\":{\"xmlns\":\"http://schemas.microsoft.com/win/2004/08/events/event\",\"System\":{\"Provider\":{\"Name\":\"Microsoft-Windows-Security-Auditing\",\"Guid\":\"{54849625-5478-4994-a5ba-3e3b0328c30d}\"},\"EventID\":\"4648\",\"Version\":\"0\",\"Level\":\"0\",\"Task\":\"12544\",\"Opcode\":\"0\",\"Keywords\":\"0x8020000000000000\",\"TimeCreated\":{\"SystemTime\":\"2024-07-11T12:27:31.8463087Z\"},\"EventRecordID\":\"467060\",\"Correlation\":{\"ActivityID\":\"{2431fd59-b194-0000-86fd-312494b1d801}\"},\"Execution\":{\"ProcessID\":\"868\",\"ThreadID\":\"7492\"},\"Channel\":\"Security\",\"Computer\":\"mp-core.z-lab.me\",\"Security\":null},\"EventData\":{\"Data\":[{\"text\":\"S-1-5-18\",\"Name\":\"SubjectUserSid\"},{\"text\":\"SYSTEM\",\"Name\":\"SubjectUserName\"},{\"text\":\"NT AUTHORITY\",\"Name\":\"SubjectDomainName\"},{\"text\":\"0x438f86a4\",\"Name\":\"SubjectLogonId\"},{\"text\":\"{00000000-0000-0000-0000-000000000000}\",\"Name\":\"LogonGuid\"},{\"text\":\"hcore-admin\",\"Name\":\"TargetUserName\"},{\"text\":\"z-lab.me\",\"Name\":\"TargetDomainName\"},{\"text\":\"{00000000-0000-0000-0000-000000000000}\",\"Name\":\"TargetLogonGuid\"},{\"text\":\"HARDCORE-09.z-lab.me\",\"Name\":\"TargetServerName\"},{\"text\":\"HARDCORE-09.z-lab.me\",\"Name\":\"TargetInfo\"},{\"text\":\"0x4\",\"Name\":\"ProcessId\"},{\"Name\":\"ProcessName\"},{\"text\":\"10.100.10.109\",\"Name\":\"IpAddress\"},{\"text\":\"445\",\"Name\":\"IpPort\"}]}}}", "type": null, "remote": false, "uuid": "00000006-3061-0935-f000-00004f3570f3", "scope_id": "00000000-0000-0000-0000-000000000005", "job_id": "f370354f-f4c4-448d-ada5-0dbd95c22032", "tag": "wineventlog", "time": "2024-07-11T12:27:31.000Z", "origin_app_id": "1967d1a8-9400-0001-0000-000000000003", "input_id": "422528d7-2257-4102-a4c0-3046b27b1d86", "recv_ipv4": "10.10.10.220"},
