[{"recv_ipv6": null, "event_src.title": "diskstation_manager", "src.ip": "10.10.10.11", "asset_ids": ["19699405-e6c0-0001-0000-000000000013"], "agent_id": "493a5abd-427c-4b91-88ad-c600bc0eb6df", "subject": "account", "mime": "text/plain", "primary_siem_app_id": "1967d1a8-9400-0001-0000-000000000003", "generator.version": "N26.1.3020", "historical": false, "event_src.hostname": "fs", "body": "<14>Jul 11 15:15:30 fs Connection: User [zorg] from [10.10.10.11] signed in to [DSM] successfully via [password].", "type": null, "remote": false, "uuid": "00000006-3061-0662-f000-00008b2289ca", "category.low": "Communication", "scope_id": "00000000-0000-0000-0000-000000000005", "src.host": "10.10.10.11", "action": "login", "tag": "syslog", "category.high": "Access Management", "id": "PT_Synology_Diskstation_Manager_syslog_Login_state", "event_src.asset": "19699405-e6c0-0001-0000-000000000013", "event_src.category": "Storage device", "recv_time": "2024-07-12T03:43:57.000Z", "siem_id": "9f5ae962-9a4a-4b17-8e2b-50507ffc485f", "generator.type": "logcollector", "event_src.host": "fs", "subject.account.name": "zorg", "incorrect_time": false, "category.generic": "Application", "input_id": "25f9b93a-b025-4dc5-bc87-42b9554f5ed9", "recv_ipv4": "10.10.10.10", "object": "application", "status": "success", "tenant_id": "6197e8d1-e31b-42a9-89d3-bef488b4858c", "recv_host": null, "_checkpoint": 5570064002, "normalized": true, "importance": "info", "recv_asset": "19699405-e6c0-0001-0000-000000000013", "taxonomy_version": "26.0.220-release-26.0", "task_id": "1738bd44-53c0-0001-0000-000000000007", "event_src.vendor": "synology", "origin_app_id": "1967d1a8-9400-0001-0000-000000000003", "object.name": "DSM", "original_time": "2024-07-11T15:15:30.000Z", "job_id": "ca89228b-ab03-436b-9a93-cba6000ff360", "time": "2024-07-11T15:15:30.000Z"},
{"tenant_id": "6197e8d1-e31b-42a9-89d3-bef488b4858c", "recv_ipv6": null, "recv_host": null, "_checkpoint": 5570064003, "recv_time": "2024-07-12T03:43:57Z", "agent_id": "493a5abd-427c-4b91-88ad-c600bc0eb6df", "normalized": true, "mime": "application/x-pt-eventlog", "primary_siem_app_id": "1967d1a8-9400-0001-0000-000000000003", "siem_id": "9f5ae962-9a4a-4b17-8e2b-50507ffc485f", "historical": false, "task_id": "170466d6-fac0-0001-0000-000000000013", "body": "{\"Event\":{\"xmlns\":\"http://schemas.microsoft.com/win/2004/08/events/event\",\"System\":{\"Provider\":{\"Name\":\"Microsoft-Windows-Security-Auditing\",\"Guid\":\"{54849625-5478-4994-a5ba-3e3b0328c30d}\"},\"EventID\":\"4634\",\"Version\":\"0\",\"Level\":\"0\",\"Task\":\"12545\",\"Opcode\":\"0\",\"Keywords\":\"0x8020000000000000\",\"TimeCreated\":{\"SystemTime\":\"2024-07-11T12:15:20.4384988Z\"},\"EventRecordID\":\"466922\",\"Correlation\":null,\"Execution\":{\"ProcessID\":\"868\",\"ThreadID\":\"4820\"},\"Channel\":\"Security\",\"Computer\":\"mp-core.z-lab.me\",\"Security\":null},\"EventData\":{\"Data\":[{\"text\":\"S-1-5-18\",\"Name\":\"TargetUserSid\"},{\"text\":\"SYSTEM\",\"Name\":\"TargetUserName\"},{\"text\":\"NT AUTHORITY\",\"Name\":\"TargetDomainName\"},{\"text\":\"0x4368c7c0\",\"Name\":\"TargetLogonId\"},{\"text\":\"9\",\"Name\":\"LogonType\"}]}}}", "type": null, "remote": false, "uuid": "00000006-3061-065b-f000-00024f3570f3", "scope_id": "00000000-0000-0000-0000-000000000005", "job_id": "f370354f-f4c4-448d-ada5-0dbd95c22032", "tag": "wineventlog", "time": "2024-07-11T12:15:20.000Z", "origin_app_id": "1967d1a8-9400-0001-0000-000000000003", "input_id": "422528d7-2257-4102-a4c0-3046b27b1d86", "recv_ipv4": "10.10.10.220"},
{"tenant_id": "6197e8d1-e31b-42a9-89d3-bef488b4858c", "recv_ipv6": null, "recv_host": null, "_checkpoint": 5570064004, "recv_time": "2024-07-12T03:43:57Z", "agent_id": "493a5abd-427c-4b91-88ad-c600bc0eb6df", "normalized": true, "mime": "application/x-pt-eventlog", "primary_siem_app_id": "1967d1a8-9400-0001-0000-000000000003", "siem_id": "9f5ae962-9a4a-4b17-8e2b-50507ffc485f", "historical": false, "task_id": "170466d6-fac0-0001-0000-000000000013", "body": "{\"Event\":{\"xmlns\":\"http://schemas.microsoft.com/win/2004/08/events/event\",\"System\":{\"Provider\":{\"Name\":\"Microsoft-Windows-Security-Auditing\",\"Guid\":\"{54849625-5478-4994-a5ba-3e3b0328c30d}\"},\"EventID\":\"4634\",\"Version\":\"0\",\"Level\":\"0\",\"Task\":\"12545\",\"Opcode\":\"0\",\"Keywords\":\"0x8020000000000000\",\"TimeCreated\":{\"SystemTime\":\"2024-07-11T12:15:44.4826271Z\"},\"EventRecordID\":\"466924\",\"Correlation\":null,\"Execution\":{\"ProcessID\":\"868\",\"ThreadID\":\"9932\"},\"Channel\":\"Security\",\"Computer\":\"mp-core.z-lab.me\",\"Security\":null},\"EventData\":{\"Data\":[{\"text\":\"S-1-5-18\",\"Name\":\"TargetUserSid\"},{\"text\":\"SYSTEM\",\"Name\":\"TargetUserName\"},{\"text\":\"NT AUTHORITY\",\"Name\":\"TargetDomainName\"},{\"text\":\"0x4368d7a8\",\"Name\":\"TargetLogonId\"},{\"text\":\"9\",\"Name\":\"LogonType\"}]}}}", "type": null, "remote": false, "uuid": "00000006-3061-0673-f000-00004f3570f3", "scope_id": "00000000-0000-0000-0000-000000000005", "job_id": "f370354f-f4c4-448d-ada5-0dbd95c22032", "tag": "wineventlog", "time": "2024-07-11T12:15:44.000Z", "origin_app_id": "1967d1a8-9400-0001-0000-000000000003", "input_id": "422528d7-2257-4102-a4c0-3046b27b1d86", "recv_ipv4": "10.10.10.220"},
{"tenant_id": "6197e8d1-e31b-42a9-89d3-bef488b4858c", "recv_ipv6": null, "recv_host": null, "event_src.title": "unix_like", "_checkpoint": 5570064005, "agent_id": "493a5abd-427c-4b91-88ad-c600bc0eb6df", "normalized": true, "subject": "account", "importance": "info", "mime": "text/plain", "primary_siem_app_id": "1967d1a8-9400-0001-0000-000000000003", "generator.version": "N26.1.3020", "historical": false, "event_src.hostname": "mpx", "taxonomy_version": "26.0.220-release-26.0", "task_id": "1738bd44-53c0-0001-0000-000000000007", "body": "<86>Jul 11 15:17:01 mpx CRON[14354]: pam_unix(cron:session): session closed for user root", "type": null, "remote": false, "uuid": "00000006-3061-06bd-f000-00018b2289ca", "category.low": "Communication", "scope_id": "00000000-0000-0000-0000-000000000005", "action": "logout", "tag": "syslog", "category.high": "Access Management", "id": "PT_UNIX_like_common_syslog_pam_unix_session_closed", "origin_app_id": "1967d1a8-9400-0001-0000-000000000003", "event_src.category": "Operating system", "recv_time": "2024-07-12T03:43:57.000Z", "dst.hostname": "mpx", "siem_id": "9f5ae962-9a4a-4b17-8e2b-50507ffc485f", "generator.type": "logcollector", "event_src.host": "mpx", "dst.host": "mpx", "subject.account.name": "root", "original_time": "2024-07-11T15:17:01.000Z", "subject.name": "root", "job_id": "ca89228b-ab03-436b-9a93-cba6000ff360", "incorrect_time": false, "time": "2024-07-11T15:17:01.000Z", "category.generic": "Operating System", "logon_service": "cron", "input_id": "25f9b93a-b025-4dc5-bc87-42b9554f5ed9", "recv_ipv4": "10.10.10.250", "object": "system", "status": "success"},
{"tenant_id": "6197e8d1-e31b-42a9-89d3-bef488b4858c", "recv_ipv6": null, "recv_host": null, "_checkpoint": 5570064006, "recv_time": "2024-07-12T03:43:57Z", "agent_id": "493a5abd-427c-4b91-88ad-c600bc0eb6df", "normalized": true, "mime": "application/x-pt-eventlog", "primary_siem_app_id": "1967d1a8-9400-0001-0000-000000000003", "siem_id": "9f5ae962-9a4a-4b17-8e2b-50507ffc485f", "historical": false, "task_id": "170466d6-fac0-0001-0000-000000000013", "body": "{\"Event\":{\"xmlns\":\"http://schemas.microsoft.com/win/2004/08/events/event\",\"System\":{\"Provider\":{\"Name\":\"Microsoft-Windows-Security-Auditing\",\"Guid\":\"{54849625-5478-4994-a5ba-3e3b0328c30d}\"},\"EventID\":\"4634\",\"Version\":\"0\",\"Level\":\"0\",\"Task\":\"12545\",\"Opcode\":\"0\",\"Keywords\":\"0x8020000000000000\",\"TimeCreated\":{\"SystemTime\":\"2024-07-11T12:17:54.9859058Z\"},\"EventRecordID\":\"466927\",\"Correlation\":null,\"Execution\":{\"ProcessID\":\"868\",\"ThreadID\":\"8748\"},\"Channel\":\"Security\",\"Computer\":\"mp-core.z-lab.me\",\"Security\":null},\"EventData\":{\"Data\":[{\"text\":\"S-1-5-18\",\"Name\":\"TargetUserSid\"},{\"text\":\"SYSTEM\",\"Name\":\"TargetUserName\"},{\"text\":\"NT AUTHORITY\",\"Name\":\"TargetDomainName\"},{\"text\":\"0x436f5468\",\"Name\":\"TargetLogonId\"},{\"text\":\"9\",\"Name\":\"LogonType\"}]}}}", "type": null, "remote": false, "uuid": "00000006-3061-06f5-f000-00014f3570f3", "scope_id": "00000000-0000-0000-0000-000000000005", "job_id": "f370354f-f4c4-448d-ada5-0dbd95c22032", "tag": "wineventlog", "time": "2024-07-11T12:17:54.000Z", "origin_app_id": "1967d1a8-9400-0001-0000-000000000003", "input_id": "422528d7-2257-4102-a4c0-3046b27b1d86", "recv_ipv4": "10.10.10.220"},
{"tenant_id": "6197e8d1-e31b-42a9-89d3-bef488b4858c", "recv_ipv6": null, "recv_host": null, "_checkpoint": 5570064007, "recv_time": "2024-07-12T03:43:57Z", "agent_id": "493a5abd-427c-4b91-88ad-c600bc0eb6df", "normalized": true, "mime": "application/x-pt-eventlog", "primary_siem_app_id": "1967d1a8-9400-0001-0000-000000000003", "siem_id": "9f5ae962-9a4a-4b17-8e2b-50507ffc485f", "historical": false, "task_id": "170466d6-fac0-0001-0000-000000000013", "body": "{\"Event\":{\"xmlns\":\"http://schemas.microsoft.com/win/2004/08/events/event\",\"System\":{\"Provider\":{\"Name\":\"Microsoft-Windows-Security-Auditing\",\"Guid\":\"{54849625-5478-4994-a5ba-3e3b0328c30d}\"},\"EventID\":\"4648\",\"Version\":\"0\",\"Level\":\"0\",\"Task\":\"12544\",\"Opcode\":\"0\",\"Keywords\":\"0x8020000000000000\",\"TimeCreated\":{\"SystemTime\":\"2024-07-11T12:18:20.2743256Z\"},\"EventRecordID\":\"466930\",\"Correlation\":{\"ActivityID\":\"{2431fd59-b194-0000-86fd-312494b1d801}\"},\"Execution\":{\"ProcessID\":\"868\",\"ThreadID\":\"7348\"},\"Channel\":\"Security\",\"Computer\":\"mp-core.z-lab.me\",\"Security\":null},\"EventData\":{\"Data\":[{\"text\":\"S-1-0-0\",\"Name\":\"SubjectUserSid\"},{\"text\":\"-\",\"Name\":\"SubjectUserName\"},{\"text\":\"-\",\"Name\":\"SubjectDomainName\"},{\"text\":\"0x92a1\",\"Name\":\"SubjectLogonId\"},{\"text\":\"{00000000-0000-0000-0000-000000000000}\",\"Name\":\"LogonGuid\"},{\"text\":\"hcore-admin\",\"Name\":\"TargetUserName\"},{\"text\":\"z-lab.me\",\"Name\":\"TargetDomainName\"},{\"text\":\"{00000000-0000-0000-0000-000000000000}\",\"Name\":\"TargetLogonGuid\"},{\"text\":\"HARDCORE-07.z-lab.me\",\"Name\":\"TargetServerName\"},{\"text\":\"HARDCORE-07.z-lab.me\",\"Name\":\"TargetInfo\"},{\"text\":\"0x29c\",\"Name\":\"ProcessId\"},{\"text\":\"C:\\\\Windows\\\\System32\\\\svchost.exe\",\"Name\":\"ProcessName\"},{\"text\":\"10.100.10.107\",\"Name\":\"IpAddress\"},{\"text\":\"135\",\"Name\":\"IpPort\"}]}}}", "type": null, "remote": false, "uuid": "00000006-3061-070d-f000-00014f3570f3", "scope_id": "00000000-0000-0000-0000-000000000005", "job_id": "f370354f-f4c4-448d-ada5-0dbd95c22032", "tag": "wineventlog", "time": "2024-07-11T12:18:20.000Z", "origin_app_id": "1967d1a8-9400-0001-0000-000000000003", "input_id": "422528d7-2257-4102-a4c0-3046b27b1d86", "recv_ipv4": "10.10.10.220"},
{"tenant_id": "6197e8d1-e31b-42a9-89d3-bef488b4858c", "recv_ipv6": null, "recv_host": null, "_checkpoint": 5570064008, "recv_time": "2024-07-12T03:43:57Z", "agent_id": "493a5abd-427c-4b91-88ad-c600bc0eb6df", "normalized": true, "mime": "application/x-pt-eventlog", "primary_siem_app_id": "1967d1a8-9400-0001-0000-000000000003", "siem_id": "9f5ae962-9a4a-4b17-8e2b-50507ffc485f", "historical": false, "task_id": "170466d6-fac0-0001-0000-000000000013", "body": "{\"Event\":{\"xmlns\":\"http://schemas.microsoft.com/win/2004/08/events/event\",\"System\":{\"Provider\":{\"Name\":\"Microsoft-Windows-Security-Auditing\",\"Guid\":\"{54849625-5478-4994-a5ba-3e3b0328c30d}\"},\"EventID\":\"4648\",\"Version\":\"0\",\"Level\":\"0\",\"Task\":\"12544\",\"Opcode\":\"0\",\"Keywords\":\"0x8020000000000000\",\"TimeCreated\":{\"SystemTime\":\"2024-07-11T12:18:30.8164460Z\"},\"EventRecordID\":\"466933\",\"Correlation\":{\"ActivityID\":\"{2431fd59-b194-0000-86fd-312494b1d801}\"},\"Execution\":{\"ProcessID\":\"868\",\"ThreadID\":\"7348\"},\"Channel\":\"Security\",\"Computer\":\"mp-core.z-lab.me\",\"Security\":null},\"EventData\":{\"Data\":[{\"text\":\"S-1-0-0\",\"Name\":\"SubjectUserSid\"},{\"text\":\"-\",\"Name\":\"SubjectUserName\"},{\"text\":\"-\",\"Name\":\"SubjectDomainName\"},{\"text\":\"0x92a1\",\"Name\":\"SubjectLogonId\"},{\"text\":\"{00000000-0000-0000-0000-000000000000}\",\"Name\":\"LogonGuid\"},{\"text\":\"hcore-admin\",\"Name\":\"TargetUserName\"},{\"text\":\"z-lab.me\",\"Name\":\"TargetDomainName\"},{\"text\":\"{00000000-0000-0000-0000-000000000000}\",\"Name\":\"TargetLogonGuid\"},{\"text\":\"HARDCORE-07.z-lab.me\",\"Name\":\"TargetServerName\"},{\"text\":\"HARDCORE-07.z-lab.me\",\"Name\":\"TargetInfo\"},{\"text\":\"0x2298\",\"Name\":\"ProcessId\"},{\"text\":\"C:\\\\Program Files (x86)\\\\Positive Technologies\\\\MaxPatrol 10 Agent\\\\ModuleHost.exe\",\"Name\":\"ProcessName\"},{\"text\":\"10.100.10.107\",\"Name\":\"IpAddress\"},{\"text\":\"53915\",\"Name\":\"IpPort\"}]}}}", "type": null, "remote": false, "uuid": "00000006-3061-0719-f000-00014f3570f3", "scope_id": "00000000-0000-0000-0000-000000000005", "job_id": "f370354f-f4c4-448d-ada5-0dbd95c22032", "tag": "wineventlog", "time": "2024-07-11T12:18:30.000Z", "origin_app_id": "1967d1a8-9400-0001-0000-000000000003", "input_id": "422528d7-2257-4102-a4c0-3046b27b1d86", "recv_ipv4": "10.10.10.220"},
{"tenant_id": "6197e8d1-e31b-42a9-89d3-bef488b4858c", "recv_ipv6": null, "recv_host": null, "_checkpoint": 5570064009, "recv_time": "2024-07-12T03:43:57Z", "agent_id": "493a5abd-427c-4b91-88ad-c600bc0eb6df", "normalized": true, "mime": "application/x-pt-eventlog", "primary_siem_app_id": "1967d1a8-9400-0001-0000-000000000003", "siem_id": "9f5ae962-9a4a-4b17-8e2b-50507ffc485f", "historical": false, "task_id": "170466d6-fac0-0001-0000-000000000013", "body": "{\"Event\":{\"xmlns\":\"http://schemas.microsoft.com/win/2004/08/events/event\",\"System\":{\"Provider\":{\"Name\":\"Microsoft-Windows-Security-Auditing\",\"Guid\":\"{54849625-5478-4994-a5ba-3e3b0328c30d}\"},\"EventID\":\"4648\",\"Version\":\"0\",\"Level\":\"0\",\"Task\":\"12544\",\"Opcode\":\"0\",\"Keywords\":\"0x8020000000000000\",\"TimeCreated\":{\"SystemTime\":\"2024-07-11T12:18:37.5660985Z\"},\"EventRecordID\":\"466936\",\"Correlation\":{\"ActivityID\":\"{2431fd59-b194-0000-86fd-312494b1d801}\"},\"Execution\":{\"ProcessID\":\"868\",\"ThreadID\":\"8100\"},\"Channel\":\"Security\",\"Computer\":\"mp-core.z-lab.me\",\"Security\":null},\"EventData\":{\"Data\":[{\"text\":\"S-1-0-0\",\"Name\":\"SubjectUserSid\"},{\"text\":\"-\",\"Name\":\"SubjectUserName\"},{\"text\":\"-\",\"Name\":\"SubjectDomainName\"},{\"text\":\"0x92a1\",\"Name\":\"SubjectLogonId\"},{\"text\":\"{00000000-0000-0000-0000-000000000000}\",\"Name\":\"LogonGuid\"},{\"text\":\"hcore-admin\",\"Name\":\"TargetUserName\"},{\"text\":\"z-lab.me\",\"Name\":\"TargetDomainName\"},{\"text\":\"{00000000-0000-0000-0000-000000000000}\",\"Name\":\"TargetLogonGuid\"},{\"text\":\"HARDCORE-05.z-lab.me\",\"Name\":\"TargetServerName\"},{\"text\":\"HARDCORE-05.z-lab.me\",\"Name\":\"TargetInfo\"},{\"text\":\"0x4\",\"Name\":\"ProcessId\"},{\"Name\":\"ProcessName\"},{\"text\":\"10.100.10.105\",\"Name\":\"IpAddress\"},{\"text\":\"445\",\"Name\":\"IpPort\"}]}}}", "type": null, "remote": false, "uuid": "00000006-3061-071f-f000-00024f3570f3", "scope_id": "00000000-0000-0000-0000-000000000005", "job_id": "f370354f-f4c4-448d-ada5-0dbd95c22032", "tag": "wineventlog", "time": "2024-07-11T12:18:37.000Z", "origin_app_id": "1967d1a8-9400-0001-0000-000000000003", "input_id": "422528d7-2257-4102-a4c0-3046b27b1d86", "recv_ipv4": "10.10.10.220"},
{"tenant_id": "6197e8d1-e31b-42a9-89d3-bef488b4858c", "recv_ipv6": null, "recv_host": null, "_checkpoint": 5570064010, "recv_time": "2024-07-12T03:43:57Z", "agent_id": "493a5abd-427c-4b91-88ad-c600bc0eb6df", "normalized": true, "mime": "application/x-pt-eventlog", "primary_siem_app_id": "1967d1a8-9400-0001-0000-000000000003", "siem_id": "9f5ae962-9a4a-4b17-8e2b-50507ffc485f", "historical": false, "task_id": "170466d6-fac0-0001-0000-000000000013", "body": "{\"Event\":{\"xmlns\":\"http://schemas.microsoft.com/win/2004/08/events/event\",\"System\":{\"Provider\":{\"Name\":\"Microsoft-Windows-Security-Auditing\",\"Guid\":\"{54849625-5478-4994-a5ba-3e3b0328c30d}\"},\"EventID\":\"4648\",\"Version\":\"0\",\"Level\":\"0\",\"Task\":\"12544\",\"Opcode\":\"0\",\"Keywords\":\"0x8020000000000000\",\"TimeCreated\":{\"SystemTime\":\"2024-07-11T12:18:38.0177585Z\"},\"EventRecordID\":\"466939\",\"Correlation\":{\"ActivityID\":\"{2431fd59-b194-0000-86fd-312494b1d801}\"},\"Execution\":{\"ProcessID\":\"868\",\"ThreadID\":\"8100\"},\"Channel\":\"Security\",\"Computer\":\"mp-core.z-lab.me\",\"Security\":null},\"EventData\":{\"Data\":[{\"text\":\"S-1-0-0\",\"Name\":\"SubjectUserSid\"},{\"text\":\"-\",\"Name\":\"SubjectUserName\"},{\"text\":\"-\",\"Name\":\"SubjectDomainName\"},{\"text\":\"0x92a1\",\"Name\":\"SubjectLogonId\"},{\"text\":\"{00000000-0000-0000-0000-000000000000}\",\"Name\":\"LogonGuid\"},{\"text\":\"hcore-admin\",\"Name\":\"TargetUserName\"},{\"text\":\"z-lab.me\",\"Name\":\"TargetDomainName\"},{\"text\":\"{00000000-0000-0000-0000-000000000000}\",\"Name\":\"TargetLogonGuid\"},{\"text\":\"HARDCORE-05.z-lab.me\",\"Name\":\"TargetServerName\"},{\"text\":\"HARDCORE-05.z-lab.me\",\"Name\":\"TargetInfo\"},{\"text\":\"0x29c\",\"Name\":\"ProcessId\"},{\"text\":\"C:\\\\Windows\\\\System32\\\\svchost.exe\",\"Name\":\"ProcessName\"},{\"text\":\"10.100.10.105\",\"Name\":\"IpAddress\"},{\"text\":\"135\",\"Name\":\"IpPort\"}]}}}", "type": null, "remote": false, "uuid": "00000006-3061-071f-f000-00054f3570f3", "scope_id": "00000000-0000-0000-0000-000000000005", "job_id": "f370354f-f4c4-448d-ada5-0dbd95c22032", "tag": "wineventlog", "time": "2024-07-11T12:18:38.000Z", "origin_app_id": "1967d1a8-9400-0001-0000-000000000003", "input_id": "422528d7-2257-4102-a4c0-3046b27b1d86", "recv_ipv4": "10.10.10.220"},
{"tenant_id": "6197e8d1-e31b-42a9-89d3-bef488b4858c", "recv_ipv6": null, "recv_host": null, "_checkpoint": 5570064011, "recv_time": "2024-07-12T03:43:57Z", "agent_id": "493a5abd-427c-4b91-88ad-c600bc0eb6df", "normalized": true, "mime": "application/x-pt-eventlog", "primary_siem_app_id": "1967d1a8-9400-0001-0000-000000000003", "siem_id": "9f5ae962-9a4a-4b17-8e2b-50507ffc485f", "historical": false, "task_id": "170466d6-fac0-0001-0000-000000000013", "body": "{\"Event\":{\"xmlns\":\"http://schemas.microsoft.com/win/2004/08/events/event\",\"System\":{\"Provider\":{\"Name\":\"Microsoft-Windows-Security-Auditing\",\"Guid\":\"{54849625-5478-4994-a5ba-3e3b0328c30d}\"},\"EventID\":\"4624\",\"Version\":\"2\",\"Level\":\"0\",\"Task\":\"12544\",\"Opcode\":\"0\",\"Keywords\":\"0x8020000000000000\",\"TimeCreated\":{\"SystemTime\":\"2024-07-11T12:18:44.1933273Z\"},\"EventRecordID\":\"466942\",\"Correlation\":{\"ActivityID\":\"{2431fd59-b194-0000-86fd-312494b1d801}\"},\"Execution\":{\"ProcessID\":\"868\",\"ThreadID\":\"8100\"},\"Channel\":\"Security\",\"Computer\":\"mp-core.z-lab.me\",\"Security\":null},\"EventData\":{\"Data\":[{\"text\":\"S-1-5-18\",\"Name\":\"SubjectUserSid\"},{\"text\":\"MP-CORE$\",\"Name\":\"SubjectUserName\"},{\"text\":\"ZLAB\",\"Name\":\"SubjectDomainName\"},{\"text\":\"0x3e7\",\"Name\":\"SubjectLogonId\"},{\"text\":\"S-1-5-18\",\"Name\":\"TargetUserSid\"},{\"text\":\"SYSTEM\",\"Name\":\"TargetUserName\"},{\"text\":\"NT AUTHORITY\",\"Name\":\"TargetDomainName\"},{\"text\":\"0x438c9f01\",\"Name\":\"TargetLogonId\"},{\"text\":\"9\",\"Name\":\"LogonType\"},{\"text\":\"Advapi  \",\"Name\":\"LogonProcessName\"},{\"text\":\"Negotiate\",\"Name\":\"AuthenticationPackageName\"},{\"text\":\"-\",\"Name\":\"WorkstationName\"},{\"text\":\"{00000000-0000-0000-0000-000000000000}\",\"Name\":\"LogonGuid\"},{\"text\":\"-\",\"Name\":\"TransmittedServices\"},{\"text\":\"-\",\"Name\":\"LmPackageName\"},{\"text\":\"0\",\"Name\":\"KeyLength\"},{\"text\":\"0x1f40\",\"Name\":\"ProcessId\"},{\"text\":\"C:\\\\Program Files (x86)\\\\Positive Technologies\\\\MaxPatrol 10 Agent\\\\ModuleHost.exe\",\"Name\":\"ProcessName\"},{\"text\":\"-\",\"Name\":\"IpAddress\"},{\"text\":\"-\",\"Name\":\"IpPort\"},{\"text\":\"%%1833\",\"Name\":\"ImpersonationLevel\"},{\"text\":\"-\",\"Name\":\"RestrictedAdminMode\"},{\"text\":\"hcore-admin\",\"Name\":\"TargetOutboundUserName\"},{\"text\":\"z-lab.me\",\"Name\":\"TargetOutboundDomainName\"},{\"text\":\"%%1843\",\"Name\":\"VirtualAccount\"},{\"text\":\"0x0\",\"Name\":\"TargetLinkedLogonId\"},{\"text\":\"%%1842\",\"Name\":\"ElevatedToken\"}]}}}", "type": null, "remote": false, "uuid": "00000006-3061-0725-f000-00024f3570f3", "scope_id": "00000000-0000-0000-0000-000000000005", "job_id": "f370354f-f4c4-448d-ada5-0dbd95c22032", "tag": "wineventlog", "time": "2024-07-11T12:18:44.000Z", "origin_app_id": "1967d1a8-9400-0001-0000-000000000003", "input_id": "422528d7-2257-4102-a4c0-3046b27b1d86", "recv_ipv4": "10.10.10.220"},
{"tenant_id": "6197e8d1-e31b-42a9-89d3-bef488b4858c", "recv_ipv6": null, "recv_host": null, "_checkpoint": 5570064012, "recv_time": "2024-07-12T03:43:57Z", "agent_id": "493a5abd-427c-4b91-88ad-c600bc0eb6df", "normalized": true, "mime": "application/x-pt-eventlog", "primary_siem_app_id": "1967d1a8-9400-0001-0000-000000000003", "siem_id": "9f5ae962-9a4a-4b17-8e2b-50507ffc485f", "historical": false, "task_id": "170466d6-fac0-0001-0000-000000000013", "body": "{\"Event\":{\"xmlns\":\"http://schemas.microsoft.com/win/2004/08/events/event\",\"System\":{\"Provider\":{\"Name\":\"Microsoft-Windows-Security-Auditing\",\"Guid\":\"{54849625-5478-4994-a5ba-3e3b0328c30d}\"},\"EventID\":\"4624\",\"Version\":\"2\",\"Level\":\"0\",\"Task\":\"12544\",\"Opcode\":\"0\",\"Keywords\":\"0x8020000000000000\",\"TimeCreated\":{\"SystemTime\":\"2024-07-11T12:18:44.4451315Z\"},\"EventRecordID\":\"466945\",\"Correlation\":{\"ActivityID\":\"{2431fd59-b194-0000-86fd-312494b1d801}\"},\"Execution\":{\"ProcessID\":\"868\",\"ThreadID\":\"8100\"},\"Channel\":\"Security\",\"Computer\":\"mp-core.z-lab.me\",\"Security\":null},\"EventData\":{\"Data\":[{\"text\":\"S-1-5-18\",\"Name\":\"SubjectUserSid\"},{\"text\":\"MP-CORE$\",\"Name\":\"SubjectUserName\"},{\"text\":\"ZLAB\",\"Name\":\"SubjectDomainName\"},{\"text\":\"0x3e7\",\"Name\":\"SubjectLogonId\"},{\"text\":\"S-1-5-18\",\"Name\":\"TargetUserSid\"},{\"text\":\"SYSTEM\",\"Name\":\"TargetUserName\"},{\"text\":\"NT AUTHORITY\",\"Name\":\"TargetDomainName\"},{\"text\":\"0x438ca24e\",\"Name\":\"TargetLogonId\"},{\"text\":\"9\",\"Name\":\"LogonType\"},{\"text\":\"Advapi  \",\"Name\":\"LogonProcessName\"},{\"text\":\"Negotiate\",\"Name\":\"AuthenticationPackageName\"},{\"text\":\"-\",\"Name\":\"WorkstationName\"},{\"text\":\"{00000000-0000-0000-0000-000000000000}\",\"Name\":\"LogonGuid\"},{\"text\":\"-\",\"Name\":\"TransmittedServices\"},{\"text\":\"-\",\"Name\":\"LmPackageName\"},{\"text\":\"0\",\"Name\":\"KeyLength\"},{\"text\":\"0x2298\",\"Name\":\"ProcessId\"},{\"text\":\"C:\\\\Program Files (x86)\\\\Positive Technologies\\\\MaxPatrol 10 Agent\\\\ModuleHost.exe\",\"Name\":\"ProcessName\"},{\"text\":\"-\",\"Name\":\"IpAddress\"},{\"text\":\"-\",\"Name\":\"IpPort\"},{\"text\":\"%%1833\",\"Name\":\"ImpersonationLevel\"},{\"text\":\"-\",\"Name\":\"RestrictedAdminMode\"},{\"text\":\"hcore-admin\",\"Name\":\"TargetOutboundUserName\"},{\"text\":\"z-lab.me\",\"Name\":\"TargetOutboundDomainName\"},{\"text\":\"%%1843\",\"Name\":\"VirtualAccount\"},{\"text\":\"0x0\",\"Name\":\"TargetLinkedLogonId\"},{\"text\":\"%%1842\",\"Name\":\"ElevatedToken\"}]}}}", "type": null, "remote": false, "uuid": "00000006-3061-0725-f000-00054f3570f3", "scope_id": "00000000-0000-0000-0000-000000000005", "job_id": "f370354f-f4c4-448d-ada5-0dbd95c22032", "tag": "wineventlog", "time": "2024-07-11T12:18:44.000Z", "origin_app_id": "1967d1a8-9400-0001-0000-000000000003", "input_id": "422528d7-2257-4102-a4c0-3046b27b1d86", "recv_ipv4": "10.10.10.220"},
{"tenant_id": "6197e8d1-e31b-42a9-89d3-bef488b4858c", "recv_ipv6": null, "recv_host": null, "_checkpoint": 5570064013, "recv_time": "2024-07-12T03:43:57Z", "agent_id": "493a5abd-427c-4b91-88ad-c600bc0eb6df", "normalized": true, "mime": "application/x-pt-eventlog", "primary_siem_app_id": "1967d1a8-9400-0001-0000-000000000003", "siem_id": "9f5ae962-9a4a-4b17-8e2b-50507ffc485f", "historical": false, "task_id": "170466d6-fac0-0001-0000-000000000013", "body": "{\"Event\":{\"xmlns\":\"http://schemas.microsoft.com/win/2004/08/events/event\",\"System\":{\"Provider\":{\"Name\":\"Microsoft-Windows-Security-Auditing\",\"Guid\":\"{54849625-5478-4994-a5ba-3e3b0328c30d}\"},\"EventID\":\"4672\",\"Version\":\"0\",\"Level\":\"0\",\"Task\":\"12548\",\"Opcode\":\"0\",\"Keywords\":\"0x8020000000000000\",\"TimeCreated\":{\"SystemTime\":\"2024-07-11T12:18:44.5515392Z\"},\"EventRecordID\":\"466948\",\"Correlation\":{\"ActivityID\":\"{2431fd59-b194-0000-86fd-312494b1d801}\"},\"Execution\":{\"ProcessID\":\"868\",\"ThreadID\":\"8100\"},\"Channel\":\"Security\",\"Computer\":\"mp-core.z-lab.me\",\"Security\":null},\"EventData\":{\"Data\":[{\"text\":\"S-1-5-18\",\"Name\":\"SubjectUserSid\"},{\"text\":\"SYSTEM\",\"Name\":\"SubjectUserName\"},{\"text\":\"NT AUTHORITY\",\"Name\":\"SubjectDomainName\"},{\"text\":\"0x438ca2f1\",\"Name\":\"SubjectLogonId\"},{\"text\":\"SeAssignPrimaryTokenPrivilege\\r\\n\\t\\t\\tSeTcbPrivilege\\r\\n\\t\\t\\tSeSecurityPrivilege\\r\\n\\t\\t\\tSeTakeOwnershipPrivilege\\r\\n\\t\\t\\tSeLoadDriverPrivilege\\r\\n\\t\\t\\tSeBackupPrivilege\\r\\n\\t\\t\\tSeRestorePrivilege\\r\\n\\t\\t\\tSeDebugPrivilege\\r\\n\\t\\t\\tSeAuditPrivilege\\r\\n\\t\\t\\tSeSystemEnvironmentPrivilege\\r\\n\\t\\t\\tSeImpersonatePrivilege\\r\\n\\t\\t\\tSeDelegateSessionUserImpersonatePrivilege\",\"Name\":\"PrivilegeList\"}]}}}", "type": null, "remote": false, "uuid": "00000006-3061-0725-f000-00084f3570f3", "scope_id": "00000000-0000-0000-0000-000000000005", "job_id": "f370354f-f4c4-448d-ada5-0dbd95c22032", "tag": "wineventlog", "time": "2024-07-11T12:18:44.000Z", "origin_app_id": "1967d1a8-9400-0001-0000-000000000003", "input_id": "422528d7-2257-4102-a4c0-3046b27b1d86", "recv_ipv4": "10.10.10.220"},
{"tenant_id": "6197e8d1-e31b-42a9-89d3-bef488b4858c", "recv_ipv6": null, "recv_host": null, "_checkpoint": 5570064014, "recv_time": "2024-07-12T03:43:57Z", "agent_id": "493a5abd-427c-4b91-88ad-c600bc0eb6df", "normalized": true, "mime": "application/x-pt-eventlog", "primary_siem_app_id": "1967d1a8-9400-0001-0000-000000000003", "siem_id": "9f5ae962-9a4a-4b17-8e2b-50507ffc485f", "historical": false, "task_id": "170466d6-fac0-0001-0000-000000000013", "body": "{\"Event\":{\"xmlns\":\"http://schemas.microsoft.com/win/2004/08/events/event\",\"System\":{\"Provider\":{\"Name\":\"Microsoft-Windows-Security-Auditing\",\"Guid\":\"{54849625-5478-4994-a5ba-3e3b0328c30d}\"},\"EventID\":\"4624\",\"Version\":\"2\",\"Level\":\"0\",\"Task\":\"12544\",\"Opcode\":\"0\",\"Keywords\":\"0x8020000000000000\",\"TimeCreated\":{\"SystemTime\":\"2024-07-11T12:18:45.0385193Z\"},\"EventRecordID\":\"466951\",\"Correlation\":{\"ActivityID\":\"{2431fd59-b194-0000-86fd-312494b1d801}\"},\"Execution\":{\"ProcessID\":\"868\",\"ThreadID\":\"7348\"},\"Channel\":\"Security\",\"Computer\":\"mp-core.z-lab.me\",\"Security\":null},\"EventData\":{\"Data\":[{\"text\":\"S-1-5-18\",\"Name\":\"SubjectUserSid\"},{\"text\":\"MP-CORE$\",\"Name\":\"SubjectUserName\"},{\"text\":\"ZLAB\",\"Name\":\"SubjectDomainName\"},{\"text\":\"0x3e7\",\"Name\":\"SubjectLogonId\"},{\"text\":\"S-1-5-18\",\"Name\":\"TargetUserSid\"},{\"text\":\"SYSTEM\",\"Name\":\"TargetUserName\"},{\"text\":\"NT AUTHORITY\",\"Name\":\"TargetDomainName\"},{\"text\":\"0x438ca37d\",\"Name\":\"TargetLogonId\"},{\"text\":\"9\",\"Name\":\"LogonType\"},{\"text\":\"Advapi  \",\"Name\":\"LogonProcessName\"},{\"text\":\"Negotiate\",\"Name\":\"AuthenticationPackageName\"},{\"text\":\"-\",\"Name\":\"WorkstationName\"},{\"text\":\"{00000000-0000-0000-0000-000000000000}\",\"Name\":\"LogonGuid\"},{\"text\":\"-\",\"Name\":\"TransmittedServices\"},{\"text\":\"-\",\"Name\":\"LmPackageName\"},{\"text\":\"0\",\"Name\":\"KeyLength\"},{\"text\":\"0x2298\",\"Name\":\"ProcessId\"},{\"text\":\"C:\\\\Program Files (x86)\\\\Positive Technologies\\\\MaxPatrol 10 Agent\\\\ModuleHost.exe\",\"Name\":\"ProcessName\"},{\"text\":\"-\",\"Name\":\"IpAddress\"},{\"text\":\"-\",\"Name\":\"IpPort\"},{\"text\":\"%%1833\",\"Name\":\"ImpersonationLevel\"},{\"text\":\"-\",\"Name\":\"RestrictedAdminMode\"},{\"text\":\"hcore-admin\",\"Name\":\"TargetOutboundUserName\"},{\"text\":\"z-lab.me\",\"Name\":\"TargetOutboundDomainName\"},{\"text\":\"%%1843\",\"Name\":\"VirtualAccount\"},{\"text\":\"0x0\",\"Name\":\"TargetLinkedLogonId\"},{\"text\":\"%%1842\",\"Name\":\"ElevatedToken\"}]}}}", "type": null, "remote": false, "uuid": "00000006-3061-0725-f000-000b4f3570f3", "scope_id": "00000000-0000-0000-0000-000000000005", "job_id": "f370354f-f4c4-448d-ada5-0dbd95c22032", "tag": "wineventlog", "time": "2024-07-11T12:18:45.000Z", "origin_app_id": "1967d1a8-9400-0001-0000-000000000003", "input_id": "422528d7-2257-4102-a4c0-3046b27b1d86", "recv_ipv4": "10.10.10.220"},
{"tenant_id": "6197e8d1-e31b-42a9-89d3-bef488b4858c", "recv_ipv6": null, "recv_host": null, "_checkpoint": 5570064024, "recv_time": "2024-07-12T03:43:57Z", "agent_id": "493a5abd-427c-4b91-88ad-c600bc0eb6df", "normalized": true, "mime": "application/x-pt-eventlog", "primary_siem_app_id": "1967d1a8-9400-0001-0000-000000000003", "siem_id": "9f5ae962-9a4a-4b17-8e2b-50507ffc485f", "historical": false, "task_id": "170466d6-fac0-0001-0000-000000000013", "body": "{\"Event\":{\"xmlns\":\"http://schemas.microsoft.com/win/2004/08/events/event\",\"System\":{\"Provider\":{\"Name\":\"Microsoft-Windows-Security-Auditing\",\"Guid\":\"{54849625-5478-4994-a5ba-3e3b0328c30d}\"},\"EventID\":\"4624\",\"Version\":\"2\",\"Level\":\"0\",\"Task\":\"12544\",\"Opcode\":\"0\",\"Keywords\":\"0x8020000000000000\",\"TimeCreated\":{\"SystemTime\":\"2024-07-11T12:18:46.1140298Z\"},\"EventRecordID\":\"466956\",\"Correlation\":{\"ActivityID\":\"{2431fd59-b194-0000-86fd-312494b1d801}\"},\"Execution\":{\"ProcessID\":\"868\",\"ThreadID\":\"7348\"},\"Channel\":\"Security\",\"Computer\":\"mp-core.z-lab.me\",\"Security\":null},\"EventData\":{\"Data\":[{\"text\":\"S-1-5-18\",\"Name\":\"SubjectUserSid\"},{\"text\":\"MP-CORE$\",\"Name\":\"SubjectUserName\"},{\"text\":\"ZLAB\",\"Name\":\"SubjectDomainName\"},{\"text\":\"0x3e7\",\"Name\":\"SubjectLogonId\"},{\"text\":\"S-1-5-18\",\"Name\":\"TargetUserSid\"},{\"text\":\"SYSTEM\",\"Name\":\"TargetUserName\"},{\"text\":\"NT AUTHORITY\",\"Name\":\"TargetDomainName\"},{\"text\":\"0x438cb048\",\"Name\":\"TargetLogonId\"},{\"text\":\"9\",\"Name\":\"LogonType\"},{\"text\":\"Advapi  \",\"Name\":\"LogonProcessName\"},{\"text\":\"Negotiate\",\"Name\":\"AuthenticationPackageName\"},{\"text\":\"-\",\"Name\":\"WorkstationName\"},{\"text\":\"{00000000-0000-0000-0000-000000000000}\",\"Name\":\"LogonGuid\"},{\"text\":\"-\",\"Name\":\"TransmittedServices\"},{\"text\":\"-\",\"Name\":\"LmPackageName\"},{\"text\":\"0\",\"Name\":\"KeyLength\"},{\"text\":\"0x1f40\",\"Name\":\"ProcessId\"},{\"text\":\"C:\\\\Program Files (x86)\\\\Positive Technologies\\\\MaxPatrol 10 Agent\\\\ModuleHost.exe\",\"Name\":\"ProcessName\"},{\"text\":\"-\",\"Name\":\"IpAddress\"},{\"text\":\"-\",\"Name\":\"IpPort\"},{\"text\":\"%%1833\",\"Name\":\"ImpersonationLevel\"},{\"text\":\"-\",\"Name\":\"RestrictedAdminMode\"},{\"text\":\"hcore-admin\",\"Name\":\"TargetOutboundUserName\"},{\"text\":\"z-lab.me\",\"Name\":\"TargetOutboundDomainName\"},{\"text\":\"%%1843\",\"Name\":\"VirtualAccount\"},{\"text\":\"0x0\",\"Name\":\"TargetLinkedLogonId\"},{\"text\":\"%%1842\",\"Name\":\"ElevatedToken\"}]}}}", "type": null, "remote": false, "uuid": "00000006-3061-0728-f000-00024f3570f3", "scope_id": "00000000-0000-0000-0000-000000000005", "job_id": "f370354f-f4c4-448d-ada5-0dbd95c22032", "tag": "wineventlog", "time": "2024-07-11T12:18:46.000Z", "origin_app_id": "1967d1a8-9400-0001-0000-000000000003", "input_id": "422528d7-2257-4102-a4c0-3046b27b1d86", "recv_ipv4": "10.10.10.220"},
{"tenant_id": "6197e8d1-e31b-42a9-89d3-bef488b4858c", "recv_ipv6": null, "recv_host": null, "_checkpoint": 5570064025, "recv_time": "2024-07-12T03:43:57Z", "agent_id": "493a5abd-427c-4b91-88ad-c600bc0eb6df", "normalized": true, "mime": "application/x-pt-eventlog", "primary_siem_app_id": "1967d1a8-9400-0001-0000-000000000003", "siem_id": "9f5ae962-9a4a-4b17-8e2b-50507ffc485f", "historical": false, "task_id": "170466d6-fac0-0001-0000-000000000013", "body": "{\"Event\":{\"xmlns\":\"http://schemas.microsoft.com/win/2004/08/events/event\",\"System\":{\"Provider\":{\"Name\":\"Microsoft-Windows-Security-Auditing\",\"Guid\":\"{54849625-5478-4994-a5ba-3e3b0328c30d}\"},\"EventID\":\"4672\",\"Version\":\"0\",\"Level\":\"0\",\"Task\":\"12548\",\"Opcode\":\"0\",\"Keywords\":\"0x8020000000000000\",\"TimeCreated\":{\"SystemTime\":\"2024-07-11T12:18:46.3609531Z\"},\"EventRecordID\":\"466959\",\"Correlation\":{\"ActivityID\":\"{2431fd59-b194-0000-86fd-312494b1d801}\"},\"Execution\":{\"ProcessID\":\"868\",\"ThreadID\":\"7348\"},\"Channel\":\"Security\",\"Computer\":\"mp-core.z-lab.me\",\"Security\":null},\"EventData\":{\"Data\":[{\"text\":\"S-1-5-18\",\"Name\":\"SubjectUserSid\"},{\"text\":\"SYSTEM\",\"Name\":\"SubjectUserName\"},{\"text\":\"NT AUTHORITY\",\"Name\":\"SubjectDomainName\"},{\"text\":\"0x438cb17f\",\"Name\":\"SubjectLogonId\"},{\"text\":\"SeAssignPrimaryTokenPrivilege\\r\\n\\t\\t\\tSeTcbPrivilege\\r\\n\\t\\t\\tSeSecurityPrivilege\\r\\n\\t\\t\\tSeTakeOwnershipPrivilege\\r\\n\\t\\t\\tSeLoadDriverPrivilege\\r\\n\\t\\t\\tSeBackupPrivilege\\r\\n\\t\\t\\tSeRestorePrivilege\\r\\n\\t\\t\\tSeDebugPrivilege\\r\\n\\t\\t\\tSeAuditPrivilege\\r\\n\\t\\t\\tSeSystemEnvironmentPrivilege\\r\\n\\t\\t\\tSeImpersonatePrivilege\\r\\n\\t\\t\\tSeDelegateSessionUserImpersonatePrivilege\",\"Name\":\"PrivilegeList\"}]}}}", "type": null, "remote": false, "uuid": "00000006-3061-0728-f000-00054f3570f3", "scope_id": "00000000-0000-0000-0000-000000000005", "job_id": "f370354f-f4c4-448d-ada5-0dbd95c22032", "tag": "wineventlog", "time": "2024-07-11T12:18:46.000Z", "origin_app_id": "1967d1a8-9400-0001-0000-000000000003", "input_id": "422528d7-2257-4102-a4c0-3046b27b1d86", "recv_ipv4": "10.10.10.220"},
{"tenant_id": "6197e8d1-e31b-42a9-89d3-bef488b4858c", "recv_ipv6": null, "recv_host": null, "_checkpoint": 5570064026, "recv_time": "2024-07-12T03:43:57Z", "agent_id": "493a5abd-427c-4b91-88ad-c600bc0eb6df", "normalized": true, "mime": "application/x-pt-eventlog", "primary_siem_app_id": "1967d1a8-9400-0001-0000-000000000003", "siem_id": "9f5ae962-9a4a-4b17-8e2b-50507ffc485f", "historical": false, "task_id": "170466d6-fac0-0001-0000-000000000013", "body": "{\"Event\":{\"xmlns\":\"http://schemas.microsoft.com/win/2004/08/events/event\",\"System\":{\"Provider\":{\"Name\":\"Microsoft-Windows-Security-Auditing\",\"Guid\":\"{54849625-5478-4994-a5ba-3e3b0328c30d}\"},\"EventID\":\"4648\",\"Version\":\"0\",\"Level\":\"0\",\"Task\":\"12544\",\"Opcode\":\"0\",\"Keywords\":\"0x8020000000000000\",\"TimeCreated\":{\"SystemTime\":\"2024-07-11T12:18:49.5575889Z\"},\"EventRecordID\":\"466962\",\"Correlation\":{\"ActivityID\":\"{2431fd59-b194-0000-86fd-312494b1d801}\"},\"Execution\":{\"ProcessID\":\"868\",\"ThreadID\":\"7348\"},\"Channel\":\"Security\",\"Computer\":\"mp-core.z-lab.me\",\"Security\":null},\"EventData\":{\"Data\":[{\"text\":\"S-1-0-0\",\"Name\":\"SubjectUserSid\"},{\"text\":\"-\",\"Name\":\"SubjectUserName\"},{\"text\":\"-\",\"Name\":\"SubjectDomainName\"},{\"text\":\"0x92a1\",\"Name\":\"SubjectLogonId\"},{\"text\":\"{00000000-0000-0000-0000-000000000000}\",\"Name\":\"LogonGuid\"},{\"text\":\"hcore-admin\",\"Name\":\"TargetUserName\"},{\"text\":\"z-lab.me\",\"Name\":\"TargetDomainName\"},{\"text\":\"{00000000-0000-0000-0000-000000000000}\",\"Name\":\"TargetLogonGuid\"},{\"text\":\"HARDCORE-07.z-lab.me\",\"Name\":\"TargetServerName\"},{\"text\":\"HARDCORE-07.z-lab.me\",\"Name\":\"TargetInfo\"},{\"text\":\"0x4\",\"Name\":\"ProcessId\"},{\"Name\":\"ProcessName\"},{\"text\":\"10.100.10.107\",\"Name\":\"IpAddress\"},{\"text\":\"445\",\"Name\":\"IpPort\"}]}}}", "type": null, "remote": false, "uuid": "00000006-3061-072b-f000-00024f3570f3", "scope_id": "00000000-0000-0000-0000-000000000005", "job_id": "f370354f-f4c4-448d-ada5-0dbd95c22032", "tag": "wineventlog", "time": "2024-07-11T12:18:49.000Z", "origin_app_id": "1967d1a8-9400-0001-0000-000000000003", "input_id": "422528d7-2257-4102-a4c0-3046b27b1d86", "recv_ipv4": "10.10.10.220"},
{"tenant_id": "6197e8d1-e31b-42a9-89d3-bef488b4858c", "recv_ipv6": null, "recv_host": null, "_checkpoint": 5570064027, "recv_time": "2024-07-12T03:43:57Z", "agent_id": "493a5abd-427c-4b91-88ad-c600bc0eb6df", "normalized": true, "mime": "application/x-pt-eventlog", "primary_siem_app_id": "1967d1a8-9400-0001-0000-000000000003", "siem_id": "9f5ae962-9a4a-4b17-8e2b-50507ffc485f", "historical": false, "task_id": "170466d6-fac0-0001-0000-000000000013", "body": "{\"Event\":{\"xmlns\":\"http://schemas.microsoft.com/win/2004/08/events/event\",\"System\":{\"Provider\":{\"Name\":\"Microsoft-Windows-Security-Auditing\",\"Guid\":\"{54849625-5478-4994-a5ba-3e3b0328c30d}\"},\"EventID\":\"4648\",\"Version\":\"0\",\"Level\":\"0\",\"Task\":\"12544\",\"Opcode\":\"0\",\"Keywords\":\"0x8020000000000000\",\"TimeCreated\":{\"SystemTime\":\"2024-07-11T12:18:50.9385815Z\"},\"EventRecordID\":\"466965\",\"Correlation\":{\"ActivityID\":\"{2431fd59-b194-0000-86fd-312494b1d801}\"},\"Execution\":{\"ProcessID\":\"868\",\"ThreadID\":\"7348\"},\"Channel\":\"Security\",\"Computer\":\"mp-core.z-lab.me\",\"Security\":null},\"EventData\":{\"Data\":[{\"text\":\"S-1-0-0\",\"Name\":\"SubjectUserSid\"},{\"text\":\"-\",\"Name\":\"SubjectUserName\"},{\"text\":\"-\",\"Name\":\"SubjectDomainName\"},{\"text\":\"0x92a1\",\"Name\":\"SubjectLogonId\"},{\"text\":\"{00000000-0000-0000-0000-000000000000}\",\"Name\":\"LogonGuid\"},{\"text\":\"hcore-admin\",\"Name\":\"TargetUserName\"},{\"text\":\"z-lab.me\",\"Name\":\"TargetDomainName\"},{\"text\":\"{00000000-0000-0000-0000-000000000000}\",\"Name\":\"TargetLogonGuid\"},{\"text\":\"HARDCORE-06.z-lab.me\",\"Name\":\"TargetServerName\"},{\"text\":\"HARDCORE-06.z-lab.me\",\"Name\":\"TargetInfo\"},{\"text\":\"0x4\",\"Name\":\"ProcessId\"},{\"Name\":\"ProcessName\"},{\"text\":\"10.100.10.106\",\"Name\":\"IpAddress\"},{\"text\":\"445\",\"Name\":\"IpPort\"}]}}}", "type": null, "remote": false, "uuid": "00000006-3061-072b-f000-00054f3570f3", "scope_id": "00000000-0000-0000-0000-000000000005", "job_id": "f370354f-f4c4-448d-ada5-0dbd95c22032", "tag": "wineventlog", "time": "2024-07-11T12:18:50.000Z", "origin_app_id": "1967d1a8-9400-0001-0000-000000000003", "input_id": "422528d7-2257-4102-a4c0-3046b27b1d86", "recv_ipv4": "10.10.10.220"},
{"tenant_id": "6197e8d1-e31b-42a9-89d3-bef488b4858c", "recv_ipv6": null, "recv_host": null, "_checkpoint": 5570080002, "recv_time": "2024-07-12T03:43:57Z", "agent_id": "493a5abd-427c-4b91-88ad-c600bc0eb6df", "normalized": true, "mime": "application/x-pt-eventlog", "primary_siem_app_id": "1967d1a8-9400-0001-0000-000000000003", "siem_id": "9f5ae962-9a4a-4b17-8e2b-50507ffc485f", "historical": false, "task_id": "170466d6-fac0-0001-0000-000000000013", "body": "{\"Event\":{\"xmlns\":\"http://schemas.microsoft.com/win/2004/08/events/event\",\"System\":{\"Provider\":{\"Name\":\"Microsoft-Windows-Security-Auditing\",\"Guid\":\"{54849625-5478-4994-a5ba-3e3b0328c30d}\"},\"EventID\":\"4634\",\"Version\":\"0\",\"Level\":\"0\",\"Task\":\"12545\",\"Opcode\":\"0\",\"Keywords\":\"0x8020000000000000\",\"TimeCreated\":{\"SystemTime\":\"2024-07-11T12:15:20.0349933Z\"},\"EventRecordID\":\"466920\",\"Correlation\":null,\"Execution\":{\"ProcessID\":\"868\",\"ThreadID\":\"4820\"},\"Channel\":\"Security\",\"Computer\":\"mp-core.z-lab.me\",\"Security\":null},\"EventData\":{\"Data\":[{\"text\":\"S-1-5-18\",\"Name\":\"TargetUserSid\"},{\"text\":\"SYSTEM\",\"Name\":\"TargetUserName\"},{\"text\":\"NT AUTHORITY\",\"Name\":\"TargetDomainName\"},{\"text\":\"0x4368c7da\",\"Name\":\"TargetLogonId\"},{\"text\":\"9\",\"Name\":\"LogonType\"}]}}}", "type": null, "remote": false, "uuid": "00000006-3061-065b-f000-00004f3570f3", "scope_id": "00000000-0000-0000-0000-000000000005", "job_id": "f370354f-f4c4-448d-ada5-0dbd95c22032", "tag": "wineventlog", "time": "2024-07-11T12:15:20.000Z", "origin_app_id": "1967d1a8-9400-0001-0000-000000000003", "input_id": "422528d7-2257-4102-a4c0-3046b27b1d86", "recv_ipv4": "10.10.10.220"},
{"tenant_id": "6197e8d1-e31b-42a9-89d3-bef488b4858c", "recv_ipv6": null, "recv_host": null, "_checkpoint": 5570080003, "recv_time": "2024-07-12T03:43:57Z", "agent_id": "493a5abd-427c-4b91-88ad-c600bc0eb6df", "normalized": true, "mime": "application/x-pt-eventlog", "primary_siem_app_id": "1967d1a8-9400-0001-0000-000000000003", "siem_id": "9f5ae962-9a4a-4b17-8e2b-50507ffc485f", "historical": false, "task_id": "170466d6-fac0-0001-0000-000000000013", "body": "{\"Event\":{\"xmlns\":\"http://schemas.microsoft.com/win/2004/08/events/event\",\"System\":{\"Provider\":{\"Name\":\"Microsoft-Windows-Security-Auditing\",\"Guid\":\"{54849625-5478-4994-a5ba-3e3b0328c30d}\"},\"EventID\":\"4634\",\"Version\":\"0\",\"Level\":\"0\",\"Task\":\"12545\",\"Opcode\":\"0\",\"Keywords\":\"0x8020000000000000\",\"TimeCreated\":{\"SystemTime\":\"2024-07-11T12:15:20.4417260Z\"},\"EventRecordID\":\"466923\",\"Correlation\":null,\"Execution\":{\"ProcessID\":\"868\",\"ThreadID\":\"8100\"},\"Channel\":\"Security\",\"Computer\":\"mp-core.z-lab.me\",\"Security\":null},\"EventData\":{\"Data\":[{\"text\":\"S-1-5-18\",\"Name\":\"TargetUserSid\"},{\"text\":\"SYSTEM\",\"Name\":\"TargetUserName\"},{\"text\":\"NT AUTHORITY\",\"Name\":\"TargetDomainName\"},{\"text\":\"0x4368dafe\",\"Name\":\"TargetLogonId\"},{\"text\":\"9\",\"Name\":\"LogonType\"}]}}}", "type": null, "remote": false, "uuid": "00000006-3061-065b-f000-00034f3570f3", "scope_id": "00000000-0000-0000-0000-000000000005", "job_id": "f370354f-f4c4-448d-ada5-0dbd95c22032", "tag": "wineventlog", "time": "2024-07-11T12:15:20.000Z", "origin_app_id": "1967d1a8-9400-0001-0000-000000000003", "input_id": "422528d7-2257-4102-a4c0-3046b27b1d86", "recv_ipv4": "10.10.10.220"},
{"tenant_id": "6197e8d1-e31b-42a9-89d3-bef488b4858c", "recv_ipv6": null, "recv_host": null, "_checkpoint": 5570080004, "recv_time": "2024-07-12T03:43:57Z", "agent_id": "493a5abd-427c-4b91-88ad-c600bc0eb6df", "normalized": true, "mime": "application/x-pt-eventlog", "primary_siem_app_id": "1967d1a8-9400-0001-0000-000000000003", "siem_id": "9f5ae962-9a4a-4b17-8e2b-50507ffc485f", "historical": false, "task_id": "170466d6-fac0-0001-0000-000000000013", "body": "{\"Event\":{\"xmlns\":\"http://schemas.microsoft.com/win/2004/08/events/event\",\"System\":{\"Provider\":{\"Name\":\"Microsoft-Windows-Security-Auditing\",\"Guid\":\"{54849625-5478-4994-a5ba-3e3b0328c30d}\"},\"EventID\":\"4634\",\"Version\":\"0\",\"Level\":\"0\",\"Task\":\"12545\",\"Opcode\":\"0\",\"Keywords\":\"0x8020000000000000\",\"TimeCreated\":{\"SystemTime\":\"2024-07-11T12:15:44.4858894Z\"},\"EventRecordID\":\"466925\",\"Correlation\":null,\"Execution\":{\"ProcessID\":\"868\",\"ThreadID\":\"9932\"},\"Channel\":\"Security\",\"Computer\":\"mp-core.z-lab.me\",\"Security\":null},\"EventData\":{\"Data\":[{\"text\":\"S-1-5-18\",\"Name\":\"TargetUserSid\"},{\"text\":\"SYSTEM\",\"Name\":\"TargetUserName\"},{\"text\":\"NT AUTHORITY\",\"Name\":\"TargetDomainName\"},{\"text\":\"0x4368c7f4\",\"Name\":\"TargetLogonId\"},{\"text\":\"9\",\"Name\":\"LogonType\"}]}}}", "type": null, "remote": false, "uuid": "00000006-3061-0673-f000-00014f3570f3", "scope_id": "00000000-0000-0000-0000-000000000005", "job_id": "f370354f-f4c4-448d-ada5-0dbd95c22032", "tag": "wineventlog", "time": "2024-07-11T12:15:44.000Z", "origin_app_id": "1967d1a8-9400-0001-0000-000000000003", "input_id": "422528d7-2257-4102-a4c0-3046b27b1d86", "recv_ipv4": "10.10.10.220"},
{"recv_ipv6": null, "event_src.title": "diskstation_manager", "src.ip": "10.10.10.11", "asset_ids": ["19699405-e6c0-0001-0000-000000000013"], "agent_id": "493a5abd-427c-4b91-88ad-c600bc0eb6df", "subject": "account", "mime": "text/plain", "primary_siem_app_id": "1967d1a8-9400-0001-0000-000000000003", "generator.version": "N26.1.3020", "historical": false, "event_src.hostname": "fs", "body": "<14>Jul 11 15:17:13 fs Connection: User [zorg] from [10.10.10.11] signed in to [DSM] successfully via [password].", "type": null, "remote": false, "uuid": "00000006-3061-06c9-f000-00008b2289ca", "category.low": "Communication", "scope_id": "00000000-0000-0000-0000-000000000005", "src.host": "10.10.10.11", "action": "login", "tag": "syslog", "category.high": "Access Management", "id": "PT_Synology_Diskstation_Manager_syslog_Login_state", "event_src.asset": "19699405-e6c0-0001-0000-000000000013", "event_src.category": "Storage device", "recv_time": "2024-07-12T03:43:57.000Z", "siem_id": "9f5ae962-9a4a-4b17-8e2b-50507ffc485f", "generator.type": "logcollector", "event_src.host": "fs", "subject.account.name": "zorg", "incorrect_time": false, "category.generic": "Application", "input_id": "25f9b93a-b025-4dc5-bc87-42b9554f5ed9", "recv_ipv4": "10.10.10.10", "object": "application", "status": "success", "tenant_id": "6197e8d1-e31b-42a9-89d3-bef488b4858c", "recv_host": null, "_checkpoint": 5570080005, "normalized": true, "importance": "info", "recv_asset": "19699405-e6c0-0001-0000-000000000013", "taxonomy_version": "26.0.220-release-26.0", "task_id": "1738bd44-53c0-0001-0000-000000000007", "event_src.vendor": "synology", "origin_app_id": "1967d1a8-9400-0001-0000-000000000003", "object.name": "DSM", "original_time": "2024-07-11T15:17:13.000Z", "job_id": "ca89228b-ab03-436b-9a93-cba6000ff360", "time": "2024-07-11T15:17:13.000Z"},
{"tenant_id": "6197e8d1-e31b-42a9-89d3-bef488b4858c", "recv_ipv6": null, "recv_host": null, "_checkpoint": 5570080006, "recv_time": "2024-07-12T03:43:57Z", "agent_id": "493a5abd-427c-4b91-88ad-c600bc0eb6df", "normalized": true, "mime": "application/x-pt-eventlog", "primary_siem_app_id": "1967d1a8-9400-0001-0000-000000000003", "siem_id": "9f5ae962-9a4a-4b17-8e2b-50507ffc485f", "historical": false, "task_id": "170466d6-fac0-0001-0000-000000000013", "body": "{\"Event\":{\"xmlns\":\"http://schemas.microsoft.com/win/2004/08/events/event\",\"System\":{\"Provider\":{\"Name\":\"Microsoft-Windows-Security-Auditing\",\"Guid\":\"{54849625-5478-4994-a5ba-3e3b0328c30d}\"},\"EventID\":\"4634\",\"Version\":\"0\",\"Level\":\"0\",\"Task\":\"12545\",\"Opcode\":\"0\",\"Keywords\":\"0x8020000000000000\",\"TimeCreated\":{\"SystemTime\":\"2024-07-11T12:17:54.9887862Z\"},\"EventRecordID\":\"466928\",\"Correlation\":null,\"Execution\":{\"ProcessID\":\"868\",\"ThreadID\":\"8748\"},\"Channel\":\"Security\",\"Computer\":\"mp-core.z-lab.me\",\"Security\":null},\"EventData\":{\"Data\":[{\"text\":\"S-1-5-18\",\"Name\":\"TargetUserSid\"},{\"text\":\"SYSTEM\",\"Name\":\"TargetUserName\"},{\"text\":\"NT AUTHORITY\",\"Name\":\"TargetDomainName\"},{\"text\":\"0x4368ad3f\",\"Name\":\"TargetLogonId\"},{\"text\":\"9\",\"Name\":\"LogonType\"}]}}}", "type": null, "remote": false, "uuid": "00000006-3061-06f5-f000-00024f3570f3", "scope_id": "00000000-0000-0000-0000-000000000005", "job_id": "f370354f-f4c4-448d-ada5-0dbd95c22032", "tag": "wineventlog", "time": "2024-07-11T12:17:54.000Z", "origin_app_id": "1967d1a8-9400-0001-0000-000000000003", "input_id": "422528d7-2257-4102-a4c0-3046b27b1d86", "recv_ipv4": "10.10.10.220"},
{"tenant_id": "6197e8d1-e31b-42a9-89d3-bef488b4858c", "recv_ipv6": null, "recv_host": null, "_checkpoint": 5570080007, "recv_time": "2024-07-12T03:43:57Z", "agent_id": "493a5abd-427c-4b91-88ad-c600bc0eb6df", "normalized": true, "mime": "application/x-pt-eventlog", "primary_siem_app_id": "1967d1a8-9400-0001-0000-000000000003", "siem_id": "9f5ae962-9a4a-4b17-8e2b-50507ffc485f", "historical": false, "task_id": "170466d6-fac0-0001-0000-000000000013", "body": "{\"Event\":{\"xmlns\":\"http://schemas.microsoft.com/win/2004/08/events/event\",\"System\":{\"Provider\":{\"Name\":\"Microsoft-Windows-Security-Auditing\",\"Guid\":\"{54849625-5478-4994-a5ba-3e3b0328c30d}\"},\"EventID\":\"4648\",\"Version\":\"0\",\"Level\":\"0\",\"Task\":\"12544\",\"Opcode\":\"0\",\"Keywords\":\"0x8020000000000000\",\"TimeCreated\":{\"SystemTime\":\"2024-07-11T12:18:21.0016694Z\"},\"EventRecordID\":\"466931\",\"Correlation\":{\"ActivityID\":\"{2431fd59-b194-0000-86fd-312494b1d801}\"},\"Execution\":{\"ProcessID\":\"868\",\"ThreadID\":\"8748\"},\"Channel\":\"Security\",\"Computer\":\"mp-core.z-lab.me\",\"Security\":null},\"EventData\":{\"Data\":[{\"text\":\"S-1-0-0\",\"Name\":\"SubjectUserSid\"},{\"text\":\"-\",\"Name\":\"SubjectUserName\"},{\"text\":\"-\",\"Name\":\"SubjectDomainName\"},{\"text\":\"0x92a1\",\"Name\":\"SubjectLogonId\"},{\"text\":\"{00000000-0000-0000-0000-000000000000}\",\"Name\":\"LogonGuid\"},{\"text\":\"hcore-admin\",\"Name\":\"TargetUserName\"},{\"text\":\"z-lab.me\",\"Name\":\"TargetDomainName\"},{\"text\":\"{00000000-0000-0000-0000-000000000000}\",\"Name\":\"TargetLogonGuid\"},{\"text\":\"HARDCORE-05.z-lab.me\",\"Name\":\"TargetServerName\"},{\"text\":\"HARDCORE-05.z-lab.me\",\"Name\":\"TargetInfo\"},{\"text\":\"0x29c\",\"Name\":\"ProcessId\"},{\"text\":\"C:\\\\Windows\\\\System32\\\\svchost.exe\",\"Name\":\"ProcessName\"},{\"text\":\"10.100.10.105\",\"Name\":\"IpAddress\"},{\"text\":\"135\",\"Name\":\"IpPort\"}]}}}", "type": null, "remote": false, "uuid": "00000006-3061-070d-f000-00024f3570f3", "scope_id": "00000000-0000-0000-0000-000000000005", "job_id": "f370354f-f4c4-448d-ada5-0dbd95c22032", "tag": "wineventlog", "time": "2024-07-11T12:18:21.000Z", "origin_app_id": "1967d1a8-9400-0001-0000-000000000003", "input_id": "422528d7-2257-4102-a4c0-3046b27b1d86", "recv_ipv4": "10.10.10.220"},
