{"recv_ipv6": null, "event_src.title": "diskstation_manager", "src.ip": "10.100.10.108", "asset_ids": ["19699405-e6c0-0001-0000-000000000013"], "agent_id": "493a5abd-427c-4b91-88ad-c600bc0eb6df", "subject": "account", "mime": "text/plain", "primary_siem_app_id": "1967d1a8-9400-0001-0000-000000000003", "object.fullpath": "/sysvol/z-lab.me/Policies/{31B2F340-016D-11D2-945F-00C04FB984F9}/GPT.INI", "generator.version": "N26.1.3020", "historical": false, "event_src.hostname": "fs", "body": "<14>Jul 11 15:25:14 fs WinFileService Event: read, Path: /sysvol/z-lab.me/Policies/{31B2F340-016D-11D2-945F-00C04FB984F9}/GPT.INI, File/Folder: File, Size: 23 Bytes, User: ZLAB\\hcore-client, IP: 10.100.10.108", "type": null, "remote": false, "uuid": "00000006-3061-08aa-f000-00008b2289ca", "category.low": "Manipulation", "scope_id": "00000000-0000-0000-0000-000000000005", "src.host": "10.100.10.108", "action": "read", "tag": "syslog", "category.high": "System Management", "id": "PT_Synology_Diskstation_Manager_syslog_File_actions", "event_src.asset": "19699405-e6c0-0001-0000-000000000013", "event_src.category": "Storage device", "recv_time": "2024-07-12T03:43:57.000Z", "siem_id": "9f5ae962-9a4a-4b17-8e2b-50507ffc485f", "generator.type": "logcollector", "event_src.host": "fs", "subject.account.name": "hcore-client", "object.type": "File", "incorrect_time": false, "category.generic": "File System Object", "input_id": "25f9b93a-b025-4dc5-bc87-42b9554f5ed9", "recv_ipv4": "10.10.10.10", "object": "file_object", "status": "success", "tenant_id": "6197e8d1-e31b-42a9-89d3-bef488b4858c", "recv_host": null, "_checkpoint": 5570208038, "normalized": true, "importance": "info", "recv_asset": "19699405-e6c0-0001-0000-000000000013", "taxonomy_version": "26.0.220-release-26.0", "task_id": "1738bd44-53c0-0001-0000-000000000007", "object.path": "/sysvol/z-lab.me/Policies/{31B2F340-016D-11D2-945F-00C04FB984F9}/", "subject.account.domain": "ZLAB", "event_src.vendor": "synology", "object.property": "File size", "origin_app_id": "1967d1a8-9400-0001-0000-000000000003", "object.value": "23 Bytes", "object.name": "GPT.INI", "original_time": "2024-07-11T15:25:14.000Z", "job_id": "ca89228b-ab03-436b-9a93-cba6000ff360", "time": "2024-07-11T15:25:14.000Z"},
{"recv_ipv6": null, "event_src.title": "diskstation_manager", "src.ip": "10.100.10.108", "asset_ids": ["19699405-e6c0-0001-0000-000000000013"], "agent_id": "493a5abd-427c-4b91-88ad-c600bc0eb6df", "subject": "account", "mime": "text/plain", "primary_siem_app_id": "1967d1a8-9400-0001-0000-000000000003", "object.fullpath": "/sysvol/z-lab.me/Policies/{BBEDED12-F649-4D6B-B9CA-0C548453073D}/User/comment.cmtx", "generator.version": "N26.1.3020", "historical": false, "event_src.hostname": "fs", "body": "<14>Jul 11 15:25:15 fs WinFileService Event: read, Path: /sysvol/z-lab.me/Policies/{BBEDED12-F649-4D6B-B9CA-0C548453073D}/User/comment.cmtx, File/Folder: File, Size: 553 Bytes, User: ZLAB\\HARDCORE-08$, IP: 10.100.10.108", "type": null, "remote": false, "uuid": "00000006-3061-08ab-f000-00008b2289ca", "category.low": "Manipulation", "scope_id": "00000000-0000-0000-0000-000000000005", "src.host": "10.100.10.108", "action": "read", "tag": "syslog", "category.high": "System Management", "id": "PT_Synology_Diskstation_Manager_syslog_File_actions", "event_src.asset": "19699405-e6c0-0001-0000-000000000013", "event_src.category": "Storage device", "recv_time": "2024-07-12T03:43:57.000Z", "siem_id": "9f5ae962-9a4a-4b17-8e2b-50507ffc485f", "generator.type": "logcollector", "event_src.host": "fs", "subject.account.name": "HARDCORE-08$", "object.type": "File", "incorrect_time": false, "category.generic": "File System Object", "input_id": "25f9b93a-b025-4dc5-bc87-42b9554f5ed9", "recv_ipv4": "10.10.10.10", "object": "file_object", "status": "success", "tenant_id": "6197e8d1-e31b-42a9-89d3-bef488b4858c", "recv_host": null, "_checkpoint": 5570208039, "normalized": true, "importance": "info", "recv_asset": "19699405-e6c0-0001-0000-000000000013", "taxonomy_version": "26.0.220-release-26.0", "task_id": "1738bd44-53c0-0001-0000-000000000007", "object.path": "/sysvol/z-lab.me/Policies/{BBEDED12-F649-4D6B-B9CA-0C548453073D}/User/", "subject.account.domain": "ZLAB", "event_src.vendor": "synology", "object.property": "File size", "origin_app_id": "1967d1a8-9400-0001-0000-000000000003", "object.value": "553 Bytes", "object.name": "comment.cmtx", "original_time": "2024-07-11T15:25:15.000Z", "job_id": "ca89228b-ab03-436b-9a93-cba6000ff360", "time": "2024-07-11T15:25:15.000Z"},
{"recv_ipv6": null, "event_src.title": "diskstation_manager", "src.ip": "10.100.10.108", "asset_ids": ["19699405-e6c0-0001-0000-000000000013"], "agent_id": "493a5abd-427c-4b91-88ad-c600bc0eb6df", "subject": "account", "mime": "text/plain", "primary_siem_app_id": "1967d1a8-9400-0001-0000-000000000003", "object.fullpath": "/sysvol/z-lab.me/Policies/{BBEDED12-F649-4D6B-B9CA-0C548453073D}/User/Registry.pol", "generator.version": "N26.1.3020", "historical": false, "event_src.hostname": "fs", "body": "<14>Jul 11 15:25:17 fs WinFileService Event: read, Path: /sysvol/z-lab.me/Policies/{BBEDED12-F649-4D6B-B9CA-0C548453073D}/User/Registry.pol, File/Folder: File, Size: 7.76 KB, User: ZLAB\\HARDCORE-08$, IP: 10.100.10.108", "type": null, "remote": false, "uuid": "00000006-3061-08ad-f000-00018b2289ca", "category.low": "Manipulation", "scope_id": "00000000-0000-0000-0000-000000000005", "src.host": "10.100.10.108", "action": "read", "tag": "syslog", "category.high": "System Management", "id": "PT_Synology_Diskstation_Manager_syslog_File_actions", "event_src.asset": "19699405-e6c0-0001-0000-000000000013", "event_src.category": "Storage device", "recv_time": "2024-07-12T03:43:57.000Z", "siem_id": "9f5ae962-9a4a-4b17-8e2b-50507ffc485f", "generator.type": "logcollector", "event_src.host": "fs", "subject.account.name": "HARDCORE-08$", "object.type": "File", "incorrect_time": false, "category.generic": "File System Object", "input_id": "25f9b93a-b025-4dc5-bc87-42b9554f5ed9", "recv_ipv4": "10.10.10.10", "object": "file_object", "status": "success", "tenant_id": "6197e8d1-e31b-42a9-89d3-bef488b4858c", "recv_host": null, "_checkpoint": 5570208040, "normalized": true, "importance": "info", "recv_asset": "19699405-e6c0-0001-0000-000000000013", "taxonomy_version": "26.0.220-release-26.0", "task_id": "1738bd44-53c0-0001-0000-000000000007", "object.path": "/sysvol/z-lab.me/Policies/{BBEDED12-F649-4D6B-B9CA-0C548453073D}/User/", "subject.account.domain": "ZLAB", "event_src.vendor": "synology", "object.property": "File size", "origin_app_id": "1967d1a8-9400-0001-0000-000000000003", "object.value": "7.76 KB", "object.name": "Registry.pol", "original_time": "2024-07-11T15:25:17.000Z", "job_id": "ca89228b-ab03-436b-9a93-cba6000ff360", "time": "2024-07-11T15:25:17.000Z"},
{"recv_ipv6": null, "event_src.title": "diskstation_manager", "src.ip": "10.100.10.108", "asset_ids": ["19699405-e6c0-0001-0000-000000000013"], "agent_id": "493a5abd-427c-4b91-88ad-c600bc0eb6df", "subject": "account", "mime": "text/plain", "primary_siem_app_id": "1967d1a8-9400-0001-0000-000000000003", "generator.version": "N26.1.3020", "historical": false, "event_src.hostname": "fs", "body": "<14>Jul 11 15:25:20 fs Connection: User [ZLAB\\HARDCORE-08$] from [10.100.10.108(10.100.10.108)] via [CIFS(SMB3)] accessed shared folder [hardcore].", "type": null, "remote": false, "uuid": "00000006-3061-08b0-f000-00008b2289ca", "protocol": "cifs(smb3)", "category.low": "Manipulation", "scope_id": "00000000-0000-0000-0000-000000000005", "src.host": "10.100.10.108", "action": "access", "tag": "syslog", "category.high": "System Management", "id": "PT_Synology_Diskstation_Manager_syslog_Share_accessed", "event_src.asset": "19699405-e6c0-0001-0000-000000000013", "event_src.category": "Storage device", "recv_time": "2024-07-12T03:43:57.000Z", "siem_id": "9f5ae962-9a4a-4b17-8e2b-50507ffc485f", "generator.type": "logcollector", "event_src.host": "fs", "subject.account.name": "HARDCORE-08$", "incorrect_time": false, "category.generic": "File System Object", "input_id": "25f9b93a-b025-4dc5-bc87-42b9554f5ed9", "recv_ipv4": "10.10.10.10", "object": "file_object", "status": "success", "tenant_id": "6197e8d1-e31b-42a9-89d3-bef488b4858c", "recv_host": null, "_checkpoint": 5570208041, "normalized": true, "importance": "info", "recv_asset": "19699405-e6c0-0001-0000-000000000013", "taxonomy_version": "26.0.220-release-26.0", "task_id": "1738bd44-53c0-0001-0000-000000000007", "subject.account.domain": "ZLAB", "event_src.vendor": "synology", "origin_app_id": "1967d1a8-9400-0001-0000-000000000003", "object.name": "hardcore", "original_time": "2024-07-11T15:25:20.000Z", "job_id": "ca89228b-ab03-436b-9a93-cba6000ff360", "time": "2024-07-11T15:25:20.000Z"},
{"tenant_id": "6197e8d1-e31b-42a9-89d3-bef488b4858c", "recv_ipv6": null, "recv_host": null, "_checkpoint": 5570208042, "recv_time": "2024-07-12T03:43:57Z", "agent_id": "493a5abd-427c-4b91-88ad-c600bc0eb6df", "normalized": true, "mime": "application/x-pt-eventlog", "primary_siem_app_id": "1967d1a8-9400-0001-0000-000000000003", "siem_id": "9f5ae962-9a4a-4b17-8e2b-50507ffc485f", "historical": false, "task_id": "170466d6-fac0-0001-0000-000000000013", "body": "{\"Event\":{\"xmlns\":\"http://schemas.microsoft.com/win/2004/08/events/event\",\"System\":{\"Provider\":{\"Name\":\"Microsoft-Windows-Security-Auditing\",\"Guid\":\"{54849625-5478-4994-a5ba-3e3b0328c30d}\"},\"EventID\":\"4648\",\"Version\":\"0\",\"Level\":\"0\",\"Task\":\"12544\",\"Opcode\":\"0\",\"Keywords\":\"0x8020000000000000\",\"TimeCreated\":{\"SystemTime\":\"2024-07-11T12:25:57.2536738Z\"},\"EventRecordID\":\"467056\",\"Correlation\":{\"ActivityID\":\"{2431fd59-b194-0000-86fd-312494b1d801}\"},\"Execution\":{\"ProcessID\":\"868\",\"ThreadID\":\"4244\"},\"Channel\":\"Security\",\"Computer\":\"mp-core.z-lab.me\",\"Security\":null},\"EventData\":{\"Data\":[{\"text\":\"S-1-5-18\",\"Name\":\"SubjectUserSid\"},{\"text\":\"SYSTEM\",\"Name\":\"SubjectUserName\"},{\"text\":\"NT AUTHORITY\",\"Name\":\"SubjectDomainName\"},{\"text\":\"0x438ca37d\",\"Name\":\"SubjectLogonId\"},{\"text\":\"{00000000-0000-0000-0000-000000000000}\",\"Name\":\"LogonGuid\"},{\"text\":\"hcore-admin\",\"Name\":\"TargetUserName\"},{\"text\":\"z-lab.me\",\"Name\":\"TargetDomainName\"},{\"text\":\"{00000000-0000-0000-0000-000000000000}\",\"Name\":\"TargetLogonGuid\"},{\"text\":\"HARDCORE-07.z-lab.me\",\"Name\":\"TargetServerName\"},{\"text\":\"HARDCORE-07.z-lab.me\",\"Name\":\"TargetInfo\"},{\"text\":\"0x4\",\"Name\":\"ProcessId\"},{\"Name\":\"ProcessName\"},{\"text\":\"10.100.10.107\",\"Name\":\"IpAddress\"},{\"text\":\"445\",\"Name\":\"IpPort\"}]}}}", "type": null, "remote": false, "uuid": "00000006-3061-08d7-f000-00004f3570f3", "scope_id": "00000000-0000-0000-0000-000000000005", "job_id": "f370354f-f4c4-448d-ada5-0dbd95c22032", "tag": "wineventlog", "time": "2024-07-11T12:25:57.000Z", "origin_app_id": "1967d1a8-9400-0001-0000-000000000003", "input_id": "422528d7-2257-4102-a4c0-3046b27b1d86", "recv_ipv4": "10.10.10.220"},
{"tenant_id": "6197e8d1-e31b-42a9-89d3-bef488b4858c", "recv_ipv6": null, "recv_host": null, "_checkpoint": 5570208043, "recv_time": "2024-07-12T03:43:57Z", "agent_id": "493a5abd-427c-4b91-88ad-c600bc0eb6df", "normalized": true, "mime": "application/x-pt-eventlog", "primary_siem_app_id": "1967d1a8-9400-0001-0000-000000000003", "siem_id": "9f5ae962-9a4a-4b17-8e2b-50507ffc485f", "historical": false, "task_id": "170466d6-fac0-0001-0000-000000000013", "body": "{\"Event\":{\"xmlns\":\"http://schemas.microsoft.com/win/2004/08/events/event\",\"System\":{\"Provider\":{\"Name\":\"Microsoft-Windows-Security-Auditing\",\"Guid\":\"{54849625-5478-4994-a5ba-3e3b0328c30d}\"},\"EventID\":\"4648\",\"Version\":\"0\",\"Level\":\"0\",\"Task\":\"12544\",\"Opcode\":\"0\",\"Keywords\":\"0x8020000000000000\",\"TimeCreated\":{\"SystemTime\":\"2024-07-11T12:26:31.7577073Z\"},\"EventRecordID\":\"467058\",\"Correlation\":{\"ActivityID\":\"{2431fd59-b194-0000-86fd-312494b1d801}\"},\"Execution\":{\"ProcessID\":\"868\",\"ThreadID\":\"8100\"},\"Channel\":\"Security\",\"Computer\":\"mp-core.z-lab.me\",\"Security\":null},\"EventData\":{\"Data\":[{\"text\":\"S-1-5-18\",\"Name\":\"SubjectUserSid\"},{\"text\":\"SYSTEM\",\"Name\":\"SubjectUserName\"},{\"text\":\"NT AUTHORITY\",\"Name\":\"SubjectDomainName\"},{\"text\":\"0x438e2b47\",\"Name\":\"SubjectLogonId\"},{\"text\":\"{00000000-0000-0000-0000-000000000000}\",\"Name\":\"LogonGuid\"},{\"text\":\"hcore-admin\",\"Name\":\"TargetUserName\"},{\"text\":\"z-lab.me\",\"Name\":\"TargetDomainName\"},{\"text\":\"{00000000-0000-0000-0000-000000000000}\",\"Name\":\"TargetLogonGuid\"},{\"text\":\"HARDCORE-08.z-lab.me\",\"Name\":\"TargetServerName\"},{\"text\":\"HARDCORE-08.z-lab.me\",\"Name\":\"TargetInfo\"},{\"text\":\"0x4\",\"Name\":\"ProcessId\"},{\"Name\":\"ProcessName\"},{\"text\":\"10.100.10.108\",\"Name\":\"IpAddress\"},{\"text\":\"445\",\"Name\":\"IpPort\"}]}}}", "type": null, "remote": false, "uuid": "00000006-3061-08f8-f000-00004f3570f3", "scope_id": "00000000-0000-0000-0000-000000000005", "job_id": "f370354f-f4c4-448d-ada5-0dbd95c22032", "tag": "wineventlog", "time": "2024-07-11T12:26:31.000Z", "origin_app_id": "1967d1a8-9400-0001-0000-000000000003", "input_id": "422528d7-2257-4102-a4c0-3046b27b1d86", "recv_ipv4": "10.10.10.220"},
{"tenant_id": "6197e8d1-e31b-42a9-89d3-bef488b4858c", "recv_ipv6": null, "recv_host": null, "_checkpoint": 5570208044, "recv_time": "2024-07-12T03:43:57Z", "agent_id": "493a5abd-427c-4b91-88ad-c600bc0eb6df", "normalized": true, "mime": "application/x-pt-eventlog", "primary_siem_app_id": "1967d1a8-9400-0001-0000-000000000003", "siem_id": "9f5ae962-9a4a-4b17-8e2b-50507ffc485f", "historical": false, "task_id": "170466d6-fac0-0001-0000-000000000013", "body": "{\"Event\":{\"xmlns\":\"http://schemas.microsoft.com/win/2004/08/events/event\",\"System\":{\"Provider\":{\"Name\":\"Microsoft-Windows-Security-Auditing\",\"Guid\":\"{54849625-5478-4994-a5ba-3e3b0328c30d}\"},\"EventID\":\"4648\",\"Version\":\"0\",\"Level\":\"0\",\"Task\":\"12544\",\"Opcode\":\"0\",\"Keywords\":\"0x8020000000000000\",\"TimeCreated\":{\"SystemTime\":\"2024-07-11T12:27:34.8308485Z\"},\"EventRecordID\":\"467061\",\"Correlation\":{\"ActivityID\":\"{2431fd59-b194-0000-86fd-312494b1d801}\"},\"Execution\":{\"ProcessID\":\"868\",\"ThreadID\":\"4244\"},\"Channel\":\"Security\",\"Computer\":\"mp-core.z-lab.me\",\"Security\":null},\"EventData\":{\"Data\":[{\"text\":\"S-1-0-0\",\"Name\":\"SubjectUserSid\"},{\"text\":\"-\",\"Name\":\"SubjectUserName\"},{\"text\":\"-\",\"Name\":\"SubjectDomainName\"},{\"text\":\"0x92a1\",\"Name\":\"SubjectLogonId\"},{\"text\":\"{00000000-0000-0000-0000-000000000000}\",\"Name\":\"LogonGuid\"},{\"text\":\"hcore-admin\",\"Name\":\"TargetUserName\"},{\"text\":\"z-lab.me\",\"Name\":\"TargetDomainName\"},{\"text\":\"{00000000-0000-0000-0000-000000000000}\",\"Name\":\"TargetLogonGuid\"},{\"text\":\"HARDCORE-09.z-lab.me\",\"Name\":\"TargetServerName\"},{\"text\":\"HARDCORE-09.z-lab.me\",\"Name\":\"TargetInfo\"},{\"text\":\"0x29c\",\"Name\":\"ProcessId\"},{\"text\":\"C:\\\\Windows\\\\System32\\\\svchost.exe\",\"Name\":\"ProcessName\"},{\"text\":\"10.100.10.109\",\"Name\":\"IpAddress\"},{\"text\":\"135\",\"Name\":\"IpPort\"}]}}}", "type": null, "remote": false, "uuid": "00000006-3061-0938-f000-00004f3570f3", "scope_id": "00000000-0000-0000-0000-000000000005", "job_id": "f370354f-f4c4-448d-ada5-0dbd95c22032", "tag": "wineventlog", "time": "2024-07-11T12:27:34.000Z", "origin_app_id": "1967d1a8-9400-0001-0000-000000000003", "input_id": "422528d7-2257-4102-a4c0-3046b27b1d86", "recv_ipv4": "10.10.10.220"},
{"tenant_id": "6197e8d1-e31b-42a9-89d3-bef488b4858c", "recv_ipv6": null, "recv_host": null, "_checkpoint": 5570208045, "recv_time": "2024-07-12T03:43:57Z", "agent_id": "493a5abd-427c-4b91-88ad-c600bc0eb6df", "normalized": true, "mime": "application/x-pt-eventlog", "primary_siem_app_id": "1967d1a8-9400-0001-0000-000000000003", "siem_id": "9f5ae962-9a4a-4b17-8e2b-50507ffc485f", "historical": false, "task_id": "170466d6-fac0-0001-0000-000000000013", "body": "{\"Event\":{\"xmlns\":\"http://schemas.microsoft.com/win/2004/08/events/event\",\"System\":{\"Provider\":{\"Name\":\"Microsoft-Windows-Security-Auditing\",\"Guid\":\"{54849625-5478-4994-a5ba-3e3b0328c30d}\"},\"EventID\":\"4648\",\"Version\":\"0\",\"Level\":\"0\",\"Task\":\"12544\",\"Opcode\":\"0\",\"Keywords\":\"0x8020000000000000\",\"TimeCreated\":{\"SystemTime\":\"2024-07-11T12:27:35.7043916Z\"},\"EventRecordID\":\"467064\",\"Correlation\":{\"ActivityID\":\"{2431fd59-b194-0000-86fd-312494b1d801}\"},\"Execution\":{\"ProcessID\":\"868\",\"ThreadID\":\"9148\"},\"Channel\":\"Security\",\"Computer\":\"mp-core.z-lab.me\",\"Security\":null},\"EventData\":{\"Data\":[{\"text\":\"S-1-5-18\",\"Name\":\"SubjectUserSid\"},{\"text\":\"SYSTEM\",\"Name\":\"SubjectUserName\"},{\"text\":\"NT AUTHORITY\",\"Name\":\"SubjectDomainName\"},{\"text\":\"0x438ca37d\",\"Name\":\"SubjectLogonId\"},{\"text\":\"{00000000-0000-0000-0000-000000000000}\",\"Name\":\"LogonGuid\"},{\"text\":\"hcore-admin\",\"Name\":\"TargetUserName\"},{\"text\":\"z-lab.me\",\"Name\":\"TargetDomainName\"},{\"text\":\"{00000000-0000-0000-0000-000000000000}\",\"Name\":\"TargetLogonGuid\"},{\"text\":\"HARDCORE-07.z-lab.me\",\"Name\":\"TargetServerName\"},{\"text\":\"HARDCORE-07.z-lab.me\",\"Name\":\"TargetInfo\"},{\"text\":\"0x4\",\"Name\":\"ProcessId\"},{\"Name\":\"ProcessName\"},{\"text\":\"10.100.10.107\",\"Name\":\"IpAddress\"},{\"text\":\"445\",\"Name\":\"IpPort\"}]}}}", "type": null, "remote": false, "uuid": "00000006-3061-0938-f000-00034f3570f3", "scope_id": "00000000-0000-0000-0000-000000000005", "job_id": "f370354f-f4c4-448d-ada5-0dbd95c22032", "tag": "wineventlog", "time": "2024-07-11T12:27:35.000Z", "origin_app_id": "1967d1a8-9400-0001-0000-000000000003", "input_id": "422528d7-2257-4102-a4c0-3046b27b1d86", "recv_ipv4": "10.10.10.220"},
{"recv_ipv6": null, "event_src.title": "diskstation_manager", "src.ip": "10.100.10.2", "asset_ids": ["19699405-e6c0-0001-0000-000000000013"], "agent_id": "493a5abd-427c-4b91-88ad-c600bc0eb6df", "subject": "account", "mime": "text/plain", "primary_siem_app_id": "1967d1a8-9400-0001-0000-000000000003", "object.fullpath": "/sysvol/z-lab.me/Policies/{31B2F340-016D-11D2-945F-00C04FB984F9}/GPT.INI", "generator.version": "N26.1.3020", "historical": false, "event_src.hostname": "fs", "body": "<14>Jul 11 15:27:43 fs WinFileService Event: read, Path: /sysvol/z-lab.me/Policies/{31B2F340-016D-11D2-945F-00C04FB984F9}/GPT.INI, File/Folder: File, Size: 23 Bytes, User: ZLAB\\HCORE-ADMIN-PC$, IP: 10.100.10.2", "type": null, "remote": false, "uuid": "00000006-3061-093f-f000-00028b2289ca", "category.low": "Manipulation", "scope_id": "00000000-0000-0000-0000-000000000005", "src.host": "10.100.10.2", "action": "read", "tag": "syslog", "category.high": "System Management", "id": "PT_Synology_Diskstation_Manager_syslog_File_actions", "event_src.asset": "19699405-e6c0-0001-0000-000000000013", "event_src.category": "Storage device", "recv_time": "2024-07-12T03:43:57.000Z", "siem_id": "9f5ae962-9a4a-4b17-8e2b-50507ffc485f", "generator.type": "logcollector", "event_src.host": "fs", "subject.account.name": "HCORE-ADMIN-PC$", "object.type": "File", "incorrect_time": false, "category.generic": "File System Object", "input_id": "25f9b93a-b025-4dc5-bc87-42b9554f5ed9", "recv_ipv4": "10.10.10.10", "object": "file_object", "status": "success", "tenant_id": "6197e8d1-e31b-42a9-89d3-bef488b4858c", "recv_host": null, "_checkpoint": 5570208046, "normalized": true, "importance": "info", "recv_asset": "19699405-e6c0-0001-0000-000000000013", "taxonomy_version": "26.0.220-release-26.0", "task_id": "1738bd44-53c0-0001-0000-000000000007", "object.path": "/sysvol/z-lab.me/Policies/{31B2F340-016D-11D2-945F-00C04FB984F9}/", "subject.account.domain": "ZLAB", "event_src.vendor": "synology", "object.property": "File size", "origin_app_id": "1967d1a8-9400-0001-0000-000000000003", "object.value": "23 Bytes", "object.name": "GPT.INI", "original_time": "2024-07-11T15:27:43.000Z", "job_id": "ca89228b-ab03-436b-9a93-cba6000ff360", "time": "2024-07-11T15:27:43.000Z"},
{"recv_ipv6": null, "event_src.title": "diskstation_manager", "src.ip": "10.10.10.11", "asset_ids": ["19699405-e6c0-0001-0000-000000000013"], "agent_id": "493a5abd-427c-4b91-88ad-c600bc0eb6df", "subject": "account", "mime": "text/plain", "primary_siem_app_id": "1967d1a8-9400-0001-0000-000000000003", "generator.version": "N26.1.3020", "historical": false, "event_src.hostname": "fs", "body": "<14>Jul 11 15:27:45 fs Connection: User [zorg] from [10.10.10.11] signed in to [DSM] successfully via [password].", "type": null, "remote": false, "uuid": "00000006-3061-0941-f000-00018b2289ca", "category.low": "Communication", "scope_id": "00000000-0000-0000-0000-000000000005", "src.host": "10.10.10.11", "action": "login", "tag": "syslog", "category.high": "Access Management", "id": "PT_Synology_Diskstation_Manager_syslog_Login_state", "event_src.asset": "19699405-e6c0-0001-0000-000000000013", "event_src.category": "Storage device", "recv_time": "2024-07-12T03:43:57.000Z", "siem_id": "9f5ae962-9a4a-4b17-8e2b-50507ffc485f", "generator.type": "logcollector", "event_src.host": "fs", "subject.account.name": "zorg", "incorrect_time": false, "category.generic": "Application", "input_id": "25f9b93a-b025-4dc5-bc87-42b9554f5ed9", "recv_ipv4": "10.10.10.10", "object": "application", "status": "success", "tenant_id": "6197e8d1-e31b-42a9-89d3-bef488b4858c", "recv_host": null, "_checkpoint": 5570208047, "normalized": true, "importance": "info", "recv_asset": "19699405-e6c0-0001-0000-000000000013", "taxonomy_version": "26.0.220-release-26.0", "task_id": "1738bd44-53c0-0001-0000-000000000007", "event_src.vendor": "synology", "origin_app_id": "1967d1a8-9400-0001-0000-000000000003", "object.name": "DSM", "original_time": "2024-07-11T15:27:45.000Z", "job_id": "ca89228b-ab03-436b-9a93-cba6000ff360", "time": "2024-07-11T15:27:45.000Z"},
{"recv_ipv6": null, "event_src.title": "diskstation_manager", "src.ip": "10.100.10.2", "asset_ids": ["19699405-e6c0-0001-0000-000000000013"], "agent_id": "493a5abd-427c-4b91-88ad-c600bc0eb6df", "subject": "account", "mime": "text/plain", "primary_siem_app_id": "1967d1a8-9400-0001-0000-000000000003", "object.fullpath": "/sysvol/z-lab.me/Policies/{0DFB83FB-9710-4702-8623-CCCBCA95A61C}/GPT.INI", "generator.version": "N26.1.3020", "historical": false, "event_src.hostname": "fs", "body": "<14>Jul 11 15:30:04 fs WinFileService Event: read, Path: /sysvol/z-lab.me/Policies/{0DFB83FB-9710-4702-8623-CCCBCA95A61C}/GPT.INI, File/Folder: File, Size: 64 Bytes, User: ZLAB\\chechenovta, IP: 10.100.10.2", "type": null, "remote": false, "uuid": "00000006-3061-09cc-f000-00068b2289ca", "category.low": "Manipulation", "scope_id": "00000000-0000-0000-0000-000000000005", "src.host": "10.100.10.2", "action": "read", "tag": "syslog", "category.high": "System Management", "id": "PT_Synology_Diskstation_Manager_syslog_File_actions", "event_src.asset": "19699405-e6c0-0001-0000-000000000013", "event_src.category": "Storage device", "recv_time": "2024-07-12T03:43:57.000Z", "siem_id": "9f5ae962-9a4a-4b17-8e2b-50507ffc485f", "generator.type": "logcollector", "event_src.host": "fs", "subject.account.name": "chechenovta", "object.type": "File", "incorrect_time": false, "category.generic": "File System Object", "input_id": "25f9b93a-b025-4dc5-bc87-42b9554f5ed9", "recv_ipv4": "10.10.10.10", "object": "file_object", "status": "success", "tenant_id": "6197e8d1-e31b-42a9-89d3-bef488b4858c", "recv_host": null, "_checkpoint": 5570208059, "normalized": true, "importance": "info", "recv_asset": "19699405-e6c0-0001-0000-000000000013", "taxonomy_version": "26.0.220-release-26.0", "task_id": "1738bd44-53c0-0001-0000-000000000007", "object.path": "/sysvol/z-lab.me/Policies/{0DFB83FB-9710-4702-8623-CCCBCA95A61C}/", "subject.account.domain": "ZLAB", "event_src.vendor": "synology", "object.property": "File size", "origin_app_id": "1967d1a8-9400-0001-0000-000000000003", "object.value": "64 Bytes", "object.name": "GPT.INI", "original_time": "2024-07-11T15:30:04.000Z", "job_id": "ca89228b-ab03-436b-9a93-cba6000ff360", "time": "2024-07-11T15:30:04.000Z"},
{"recv_ipv6": null, "event_src.title": "diskstation_manager", "src.ip": "10.100.10.2", "asset_ids": ["19699405-e6c0-0001-0000-000000000013"], "agent_id": "493a5abd-427c-4b91-88ad-c600bc0eb6df", "subject": "account", "mime": "text/plain", "primary_siem_app_id": "1967d1a8-9400-0001-0000-000000000003", "object.fullpath": "/sysvol/z-lab.me/Policies/{0DFB83FB-9710-4702-8623-CCCBCA95A61C}/GPT.INI", "generator.version": "N26.1.3020", "historical": false, "event_src.hostname": "fs", "body": "<14>Jul 11 15:30:06 fs WinFileService Event: read, Path: /sysvol/z-lab.me/Policies/{0DFB83FB-9710-4702-8623-CCCBCA95A61C}/GPT.INI, File/Folder: File, Size: 64 Bytes, User: ZLAB\\HCORE-ADMIN-PC$, IP: 10.100.10.2", "type": null, "remote": false, "uuid": "00000006-3061-09ce-f000-000d8b2289ca", "category.low": "Manipulation", "scope_id": "00000000-0000-0000-0000-000000000005", "src.host": "10.100.10.2", "action": "read", "tag": "syslog", "category.high": "System Management", "id": "PT_Synology_Diskstation_Manager_syslog_File_actions", "event_src.asset": "19699405-e6c0-0001-0000-000000000013", "event_src.category": "Storage device", "recv_time": "2024-07-12T03:43:57.000Z", "siem_id": "9f5ae962-9a4a-4b17-8e2b-50507ffc485f", "generator.type": "logcollector", "event_src.host": "fs", "subject.account.name": "HCORE-ADMIN-PC$", "object.type": "File", "incorrect_time": false, "category.generic": "File System Object", "input_id": "25f9b93a-b025-4dc5-bc87-42b9554f5ed9", "recv_ipv4": "10.10.10.10", "object": "file_object", "status": "success", "tenant_id": "6197e8d1-e31b-42a9-89d3-bef488b4858c", "recv_host": null, "_checkpoint": 5570208060, "normalized": true, "importance": "info", "recv_asset": "19699405-e6c0-0001-0000-000000000013", "taxonomy_version": "26.0.220-release-26.0", "task_id": "1738bd44-53c0-0001-0000-000000000007", "object.path": "/sysvol/z-lab.me/Policies/{0DFB83FB-9710-4702-8623-CCCBCA95A61C}/", "subject.account.domain": "ZLAB", "event_src.vendor": "synology", "object.property": "File size", "origin_app_id": "1967d1a8-9400-0001-0000-000000000003", "object.value": "64 Bytes", "object.name": "GPT.INI", "original_time": "2024-07-11T15:30:06.000Z", "job_id": "ca89228b-ab03-436b-9a93-cba6000ff360", "time": "2024-07-11T15:30:06.000Z"},
{"tenant_id": "6197e8d1-e31b-42a9-89d3-bef488b4858c", "recv_ipv6": null, "recv_host": null, "_checkpoint": 5570224004, "recv_time": "2024-07-12T03:43:57Z", "agent_id": "493a5abd-427c-4b91-88ad-c600bc0eb6df", "normalized": true, "mime": "application/x-pt-eventlog", "primary_siem_app_id": "1967d1a8-9400-0001-0000-000000000003", "siem_id": "9f5ae962-9a4a-4b17-8e2b-50507ffc485f", "historical": false, "task_id": "170466d6-fac0-0001-0000-000000000013", "body": "{\"Event\":{\"xmlns\":\"http://schemas.microsoft.com/win/2004/08/events/event\",\"System\":{\"Provider\":{\"Name\":\"Microsoft-Windows-Security-Auditing\",\"Guid\":\"{54849625-5478-4994-a5ba-3e3b0328c30d}\"},\"EventID\":\"4672\",\"Version\":\"0\",\"Level\":\"0\",\"Task\":\"12548\",\"Opcode\":\"0\",\"Keywords\":\"0x8020000000000000\",\"TimeCreated\":{\"SystemTime\":\"2024-07-11T12:22:02.1298860Z\"},\"EventRecordID\":\"467002\",\"Correlation\":{\"ActivityID\":\"{2431fd59-b194-0000-86fd-312494b1d801}\"},\"Execution\":{\"ProcessID\":\"868\",\"ThreadID\":\"7444\"},\"Channel\":\"Security\",\"Computer\":\"mp-core.z-lab.me\",\"Security\":null},\"EventData\":{\"Data\":[{\"text\":\"S-1-5-18\",\"Name\":\"SubjectUserSid\"},{\"text\":\"SYSTEM\",\"Name\":\"SubjectUserName\"},{\"text\":\"NT AUTHORITY\",\"Name\":\"SubjectDomainName\"},{\"text\":\"0x439419fd\",\"Name\":\"SubjectLogonId\"},{\"text\":\"SeAssignPrimaryTokenPrivilege\\r\\n\\t\\t\\tSeTcbPrivilege\\r\\n\\t\\t\\tSeSecurityPrivilege\\r\\n\\t\\t\\tSeTakeOwnershipPrivilege\\r\\n\\t\\t\\tSeLoadDriverPrivilege\\r\\n\\t\\t\\tSeBackupPrivilege\\r\\n\\t\\t\\tSeRestorePrivilege\\r\\n\\t\\t\\tSeDebugPrivilege\\r\\n\\t\\t\\tSeAuditPrivilege\\r\\n\\t\\t\\tSeSystemEnvironmentPrivilege\\r\\n\\t\\t\\tSeImpersonatePrivilege\\r\\n\\t\\t\\tSeDelegateSessionUserImpersonatePrivilege\",\"Name\":\"PrivilegeList\"}]}}}", "type": null, "remote": false, "uuid": "00000006-3061-07ec-f000-00014f3570f3", "scope_id": "00000000-0000-0000-0000-000000000005", "job_id": "f370354f-f4c4-448d-ada5-0dbd95c22032", "tag": "wineventlog", "time": "2024-07-11T12:22:02.000Z", "origin_app_id": "1967d1a8-9400-0001-0000-000000000003", "input_id": "422528d7-2257-4102-a4c0-3046b27b1d86", "recv_ipv4": "10.10.10.220"},
{"event_src.title": "diskstation_manager", "reason": "no_user", "incident.aggregation.key": "Application_Abnormal_Access|10.10.10.11|zorg", "_checkpoint": 5570224005, "asset_ids": ["19699405-e6c0-0001-0000-000000000013"], "src.ip": "10.10.10.11", "importance": "medium", "subject": "account", "normalized": true, "primary_siem_app_id": "1967d1a8-9400-0001-0000-000000000003", "subevents": ["00000006-3061-0662-f000-00008b2289ca"], "generator.version": "26.1.3239 (libservice v.2.0.816)", "event_src.hostname": "fs", "correlation_name": "Application_Abnormal_Access", "uuid": "12c5e75d-08c4-4307-8156-eb291d149b7c", "event_src.vendor": "synology", "incident.category": "Undefined", "category.low": "Remote Services", "src.host": "10.10.10.11", "action": "login", "category.high": "Lateral Movement", "origin_app_id": "1967d1a8-9400-0001-0000-000000000003", "incident.aggregation.timeout": 7200, "event_src.asset": "19699405-e6c0-0001-0000-000000000013", "event_src.category": "Storage device", "object.name": "DSM", "siem_id": "9f5ae962-9a4a-4b17-8e2b-50507ffc485f", "generator.type": "correlationengine", "alert.key": "10.10.10.11|zorg|fs|diskstation_manager", "count": 1, "event_src.host": "fs", "alert.context": "no_user", "subject.account.name": "zorg", "labels": "CheckWL_Profiling", "correlation_type": "event", "incident.severity": "medium", "subevents.time": ["2024-07-11T15:15:30.000Z"], "time": "2024-07-11T15:15:30.000Z", "category.generic": "Anomaly", "object": "application", "status": "success"},
{"tenant_id": "6197e8d1-e31b-42a9-89d3-bef488b4858c", "recv_ipv6": null, "recv_host": null, "_checkpoint": 5570224006, "recv_time": "2024-07-12T03:43:57Z", "agent_id": "493a5abd-427c-4b91-88ad-c600bc0eb6df", "normalized": true, "mime": "application/x-pt-eventlog", "primary_siem_app_id": "1967d1a8-9400-0001-0000-000000000003", "siem_id": "9f5ae962-9a4a-4b17-8e2b-50507ffc485f", "historical": false, "task_id": "170466d6-fac0-0001-0000-000000000013", "body": "{\"Event\":{\"xmlns\":\"http://schemas.microsoft.com/win/2004/08/events/event\",\"System\":{\"Provider\":{\"Name\":\"Microsoft-Windows-Security-Auditing\",\"Guid\":\"{54849625-5478-4994-a5ba-3e3b0328c30d}\"},\"EventID\":\"4648\",\"Version\":\"0\",\"Level\":\"0\",\"Task\":\"12544\",\"Opcode\":\"0\",\"Keywords\":\"0x8020000000000000\",\"TimeCreated\":{\"SystemTime\":\"2024-07-11T12:22:05.4431432Z\"},\"EventRecordID\":\"467005\",\"Correlation\":{\"ActivityID\":\"{2431fd59-b194-0000-86fd-312494b1d801}\"},\"Execution\":{\"ProcessID\":\"868\",\"ThreadID\":\"7348\"},\"Channel\":\"Security\",\"Computer\":\"mp-core.z-lab.me\",\"Security\":null},\"EventData\":{\"Data\":[{\"text\":\"S-1-5-18\",\"Name\":\"SubjectUserSid\"},{\"text\":\"SYSTEM\",\"Name\":\"SubjectUserName\"},{\"text\":\"NT AUTHORITY\",\"Name\":\"SubjectDomainName\"},{\"text\":\"0x438ca37d\",\"Name\":\"SubjectLogonId\"},{\"text\":\"{00000000-0000-0000-0000-000000000000}\",\"Name\":\"LogonGuid\"},{\"text\":\"hcore-admin\",\"Name\":\"TargetUserName\"},{\"text\":\"z-lab.me\",\"Name\":\"TargetDomainName\"},{\"text\":\"{00000000-0000-0000-0000-000000000000}\",\"Name\":\"TargetLogonGuid\"},{\"text\":\"HARDCORE-07.z-lab.me\",\"Name\":\"TargetServerName\"},{\"text\":\"HARDCORE-07.z-lab.me\",\"Name\":\"TargetInfo\"},{\"text\":\"0x4\",\"Name\":\"ProcessId\"},{\"Name\":\"ProcessName\"},{\"text\":\"10.100.10.107\",\"Name\":\"IpAddress\"},{\"text\":\"445\",\"Name\":\"IpPort\"}]}}}", "type": null, "remote": false, "uuid": "00000006-3061-07ef-f000-00014f3570f3", "scope_id": "00000000-0000-0000-0000-000000000005", "job_id": "f370354f-f4c4-448d-ada5-0dbd95c22032", "tag": "wineventlog", "time": "2024-07-11T12:22:05.000Z", "origin_app_id": "1967d1a8-9400-0001-0000-000000000003", "input_id": "422528d7-2257-4102-a4c0-3046b27b1d86", "recv_ipv4": "10.10.10.220"},
{"recv_ipv6": null, "event_src.title": "diskstation_manager", "src.ip": "10.100.10.103", "asset_ids": ["19699405-e6c0-0001-0000-000000000013"], "agent_id": "493a5abd-427c-4b91-88ad-c600bc0eb6df", "subject": "account", "mime": "text/plain", "primary_siem_app_id": "1967d1a8-9400-0001-0000-000000000003", "generator.version": "N26.1.3020", "historical": false, "event_src.hostname": "fs", "body": "<14>Jul 11 15:22:19 fs Connection: User [ZLAB\\HARDCORE-03$] from [10.100.10.103(10.100.10.103)] via [CIFS(SMB3)] accessed shared folder [sysvol].", "type": null, "remote": false, "uuid": "00000006-3061-07fb-f000-00008b2289ca", "protocol": "cifs(smb3)", "category.low": "Manipulation", "scope_id": "00000000-0000-0000-0000-000000000005", "src.host": "10.100.10.103", "action": "access", "tag": "syslog", "category.high": "System Management", "id": "PT_Synology_Diskstation_Manager_syslog_Share_accessed", "event_src.asset": "19699405-e6c0-0001-0000-000000000013", "event_src.category": "Storage device", "recv_time": "2024-07-12T03:43:57.000Z", "siem_id": "9f5ae962-9a4a-4b17-8e2b-50507ffc485f", "generator.type": "logcollector", "event_src.host": "fs", "subject.account.name": "HARDCORE-03$", "incorrect_time": false, "category.generic": "File System Object", "input_id": "25f9b93a-b025-4dc5-bc87-42b9554f5ed9", "recv_ipv4": "10.10.10.10", "object": "file_object", "status": "success", "tenant_id": "6197e8d1-e31b-42a9-89d3-bef488b4858c", "recv_host": null, "_checkpoint": 5570224007, "normalized": true, "importance": "info", "recv_asset": "19699405-e6c0-0001-0000-000000000013", "taxonomy_version": "26.0.220-release-26.0", "task_id": "1738bd44-53c0-0001-0000-000000000007", "subject.account.domain": "ZLAB", "event_src.vendor": "synology", "origin_app_id": "1967d1a8-9400-0001-0000-000000000003", "object.name": "sysvol", "original_time": "2024-07-11T15:22:19.000Z", "job_id": "ca89228b-ab03-436b-9a93-cba6000ff360", "time": "2024-07-11T15:22:19.000Z"},
{"recv_ipv6": null, "event_src.title": "diskstation_manager", "src.ip": "10.100.10.103", "asset_ids": ["19699405-e6c0-0001-0000-000000000013"], "agent_id": "493a5abd-427c-4b91-88ad-c600bc0eb6df", "subject": "account", "mime": "text/plain", "primary_siem_app_id": "1967d1a8-9400-0001-0000-000000000003", "object.fullpath": "/sysvol/z-lab.me/Policies/{31B2F340-016D-11D2-945F-00C04FB984F9}/GPT.INI", "generator.version": "N26.1.3020", "historical": false, "event_src.hostname": "fs", "body": "<14>Jul 11 15:22:22 fs WinFileService Event: read, Path: /sysvol/z-lab.me/Policies/{31B2F340-016D-11D2-945F-00C04FB984F9}/GPT.INI, File/Folder: File, Size: 23 Bytes, User: ZLAB\\HARDCORE-03$, IP: 10.100.10.103", "type": null, "remote": false, "uuid": "00000006-3061-07fe-f000-00018b2289ca", "category.low": "Manipulation", "scope_id": "00000000-0000-0000-0000-000000000005", "src.host": "10.100.10.103", "action": "read", "tag": "syslog", "category.high": "System Management", "id": "PT_Synology_Diskstation_Manager_syslog_File_actions", "event_src.asset": "19699405-e6c0-0001-0000-000000000013", "event_src.category": "Storage device", "recv_time": "2024-07-12T03:43:57.000Z", "siem_id": "9f5ae962-9a4a-4b17-8e2b-50507ffc485f", "generator.type": "logcollector", "event_src.host": "fs", "subject.account.name": "HARDCORE-03$", "object.type": "File", "incorrect_time": false, "category.generic": "File System Object", "input_id": "25f9b93a-b025-4dc5-bc87-42b9554f5ed9", "recv_ipv4": "10.10.10.10", "object": "file_object", "status": "success", "tenant_id": "6197e8d1-e31b-42a9-89d3-bef488b4858c", "recv_host": null, "_checkpoint": 5570224008, "normalized": true, "importance": "info", "recv_asset": "19699405-e6c0-0001-0000-000000000013", "taxonomy_version": "26.0.220-release-26.0", "task_id": "1738bd44-53c0-0001-0000-000000000007", "object.path": "/sysvol/z-lab.me/Policies/{31B2F340-016D-11D2-945F-00C04FB984F9}/", "subject.account.domain": "ZLAB", "event_src.vendor": "synology", "object.property": "File size", "origin_app_id": "1967d1a8-9400-0001-0000-000000000003", "object.value": "23 Bytes", "object.name": "GPT.INI", "original_time": "2024-07-11T15:22:22.000Z", "job_id": "ca89228b-ab03-436b-9a93-cba6000ff360", "time": "2024-07-11T15:22:22.000Z"},
{"recv_ipv6": null, "event_src.title": "diskstation_manager", "src.ip": "10.100.10.103", "asset_ids": ["19699405-e6c0-0001-0000-000000000013"], "agent_id": "493a5abd-427c-4b91-88ad-c600bc0eb6df", "subject": "account", "mime": "text/plain", "primary_siem_app_id": "1967d1a8-9400-0001-0000-000000000003", "object.fullpath": "/sysvol/z-lab.me/Policies/{365C88BE-40A1-422D-98DA-D77C0DE09B7D}/Machine/Preferences/Groups/Groups.xml", "generator.version": "N26.1.3020", "historical": false, "event_src.hostname": "fs", "body": "<14>Jul 11 15:22:26 fs WinFileService Event: read, Path: /sysvol/z-lab.me/Policies/{365C88BE-40A1-422D-98DA-D77C0DE09B7D}/Machine/Preferences/Groups/Groups.xml, File/Folder: File, Size: 1.40 KB, User: ZLAB\\HARDCORE-03$, IP: 10.100.10.103", "type": null, "remote": false, "uuid": "00000006-3061-0802-f000-00008b2289ca", "category.low": "Manipulation", "scope_id": "00000000-0000-0000-0000-000000000005", "src.host": "10.100.10.103", "action": "read", "tag": "syslog", "category.high": "System Management", "id": "PT_Synology_Diskstation_Manager_syslog_File_actions", "event_src.asset": "19699405-e6c0-0001-0000-000000000013", "event_src.category": "Storage device", "recv_time": "2024-07-12T03:43:57.000Z", "siem_id": "9f5ae962-9a4a-4b17-8e2b-50507ffc485f", "generator.type": "logcollector", "event_src.host": "fs", "subject.account.name": "HARDCORE-03$", "object.type": "File", "incorrect_time": false, "category.generic": "File System Object", "input_id": "25f9b93a-b025-4dc5-bc87-42b9554f5ed9", "recv_ipv4": "10.10.10.10", "object": "file_object", "status": "success", "tenant_id": "6197e8d1-e31b-42a9-89d3-bef488b4858c", "recv_host": null, "_checkpoint": 5570224009, "normalized": true, "importance": "info", "recv_asset": "19699405-e6c0-0001-0000-000000000013", "taxonomy_version": "26.0.220-release-26.0", "task_id": "1738bd44-53c0-0001-0000-000000000007", "object.path": "/sysvol/z-lab.me/Policies/{365C88BE-40A1-422D-98DA-D77C0DE09B7D}/Machine/Preferences/Groups/", "subject.account.domain": "ZLAB", "event_src.vendor": "synology", "object.property": "File size", "origin_app_id": "1967d1a8-9400-0001-0000-000000000003", "object.value": "1.40 KB", "object.name": "Groups.xml", "original_time": "2024-07-11T15:22:26.000Z", "job_id": "ca89228b-ab03-436b-9a93-cba6000ff360", "time": "2024-07-11T15:22:26.000Z"},
{"tenant_id": "6197e8d1-e31b-42a9-89d3-bef488b4858c", "recv_ipv6": null, "recv_host": null, "_checkpoint": 5570224010, "recv_time": "2024-07-12T03:43:57Z", "agent_id": "493a5abd-427c-4b91-88ad-c600bc0eb6df", "normalized": true, "mime": "application/x-pt-eventlog", "primary_siem_app_id": "1967d1a8-9400-0001-0000-000000000003", "siem_id": "9f5ae962-9a4a-4b17-8e2b-50507ffc485f", "historical": false, "task_id": "170466d6-fac0-0001-0000-000000000013", "body": "{\"Event\":{\"xmlns\":\"http://schemas.microsoft.com/win/2004/08/events/event\",\"System\":{\"Provider\":{\"Name\":\"Microsoft-Windows-Security-Auditing\",\"Guid\":\"{54849625-5478-4994-a5ba-3e3b0328c30d}\"},\"EventID\":\"4648\",\"Version\":\"0\",\"Level\":\"0\",\"Task\":\"12544\",\"Opcode\":\"0\",\"Keywords\":\"0x8020000000000000\",\"TimeCreated\":{\"SystemTime\":\"2024-07-11T12:22:25.1899907Z\"},\"EventRecordID\":\"467008\",\"Correlation\":{\"ActivityID\":\"{2431fd59-b194-0000-86fd-312494b1d801}\"},\"Execution\":{\"ProcessID\":\"868\",\"ThreadID\":\"7444\"},\"Channel\":\"Security\",\"Computer\":\"mp-core.z-lab.me\",\"Security\":null},\"EventData\":{\"Data\":[{\"text\":\"S-1-0-0\",\"Name\":\"SubjectUserSid\"},{\"text\":\"-\",\"Name\":\"SubjectUserName\"},{\"text\":\"-\",\"Name\":\"SubjectDomainName\"},{\"text\":\"0x92a1\",\"Name\":\"SubjectLogonId\"},{\"text\":\"{00000000-0000-0000-0000-000000000000}\",\"Name\":\"LogonGuid\"},{\"text\":\"hcore-admin\",\"Name\":\"TargetUserName\"},{\"text\":\"z-lab.me\",\"Name\":\"TargetDomainName\"},{\"text\":\"{00000000-0000-0000-0000-000000000000}\",\"Name\":\"TargetLogonGuid\"},{\"text\":\"HARDCORE-07.z-lab.me\",\"Name\":\"TargetServerName\"},{\"text\":\"HARDCORE-07.z-lab.me\",\"Name\":\"TargetInfo\"},{\"text\":\"0x29c\",\"Name\":\"ProcessId\"},{\"text\":\"C:\\\\Windows\\\\System32\\\\svchost.exe\",\"Name\":\"ProcessName\"},{\"text\":\"10.100.10.107\",\"Name\":\"IpAddress\"},{\"text\":\"135\",\"Name\":\"IpPort\"}]}}}", "type": null, "remote": false, "uuid": "00000006-3061-0804-f000-00004f3570f3", "scope_id": "00000000-0000-0000-0000-000000000005", "job_id": "f370354f-f4c4-448d-ada5-0dbd95c22032", "tag": "wineventlog", "time": "2024-07-11T12:22:25.000Z", "origin_app_id": "1967d1a8-9400-0001-0000-000000000003", "input_id": "422528d7-2257-4102-a4c0-3046b27b1d86", "recv_ipv4": "10.10.10.220"},
