{"recv_ipv6": null, "event_src.title": "diskstation_manager", "src.ip": "10.100.10.119", "asset_ids": ["19699405-e6c0-0001-0000-000000000013"], "agent_id": "493a5abd-427c-4b91-88ad-c600bc0eb6df", "subject": "account", "mime": "text/plain", "primary_siem_app_id": "1967d1a8-9400-0001-0000-000000000003", "generator.version": "N26.1.3020", "historical": false, "event_src.hostname": "fs", "body": "<14>Jul 11 15:54:37 fs Connection: User [ZLAB\\hcore-client] from [10.100.10.119(10.100.10.119)] via [CIFS(SMB3)] accessed shared folder [sysvol].", "type": null, "remote": false, "uuid": "00000006-3061-0f8d-f000-00008b2289ca", "protocol": "cifs(smb3)", "category.low": "Manipulation", "scope_id": "00000000-0000-0000-0000-000000000005", "src.host": "10.100.10.119", "action": "access", "tag": "syslog", "category.high": "System Management", "id": "PT_Synology_Diskstation_Manager_syslog_Share_accessed", "event_src.asset": "19699405-e6c0-0001-0000-000000000013", "event_src.category": "Storage device", "recv_time": "2024-07-12T03:43:57.000Z", "siem_id": "9f5ae962-9a4a-4b17-8e2b-50507ffc485f", "generator.type": "logcollector", "event_src.host": "fs", "subject.account.name": "hcore-client", "incorrect_time": false, "category.generic": "File System Object", "input_id": "25f9b93a-b025-4dc5-bc87-42b9554f5ed9", "recv_ipv4": "10.10.10.10", "object": "file_object", "status": "success", "tenant_id": "6197e8d1-e31b-42a9-89d3-bef488b4858c", "recv_host": null, "_checkpoint": 5570608034, "normalized": true, "importance": "info", "recv_asset": "19699405-e6c0-0001-0000-000000000013", "taxonomy_version": "26.0.220-release-26.0", "task_id": "1738bd44-53c0-0001-0000-000000000007", "subject.account.domain": "ZLAB", "event_src.vendor": "synology", "origin_app_id": "1967d1a8-9400-0001-0000-000000000003", "object.name": "sysvol", "original_time": "2024-07-11T15:54:37.000Z", "job_id": "ca89228b-ab03-436b-9a93-cba6000ff360", "time": "2024-07-11T15:54:37.000Z"},
{"recv_ipv6": null, "event_src.title": "diskstation_manager", "src.ip": "10.100.10.119", "asset_ids": ["19699405-e6c0-0001-0000-000000000013"], "agent_id": "493a5abd-427c-4b91-88ad-c600bc0eb6df", "subject": "account", "mime": "text/plain", "primary_siem_app_id": "1967d1a8-9400-0001-0000-000000000003", "generator.version": "N26.1.3020", "historical": false, "event_src.hostname": "fs", "body": "<14>Jul 11 15:54:38 fs Connection: User [ZLAB\\HARDCORE-19$] from [10.100.10.119(10.100.10.119)] via [CIFS(SMB3)] accessed shared folder [sysvol].", "type": null, "remote": false, "uuid": "00000006-3061-0f8e-f000-00008b2289ca", "protocol": "cifs(smb3)", "category.low": "Manipulation", "scope_id": "00000000-0000-0000-0000-000000000005", "src.host": "10.100.10.119", "action": "access", "tag": "syslog", "category.high": "System Management", "id": "PT_Synology_Diskstation_Manager_syslog_Share_accessed", "event_src.asset": "19699405-e6c0-0001-0000-000000000013", "event_src.category": "Storage device", "recv_time": "2024-07-12T03:43:57.000Z", "siem_id": "9f5ae962-9a4a-4b17-8e2b-50507ffc485f", "generator.type": "logcollector", "event_src.host": "fs", "subject.account.name": "HARDCORE-19$", "incorrect_time": false, "category.generic": "File System Object", "input_id": "25f9b93a-b025-4dc5-bc87-42b9554f5ed9", "recv_ipv4": "10.10.10.10", "object": "file_object", "status": "success", "tenant_id": "6197e8d1-e31b-42a9-89d3-bef488b4858c", "recv_host": null, "_checkpoint": 5570608035, "normalized": true, "importance": "info", "recv_asset": "19699405-e6c0-0001-0000-000000000013", "taxonomy_version": "26.0.220-release-26.0", "task_id": "1738bd44-53c0-0001-0000-000000000007", "subject.account.domain": "ZLAB", "event_src.vendor": "synology", "origin_app_id": "1967d1a8-9400-0001-0000-000000000003", "object.name": "sysvol", "original_time": "2024-07-11T15:54:38.000Z", "job_id": "ca89228b-ab03-436b-9a93-cba6000ff360", "time": "2024-07-11T15:54:38.000Z"},
{"recv_ipv6": null, "event_src.title": "diskstation_manager", "src.ip": "10.100.10.119", "asset_ids": ["19699405-e6c0-0001-0000-000000000013"], "agent_id": "493a5abd-427c-4b91-88ad-c600bc0eb6df", "subject": "account", "mime": "text/plain", "primary_siem_app_id": "1967d1a8-9400-0001-0000-000000000003", "object.fullpath": "/sysvol/z-lab.me/Policies/{BBEDED12-F649-4D6B-B9CA-0C548453073D}/User/Preferences/Registry/Registry.xml", "generator.version": "N26.1.3020", "historical": false, "event_src.hostname": "fs", "body": "<14>Jul 11 15:54:40 fs WinFileService Event: read, Path: /sysvol/z-lab.me/Policies/{BBEDED12-F649-4D6B-B9CA-0C548453073D}/User/Preferences/Registry/Registry.xml, File/Folder: File, Size: 2.17 KB, User: ZLAB\\HARDCORE-19$, IP: 10.100.10.119", "type": null, "remote": false, "uuid": "00000006-3061-0f90-f000-00008b2289ca", "category.low": "Manipulation", "scope_id": "00000000-0000-0000-0000-000000000005", "src.host": "10.100.10.119", "action": "read", "tag": "syslog", "category.high": "System Management", "id": "PT_Synology_Diskstation_Manager_syslog_File_actions", "event_src.asset": "19699405-e6c0-0001-0000-000000000013", "event_src.category": "Storage device", "recv_time": "2024-07-12T03:43:57.000Z", "siem_id": "9f5ae962-9a4a-4b17-8e2b-50507ffc485f", "generator.type": "logcollector", "event_src.host": "fs", "subject.account.name": "HARDCORE-19$", "object.type": "File", "incorrect_time": false, "category.generic": "File System Object", "input_id": "25f9b93a-b025-4dc5-bc87-42b9554f5ed9", "recv_ipv4": "10.10.10.10", "object": "file_object", "status": "success", "tenant_id": "6197e8d1-e31b-42a9-89d3-bef488b4858c", "recv_host": null, "_checkpoint": 5570608036, "normalized": true, "importance": "info", "recv_asset": "19699405-e6c0-0001-0000-000000000013", "taxonomy_version": "26.0.220-release-26.0", "task_id": "1738bd44-53c0-0001-0000-000000000007", "object.path": "/sysvol/z-lab.me/Policies/{BBEDED12-F649-4D6B-B9CA-0C548453073D}/User/Preferences/Registry/", "subject.account.domain": "ZLAB", "event_src.vendor": "synology", "object.property": "File size", "origin_app_id": "1967d1a8-9400-0001-0000-000000000003", "object.value": "2.17 KB", "object.name": "Registry.xml", "original_time": "2024-07-11T15:54:40.000Z", "job_id": "ca89228b-ab03-436b-9a93-cba6000ff360", "time": "2024-07-11T15:54:40.000Z"},
{"recv_ipv6": null, "event_src.title": "diskstation_manager", "src.ip": "10.100.10.119", "asset_ids": ["19699405-e6c0-0001-0000-000000000013"], "agent_id": "493a5abd-427c-4b91-88ad-c600bc0eb6df", "subject": "account", "mime": "text/plain", "primary_siem_app_id": "1967d1a8-9400-0001-0000-000000000003", "object.fullpath": "/sysvol/z-lab.me/Policies/{BBEDED12-F649-4D6B-B9CA-0C548453073D}/User/Preferences/Files/Files.xml", "generator.version": "N26.1.3020", "historical": false, "event_src.hostname": "fs", "body": "<14>Jul 11 15:54:42 fs WinFileService Event: read, Path: /sysvol/z-lab.me/Policies/{BBEDED12-F649-4D6B-B9CA-0C548453073D}/User/Preferences/Files/Files.xml, File/Folder: File, Size: 526 Bytes, User: ZLAB\\HARDCORE-19$, IP: 10.100.10.119", "type": null, "remote": false, "uuid": "00000006-3061-0f92-f000-00008b2289ca", "category.low": "Manipulation", "scope_id": "00000000-0000-0000-0000-000000000005", "src.host": "10.100.10.119", "action": "read", "tag": "syslog", "category.high": "System Management", "id": "PT_Synology_Diskstation_Manager_syslog_File_actions", "event_src.asset": "19699405-e6c0-0001-0000-000000000013", "event_src.category": "Storage device", "recv_time": "2024-07-12T03:43:57.000Z", "siem_id": "9f5ae962-9a4a-4b17-8e2b-50507ffc485f", "generator.type": "logcollector", "event_src.host": "fs", "subject.account.name": "HARDCORE-19$", "object.type": "File", "incorrect_time": false, "category.generic": "File System Object", "input_id": "25f9b93a-b025-4dc5-bc87-42b9554f5ed9", "recv_ipv4": "10.10.10.10", "object": "file_object", "status": "success", "tenant_id": "6197e8d1-e31b-42a9-89d3-bef488b4858c", "recv_host": null, "_checkpoint": 5570608037, "normalized": true, "importance": "info", "recv_asset": "19699405-e6c0-0001-0000-000000000013", "taxonomy_version": "26.0.220-release-26.0", "task_id": "1738bd44-53c0-0001-0000-000000000007", "object.path": "/sysvol/z-lab.me/Policies/{BBEDED12-F649-4D6B-B9CA-0C548453073D}/User/Preferences/Files/", "subject.account.domain": "ZLAB", "event_src.vendor": "synology", "object.property": "File size", "origin_app_id": "1967d1a8-9400-0001-0000-000000000003", "object.value": "526 Bytes", "object.name": "Files.xml", "original_time": "2024-07-11T15:54:42.000Z", "job_id": "ca89228b-ab03-436b-9a93-cba6000ff360", "time": "2024-07-11T15:54:42.000Z"},
{"tenant_id": "6197e8d1-e31b-42a9-89d3-bef488b4858c", "recv_ipv6": null, "recv_host": null, "_checkpoint": 5570608038, "recv_time": "2024-07-12T03:43:57Z", "agent_id": "493a5abd-427c-4b91-88ad-c600bc0eb6df", "normalized": true, "mime": "application/x-pt-eventlog", "primary_siem_app_id": "1967d1a8-9400-0001-0000-000000000003", "siem_id": "9f5ae962-9a4a-4b17-8e2b-50507ffc485f", "historical": false, "task_id": "170466d6-fac0-0001-0000-000000000013", "body": "{\"Event\":{\"xmlns\":\"http://schemas.microsoft.com/win/2004/08/events/event\",\"System\":{\"Provider\":{\"Name\":\"Microsoft-Windows-Security-Auditing\",\"Guid\":\"{54849625-5478-4994-a5ba-3e3b0328c30d}\"},\"EventID\":\"4648\",\"Version\":\"0\",\"Level\":\"0\",\"Task\":\"12544\",\"Opcode\":\"0\",\"Keywords\":\"0x8020000000000000\",\"TimeCreated\":{\"SystemTime\":\"2024-07-11T12:54:38.3548185Z\"},\"EventRecordID\":\"467349\",\"Correlation\":{\"ActivityID\":\"{2431fd59-b194-0000-86fd-312494b1d801}\"},\"Execution\":{\"ProcessID\":\"868\",\"ThreadID\":\"2860\"},\"Channel\":\"Security\",\"Computer\":\"mp-core.z-lab.me\",\"Security\":null},\"EventData\":{\"Data\":[{\"text\":\"S-1-5-18\",\"Name\":\"SubjectUserSid\"},{\"text\":\"SYSTEM\",\"Name\":\"SubjectUserName\"},{\"text\":\"NT AUTHORITY\",\"Name\":\"SubjectDomainName\"},{\"text\":\"0x43db427b\",\"Name\":\"SubjectLogonId\"},{\"text\":\"{00000000-0000-0000-0000-000000000000}\",\"Name\":\"LogonGuid\"},{\"text\":\"hcore-admin\",\"Name\":\"TargetUserName\"},{\"text\":\"z-lab.me\",\"Name\":\"TargetDomainName\"},{\"text\":\"{00000000-0000-0000-0000-000000000000}\",\"Name\":\"TargetLogonGuid\"},{\"text\":\"HARDCORE-19.z-lab.me\",\"Name\":\"TargetServerName\"},{\"text\":\"HARDCORE-19.z-lab.me\",\"Name\":\"TargetInfo\"},{\"text\":\"0x4\",\"Name\":\"ProcessId\"},{\"Name\":\"ProcessName\"},{\"text\":\"10.100.10.119\",\"Name\":\"IpAddress\"},{\"text\":\"445\",\"Name\":\"IpPort\"}]}}}", "type": null, "remote": false, "uuid": "00000006-3061-0f91-f000-00024f3570f3", "scope_id": "00000000-0000-0000-0000-000000000005", "job_id": "f370354f-f4c4-448d-ada5-0dbd95c22032", "tag": "wineventlog", "time": "2024-07-11T12:54:38.000Z", "origin_app_id": "1967d1a8-9400-0001-0000-000000000003", "input_id": "422528d7-2257-4102-a4c0-3046b27b1d86", "recv_ipv4": "10.10.10.220"},
{"tenant_id": "6197e8d1-e31b-42a9-89d3-bef488b4858c", "recv_ipv6": null, "recv_host": null, "_checkpoint": 5570608039, "recv_time": "2024-07-12T03:43:57Z", "agent_id": "493a5abd-427c-4b91-88ad-c600bc0eb6df", "normalized": true, "mime": "application/x-pt-eventlog", "primary_siem_app_id": "1967d1a8-9400-0001-0000-000000000003", "siem_id": "9f5ae962-9a4a-4b17-8e2b-50507ffc485f", "historical": false, "task_id": "170466d6-fac0-0001-0000-000000000013", "body": "{\"Event\":{\"xmlns\":\"http://schemas.microsoft.com/win/2004/08/events/event\",\"System\":{\"Provider\":{\"Name\":\"Microsoft-Windows-Security-Auditing\",\"Guid\":\"{54849625-5478-4994-a5ba-3e3b0328c30d}\"},\"EventID\":\"4648\",\"Version\":\"0\",\"Level\":\"0\",\"Task\":\"12544\",\"Opcode\":\"0\",\"Keywords\":\"0x8020000000000000\",\"TimeCreated\":{\"SystemTime\":\"2024-07-11T12:54:39.0971410Z\"},\"EventRecordID\":\"467352\",\"Correlation\":{\"ActivityID\":\"{2431fd59-b194-0000-86fd-312494b1d801}\"},\"Execution\":{\"ProcessID\":\"868\",\"ThreadID\":\"2860\"},\"Channel\":\"Security\",\"Computer\":\"mp-core.z-lab.me\",\"Security\":null},\"EventData\":{\"Data\":[{\"text\":\"S-1-5-18\",\"Name\":\"SubjectUserSid\"},{\"text\":\"SYSTEM\",\"Name\":\"SubjectUserName\"},{\"text\":\"NT AUTHORITY\",\"Name\":\"SubjectDomainName\"},{\"text\":\"0x43d2ca20\",\"Name\":\"SubjectLogonId\"},{\"text\":\"{00000000-0000-0000-0000-000000000000}\",\"Name\":\"LogonGuid\"},{\"text\":\"hcore-admin\",\"Name\":\"TargetUserName\"},{\"text\":\"z-lab.me\",\"Name\":\"TargetDomainName\"},{\"text\":\"{00000000-0000-0000-0000-000000000000}\",\"Name\":\"TargetLogonGuid\"},{\"text\":\"HARDCORE-19.z-lab.me\",\"Name\":\"TargetServerName\"},{\"text\":\"HARDCORE-19.z-lab.me\",\"Name\":\"TargetInfo\"},{\"text\":\"0x4\",\"Name\":\"ProcessId\"},{\"Name\":\"ProcessName\"},{\"text\":\"10.100.10.119\",\"Name\":\"IpAddress\"},{\"text\":\"445\",\"Name\":\"IpPort\"}]}}}", "type": null, "remote": false, "uuid": "00000006-3061-0f91-f000-00054f3570f3", "scope_id": "00000000-0000-0000-0000-000000000005", "job_id": "f370354f-f4c4-448d-ada5-0dbd95c22032", "tag": "wineventlog", "time": "2024-07-11T12:54:39.000Z", "origin_app_id": "1967d1a8-9400-0001-0000-000000000003", "input_id": "422528d7-2257-4102-a4c0-3046b27b1d86", "recv_ipv4": "10.10.10.220"},
{"recv_ipv6": null, "event_src.title": "diskstation_manager", "src.ip": "10.100.10.119", "asset_ids": ["19699405-e6c0-0001-0000-000000000013"], "agent_id": "493a5abd-427c-4b91-88ad-c600bc0eb6df", "subject": "account", "mime": "text/plain", "primary_siem_app_id": "1967d1a8-9400-0001-0000-000000000003", "object.fullpath": "/hardcore/policy/wp/hardcore-wp-2022.07.jpg", "generator.version": "N26.1.3020", "historical": false, "event_src.hostname": "fs", "body": "<14>Jul 11 15:54:44 fs WinFileService Event: read, Path: /hardcore/policy/wp/hardcore-wp-2022.07.jpg, File/Folder: File, Size: 570.23 KB, User: ZLAB\\HARDCORE-19$, IP: 10.100.10.119", "type": null, "remote": false, "uuid": "00000006-3061-0f94-f000-00008b2289ca", "category.low": "Manipulation", "scope_id": "00000000-0000-0000-0000-000000000005", "src.host": "10.100.10.119", "action": "read", "tag": "syslog", "category.high": "System Management", "id": "PT_Synology_Diskstation_Manager_syslog_File_actions", "event_src.asset": "19699405-e6c0-0001-0000-000000000013", "event_src.category": "Storage device", "recv_time": "2024-07-12T03:43:57.000Z", "siem_id": "9f5ae962-9a4a-4b17-8e2b-50507ffc485f", "generator.type": "logcollector", "event_src.host": "fs", "subject.account.name": "HARDCORE-19$", "object.type": "File", "incorrect_time": false, "category.generic": "File System Object", "input_id": "25f9b93a-b025-4dc5-bc87-42b9554f5ed9", "recv_ipv4": "10.10.10.10", "object": "file_object", "status": "success", "tenant_id": "6197e8d1-e31b-42a9-89d3-bef488b4858c", "recv_host": null, "_checkpoint": 5570608040, "normalized": true, "importance": "info", "recv_asset": "19699405-e6c0-0001-0000-000000000013", "taxonomy_version": "26.0.220-release-26.0", "task_id": "1738bd44-53c0-0001-0000-000000000007", "object.path": "/hardcore/policy/wp/", "subject.account.domain": "ZLAB", "event_src.vendor": "synology", "object.property": "File size", "origin_app_id": "1967d1a8-9400-0001-0000-000000000003", "object.value": "570.23 KB", "object.name": "hardcore-wp-2022.07.jpg", "original_time": "2024-07-11T15:54:44.000Z", "job_id": "ca89228b-ab03-436b-9a93-cba6000ff360", "time": "2024-07-11T15:54:44.000Z"},
{"recv_ipv6": null, "event_src.title": "diskstation_manager", "src.ip": "10.100.10.120", "asset_ids": ["19699405-e6c0-0001-0000-000000000013"], "agent_id": "493a5abd-427c-4b91-88ad-c600bc0eb6df", "subject": "account", "mime": "text/plain", "primary_siem_app_id": "1967d1a8-9400-0001-0000-000000000003", "object.fullpath": "/sysvol/z-lab.me/Policies/{BBEDED12-F649-4D6B-B9CA-0C548453073D}/User/comment.cmtx", "generator.version": "N26.1.3020", "historical": false, "event_src.hostname": "fs", "body": "<14>Jul 11 15:55:59 fs WinFileService Event: read, Path: /sysvol/z-lab.me/Policies/{BBEDED12-F649-4D6B-B9CA-0C548453073D}/User/comment.cmtx, File/Folder: File, Size: 553 Bytes, User: ZLAB\\HARDCORE-20$, IP: 10.100.10.120", "type": null, "remote": false, "uuid": "00000006-3061-0fdf-f000-00008b2289ca", "category.low": "Manipulation", "scope_id": "00000000-0000-0000-0000-000000000005", "src.host": "10.100.10.120", "action": "read", "tag": "syslog", "category.high": "System Management", "id": "PT_Synology_Diskstation_Manager_syslog_File_actions", "event_src.asset": "19699405-e6c0-0001-0000-000000000013", "event_src.category": "Storage device", "recv_time": "2024-07-12T03:43:57.000Z", "siem_id": "9f5ae962-9a4a-4b17-8e2b-50507ffc485f", "generator.type": "logcollector", "event_src.host": "fs", "subject.account.name": "HARDCORE-20$", "object.type": "File", "incorrect_time": false, "category.generic": "File System Object", "input_id": "25f9b93a-b025-4dc5-bc87-42b9554f5ed9", "recv_ipv4": "10.10.10.10", "object": "file_object", "status": "success", "tenant_id": "6197e8d1-e31b-42a9-89d3-bef488b4858c", "recv_host": null, "_checkpoint": 5570608041, "normalized": true, "importance": "info", "recv_asset": "19699405-e6c0-0001-0000-000000000013", "taxonomy_version": "26.0.220-release-26.0", "task_id": "1738bd44-53c0-0001-0000-000000000007", "object.path": "/sysvol/z-lab.me/Policies/{BBEDED12-F649-4D6B-B9CA-0C548453073D}/User/", "subject.account.domain": "ZLAB", "event_src.vendor": "synology", "object.property": "File size", "origin_app_id": "1967d1a8-9400-0001-0000-000000000003", "object.value": "553 Bytes", "object.name": "comment.cmtx", "original_time": "2024-07-11T15:55:59.000Z", "job_id": "ca89228b-ab03-436b-9a93-cba6000ff360", "time": "2024-07-11T15:55:59.000Z"},
{"recv_ipv6": null, "event_src.title": "diskstation_manager", "src.ip": "10.100.10.120", "asset_ids": ["19699405-e6c0-0001-0000-000000000013"], "agent_id": "493a5abd-427c-4b91-88ad-c600bc0eb6df", "subject": "account", "mime": "text/plain", "primary_siem_app_id": "1967d1a8-9400-0001-0000-000000000003", "object.fullpath": "/hardcore/policy/wp/hardcore-wp-2022.07.jpg", "generator.version": "N26.1.3020", "historical": false, "event_src.hostname": "fs", "body": "<14>Jul 11 15:56:04 fs WinFileService Event: read, Path: /hardcore/policy/wp/hardcore-wp-2022.07.jpg, File/Folder: File, Size: 570.23 KB, User: ZLAB\\HARDCORE-20$, IP: 10.100.10.120", "type": null, "remote": false, "uuid": "00000006-3061-0fe4-f000-00018b2289ca", "category.low": "Manipulation", "scope_id": "00000000-0000-0000-0000-000000000005", "src.host": "10.100.10.120", "action": "read", "tag": "syslog", "category.high": "System Management", "id": "PT_Synology_Diskstation_Manager_syslog_File_actions", "event_src.asset": "19699405-e6c0-0001-0000-000000000013", "event_src.category": "Storage device", "recv_time": "2024-07-12T03:43:57.000Z", "siem_id": "9f5ae962-9a4a-4b17-8e2b-50507ffc485f", "generator.type": "logcollector", "event_src.host": "fs", "subject.account.name": "HARDCORE-20$", "object.type": "File", "incorrect_time": false, "category.generic": "File System Object", "input_id": "25f9b93a-b025-4dc5-bc87-42b9554f5ed9", "recv_ipv4": "10.10.10.10", "object": "file_object", "status": "success", "tenant_id": "6197e8d1-e31b-42a9-89d3-bef488b4858c", "recv_host": null, "_checkpoint": 5570608042, "normalized": true, "importance": "info", "recv_asset": "19699405-e6c0-0001-0000-000000000013", "taxonomy_version": "26.0.220-release-26.0", "task_id": "1738bd44-53c0-0001-0000-000000000007", "object.path": "/hardcore/policy/wp/", "subject.account.domain": "ZLAB", "event_src.vendor": "synology", "object.property": "File size", "origin_app_id": "1967d1a8-9400-0001-0000-000000000003", "object.value": "570.23 KB", "object.name": "hardcore-wp-2022.07.jpg", "original_time": "2024-07-11T15:56:04.000Z", "job_id": "ca89228b-ab03-436b-9a93-cba6000ff360", "time": "2024-07-11T15:56:04.000Z"},
{"recv_ipv6": null, "event_src.title": "diskstation_manager", "src.ip": "10.100.10.120", "asset_ids": ["19699405-e6c0-0001-0000-000000000013"], "agent_id": "493a5abd-427c-4b91-88ad-c600bc0eb6df", "subject": "account", "mime": "text/plain", "primary_siem_app_id": "1967d1a8-9400-0001-0000-000000000003", "object.fullpath": "/sysvol/z-lab.me/Policies/{BBEDED12-F649-4D6B-B9CA-0C548453073D}/GPT.INI", "generator.version": "N26.1.3020", "historical": false, "event_src.hostname": "fs", "body": "<14>Jul 11 15:55:58 fs WinFileService Event: read, Path: /sysvol/z-lab.me/Policies/{BBEDED12-F649-4D6B-B9CA-0C548453073D}/GPT.INI, File/Folder: File, Size: 65 Bytes, User: ZLAB\\hcore-client, IP: 10.100.10.120", "type": null, "remote": false, "uuid": "00000006-3061-0fde-f000-00028b2289ca", "category.low": "Manipulation", "scope_id": "00000000-0000-0000-0000-000000000005", "src.host": "10.100.10.120", "action": "read", "tag": "syslog", "category.high": "System Management", "id": "PT_Synology_Diskstation_Manager_syslog_File_actions", "event_src.asset": "19699405-e6c0-0001-0000-000000000013", "event_src.category": "Storage device", "recv_time": "2024-07-12T03:43:57.000Z", "siem_id": "9f5ae962-9a4a-4b17-8e2b-50507ffc485f", "generator.type": "logcollector", "event_src.host": "fs", "subject.account.name": "hcore-client", "object.type": "File", "incorrect_time": false, "category.generic": "File System Object", "input_id": "25f9b93a-b025-4dc5-bc87-42b9554f5ed9", "recv_ipv4": "10.10.10.10", "object": "file_object", "status": "success", "tenant_id": "6197e8d1-e31b-42a9-89d3-bef488b4858c", "recv_host": null, "_checkpoint": 5570608043, "normalized": true, "importance": "info", "recv_asset": "19699405-e6c0-0001-0000-000000000013", "taxonomy_version": "26.0.220-release-26.0", "task_id": "1738bd44-53c0-0001-0000-000000000007", "object.path": "/sysvol/z-lab.me/Policies/{BBEDED12-F649-4D6B-B9CA-0C548453073D}/", "subject.account.domain": "ZLAB", "event_src.vendor": "synology", "object.property": "File size", "origin_app_id": "1967d1a8-9400-0001-0000-000000000003", "object.value": "65 Bytes", "object.name": "GPT.INI", "original_time": "2024-07-11T15:55:58.000Z", "job_id": "ca89228b-ab03-436b-9a93-cba6000ff360", "time": "2024-07-11T15:55:58.000Z"},
{"recv_ipv6": null, "event_src.title": "diskstation_manager", "src.ip": "10.100.10.120", "asset_ids": ["19699405-e6c0-0001-0000-000000000013"], "agent_id": "493a5abd-427c-4b91-88ad-c600bc0eb6df", "subject": "account", "mime": "text/plain", "primary_siem_app_id": "1967d1a8-9400-0001-0000-000000000003", "object.fullpath": "/sysvol/z-lab.me/Policies/{BBEDED12-F649-4D6B-B9CA-0C548453073D}/User/Registry.pol", "generator.version": "N26.1.3020", "historical": false, "event_src.hostname": "fs", "body": "<14>Jul 11 15:56:01 fs WinFileService Event: read, Path: /sysvol/z-lab.me/Policies/{BBEDED12-F649-4D6B-B9CA-0C548453073D}/User/Registry.pol, File/Folder: File, Size: 7.76 KB, User: ZLAB\\HARDCORE-20$, IP: 10.100.10.120", "type": null, "remote": false, "uuid": "00000006-3061-0fe1-f000-00018b2289ca", "category.low": "Manipulation", "scope_id": "00000000-0000-0000-0000-000000000005", "src.host": "10.100.10.120", "action": "read", "tag": "syslog", "category.high": "System Management", "id": "PT_Synology_Diskstation_Manager_syslog_File_actions", "event_src.asset": "19699405-e6c0-0001-0000-000000000013", "event_src.category": "Storage device", "recv_time": "2024-07-12T03:43:57.000Z", "siem_id": "9f5ae962-9a4a-4b17-8e2b-50507ffc485f", "generator.type": "logcollector", "event_src.host": "fs", "subject.account.name": "HARDCORE-20$", "object.type": "File", "incorrect_time": false, "category.generic": "File System Object", "input_id": "25f9b93a-b025-4dc5-bc87-42b9554f5ed9", "recv_ipv4": "10.10.10.10", "object": "file_object", "status": "success", "tenant_id": "6197e8d1-e31b-42a9-89d3-bef488b4858c", "recv_host": null, "_checkpoint": 5570608044, "normalized": true, "importance": "info", "recv_asset": "19699405-e6c0-0001-0000-000000000013", "taxonomy_version": "26.0.220-release-26.0", "task_id": "1738bd44-53c0-0001-0000-000000000007", "object.path": "/sysvol/z-lab.me/Policies/{BBEDED12-F649-4D6B-B9CA-0C548453073D}/User/", "subject.account.domain": "ZLAB", "event_src.vendor": "synology", "object.property": "File size", "origin_app_id": "1967d1a8-9400-0001-0000-000000000003", "object.value": "7.76 KB", "object.name": "Registry.pol", "original_time": "2024-07-11T15:56:01.000Z", "job_id": "ca89228b-ab03-436b-9a93-cba6000ff360", "time": "2024-07-11T15:56:01.000Z"},
{"recv_ipv6": null, "event_src.title": "diskstation_manager", "src.ip": "10.100.10.120", "asset_ids": ["19699405-e6c0-0001-0000-000000000013"], "agent_id": "493a5abd-427c-4b91-88ad-c600bc0eb6df", "subject": "account", "mime": "text/plain", "primary_siem_app_id": "1967d1a8-9400-0001-0000-000000000003", "object.fullpath": "/sysvol/z-lab.me/Policies/{BBEDED12-F649-4D6B-B9CA-0C548453073D}/User/Preferences/Registry/Registry.xml", "generator.version": "N26.1.3020", "historical": false, "event_src.hostname": "fs", "body": "<14>Jul 11 15:56:06 fs WinFileService Event: read, Path: /sysvol/z-lab.me/Policies/{BBEDED12-F649-4D6B-B9CA-0C548453073D}/User/Preferences/Registry/Registry.xml, File/Folder: File, Size: 2.17 KB, User: ZLAB\\HARDCORE-20$, IP: 10.100.10.120", "type": null, "remote": false, "uuid": "00000006-3061-0fe6-f000-00008b2289ca", "category.low": "Manipulation", "scope_id": "00000000-0000-0000-0000-000000000005", "src.host": "10.100.10.120", "action": "read", "tag": "syslog", "category.high": "System Management", "id": "PT_Synology_Diskstation_Manager_syslog_File_actions", "event_src.asset": "19699405-e6c0-0001-0000-000000000013", "event_src.category": "Storage device", "recv_time": "2024-07-12T03:43:57.000Z", "siem_id": "9f5ae962-9a4a-4b17-8e2b-50507ffc485f", "generator.type": "logcollector", "event_src.host": "fs", "subject.account.name": "HARDCORE-20$", "object.type": "File", "incorrect_time": false, "category.generic": "File System Object", "input_id": "25f9b93a-b025-4dc5-bc87-42b9554f5ed9", "recv_ipv4": "10.10.10.10", "object": "file_object", "status": "success", "tenant_id": "6197e8d1-e31b-42a9-89d3-bef488b4858c", "recv_host": null, "_checkpoint": 5570608045, "normalized": true, "importance": "info", "recv_asset": "19699405-e6c0-0001-0000-000000000013", "taxonomy_version": "26.0.220-release-26.0", "task_id": "1738bd44-53c0-0001-0000-000000000007", "object.path": "/sysvol/z-lab.me/Policies/{BBEDED12-F649-4D6B-B9CA-0C548453073D}/User/Preferences/Registry/", "subject.account.domain": "ZLAB", "event_src.vendor": "synology", "object.property": "File size", "origin_app_id": "1967d1a8-9400-0001-0000-000000000003", "object.value": "2.17 KB", "object.name": "Registry.xml", "original_time": "2024-07-11T15:56:06.000Z", "job_id": "ca89228b-ab03-436b-9a93-cba6000ff360", "time": "2024-07-11T15:56:06.000Z"},
{"recv_ipv6": null, "event_src.title": "diskstation_manager", "src.ip": "10.100.10.120", "asset_ids": ["19699405-e6c0-0001-0000-000000000013"], "agent_id": "493a5abd-427c-4b91-88ad-c600bc0eb6df", "subject": "account", "mime": "text/plain", "primary_siem_app_id": "1967d1a8-9400-0001-0000-000000000003", "object.fullpath": "/sysvol/z-lab.me/Policies/{BBEDED12-F649-4D6B-B9CA-0C548453073D}/User/Preferences/Files/Files.xml", "generator.version": "N26.1.3020", "historical": false, "event_src.hostname": "fs", "body": "<14>Jul 11 15:56:00 fs WinFileService Event: read, Path: /sysvol/z-lab.me/Policies/{BBEDED12-F649-4D6B-B9CA-0C548453073D}/User/Preferences/Files/Files.xml, File/Folder: File, Size: 526 Bytes, User: ZLAB\\HARDCORE-20$, IP: 10.100.10.120", "type": null, "remote": false, "uuid": "00000006-3061-0fe0-f000-00008b2289ca", "category.low": "Manipulation", "scope_id": "00000000-0000-0000-0000-000000000005", "src.host": "10.100.10.120", "action": "read", "tag": "syslog", "category.high": "System Management", "id": "PT_Synology_Diskstation_Manager_syslog_File_actions", "event_src.asset": "19699405-e6c0-0001-0000-000000000013", "event_src.category": "Storage device", "recv_time": "2024-07-12T03:43:57.000Z", "siem_id": "9f5ae962-9a4a-4b17-8e2b-50507ffc485f", "generator.type": "logcollector", "event_src.host": "fs", "subject.account.name": "HARDCORE-20$", "object.type": "File", "incorrect_time": false, "category.generic": "File System Object", "input_id": "25f9b93a-b025-4dc5-bc87-42b9554f5ed9", "recv_ipv4": "10.10.10.10", "object": "file_object", "status": "success", "tenant_id": "6197e8d1-e31b-42a9-89d3-bef488b4858c", "recv_host": null, "_checkpoint": 5570608046, "normalized": true, "importance": "info", "recv_asset": "19699405-e6c0-0001-0000-000000000013", "taxonomy_version": "26.0.220-release-26.0", "task_id": "1738bd44-53c0-0001-0000-000000000007", "object.path": "/sysvol/z-lab.me/Policies/{BBEDED12-F649-4D6B-B9CA-0C548453073D}/User/Preferences/Files/", "subject.account.domain": "ZLAB", "event_src.vendor": "synology", "object.property": "File size", "origin_app_id": "1967d1a8-9400-0001-0000-000000000003", "object.value": "526 Bytes", "object.name": "Files.xml", "original_time": "2024-07-11T15:56:00.000Z", "job_id": "ca89228b-ab03-436b-9a93-cba6000ff360", "time": "2024-07-11T15:56:00.000Z"},
{"tenant_id": "6197e8d1-e31b-42a9-89d3-bef488b4858c", "recv_ipv6": null, "recv_host": null, "_checkpoint": 5570608047, "recv_time": "2024-07-12T03:43:57Z", "agent_id": "493a5abd-427c-4b91-88ad-c600bc0eb6df", "normalized": true, "mime": "application/x-pt-eventlog", "primary_siem_app_id": "1967d1a8-9400-0001-0000-000000000003", "siem_id": "9f5ae962-9a4a-4b17-8e2b-50507ffc485f", "historical": false, "task_id": "170466d6-fac0-0001-0000-000000000013", "body": "{\"Event\":{\"xmlns\":\"http://schemas.microsoft.com/win/2004/08/events/event\",\"System\":{\"Provider\":{\"Name\":\"Microsoft-Windows-Security-Auditing\",\"Guid\":\"{54849625-5478-4994-a5ba-3e3b0328c30d}\"},\"EventID\":\"4634\",\"Version\":\"0\",\"Level\":\"0\",\"Task\":\"12545\",\"Opcode\":\"0\",\"Keywords\":\"0x8020000000000000\",\"TimeCreated\":{\"SystemTime\":\"2024-07-11T12:55:44.5931873Z\"},\"EventRecordID\":\"467360\",\"Correlation\":null,\"Execution\":{\"ProcessID\":\"868\",\"ThreadID\":\"2860\"},\"Channel\":\"Security\",\"Computer\":\"mp-core.z-lab.me\",\"Security\":null},\"EventData\":{\"Data\":[{\"text\":\"S-1-5-18\",\"Name\":\"TargetUserSid\"},{\"text\":\"SYSTEM\",\"Name\":\"TargetUserName\"},{\"text\":\"NT AUTHORITY\",\"Name\":\"TargetDomainName\"},{\"text\":\"0x43db427b\",\"Name\":\"TargetLogonId\"},{\"text\":\"9\",\"Name\":\"LogonType\"}]}}}", "type": null, "remote": false, "uuid": "00000006-3061-0fd3-f000-00004f3570f3", "scope_id": "00000000-0000-0000-0000-000000000005", "job_id": "f370354f-f4c4-448d-ada5-0dbd95c22032", "tag": "wineventlog", "time": "2024-07-11T12:55:44.000Z", "origin_app_id": "1967d1a8-9400-0001-0000-000000000003", "input_id": "422528d7-2257-4102-a4c0-3046b27b1d86", "recv_ipv4": "10.10.10.220"},
{"tenant_id": "6197e8d1-e31b-42a9-89d3-bef488b4858c", "recv_ipv6": null, "recv_host": null, "_checkpoint": 5570608048, "recv_time": "2024-07-12T03:43:57Z", "agent_id": "493a5abd-427c-4b91-88ad-c600bc0eb6df", "normalized": true, "mime": "application/x-pt-eventlog", "primary_siem_app_id": "1967d1a8-9400-0001-0000-000000000003", "siem_id": "9f5ae962-9a4a-4b17-8e2b-50507ffc485f", "historical": false, "task_id": "170466d6-fac0-0001-0000-000000000013", "body": "{\"Event\":{\"xmlns\":\"http://schemas.microsoft.com/win/2004/08/events/event\",\"System\":{\"Provider\":{\"Name\":\"Microsoft-Windows-Security-Auditing\",\"Guid\":\"{54849625-5478-4994-a5ba-3e3b0328c30d}\"},\"EventID\":\"4648\",\"Version\":\"0\",\"Level\":\"0\",\"Task\":\"12544\",\"Opcode\":\"0\",\"Keywords\":\"0x8020000000000000\",\"TimeCreated\":{\"SystemTime\":\"2024-07-11T12:55:15.8573577Z\"},\"EventRecordID\":\"467356\",\"Correlation\":{\"ActivityID\":\"{2431fd59-b194-0000-86fd-312494b1d801}\"},\"Execution\":{\"ProcessID\":\"868\",\"ThreadID\":\"8100\"},\"Channel\":\"Security\",\"Computer\":\"mp-core.z-lab.me\",\"Security\":null},\"EventData\":{\"Data\":[{\"text\":\"S-1-5-18\",\"Name\":\"SubjectUserSid\"},{\"text\":\"SYSTEM\",\"Name\":\"SubjectUserName\"},{\"text\":\"NT AUTHORITY\",\"Name\":\"SubjectDomainName\"},{\"text\":\"0x43d2ca20\",\"Name\":\"SubjectLogonId\"},{\"text\":\"{00000000-0000-0000-0000-000000000000}\",\"Name\":\"LogonGuid\"},{\"text\":\"hcore-admin\",\"Name\":\"TargetUserName\"},{\"text\":\"z-lab.me\",\"Name\":\"TargetDomainName\"},{\"text\":\"{00000000-0000-0000-0000-000000000000}\",\"Name\":\"TargetLogonGuid\"},{\"text\":\"HARDCORE-19.z-lab.me\",\"Name\":\"TargetServerName\"},{\"text\":\"HARDCORE-19.z-lab.me\",\"Name\":\"TargetInfo\"},{\"text\":\"0x4\",\"Name\":\"ProcessId\"},{\"Name\":\"ProcessName\"},{\"text\":\"10.100.10.119\",\"Name\":\"IpAddress\"},{\"text\":\"445\",\"Name\":\"IpPort\"}]}}}", "type": null, "remote": false, "uuid": "00000006-3061-0fb5-f000-00004f3570f3", "scope_id": "00000000-0000-0000-0000-000000000005", "job_id": "f370354f-f4c4-448d-ada5-0dbd95c22032", "tag": "wineventlog", "time": "2024-07-11T12:55:15.000Z", "origin_app_id": "1967d1a8-9400-0001-0000-000000000003", "input_id": "422528d7-2257-4102-a4c0-3046b27b1d86", "recv_ipv4": "10.10.10.220"},
{"tenant_id": "6197e8d1-e31b-42a9-89d3-bef488b4858c", "recv_ipv6": null, "recv_host": null, "_checkpoint": 5570608049, "recv_time": "2024-07-12T03:43:57Z", "agent_id": "493a5abd-427c-4b91-88ad-c600bc0eb6df", "normalized": true, "mime": "application/x-pt-eventlog", "primary_siem_app_id": "1967d1a8-9400-0001-0000-000000000003", "siem_id": "9f5ae962-9a4a-4b17-8e2b-50507ffc485f", "historical": false, "task_id": "170466d6-fac0-0001-0000-000000000013", "body": "{\"Event\":{\"xmlns\":\"http://schemas.microsoft.com/win/2004/08/events/event\",\"System\":{\"Provider\":{\"Name\":\"Microsoft-Windows-Security-Auditing\",\"Guid\":\"{54849625-5478-4994-a5ba-3e3b0328c30d}\"},\"EventID\":\"4648\",\"Version\":\"0\",\"Level\":\"0\",\"Task\":\"12544\",\"Opcode\":\"0\",\"Keywords\":\"0x8020000000000000\",\"TimeCreated\":{\"SystemTime\":\"2024-07-11T12:55:16.1214628Z\"},\"EventRecordID\":\"467359\",\"Correlation\":{\"ActivityID\":\"{2431fd59-b194-0000-86fd-312494b1d801}\"},\"Execution\":{\"ProcessID\":\"868\",\"ThreadID\":\"3448\"},\"Channel\":\"Security\",\"Computer\":\"mp-core.z-lab.me\",\"Security\":null},\"EventData\":{\"Data\":[{\"text\":\"S-1-5-18\",\"Name\":\"SubjectUserSid\"},{\"text\":\"SYSTEM\",\"Name\":\"SubjectUserName\"},{\"text\":\"NT AUTHORITY\",\"Name\":\"SubjectDomainName\"},{\"text\":\"0x43d2ca20\",\"Name\":\"SubjectLogonId\"},{\"text\":\"{00000000-0000-0000-0000-000000000000}\",\"Name\":\"LogonGuid\"},{\"text\":\"hcore-admin\",\"Name\":\"TargetUserName\"},{\"text\":\"z-lab.me\",\"Name\":\"TargetDomainName\"},{\"text\":\"{00000000-0000-0000-0000-000000000000}\",\"Name\":\"TargetLogonGuid\"},{\"text\":\"HARDCORE-19.z-lab.me\",\"Name\":\"TargetServerName\"},{\"text\":\"HARDCORE-19.z-lab.me\",\"Name\":\"TargetInfo\"},{\"text\":\"0x4\",\"Name\":\"ProcessId\"},{\"Name\":\"ProcessName\"},{\"text\":\"10.100.10.119\",\"Name\":\"IpAddress\"},{\"text\":\"445\",\"Name\":\"IpPort\"}]}}}", "type": null, "remote": false, "uuid": "00000006-3061-0fb5-f000-00034f3570f3", "scope_id": "00000000-0000-0000-0000-000000000005", "job_id": "f370354f-f4c4-448d-ada5-0dbd95c22032", "tag": "wineventlog", "time": "2024-07-11T12:55:16.000Z", "origin_app_id": "1967d1a8-9400-0001-0000-000000000003", "input_id": "422528d7-2257-4102-a4c0-3046b27b1d86", "recv_ipv4": "10.10.10.220"},
{"tenant_id": "6197e8d1-e31b-42a9-89d3-bef488b4858c", "recv_ipv6": null, "recv_host": null, "_checkpoint": 5570608050, "recv_time": "2024-07-12T03:43:57Z", "agent_id": "493a5abd-427c-4b91-88ad-c600bc0eb6df", "normalized": true, "mime": "application/x-pt-eventlog", "primary_siem_app_id": "1967d1a8-9400-0001-0000-000000000003", "siem_id": "9f5ae962-9a4a-4b17-8e2b-50507ffc485f", "historical": false, "task_id": "170466d6-fac0-0001-0000-000000000013", "body": "{\"Event\":{\"xmlns\":\"http://schemas.microsoft.com/win/2004/08/events/event\",\"System\":{\"Provider\":{\"Name\":\"Microsoft-Windows-Security-Auditing\",\"Guid\":\"{54849625-5478-4994-a5ba-3e3b0328c30d}\"},\"EventID\":\"4648\",\"Version\":\"0\",\"Level\":\"0\",\"Task\":\"12544\",\"Opcode\":\"0\",\"Keywords\":\"0x8020000000000000\",\"TimeCreated\":{\"SystemTime\":\"2024-07-11T12:56:55.4437284Z\"},\"EventRecordID\":\"467364\",\"Correlation\":{\"ActivityID\":\"{2431fd59-b194-0000-86fd-312494b1d801}\"},\"Execution\":{\"ProcessID\":\"868\",\"ThreadID\":\"8100\"},\"Channel\":\"Security\",\"Computer\":\"mp-core.z-lab.me\",\"Security\":null},\"EventData\":{\"Data\":[{\"text\":\"S-1-0-0\",\"Name\":\"SubjectUserSid\"},{\"text\":\"-\",\"Name\":\"SubjectUserName\"},{\"text\":\"-\",\"Name\":\"SubjectDomainName\"},{\"text\":\"0x92a1\",\"Name\":\"SubjectLogonId\"},{\"text\":\"{00000000-0000-0000-0000-000000000000}\",\"Name\":\"LogonGuid\"},{\"text\":\"hcore-admin\",\"Name\":\"TargetUserName\"},{\"text\":\"z-lab.me\",\"Name\":\"TargetDomainName\"},{\"text\":\"{00000000-0000-0000-0000-000000000000}\",\"Name\":\"TargetLogonGuid\"},{\"text\":\"HARDCORE-17.z-lab.me\",\"Name\":\"TargetServerName\"},{\"text\":\"HARDCORE-17.z-lab.me\",\"Name\":\"TargetInfo\"},{\"text\":\"0x29c\",\"Name\":\"ProcessId\"},{\"text\":\"C:\\\\Windows\\\\System32\\\\svchost.exe\",\"Name\":\"ProcessName\"},{\"text\":\"10.100.10.117\",\"Name\":\"IpAddress\"},{\"text\":\"135\",\"Name\":\"IpPort\"}]}}}", "type": null, "remote": false, "uuid": "00000006-3062-0018-f000-00014f3570f3", "scope_id": "00000000-0000-0000-0000-000000000005", "job_id": "f370354f-f4c4-448d-ada5-0dbd95c22032", "tag": "wineventlog", "time": "2024-07-11T12:56:55.000Z", "origin_app_id": "1967d1a8-9400-0001-0000-000000000003", "input_id": "422528d7-2257-4102-a4c0-3046b27b1d86", "recv_ipv4": "10.10.10.220"},
{"tenant_id": "6197e8d1-e31b-42a9-89d3-bef488b4858c", "recv_ipv6": null, "recv_host": null, "_checkpoint": 5570608051, "recv_time": "2024-07-12T03:43:57Z", "agent_id": "493a5abd-427c-4b91-88ad-c600bc0eb6df", "normalized": true, "mime": "application/x-pt-eventlog", "primary_siem_app_id": "1967d1a8-9400-0001-0000-000000000003", "siem_id": "9f5ae962-9a4a-4b17-8e2b-50507ffc485f", "historical": false, "task_id": "170466d6-fac0-0001-0000-000000000013", "body": "{\"Event\":{\"xmlns\":\"http://schemas.microsoft.com/win/2004/08/events/event\",\"System\":{\"Provider\":{\"Name\":\"Microsoft-Windows-Security-Auditing\",\"Guid\":\"{54849625-5478-4994-a5ba-3e3b0328c30d}\"},\"EventID\":\"4648\",\"Version\":\"0\",\"Level\":\"0\",\"Task\":\"12544\",\"Opcode\":\"0\",\"Keywords\":\"0x8020000000000000\",\"TimeCreated\":{\"SystemTime\":\"2024-07-11T12:57:39.0693714Z\"},\"EventRecordID\":\"467366\",\"Correlation\":{\"ActivityID\":\"{2431fd59-b194-0000-86fd-312494b1d801}\"},\"Execution\":{\"ProcessID\":\"868\",\"ThreadID\":\"3448\"},\"Channel\":\"Security\",\"Computer\":\"mp-core.z-lab.me\",\"Security\":null},\"EventData\":{\"Data\":[{\"text\":\"S-1-5-18\",\"Name\":\"SubjectUserSid\"},{\"text\":\"SYSTEM\",\"Name\":\"SubjectUserName\"},{\"text\":\"NT AUTHORITY\",\"Name\":\"SubjectDomainName\"},{\"text\":\"0x43cd327f\",\"Name\":\"SubjectLogonId\"},{\"text\":\"{00000000-0000-0000-0000-000000000000}\",\"Name\":\"LogonGuid\"},{\"text\":\"hcore-admin\",\"Name\":\"TargetUserName\"},{\"text\":\"z-lab.me\",\"Name\":\"TargetDomainName\"},{\"text\":\"{00000000-0000-0000-0000-000000000000}\",\"Name\":\"TargetLogonGuid\"},{\"text\":\"HARDCORE-16.z-lab.me\",\"Name\":\"TargetServerName\"},{\"text\":\"HARDCORE-16.z-lab.me\",\"Name\":\"TargetInfo\"},{\"text\":\"0x4\",\"Name\":\"ProcessId\"},{\"Name\":\"ProcessName\"},{\"text\":\"10.100.10.116\",\"Name\":\"IpAddress\"},{\"text\":\"445\",\"Name\":\"IpPort\"}]}}}", "type": null, "remote": false, "uuid": "00000006-3062-0045-f000-00014f3570f3", "scope_id": "00000000-0000-0000-0000-000000000005", "job_id": "f370354f-f4c4-448d-ada5-0dbd95c22032", "tag": "wineventlog", "time": "2024-07-11T12:57:39.000Z", "origin_app_id": "1967d1a8-9400-0001-0000-000000000003", "input_id": "422528d7-2257-4102-a4c0-3046b27b1d86", "recv_ipv4": "10.10.10.220"},
{"tenant_id": "6197e8d1-e31b-42a9-89d3-bef488b4858c", "recv_ipv6": null, "recv_host": null, "_checkpoint": 5570608052, "recv_time": "2024-07-12T03:43:57Z", "agent_id": "493a5abd-427c-4b91-88ad-c600bc0eb6df", "normalized": true, "mime": "application/x-pt-eventlog", "primary_siem_app_id": "1967d1a8-9400-0001-0000-000000000003", "siem_id": "9f5ae962-9a4a-4b17-8e2b-50507ffc485f", "historical": false, "task_id": "170466d6-fac0-0001-0000-000000000013", "body": "{\"Event\":{\"xmlns\":\"http://schemas.microsoft.com/win/2004/08/events/event\",\"System\":{\"Provider\":{\"Name\":\"Microsoft-Windows-Security-Auditing\",\"Guid\":\"{54849625-5478-4994-a5ba-3e3b0328c30d}\"},\"EventID\":\"4648\",\"Version\":\"0\",\"Level\":\"0\",\"Task\":\"12544\",\"Opcode\":\"0\",\"Keywords\":\"0x8020000000000000\",\"TimeCreated\":{\"SystemTime\":\"2024-07-11T12:58:26.3826155Z\"},\"EventRecordID\":\"467369\",\"Correlation\":{\"ActivityID\":\"{2431fd59-b194-0000-86fd-312494b1d801}\"},\"Execution\":{\"ProcessID\":\"868\",\"ThreadID\":\"2860\"},\"Channel\":\"Security\",\"Computer\":\"mp-core.z-lab.me\",\"Security\":null},\"EventData\":{\"Data\":[{\"text\":\"S-1-5-18\",\"Name\":\"SubjectUserSid\"},{\"text\":\"SYSTEM\",\"Name\":\"SubjectUserName\"},{\"text\":\"NT AUTHORITY\",\"Name\":\"SubjectDomainName\"},{\"text\":\"0x43ce53cf\",\"Name\":\"SubjectLogonId\"},{\"text\":\"{00000000-0000-0000-0000-000000000000}\",\"Name\":\"LogonGuid\"},{\"text\":\"hcore-admin\",\"Name\":\"TargetUserName\"},{\"text\":\"z-lab.me\",\"Name\":\"TargetDomainName\"},{\"text\":\"{00000000-0000-0000-0000-000000000000}\",\"Name\":\"TargetLogonGuid\"},{\"text\":\"HARDCORE-17.z-lab.me\",\"Name\":\"TargetServerName\"},{\"text\":\"HARDCORE-17.z-lab.me\",\"Name\":\"TargetInfo\"},{\"text\":\"0x4\",\"Name\":\"ProcessId\"},{\"Name\":\"ProcessName\"},{\"text\":\"10.100.10.117\",\"Name\":\"IpAddress\"},{\"text\":\"445\",\"Name\":\"IpPort\"}]}}}", "type": null, "remote": false, "uuid": "00000006-3062-0076-f000-00004f3570f3", "scope_id": "00000000-0000-0000-0000-000000000005", "job_id": "f370354f-f4c4-448d-ada5-0dbd95c22032", "tag": "wineventlog", "time": "2024-07-11T12:58:26.000Z", "origin_app_id": "1967d1a8-9400-0001-0000-000000000003", "input_id": "422528d7-2257-4102-a4c0-3046b27b1d86", "recv_ipv4": "10.10.10.220"},
{"tenant_id": "6197e8d1-e31b-42a9-89d3-bef488b4858c", "recv_ipv6": null, "recv_host": null, "_checkpoint": 5570608053, "recv_time": "2024-07-12T03:43:57Z", "agent_id": "493a5abd-427c-4b91-88ad-c600bc0eb6df", "normalized": true, "mime": "application/x-pt-eventlog", "primary_siem_app_id": "1967d1a8-9400-0001-0000-000000000003", "siem_id": "9f5ae962-9a4a-4b17-8e2b-50507ffc485f", "historical": false, "task_id": "170466d6-fac0-0001-0000-000000000013", "body": "{\"Event\":{\"xmlns\":\"http://schemas.microsoft.com/win/2004/08/events/event\",\"System\":{\"Provider\":{\"Name\":\"Microsoft-Windows-Security-Auditing\",\"Guid\":\"{54849625-5478-4994-a5ba-3e3b0328c30d}\"},\"EventID\":\"4648\",\"Version\":\"0\",\"Level\":\"0\",\"Task\":\"12544\",\"Opcode\":\"0\",\"Keywords\":\"0x8020000000000000\",\"TimeCreated\":{\"SystemTime\":\"2024-07-11T12:58:51.1850915Z\"},\"EventRecordID\":\"467372\",\"Correlation\":{\"ActivityID\":\"{2431fd59-b194-0000-86fd-312494b1d801}\"},\"Execution\":{\"ProcessID\":\"868\",\"ThreadID\":\"7664\"},\"Channel\":\"Security\",\"Computer\":\"mp-core.z-lab.me\",\"Security\":null},\"EventData\":{\"Data\":[{\"text\":\"S-1-0-0\",\"Name\":\"SubjectUserSid\"},{\"text\":\"-\",\"Name\":\"SubjectUserName\"},{\"text\":\"-\",\"Name\":\"SubjectDomainName\"},{\"text\":\"0x92a1\",\"Name\":\"SubjectLogonId\"},{\"text\":\"{00000000-0000-0000-0000-000000000000}\",\"Name\":\"LogonGuid\"},{\"text\":\"hcore-admin\",\"Name\":\"TargetUserName\"},{\"text\":\"z-lab.me\",\"Name\":\"TargetDomainName\"},{\"text\":\"{00000000-0000-0000-0000-000000000000}\",\"Name\":\"TargetLogonGuid\"},{\"text\":\"HARDCORE-18.z-lab.me\",\"Name\":\"TargetServerName\"},{\"text\":\"HARDCORE-18.z-lab.me\",\"Name\":\"TargetInfo\"},{\"text\":\"0x29c\",\"Name\":\"ProcessId\"},{\"text\":\"C:\\\\Windows\\\\System32\\\\svchost.exe\",\"Name\":\"ProcessName\"},{\"text\":\"10.100.10.118\",\"Name\":\"IpAddress\"},{\"text\":\"135\",\"Name\":\"IpPort\"}]}}}", "type": null, "remote": false, "uuid": "00000006-3062-008e-f000-00004f3570f3", "scope_id": "00000000-0000-0000-0000-000000000005", "job_id": "f370354f-f4c4-448d-ada5-0dbd95c22032", "tag": "wineventlog", "time": "2024-07-11T12:58:51.000Z", "origin_app_id": "1967d1a8-9400-0001-0000-000000000003", "input_id": "422528d7-2257-4102-a4c0-3046b27b1d86", "recv_ipv4": "10.10.10.220"},
{"tenant_id": "6197e8d1-e31b-42a9-89d3-bef488b4858c", "recv_ipv6": null, "recv_host": null, "_checkpoint": 5570608054, "recv_time": "2024-07-12T03:43:57Z", "agent_id": "493a5abd-427c-4b91-88ad-c600bc0eb6df", "normalized": true, "mime": "application/x-pt-eventlog", "primary_siem_app_id": "1967d1a8-9400-0001-0000-000000000003", "siem_id": "9f5ae962-9a4a-4b17-8e2b-50507ffc485f", "historical": false, "task_id": "170466d6-fac0-0001-0000-000000000013", "body": "{\"Event\":{\"xmlns\":\"http://schemas.microsoft.com/win/2004/08/events/event\",\"System\":{\"Provider\":{\"Name\":\"Microsoft-Windows-Security-Auditing\",\"Guid\":\"{54849625-5478-4994-a5ba-3e3b0328c30d}\"},\"EventID\":\"4648\",\"Version\":\"0\",\"Level\":\"0\",\"Task\":\"12544\",\"Opcode\":\"0\",\"Keywords\":\"0x8020000000000000\",\"TimeCreated\":{\"SystemTime\":\"2024-07-11T12:59:19.3825493Z\"},\"EventRecordID\":\"467374\",\"Correlation\":{\"ActivityID\":\"{2431fd59-b194-0000-86fd-312494b1d801}\"},\"Execution\":{\"ProcessID\":\"868\",\"ThreadID\":\"2860\"},\"Channel\":\"Security\",\"Computer\":\"mp-core.z-lab.me\",\"Security\":null},\"EventData\":{\"Data\":[{\"text\":\"S-1-0-0\",\"Name\":\"SubjectUserSid\"},{\"text\":\"-\",\"Name\":\"SubjectUserName\"},{\"text\":\"-\",\"Name\":\"SubjectDomainName\"},{\"text\":\"0x92a1\",\"Name\":\"SubjectLogonId\"},{\"text\":\"{00000000-0000-0000-0000-000000000000}\",\"Name\":\"LogonGuid\"},{\"text\":\"hcore-admin\",\"Name\":\"TargetUserName\"},{\"text\":\"z-lab.me\",\"Name\":\"TargetDomainName\"},{\"text\":\"{00000000-0000-0000-0000-000000000000}\",\"Name\":\"TargetLogonGuid\"},{\"text\":\"HARDCORE-16.z-lab.me\",\"Name\":\"TargetServerName\"},{\"text\":\"HARDCORE-16.z-lab.me\",\"Name\":\"TargetInfo\"},{\"text\":\"0x1934\",\"Name\":\"ProcessId\"},{\"text\":\"C:\\\\Program Files (x86)\\\\Positive Technologies\\\\MaxPatrol 10 Agent\\\\ModuleHost.exe\",\"Name\":\"ProcessName\"},{\"text\":\"10.100.10.116\",\"Name\":\"IpAddress\"},{\"text\":\"64730\",\"Name\":\"IpPort\"}]}}}", "type": null, "remote": false, "uuid": "00000006-3062-00a9-f000-00004f3570f3", "scope_id": "00000000-0000-0000-0000-000000000005", "job_id": "f370354f-f4c4-448d-ada5-0dbd95c22032", "tag": "wineventlog", "time": "2024-07-11T12:59:19.000Z", "origin_app_id": "1967d1a8-9400-0001-0000-000000000003", "input_id": "422528d7-2257-4102-a4c0-3046b27b1d86", "recv_ipv4": "10.10.10.220"},
{"tenant_id": "6197e8d1-e31b-42a9-89d3-bef488b4858c", "recv_ipv6": null, "recv_host": null, "_checkpoint": 5570624019, "recv_time": "2024-07-12T03:43:57Z", "agent_id": "493a5abd-427c-4b91-88ad-c600bc0eb6df", "normalized": true, "mime": "application/x-pt-eventlog", "primary_siem_app_id": "1967d1a8-9400-0001-0000-000000000003", "siem_id": "9f5ae962-9a4a-4b17-8e2b-50507ffc485f", "historical": false, "task_id": "170466d6-fac0-0001-0000-000000000013", "body": "{\"Event\":{\"xmlns\":\"http://schemas.microsoft.com/win/2004/08/events/event\",\"System\":{\"Provider\":{\"Name\":\"Microsoft-Windows-Security-Auditing\",\"Guid\":\"{54849625-5478-4994-a5ba-3e3b0328c30d}\"},\"EventID\":\"4648\",\"Version\":\"0\",\"Level\":\"0\",\"Task\":\"12544\",\"Opcode\":\"0\",\"Keywords\":\"0x8020000000000000\",\"TimeCreated\":{\"SystemTime\":\"2024-07-11T12:53:49.1689208Z\"},\"EventRecordID\":\"467340\",\"Correlation\":{\"ActivityID\":\"{2431fd59-b194-0000-86fd-312494b1d801}\"},\"Execution\":{\"ProcessID\":\"868\",\"ThreadID\":\"196\"},\"Channel\":\"Security\",\"Computer\":\"mp-core.z-lab.me\",\"Security\":null},\"EventData\":{\"Data\":[{\"text\":\"S-1-5-18\",\"Name\":\"SubjectUserSid\"},{\"text\":\"SYSTEM\",\"Name\":\"SubjectUserName\"},{\"text\":\"NT AUTHORITY\",\"Name\":\"SubjectDomainName\"},{\"text\":\"0x43d13880\",\"Name\":\"SubjectLogonId\"},{\"text\":\"{00000000-0000-0000-0000-000000000000}\",\"Name\":\"LogonGuid\"},{\"text\":\"hcore-admin\",\"Name\":\"TargetUserName\"},{\"text\":\"z-lab.me\",\"Name\":\"TargetDomainName\"},{\"text\":\"{00000000-0000-0000-0000-000000000000}\",\"Name\":\"TargetLogonGuid\"},{\"text\":\"HARDCORE-18.z-lab.me\",\"Name\":\"TargetServerName\"},{\"text\":\"HARDCORE-18.z-lab.me\",\"Name\":\"TargetInfo\"},{\"text\":\"0x4\",\"Name\":\"ProcessId\"},{\"Name\":\"ProcessName\"},{\"text\":\"10.100.10.118\",\"Name\":\"IpAddress\"},{\"text\":\"445\",\"Name\":\"IpPort\"}]}}}", "type": null, "remote": false, "uuid": "00000006-3061-0f5d-f000-00064f3570f3", "scope_id": "00000000-0000-0000-0000-000000000005", "job_id": "f370354f-f4c4-448d-ada5-0dbd95c22032", "tag": "wineventlog", "time": "2024-07-11T12:53:49.000Z", "origin_app_id": "1967d1a8-9400-0001-0000-000000000003", "input_id": "422528d7-2257-4102-a4c0-3046b27b1d86", "recv_ipv4": "10.10.10.220"},
